#
# There is insufficient memory for the Java Runtime Environment to continue.
# Native memory allocation (mmap) failed to map 38797312 bytes for Failed to commit area from 0x000000008b900000 to 0x000000008de00000 of length 38797312.
# Possible reasons:
#   The system is out of physical RAM or swap space
#   The process is running with CompressedOops enabled, and the Java Heap may be blocking the growth of the native heap
# Possible solutions:
#   Reduce memory load on the system
#   Increase physical memory or swap space
#   Check if swap backing store is full
#   Decrease Java heap size (-Xmx/-Xms)
#   Decrease number of Java threads
#   Decrease Java thread stack sizes (-Xss)
#   Set larger code cache with -XX:ReservedCodeCacheSize=
#   JVM is running with Unscaled Compressed Oops mode in which the Java heap is
#     placed in the first 4GB address space. The Java Heap base address is the
#     maximum limit for the native heap growth. Please use -XX:HeapBaseMinAddress
#     to set the Java Heap base and to place the Java Heap above 4GB virtual address.
# This output file may be truncated or incomplete.
#
#  Out of Memory Error (./src/hotspot/os/windows/os_windows.cpp:3301), pid=12724, tid=8036
#
# JRE version: OpenJDK Runtime Environment (11.0.10) (build 11.0.10+0-b96-7249189)
# Java VM: OpenJDK 64-Bit Server VM (11.0.10+0-b96-7249189, mixed mode, tiered, compressed oops, g1 gc, windows-amd64)
# No core dump will be written. Minidumps are not enabled by default on client versions of Windows
#

---------------  S U M M A R Y ------------

Command Line: --add-opens=java.base/java.util=ALL-UNNAMED --add-opens=java.base/java.lang=ALL-UNNAMED --add-opens=java.base/java.lang.invoke=ALL-UNNAMED --add-opens=java.base/java.util=ALL-UNNAMED --add-opens=java.prefs/java.util.prefs=ALL-UNNAMED --add-opens=java.prefs/java.util.prefs=ALL-UNNAMED --add-opens=java.base/java.nio.charset=ALL-UNNAMED --add-opens=java.base/java.net=ALL-UNNAMED --add-opens=java.base/java.util.concurrent.atomic=ALL-UNNAMED -Xmx2048m -Dfile.encoding=UTF-8 -Duser.country=US -Duser.language=en -Duser.variant org.gradle.launcher.daemon.bootstrap.GradleDaemon 7.0.2

Host: Intel(R) Core(TM) i5-5200U CPU @ 2.20GHz, 4 cores, 7G,  Windows 10 , 64 bit Build 18362 (10.0.18362.329)
Time: Tue Sep 21 19:08:02 2021 India Standard Time elapsed time: 18.745020 seconds (0d 0h 0m 18s)

---------------  T H R E A D  ---------------

Current thread (0x00000196e532c000):  VMThread "VM Thread" [stack: 0x00000038bdf00000,0x00000038be000000] [id=8036]

Stack: [0x00000038bdf00000,0x00000038be000000]
[error occurred during error reporting (printing stack bounds), id 0xc0000005, EXCEPTION_ACCESS_VIOLATION (0xc0000005) at pc=0x00000196cf240f2d]

Native frames: (J=compiled Java code, j=interpreted, Vv=VM code, C=native code)
V  [jvm.dll+0x5ecfaa]
V  [jvm.dll+0x722bd5]
V  [jvm.dll+0x72412d]
V  [jvm.dll+0x724745]
V  [jvm.dll+0x7246fb]
V  [jvm.dll+0x5ec348]
V  [jvm.dll+0x5ecad8]
C  [ntdll.dll+0xa11ff]
C  [ntdll.dll+0x6a289]
C  [ntdll.dll+0x9fe6e]
C  0x00000196cf240f2d

VM_Operation (0x00000038bf3f6750): G1CollectForAllocation, mode: safepoint, requested by thread 0x00000196e8334000


---------------  P R O C E S S  ---------------

Threads class SMR info:
_java_thread_list=0x00000196edd3e3a0, length=50, elements={
0x00000196cb758800, 0x00000196e5330800, 0x00000196e5331800, 0x00000196e5cb2800,
0x00000196e534b800, 0x00000196e534e800, 0x00000196e5358800, 0x00000196e535c800,
0x00000196e535e800, 0x00000196e5dff800, 0x00000196e7609800, 0x00000196e5f82800,
0x00000196e7a5f800, 0x00000196e8a0e800, 0x00000196e9166000, 0x00000196e8ee9800,
0x00000196e70d2800, 0x00000196e8334000, 0x00000196e8f91000, 0x00000196e8818800,
0x00000196e8274800, 0x00000196e8274000, 0x00000196e8271800, 0x00000196e8272000,
0x00000196e8275800, 0x00000196e8270800, 0x00000196e8273000, 0x00000196e8276800,
0x00000196e8277000, 0x00000196eafd1000, 0x00000196eafd4000, 0x00000196eafd3800,
0x00000196eafd1800, 0x00000196eafcf000, 0x00000196eafd0000, 0x00000196eafd8000,
0x00000196eafd7800, 0x00000196eafd9000, 0x00000196eafda000, 0x00000196eafd5000,
0x00000196eafda800, 0x00000196eafd6800, 0x00000196eafdb800, 0x00000196eafd6000,
0x00000196eafdc800, 0x00000196eafdd000, 0x00000196eb5fb000, 0x00000196eb5fe000,
0x00000196eb5fb800, 0x00000196eb5fc800
}

Java Threads: ( => current thread )
  0x00000196cb758800 JavaThread "main" [_thread_blocked, id=2824, stack(0x00000038bd900000,0x00000038bda00000)]
  0x00000196e5330800 JavaThread "Reference Handler" daemon [_thread_blocked, id=13008, stack(0x00000038be000000,0x00000038be100000)]
  0x00000196e5331800 JavaThread "Finalizer" daemon [_thread_blocked, id=6496, stack(0x00000038be100000,0x00000038be200000)]
  0x00000196e5cb2800 JavaThread "Signal Dispatcher" daemon [_thread_blocked, id=9744, stack(0x00000038be200000,0x00000038be300000)]
  0x00000196e534b800 JavaThread "Attach Listener" daemon [_thread_blocked, id=1428, stack(0x00000038be300000,0x00000038be400000)]
  0x00000196e534e800 JavaThread "Service Thread" daemon [_thread_blocked, id=11712, stack(0x00000038be400000,0x00000038be500000)]
  0x00000196e5358800 JavaThread "C2 CompilerThread0" daemon [_thread_in_native, id=12332, stack(0x00000038be500000,0x00000038be600000)]
  0x00000196e535c800 JavaThread "C1 CompilerThread0" daemon [_thread_blocked, id=4360, stack(0x00000038be600000,0x00000038be700000)]
  0x00000196e535e800 JavaThread "Sweeper thread" daemon [_thread_blocked, id=11876, stack(0x00000038be700000,0x00000038be800000)]
  0x00000196e5dff800 JavaThread "Common-Cleaner" daemon [_thread_blocked, id=7748, stack(0x00000038be800000,0x00000038be900000)]
  0x00000196e7609800 JavaThread "Daemon health stats" [_thread_blocked, id=1100, stack(0x00000038bed00000,0x00000038bee00000)]
  0x00000196e5f82800 JavaThread "Incoming local TCP Connector on port 61251" [_thread_in_native, id=7632, stack(0x00000038bea00000,0x00000038beb00000)]
  0x00000196e7a5f800 JavaThread "Daemon periodic checks" [_thread_blocked, id=8376, stack(0x00000038bee00000,0x00000038bef00000)]
  0x00000196e8a0e800 JavaThread "Daemon" [_thread_blocked, id=1688, stack(0x00000038bef00000,0x00000038bf000000)]
  0x00000196e9166000 JavaThread "Handler for socket connection from /127.0.0.1:61251 to /127.0.0.1:61252" [_thread_in_native, id=5736, stack(0x00000038bf000000,0x00000038bf100000)]
  0x00000196e8ee9800 JavaThread "C2 CompilerThread1" daemon [_thread_blocked, id=4572, stack(0x00000038bf100000,0x00000038bf200000)]
  0x00000196e70d2800 JavaThread "Cancel handler" [_thread_blocked, id=9524, stack(0x00000038bf200000,0x00000038bf300000)]
  0x00000196e8334000 JavaThread "Daemon worker" [_thread_blocked, id=7800, stack(0x00000038bf300000,0x00000038bf400000)]
  0x00000196e8f91000 JavaThread "Asynchronous log dispatcher for DefaultDaemonConnection: socket connection from /127.0.0.1:61251 to /127.0.0.1:61252" [_thread_blocked, id=9796, stack(0x00000038bf400000,0x00000038bf500000)]
  0x00000196e8818800 JavaThread "Stdin handler" [_thread_blocked, id=6860, stack(0x00000038bf500000,0x00000038bf600000)]
  0x00000196e8274800 JavaThread "Daemon client event forwarder" [_thread_blocked, id=14280, stack(0x00000038bf600000,0x00000038bf700000)]
  0x00000196e8274000 JavaThread "Cache worker for file hash cache (C:\Users\dell\.gradle\caches\7.0.2\fileHashes)" [_thread_blocked, id=9088, stack(0x00000038bf700000,0x00000038bf800000)]
  0x00000196e8271800 JavaThread "File lock request listener" [_thread_in_native, id=1280, stack(0x00000038bf800000,0x00000038bf900000)]
  0x00000196e8272000 JavaThread "Cache worker for journal cache (C:\Users\dell\.gradle\caches\journal-1)" [_thread_blocked, id=14092, stack(0x00000038bfa00000,0x00000038bfb00000)]
  0x00000196e8275800 JavaThread "Cache worker for file hash cache (E:\Om_informatic_projects\driver_app_github\.gradle\7.0.2\fileHashes)" [_thread_blocked, id=13496, stack(0x00000038bfb00000,0x00000038bfc00000)]
  0x00000196e8270800 JavaThread "File watcher server" daemon [_thread_blocked, id=10672, stack(0x00000038bfc00000,0x00000038bfd00000)]
  0x00000196e8273000 JavaThread "File watcher consumer" daemon [_thread_blocked, id=1480, stack(0x00000038bfd00000,0x00000038bfe00000)]
  0x00000196e8276800 JavaThread "Cache worker for checksums cache (E:\Om_informatic_projects\driver_app_github\.gradle\checksums)" [_thread_blocked, id=12392, stack(0x00000038bfe00000,0x00000038bff00000)]
  0x00000196e8277000 JavaThread "Cache worker for cache directory md-supplier (C:\Users\dell\.gradle\caches\7.0.2\md-supplier)" [_thread_blocked, id=3264, stack(0x00000038bff00000,0x00000038c0000000)]
  0x00000196eafd1000 JavaThread "Cache worker for cache directory md-rule (C:\Users\dell\.gradle\caches\7.0.2\md-rule)" [_thread_blocked, id=12452, stack(0x00000038c0000000,0x00000038c0100000)]
  0x00000196eafd4000 JavaThread "Cache worker for execution history cache (C:\Users\dell\.gradle\caches\7.0.2\executionHistory)" [_thread_blocked, id=4436, stack(0x00000038c0100000,0x00000038c0200000)]
  0x00000196eafd3800 JavaThread "jar transforms" [_thread_blocked, id=3628, stack(0x00000038c0200000,0x00000038c0300000)]
  0x00000196eafd1800 JavaThread "jar transforms Thread 2" [_thread_blocked, id=9224, stack(0x00000038c0300000,0x00000038c0400000)]
  0x00000196eafcf000 JavaThread "Cache worker for file content cache (C:\Users\dell\.gradle\caches\7.0.2\fileContent)" [_thread_blocked, id=2296, stack(0x00000038c0400000,0x00000038c0500000)]
  0x00000196eafd0000 JavaThread "Cache worker for dependencies-accessors (E:\Om_informatic_projects\driver_app_github\.gradle\7.0.2\dependencies-accessors)" [_thread_blocked, id=6420, stack(0x00000038c0500000,0x00000038c0600000)]
  0x00000196eafd8000 JavaThread "jar transforms Thread 3" [_thread_blocked, id=6792, stack(0x00000038c0600000,0x00000038c0700000)]
  0x00000196eafd7800 JavaThread "Cache worker for Build Output Cleanup Cache (E:\Om_informatic_projects\driver_app_github\.gradle\buildOutputCleanup)" [_thread_blocked, id=14196, stack(0x00000038c0700000,0x00000038c0800000)]
  0x00000196eafd9000 JavaThread "Build operations" [_thread_blocked, id=11572, stack(0x00000038c0800000,0x00000038c0900000)]
  0x00000196eafda000 JavaThread "Build operations Thread 2" [_thread_blocked, id=4900, stack(0x00000038c0900000,0x00000038c0a00000)]
  0x00000196eafd5000 JavaThread "Build operations Thread 3" [_thread_blocked, id=13208, stack(0x00000038c0a00000,0x00000038c0b00000)]
  0x00000196eafda800 JavaThread "Build operations Thread 4" [_thread_blocked, id=4716, stack(0x00000038c0b00000,0x00000038c0c00000)]
  0x00000196eafd6800 JavaThread "jar transforms Thread 4" [_thread_blocked, id=5960, stack(0x00000038c0c00000,0x00000038c0d00000)]
  0x00000196eafdb800 JavaThread "Memory manager" [_thread_blocked, id=12228, stack(0x00000038c0d00000,0x00000038c0e00000)]
  0x00000196eafd6000 JavaThread "build event listener" [_thread_blocked, id=7212, stack(0x00000038c0e00000,0x00000038c0f00000)]
  0x00000196eafdc800 JavaThread "Execution worker for ':'" [_thread_blocked, id=4004, stack(0x00000038c0f00000,0x00000038c1000000)]
  0x00000196eafdd000 JavaThread "Execution worker for ':' Thread 2" [_thread_blocked, id=6032, stack(0x00000038c1000000,0x00000038c1100000)]
  0x00000196eb5fb000 JavaThread "Execution worker for ':' Thread 3" [_thread_blocked, id=12328, stack(0x00000038c1100000,0x00000038c1200000)]
  0x00000196eb5fe000 JavaThread "Cache worker for execution history cache (E:\Om_informatic_projects\driver_app_github\.gradle\7.0.2\executionHistory)" [_thread_blocked, id=7564, stack(0x00000038c1200000,0x00000038c1300000)]
  0x00000196eb5fb800 JavaThread "WorkerExecutor Queue" [_thread_blocked, id=11956, stack(0x00000038c1300000,0x00000038c1400000)]
  0x00000196eb5fc800 JavaThread "WorkerExecutor Queue Thread 2" [_thread_blocked, id=4588, stack(0x00000038c1400000,0x00000038c1500000)]

Other Threads:
=>0x00000196e532c000 VMThread "VM Thread" [stack: 0x00000038bdf00000,0x00000038be000000] [id=8036]
  0x00000196e5e62000 WatcherThread [stack: 0x00000038be900000,0x00000038bea00000] [id=3580]
  0x00000196cb773000 GCTaskThread "GC Thread#0" [stack: 0x00000038bda00000,0x00000038bdb00000] [id=8200]
  0x00000196e6353800 GCTaskThread "GC Thread#1" [stack: 0x00000038beb00000,0x00000038bec00000] [id=6064]
  0x00000196e630f000 GCTaskThread "GC Thread#2" [stack: 0x00000038bec00000,0x00000038bed00000] [id=8836]
  0x00000196e6b4a800 GCTaskThread "GC Thread#3" [stack: 0x00000038bf900000,0x00000038bfa00000] [id=1608]
  0x00000196cb7a7800 ConcurrentGCThread "G1 Main Marker" [stack: 0x00000038bdb00000,0x00000038bdc00000] [id=8888]
  0x00000196cb7a9000 ConcurrentGCThread "G1 Conc#0" [stack: 0x00000038bdc00000,0x00000038bdd00000] [id=11188]
  0x00000196e5180800 ConcurrentGCThread "G1 Refine#0" [stack: 0x00000038bdd00000,0x00000038bde00000] [id=5616]
  0x00000196e5181800 ConcurrentGCThread "G1 Young RemSet Sampling" [stack: 0x00000038bde00000,0x00000038bdf00000] [id=13724]

Threads with active compile tasks:
C2 CompilerThread0  18755 9610       4       org.apache.xerces.parsers.XML11Configuration::addRecognizedParamsAndSetDefaults (165 bytes)

VM state:at safepoint (normal execution)

VM Mutex/Monitor currently owned by a thread:  ([mutex/lock_event])
[0x00000196cb7571b0] Threads_lock - owner thread: 0x00000196e532c000
[0x00000196cb756d30] Heap_lock - owner thread: 0x00000196e8334000

Heap address: 0x0000000080000000, size: 2048 MB, Compressed Oops mode: 32-bit
Narrow klass base: 0x0000000000000000, Narrow klass shift: 3
Compressed class space size: 1073741824 Address: 0x0000000100000000

Heap:
 garbage-first heap   total 227328K, used 69929K [0x0000000080000000, 0x0000000100000000)
  region size 1024K, 10 young (10240K), 10 survivors (10240K)
 Metaspace       used 81337K, capacity 83389K, committed 83532K, reserved 1122304K
  class space    used 10535K, capacity 11284K, committed 11340K, reserved 1048576K
Heap Regions: E=young(eden), S=young(survivor), O=old, HS=humongous(starts), HC=humongous(continues), CS=collection set, F=free, A=archive, TAMS=top-at-mark-start (previous, next)
|   0|0x0000000080000000, 0x0000000080100000, 0x0000000080100000|100%| O|  |TAMS 0x0000000080100000, 0x0000000080000000| Untracked 
|   1|0x0000000080100000, 0x0000000080200000, 0x0000000080200000|100%| O|  |TAMS 0x0000000080200000, 0x0000000080100000| Untracked 
|   2|0x0000000080200000, 0x0000000080300000, 0x0000000080300000|100%| O|  |TAMS 0x0000000080300000, 0x0000000080200000| Untracked 
|   3|0x0000000080300000, 0x0000000080400000, 0x0000000080400000|100%|HS|  |TAMS 0x0000000080400000, 0x0000000080300000| Complete 
|   4|0x0000000080400000, 0x0000000080500000, 0x0000000080500000|100%|HC|  |TAMS 0x0000000080500000, 0x0000000080400000| Complete 
|   5|0x0000000080500000, 0x0000000080600000, 0x0000000080600000|100%|HC|  |TAMS 0x0000000080600000, 0x0000000080500000| Complete 
|   6|0x0000000080600000, 0x0000000080700000, 0x0000000080700000|100%| O|  |TAMS 0x0000000080700000, 0x0000000080600000| Untracked 
|   7|0x0000000080700000, 0x0000000080800000, 0x0000000080800000|100%| O|  |TAMS 0x0000000080800000, 0x0000000080700000| Untracked 
|   8|0x0000000080800000, 0x0000000080900000, 0x0000000080900000|100%| O|  |TAMS 0x0000000080900000, 0x0000000080800000| Untracked 
|   9|0x0000000080900000, 0x0000000080a00000, 0x0000000080a00000|100%| O|  |TAMS 0x0000000080a00000, 0x0000000080900000| Untracked 
|  10|0x0000000080a00000, 0x0000000080b00000, 0x0000000080b00000|100%| O|  |TAMS 0x0000000080b00000, 0x0000000080a00000| Untracked 
|  11|0x0000000080b00000, 0x0000000080c00000, 0x0000000080c00000|100%| O|  |TAMS 0x0000000080c00000, 0x0000000080b00000| Untracked 
|  12|0x0000000080c00000, 0x0000000080d00000, 0x0000000080d00000|100%| O|  |TAMS 0x0000000080d00000, 0x0000000080c00000| Untracked 
|  13|0x0000000080d00000, 0x0000000080e00000, 0x0000000080e00000|100%| O|  |TAMS 0x0000000080e00000, 0x0000000080d00000| Untracked 
|  14|0x0000000080e00000, 0x0000000080f00000, 0x0000000080f00000|100%| O|  |TAMS 0x0000000080f00000, 0x0000000080e00000| Untracked 
|  15|0x0000000080f00000, 0x0000000081000000, 0x0000000081000000|100%| O|  |TAMS 0x0000000081000000, 0x0000000080f00000| Untracked 
|  16|0x0000000081000000, 0x0000000081100000, 0x0000000081100000|100%| O|  |TAMS 0x0000000081100000, 0x0000000081000000| Untracked 
|  17|0x0000000081100000, 0x0000000081200000, 0x0000000081200000|100%|HS|  |TAMS 0x0000000081200000, 0x0000000081100000| Complete 
|  18|0x0000000081200000, 0x0000000081300000, 0x0000000081300000|100%| O|  |TAMS 0x0000000081300000, 0x0000000081200000| Untracked 
|  19|0x0000000081300000, 0x0000000081400000, 0x0000000081400000|100%| O|  |TAMS 0x0000000081400000, 0x0000000081300000| Untracked 
|  20|0x0000000081400000, 0x0000000081500000, 0x0000000081500000|100%| O|  |TAMS 0x0000000081500000, 0x0000000081400000| Untracked 
|  21|0x0000000081500000, 0x0000000081600000, 0x0000000081600000|100%| O|  |TAMS 0x0000000081600000, 0x0000000081500000| Untracked 
|  22|0x0000000081600000, 0x0000000081700000, 0x0000000081700000|100%| O|  |TAMS 0x0000000081700000, 0x0000000081600000| Untracked 
|  23|0x0000000081700000, 0x0000000081800000, 0x0000000081800000|100%|HS|  |TAMS 0x0000000081800000, 0x0000000081700000| Complete 
|  24|0x0000000081800000, 0x0000000081900000, 0x0000000081900000|100%|HS|  |TAMS 0x0000000081900000, 0x0000000081800000| Complete 
|  25|0x0000000081900000, 0x0000000081a00000, 0x0000000081a00000|100%|HC|  |TAMS 0x0000000081a00000, 0x0000000081900000| Complete 
|  26|0x0000000081a00000, 0x0000000081b00000, 0x0000000081b00000|100%| O|  |TAMS 0x0000000081b00000, 0x0000000081a00000| Untracked 
|  27|0x0000000081b00000, 0x0000000081c00000, 0x0000000081c00000|100%| O|  |TAMS 0x0000000081c00000, 0x0000000081b00000| Untracked 
|  28|0x0000000081c00000, 0x0000000081d00000, 0x0000000081d00000|100%| O|  |TAMS 0x0000000081d00000, 0x0000000081c00000| Untracked 
|  29|0x0000000081d00000, 0x0000000081e00000, 0x0000000081e00000|100%| O|  |TAMS 0x0000000081e00000, 0x0000000081d00000| Untracked 
|  30|0x0000000081e00000, 0x0000000081f00000, 0x0000000081f00000|100%| O|  |TAMS 0x0000000081f00000, 0x0000000081e00000| Untracked 
|  31|0x0000000081f00000, 0x0000000082000000, 0x0000000082000000|100%| O|  |TAMS 0x0000000082000000, 0x0000000081f00000| Untracked 
|  32|0x0000000082000000, 0x0000000082100000, 0x0000000082100000|100%| O|  |TAMS 0x0000000082100000, 0x0000000082000000| Untracked 
|  33|0x0000000082100000, 0x0000000082200000, 0x0000000082200000|100%| O|  |TAMS 0x0000000082200000, 0x0000000082100000| Untracked 
|  34|0x0000000082200000, 0x0000000082300000, 0x0000000082300000|100%| O|  |TAMS 0x0000000082300000, 0x0000000082200000| Untracked 
|  35|0x0000000082300000, 0x0000000082400000, 0x0000000082400000|100%| O|  |TAMS 0x0000000082400000, 0x0000000082300000| Untracked 
|  36|0x0000000082400000, 0x0000000082500000, 0x0000000082500000|100%| O|  |TAMS 0x0000000082500000, 0x0000000082400000| Untracked 
|  37|0x0000000082500000, 0x0000000082600000, 0x0000000082600000|100%| O|  |TAMS 0x0000000082600000, 0x0000000082500000| Untracked 
|  38|0x0000000082600000, 0x0000000082700000, 0x0000000082700000|100%| O|  |TAMS 0x0000000082700000, 0x0000000082600000| Untracked 
|  39|0x0000000082700000, 0x0000000082800000, 0x0000000082800000|100%| O|  |TAMS 0x0000000082800000, 0x0000000082700000| Untracked 
|  40|0x0000000082800000, 0x0000000082900000, 0x0000000082900000|100%| O|  |TAMS 0x0000000082900000, 0x0000000082800000| Untracked 
|  41|0x0000000082900000, 0x0000000082a00000, 0x0000000082a00000|100%| O|  |TAMS 0x0000000082a00000, 0x0000000082900000| Untracked 
|  42|0x0000000082a00000, 0x0000000082b00000, 0x0000000082b00000|100%| O|  |TAMS 0x0000000082b00000, 0x0000000082a00000| Untracked 
|  43|0x0000000082b00000, 0x0000000082c00000, 0x0000000082c00000|100%| O|  |TAMS 0x0000000082bac600, 0x0000000082b00000| Untracked 
|  44|0x0000000082c00000, 0x0000000082d00000, 0x0000000082d00000|100%| O|  |TAMS 0x0000000082c00000, 0x0000000082c00000| Untracked 
|  45|0x0000000082d00000, 0x0000000082e00000, 0x0000000082e00000|100%| O|  |TAMS 0x0000000082d00000, 0x0000000082d00000| Untracked 
|  46|0x0000000082e00000, 0x0000000082f00000, 0x0000000082f00000|100%| O|  |TAMS 0x0000000082e00000, 0x0000000082e00000| Untracked 
|  47|0x0000000082f00000, 0x0000000083000000, 0x0000000083000000|100%| O|  |TAMS 0x0000000082f00000, 0x0000000082f00000| Untracked 
|  48|0x0000000083000000, 0x0000000083100000, 0x0000000083100000|100%| O|  |TAMS 0x0000000083000000, 0x0000000083000000| Untracked 
|  49|0x0000000083100000, 0x0000000083200000, 0x0000000083200000|100%| O|  |TAMS 0x0000000083100000, 0x0000000083100000| Untracked 
|  50|0x0000000083200000, 0x0000000083300000, 0x0000000083300000|100%| O|  |TAMS 0x0000000083200000, 0x0000000083200000| Untracked 
|  51|0x0000000083300000, 0x0000000083400000, 0x0000000083400000|100%| O|  |TAMS 0x0000000083300000, 0x0000000083300000| Untracked 
|  52|0x0000000083400000, 0x0000000083500000, 0x0000000083500000|100%| O|  |TAMS 0x0000000083400000, 0x0000000083400000| Untracked 
|  53|0x0000000083500000, 0x0000000083600000, 0x0000000083600000|100%| O|  |TAMS 0x0000000083500000, 0x0000000083500000| Untracked 
|  54|0x0000000083600000, 0x0000000083700000, 0x0000000083700000|100%| O|  |TAMS 0x0000000083600000, 0x0000000083600000| Untracked 
|  55|0x0000000083700000, 0x0000000083800000, 0x0000000083800000|100%| O|  |TAMS 0x0000000083700000, 0x0000000083700000| Untracked 
|  56|0x0000000083800000, 0x0000000083900000, 0x0000000083900000|100%| O|  |TAMS 0x0000000083800000, 0x0000000083800000| Untracked 
|  57|0x0000000083900000, 0x0000000083a00000, 0x0000000083a00000|100%| O|  |TAMS 0x0000000083900000, 0x0000000083900000| Untracked 
|  58|0x0000000083a00000, 0x0000000083a70400, 0x0000000083b00000| 43%| O|  |TAMS 0x0000000083a00000, 0x0000000083a00000| Untracked 
|  59|0x0000000083b00000, 0x0000000083b00000, 0x0000000083c00000|  0%| F|  |TAMS 0x0000000083b00000, 0x0000000083b00000| Untracked 
|  60|0x0000000083c00000, 0x0000000083c00000, 0x0000000083d00000|  0%| F|  |TAMS 0x0000000083c00000, 0x0000000083c00000| Untracked 
|  61|0x0000000083d00000, 0x0000000083d00000, 0x0000000083e00000|  0%| F|  |TAMS 0x0000000083d00000, 0x0000000083d00000| Untracked 
|  62|0x0000000083e00000, 0x0000000083e00000, 0x0000000083f00000|  0%| F|  |TAMS 0x0000000083e00000, 0x0000000083e00000| Untracked 
|  63|0x0000000083f00000, 0x0000000083f00000, 0x0000000084000000|  0%| F|  |TAMS 0x0000000083f00000, 0x0000000083f00000| Untracked 
|  64|0x0000000084000000, 0x0000000084000000, 0x0000000084100000|  0%| F|  |TAMS 0x0000000084000000, 0x0000000084000000| Untracked 
|  65|0x0000000084100000, 0x0000000084100000, 0x0000000084200000|  0%| F|  |TAMS 0x0000000084100000, 0x0000000084100000| Untracked 
|  66|0x0000000084200000, 0x0000000084200000, 0x0000000084300000|  0%| F|  |TAMS 0x0000000084200000, 0x0000000084200000| Untracked 
|  67|0x0000000084300000, 0x0000000084300000, 0x0000000084400000|  0%| F|  |TAMS 0x0000000084300000, 0x0000000084300000| Untracked 
|  68|0x0000000084400000, 0x0000000084400000, 0x0000000084500000|  0%| F|  |TAMS 0x0000000084400000, 0x0000000084400000| Untracked 
|  69|0x0000000084500000, 0x0000000084500000, 0x0000000084600000|  0%| F|  |TAMS 0x0000000084500000, 0x0000000084500000| Untracked 
|  70|0x0000000084600000, 0x0000000084600000, 0x0000000084700000|  0%| F|  |TAMS 0x0000000084600000, 0x0000000084600000| Untracked 
|  71|0x0000000084700000, 0x0000000084700000, 0x0000000084800000|  0%| F|  |TAMS 0x0000000084700000, 0x0000000084700000| Untracked 
|  72|0x0000000084800000, 0x0000000084800000, 0x0000000084900000|  0%| F|  |TAMS 0x0000000084800000, 0x0000000084800000| Untracked 
|  73|0x0000000084900000, 0x0000000084900000, 0x0000000084a00000|  0%| F|  |TAMS 0x0000000084900000, 0x0000000084900000| Untracked 
|  74|0x0000000084a00000, 0x0000000084a00000, 0x0000000084b00000|  0%| F|  |TAMS 0x0000000084a00000, 0x0000000084a00000| Untracked 
|  75|0x0000000084b00000, 0x0000000084b00000, 0x0000000084c00000|  0%| F|  |TAMS 0x0000000084b00000, 0x0000000084b00000| Untracked 
|  76|0x0000000084c00000, 0x0000000084c00000, 0x0000000084d00000|  0%| F|  |TAMS 0x0000000084c00000, 0x0000000084c00000| Untracked 
|  77|0x0000000084d00000, 0x0000000084d00000, 0x0000000084e00000|  0%| F|  |TAMS 0x0000000084d00000, 0x0000000084d00000| Untracked 
|  78|0x0000000084e00000, 0x0000000084e00000, 0x0000000084f00000|  0%| F|  |TAMS 0x0000000084e00000, 0x0000000084e00000| Untracked 
|  79|0x0000000084f00000, 0x0000000084f00000, 0x0000000085000000|  0%| F|  |TAMS 0x0000000084f00000, 0x0000000084f00000| Untracked 
|  80|0x0000000085000000, 0x0000000085000000, 0x0000000085100000|  0%| F|  |TAMS 0x0000000085000000, 0x0000000085000000| Untracked 
|  81|0x0000000085100000, 0x0000000085100000, 0x0000000085200000|  0%| F|  |TAMS 0x0000000085100000, 0x0000000085100000| Untracked 
|  82|0x0000000085200000, 0x0000000085200000, 0x0000000085300000|  0%| F|  |TAMS 0x0000000085200000, 0x0000000085200000| Untracked 
|  83|0x0000000085300000, 0x0000000085300000, 0x0000000085400000|  0%| F|  |TAMS 0x0000000085300000, 0x0000000085300000| Untracked 
|  84|0x0000000085400000, 0x0000000085400000, 0x0000000085500000|  0%| F|  |TAMS 0x0000000085400000, 0x0000000085400000| Untracked 
|  85|0x0000000085500000, 0x0000000085500000, 0x0000000085600000|  0%| F|  |TAMS 0x0000000085500000, 0x0000000085500000| Untracked 
|  86|0x0000000085600000, 0x0000000085600000, 0x0000000085700000|  0%| F|  |TAMS 0x0000000085600000, 0x0000000085600000| Untracked 
|  87|0x0000000085700000, 0x0000000085700000, 0x0000000085800000|  0%| F|  |TAMS 0x0000000085700000, 0x0000000085700000| Untracked 
|  88|0x0000000085800000, 0x0000000085800000, 0x0000000085900000|  0%| F|  |TAMS 0x0000000085800000, 0x0000000085800000| Untracked 
|  89|0x0000000085900000, 0x0000000085900000, 0x0000000085a00000|  0%| F|  |TAMS 0x0000000085900000, 0x0000000085900000| Untracked 
|  90|0x0000000085a00000, 0x0000000085a00000, 0x0000000085b00000|  0%| F|  |TAMS 0x0000000085a00000, 0x0000000085a00000| Untracked 
|  91|0x0000000085b00000, 0x0000000085b00000, 0x0000000085c00000|  0%| F|  |TAMS 0x0000000085b00000, 0x0000000085b00000| Untracked 
|  92|0x0000000085c00000, 0x0000000085c00000, 0x0000000085d00000|  0%| F|  |TAMS 0x0000000085c00000, 0x0000000085c00000| Untracked 
|  93|0x0000000085d00000, 0x0000000085d00000, 0x0000000085e00000|  0%| F|  |TAMS 0x0000000085d00000, 0x0000000085d00000| Untracked 
|  94|0x0000000085e00000, 0x0000000085e00000, 0x0000000085f00000|  0%| F|  |TAMS 0x0000000085e00000, 0x0000000085e00000| Untracked 
|  95|0x0000000085f00000, 0x0000000085f00000, 0x0000000086000000|  0%| F|  |TAMS 0x0000000085f00000, 0x0000000085f00000| Untracked 
|  96|0x0000000086000000, 0x0000000086000000, 0x0000000086100000|  0%| F|  |TAMS 0x0000000086000000, 0x0000000086000000| Untracked 
|  97|0x0000000086100000, 0x00000000861da310, 0x0000000086200000| 85%| S|CS|TAMS 0x0000000086100000, 0x0000000086100000| Complete 
|  98|0x0000000086200000, 0x0000000086300000, 0x0000000086300000|100%| S|CS|TAMS 0x0000000086200000, 0x0000000086200000| Complete 
|  99|0x0000000086300000, 0x0000000086400000, 0x0000000086400000|100%| S|CS|TAMS 0x0000000086300000, 0x0000000086300000| Complete 
| 100|0x0000000086400000, 0x0000000086500000, 0x0000000086500000|100%| S|CS|TAMS 0x0000000086400000, 0x0000000086400000| Complete 
| 101|0x0000000086500000, 0x0000000086600000, 0x0000000086600000|100%| S|CS|TAMS 0x0000000086500000, 0x0000000086500000| Complete 
| 102|0x0000000086600000, 0x0000000086700000, 0x0000000086700000|100%| S|CS|TAMS 0x0000000086600000, 0x0000000086600000| Complete 
| 103|0x0000000086700000, 0x0000000086800000, 0x0000000086800000|100%| S|CS|TAMS 0x0000000086700000, 0x0000000086700000| Complete 
| 104|0x0000000086800000, 0x0000000086900000, 0x0000000086900000|100%| S|CS|TAMS 0x0000000086800000, 0x0000000086800000| Complete 
| 105|0x0000000086900000, 0x0000000086a00000, 0x0000000086a00000|100%| S|CS|TAMS 0x0000000086900000, 0x0000000086900000| Complete 
| 106|0x0000000086a00000, 0x0000000086b00000, 0x0000000086b00000|100%| S|CS|TAMS 0x0000000086a00000, 0x0000000086a00000| Complete 
| 107|0x0000000086b00000, 0x0000000086b00000, 0x0000000086c00000|  0%| F|  |TAMS 0x0000000086b00000, 0x0000000086b00000| Untracked 
| 108|0x0000000086c00000, 0x0000000086c00000, 0x0000000086d00000|  0%| F|  |TAMS 0x0000000086c00000, 0x0000000086c00000| Untracked 
| 109|0x0000000086d00000, 0x0000000086d00000, 0x0000000086e00000|  0%| F|  |TAMS 0x0000000086d00000, 0x0000000086d00000| Untracked 
| 110|0x0000000086e00000, 0x0000000086e00000, 0x0000000086f00000|  0%| F|  |TAMS 0x0000000086e00000, 0x0000000086e00000| Untracked 
| 111|0x0000000086f00000, 0x0000000086f00000, 0x0000000087000000|  0%| F|  |TAMS 0x0000000086f00000, 0x0000000086f00000| Untracked 
| 112|0x0000000087000000, 0x0000000087000000, 0x0000000087100000|  0%| F|  |TAMS 0x0000000087000000, 0x0000000087000000| Untracked 
| 113|0x0000000087100000, 0x0000000087100000, 0x0000000087200000|  0%| F|  |TAMS 0x0000000087100000, 0x0000000087100000| Untracked 
| 114|0x0000000087200000, 0x0000000087200000, 0x0000000087300000|  0%| F|  |TAMS 0x0000000087200000, 0x0000000087200000| Untracked 
| 115|0x0000000087300000, 0x0000000087300000, 0x0000000087400000|  0%| F|  |TAMS 0x0000000087300000, 0x0000000087300000| Untracked 
| 116|0x0000000087400000, 0x0000000087400000, 0x0000000087500000|  0%| F|  |TAMS 0x0000000087400000, 0x0000000087400000| Untracked 
| 117|0x0000000087500000, 0x0000000087500000, 0x0000000087600000|  0%| F|  |TAMS 0x0000000087500000, 0x0000000087500000| Untracked 
| 118|0x0000000087600000, 0x0000000087600000, 0x0000000087700000|  0%| F|  |TAMS 0x0000000087600000, 0x0000000087600000| Untracked 
| 119|0x0000000087700000, 0x0000000087700000, 0x0000000087800000|  0%| F|  |TAMS 0x0000000087700000, 0x0000000087700000| Untracked 
| 120|0x0000000087800000, 0x0000000087800000, 0x0000000087900000|  0%| F|  |TAMS 0x0000000087800000, 0x0000000087800000| Untracked 
| 121|0x0000000087900000, 0x0000000087900000, 0x0000000087a00000|  0%| F|  |TAMS 0x0000000087900000, 0x0000000087900000| Untracked 
| 122|0x0000000087a00000, 0x0000000087a00000, 0x0000000087b00000|  0%| F|  |TAMS 0x0000000087a00000, 0x0000000087a00000| Untracked 
| 123|0x0000000087b00000, 0x0000000087b00000, 0x0000000087c00000|  0%| F|  |TAMS 0x0000000087b00000, 0x0000000087b00000| Untracked 
| 124|0x0000000087c00000, 0x0000000087c00000, 0x0000000087d00000|  0%| F|  |TAMS 0x0000000087c00000, 0x0000000087c00000| Untracked 
| 125|0x0000000087d00000, 0x0000000087d00000, 0x0000000087e00000|  0%| F|  |TAMS 0x0000000087d00000, 0x0000000087d00000| Untracked 
| 126|0x0000000087e00000, 0x0000000087e00000, 0x0000000087f00000|  0%| F|  |TAMS 0x0000000087e00000, 0x0000000087e00000| Untracked 
| 127|0x0000000087f00000, 0x0000000087f00000, 0x0000000088000000|  0%| F|  |TAMS 0x0000000087f00000, 0x0000000087f00000| Untracked 
| 128|0x0000000088000000, 0x0000000088000000, 0x0000000088100000|  0%| F|  |TAMS 0x0000000088000000, 0x0000000088000000| Untracked 
| 129|0x0000000088100000, 0x0000000088100000, 0x0000000088200000|  0%| F|  |TAMS 0x0000000088100000, 0x0000000088100000| Untracked 
| 130|0x0000000088200000, 0x0000000088200000, 0x0000000088300000|  0%| F|  |TAMS 0x0000000088200000, 0x0000000088200000| Untracked 
| 131|0x0000000088300000, 0x0000000088300000, 0x0000000088400000|  0%| F|  |TAMS 0x0000000088300000, 0x0000000088300000| Untracked 
| 132|0x0000000088400000, 0x0000000088400000, 0x0000000088500000|  0%| F|  |TAMS 0x0000000088400000, 0x0000000088400000| Untracked 
| 133|0x0000000088500000, 0x0000000088500000, 0x0000000088600000|  0%| F|  |TAMS 0x0000000088500000, 0x0000000088500000| Untracked 
| 134|0x0000000088600000, 0x0000000088600000, 0x0000000088700000|  0%| F|  |TAMS 0x0000000088600000, 0x0000000088600000| Untracked 
| 135|0x0000000088700000, 0x0000000088700000, 0x0000000088800000|  0%| F|  |TAMS 0x0000000088700000, 0x0000000088700000| Untracked 
| 136|0x0000000088800000, 0x0000000088800000, 0x0000000088900000|  0%| F|  |TAMS 0x0000000088800000, 0x0000000088800000| Untracked 
| 137|0x0000000088900000, 0x0000000088900000, 0x0000000088a00000|  0%| F|  |TAMS 0x0000000088900000, 0x0000000088900000| Untracked 
| 138|0x0000000088a00000, 0x0000000088a00000, 0x0000000088b00000|  0%| F|  |TAMS 0x0000000088a00000, 0x0000000088a00000| Untracked 
| 139|0x0000000088b00000, 0x0000000088b00000, 0x0000000088c00000|  0%| F|  |TAMS 0x0000000088b00000, 0x0000000088b00000| Untracked 
| 140|0x0000000088c00000, 0x0000000088c00000, 0x0000000088d00000|  0%| F|  |TAMS 0x0000000088c00000, 0x0000000088c00000| Untracked 
| 141|0x0000000088d00000, 0x0000000088d00000, 0x0000000088e00000|  0%| F|  |TAMS 0x0000000088d00000, 0x0000000088d00000| Untracked 
| 142|0x0000000088e00000, 0x0000000088e00000, 0x0000000088f00000|  0%| F|  |TAMS 0x0000000088e00000, 0x0000000088e00000| Untracked 
| 143|0x0000000088f00000, 0x0000000088f00000, 0x0000000089000000|  0%| F|  |TAMS 0x0000000088f00000, 0x0000000088f00000| Untracked 
| 144|0x0000000089000000, 0x0000000089000000, 0x0000000089100000|  0%| F|  |TAMS 0x0000000089000000, 0x0000000089000000| Untracked 
| 145|0x0000000089100000, 0x0000000089100000, 0x0000000089200000|  0%| F|  |TAMS 0x0000000089100000, 0x0000000089100000| Untracked 
| 146|0x0000000089200000, 0x0000000089200000, 0x0000000089300000|  0%| F|  |TAMS 0x0000000089200000, 0x0000000089200000| Untracked 
| 147|0x0000000089300000, 0x0000000089300000, 0x0000000089400000|  0%| F|  |TAMS 0x0000000089300000, 0x0000000089300000| Untracked 
| 148|0x0000000089400000, 0x0000000089400000, 0x0000000089500000|  0%| F|  |TAMS 0x0000000089400000, 0x0000000089400000| Untracked 
| 149|0x0000000089500000, 0x0000000089500000, 0x0000000089600000|  0%| F|  |TAMS 0x0000000089500000, 0x0000000089500000| Untracked 
| 150|0x0000000089600000, 0x0000000089600000, 0x0000000089700000|  0%| F|  |TAMS 0x0000000089600000, 0x0000000089600000| Untracked 
| 151|0x0000000089700000, 0x0000000089700000, 0x0000000089800000|  0%| F|  |TAMS 0x0000000089700000, 0x0000000089700000| Untracked 
| 152|0x0000000089800000, 0x0000000089800000, 0x0000000089900000|  0%| F|  |TAMS 0x0000000089800000, 0x0000000089800000| Untracked 
| 153|0x0000000089900000, 0x0000000089900000, 0x0000000089a00000|  0%| F|  |TAMS 0x0000000089900000, 0x0000000089900000| Untracked 
| 154|0x0000000089a00000, 0x0000000089a00000, 0x0000000089b00000|  0%| F|  |TAMS 0x0000000089a00000, 0x0000000089a00000| Untracked 
| 155|0x0000000089b00000, 0x0000000089b00000, 0x0000000089c00000|  0%| F|  |TAMS 0x0000000089b00000, 0x0000000089b00000| Untracked 
| 156|0x0000000089c00000, 0x0000000089c00000, 0x0000000089d00000|  0%| F|  |TAMS 0x0000000089c00000, 0x0000000089c00000| Untracked 
| 157|0x0000000089d00000, 0x0000000089d00000, 0x0000000089e00000|  0%| F|  |TAMS 0x0000000089d00000, 0x0000000089d00000| Untracked 
| 158|0x0000000089e00000, 0x0000000089e00000, 0x0000000089f00000|  0%| F|  |TAMS 0x0000000089e00000, 0x0000000089e00000| Untracked 
| 159|0x0000000089f00000, 0x0000000089f00000, 0x000000008a000000|  0%| F|  |TAMS 0x0000000089f00000, 0x0000000089f00000| Untracked 
| 160|0x000000008a000000, 0x000000008a000000, 0x000000008a100000|  0%| F|  |TAMS 0x000000008a000000, 0x000000008a000000| Untracked 
| 161|0x000000008a100000, 0x000000008a100000, 0x000000008a200000|  0%| F|  |TAMS 0x000000008a100000, 0x000000008a100000| Untracked 
| 162|0x000000008a200000, 0x000000008a200000, 0x000000008a300000|  0%| F|  |TAMS 0x000000008a200000, 0x000000008a200000| Untracked 
| 163|0x000000008a300000, 0x000000008a300000, 0x000000008a400000|  0%| F|  |TAMS 0x000000008a300000, 0x000000008a300000| Untracked 
| 164|0x000000008a400000, 0x000000008a400000, 0x000000008a500000|  0%| F|  |TAMS 0x000000008a400000, 0x000000008a400000| Untracked 
| 165|0x000000008a500000, 0x000000008a500000, 0x000000008a600000|  0%| F|  |TAMS 0x000000008a500000, 0x000000008a500000| Untracked 
| 166|0x000000008a600000, 0x000000008a600000, 0x000000008a700000|  0%| F|  |TAMS 0x000000008a600000, 0x000000008a600000| Untracked 
| 167|0x000000008a700000, 0x000000008a700000, 0x000000008a800000|  0%| F|  |TAMS 0x000000008a700000, 0x000000008a700000| Untracked 
| 168|0x000000008a800000, 0x000000008a800000, 0x000000008a900000|  0%| F|  |TAMS 0x000000008a800000, 0x000000008a800000| Untracked 
| 169|0x000000008a900000, 0x000000008a900000, 0x000000008aa00000|  0%| F|  |TAMS 0x000000008a900000, 0x000000008a900000| Untracked 
| 170|0x000000008aa00000, 0x000000008aa00000, 0x000000008ab00000|  0%| F|  |TAMS 0x000000008aa00000, 0x000000008aa00000| Untracked 
| 171|0x000000008ab00000, 0x000000008ab00000, 0x000000008ac00000|  0%| F|  |TAMS 0x000000008ab00000, 0x000000008ab00000| Untracked 
| 172|0x000000008ac00000, 0x000000008ac00000, 0x000000008ad00000|  0%| F|  |TAMS 0x000000008ac00000, 0x000000008ac00000| Untracked 
| 173|0x000000008ad00000, 0x000000008ad00000, 0x000000008ae00000|  0%| F|  |TAMS 0x000000008ad00000, 0x000000008ad00000| Untracked 
| 174|0x000000008ae00000, 0x000000008ae00000, 0x000000008af00000|  0%| F|  |TAMS 0x000000008ae00000, 0x000000008ae00000| Untracked 
| 175|0x000000008af00000, 0x000000008af00000, 0x000000008b000000|  0%| F|  |TAMS 0x000000008af00000, 0x000000008af00000| Untracked 
| 176|0x000000008b000000, 0x000000008b000000, 0x000000008b100000|  0%| F|  |TAMS 0x000000008b000000, 0x000000008b000000| Untracked 
| 177|0x000000008b100000, 0x000000008b100000, 0x000000008b200000|  0%| F|  |TAMS 0x000000008b100000, 0x000000008b100000| Untracked 
| 178|0x000000008b200000, 0x000000008b200000, 0x000000008b300000|  0%| F|  |TAMS 0x000000008b200000, 0x000000008b200000| Untracked 
| 179|0x000000008b300000, 0x000000008b300000, 0x000000008b400000|  0%| F|  |TAMS 0x000000008b300000, 0x000000008b300000| Untracked 
| 180|0x000000008b400000, 0x000000008b400000, 0x000000008b500000|  0%| F|  |TAMS 0x000000008b400000, 0x000000008b400000| Untracked 
| 181|0x000000008b500000, 0x000000008b500000, 0x000000008b600000|  0%| F|  |TAMS 0x000000008b500000, 0x000000008b500000| Untracked 
| 182|0x000000008b600000, 0x000000008b600000, 0x000000008b700000|  0%| F|  |TAMS 0x000000008b600000, 0x000000008b600000| Untracked 
| 183|0x000000008b700000, 0x000000008b700000, 0x000000008b800000|  0%| F|  |TAMS 0x000000008b700000, 0x000000008b700000| Untracked 
| 184|0x000000008b800000, 0x000000008b800000, 0x000000008b900000|  0%| F|  |TAMS 0x000000008b800000, 0x000000008b800000| Untracked 

Card table byte_map: [0x00000196de640000,0x00000196dea40000] _byte_map_base: 0x00000196de240000

Marking Bits (Prev, Next): (CMBitMap*) 0x00000196cb79ed18, (CMBitMap*) 0x00000196cb79ed50
 Prev Bits: [0x00000196dee40000, 0x00000196e0e40000)
 Next Bits: [0x00000196e0e40000, 0x00000196e2e40000)

Polling page: 0x00000196c9620000

Metaspace:

Usage:
  Non-class:     70.42 MB capacity,    69.14 MB ( 98%) used,     1.05 MB (  1%) free+waste,   229.88 KB ( <1%) overhead. 
      Class:     11.02 MB capacity,    10.29 MB ( 93%) used,   643.88 KB (  6%) free+waste,   104.81 KB ( <1%) overhead. 
       Both:     81.43 MB capacity,    79.43 MB ( 98%) used,     1.68 MB (  2%) free+waste,   334.69 KB ( <1%) overhead. 

Virtual space:
  Non-class space:       72.00 MB reserved,      70.50 MB ( 98%) committed 
      Class space:        1.00 GB reserved,      11.07 MB (  1%) committed 
             Both:        1.07 GB reserved,      81.57 MB (  7%) committed 

Chunk freelists:
   Non-Class:  23.00 KB
       Class:  12.00 KB
        Both:  35.00 KB

MaxMetaspaceSize: 17179869184.00 GB
CompressedClassSpaceSize: 1.00 GB

CodeHeap 'non-profiled nmethods': size=120064Kb used=5043Kb max_used=5043Kb free=115020Kb
 bounds [0x00000196d6d00000, 0x00000196d71f0000, 0x00000196de240000]
CodeHeap 'profiled nmethods': size=120000Kb used=20223Kb max_used=20223Kb free=99777Kb
 bounds [0x00000196cf7d0000, 0x00000196d0b90000, 0x00000196d6d00000]
CodeHeap 'non-nmethods': size=5696Kb used=2271Kb max_used=2319Kb free=3424Kb
 bounds [0x00000196cf240000, 0x00000196cf4b0000, 0x00000196cf7d0000]
 total_blobs=10385 nmethods=9515 adapters=781
 compilation: enabled
              stopped_count=0, restarted_count=0
 full_count=0

Compilation events (20 events):
Event: 18.634 Thread 0x00000196e535c800 nmethod 9629 0x00000196d0b79c10 code [0x00000196d0b7ab20, 0x00000196d0b87898]
Event: 18.634 Thread 0x00000196e535c800 9630       3       org.apache.xerces.util.ParserConfigurationSettings::<init> (54 bytes)
Event: 18.634 Thread 0x00000196e535c800 nmethod 9630 0x00000196d0b8a810 code [0x00000196d0b8aa60, 0x00000196d0b8b518]
Event: 18.634 Thread 0x00000196e535c800 9631       3       org.apache.xerces.util.SymbolTable::<init> (9 bytes)
Event: 18.635 Thread 0x00000196e535c800 nmethod 9631 0x00000196d0b8b810 code [0x00000196d0b8b9e0, 0x00000196d0b8bb28]
Event: 18.637 Thread 0x00000196e535c800 9634       3       org.apache.xerces.impl.XMLEntityScanner::scanLiteral (746 bytes)
Event: 18.639 Thread 0x00000196e535c800 nmethod 9634 0x00000196d0b8bc10 code [0x00000196d0b8bec0, 0x00000196d0b8d078]
Event: 18.639 Thread 0x00000196e535c800 9635       3       java.util.WeakHashMap::newTable (5 bytes)
Event: 18.639 Thread 0x00000196e535c800 nmethod 9635 0x00000196d0b8d710 code [0x00000196d0b8d8c0, 0x00000196d0b8da58]
Event: 18.648 Thread 0x00000196e8ee9800 nmethod 9633% 0x00000196d71e9890 code [0x00000196d71e9a60, 0x00000196d71ea328]
Event: 18.651 Thread 0x00000196e8ee9800 9636       4       java.lang.StringCoding::decodeUTF8_0 (897 bytes)
Event: 18.667 Thread 0x00000196e535c800 9638   !   3       org.apache.xerces.impl.XMLScanner::reset (146 bytes)
Event: 18.668 Thread 0x00000196e535c800 nmethod 9638 0x00000196d0b8db10 code [0x00000196d0b8dda0, 0x00000196d0b8ee28]
Event: 18.669 Thread 0x00000196e535c800 9639       3       org.apache.xerces.impl.XMLScanner::init (23 bytes)
Event: 18.669 Thread 0x00000196e535c800 nmethod 9639 0x00000196d0b8f190 code [0x00000196d0b8f360, 0x00000196d0b8f678]
Event: 18.669 Thread 0x00000196e535c800 9640       3       org.apache.xerces.util.XMLResourceIdentifierImpl::clear (26 bytes)
Event: 18.669 Thread 0x00000196e535c800 nmethod 9640 0x00000196d0b8f790 code [0x00000196d0b8f940, 0x00000196d0b8fb38]
Event: 18.695 Thread 0x00000196e8ee9800 nmethod 9636 0x00000196d71ea890 code [0x00000196d71eaaa0, 0x00000196d71ebe88]
Event: 18.695 Thread 0x00000196e8ee9800 9637 %     4       java.lang.StringUTF16::getChars @ 16 (42 bytes)
Event: 18.706 Thread 0x00000196e8ee9800 nmethod 9637% 0x00000196d71ec810 code [0x00000196d71ec9a0, 0x00000196d71eccf8]

GC Heap History (20 events):
Event: 4.590 GC heap after
{Heap after GC invocations=6 (full 0):
 garbage-first heap   total 131072K, used 19697K [0x0000000080000000, 0x0000000100000000)
  region size 1024K, 3 young (3072K), 3 survivors (3072K)
 Metaspace       used 26707K, capacity 27318K, committed 27392K, reserved 1073152K
  class space    used 3529K, capacity 3792K, committed 3840K, reserved 1048576K
}
Event: 5.704 GC heap before
{Heap before GC invocations=6 (full 0):
 garbage-first heap   total 131072K, used 62705K [0x0000000080000000, 0x0000000100000000)
  region size 1024K, 47 young (48128K), 3 survivors (3072K)
 Metaspace       used 35040K, capacity 35834K, committed 35840K, reserved 1081344K
  class space    used 4540K, capacity 4864K, committed 4864K, reserved 1048576K
}
Event: 5.717 GC heap after
{Heap after GC invocations=7 (full 0):
 garbage-first heap   total 131072K, used 22675K [0x0000000080000000, 0x0000000100000000)
  region size 1024K, 6 young (6144K), 6 survivors (6144K)
 Metaspace       used 35040K, capacity 35834K, committed 35840K, reserved 1081344K
  class space    used 4540K, capacity 4864K, committed 4864K, reserved 1048576K
}
Event: 6.828 GC heap before
{Heap before GC invocations=8 (full 0):
 garbage-first heap   total 131072K, used 92307K [0x0000000080000000, 0x0000000100000000)
  region size 1024K, 72 young (73728K), 6 survivors (6144K)
 Metaspace       used 39858K, capacity 40824K, committed 41164K, reserved 1085440K
  class space    used 5113K, capacity 5456K, committed 5580K, reserved 1048576K
}
Event: 6.846 GC heap after
{Heap after GC invocations=9 (full 0):
 garbage-first heap   total 157696K, used 27861K [0x0000000080000000, 0x0000000100000000)
  region size 1024K, 9 young (9216K), 9 survivors (9216K)
 Metaspace       used 39858K, capacity 40824K, committed 41164K, reserved 1085440K
  class space    used 5113K, capacity 5456K, committed 5580K, reserved 1048576K
}
Event: 8.268 GC heap before
{Heap before GC invocations=9 (full 0):
 garbage-first heap   total 157696K, used 107733K [0x0000000080000000, 0x0000000100000000)
  region size 1024K, 86 young (88064K), 9 survivors (9216K)
 Metaspace       used 46448K, capacity 47698K, committed 47948K, reserved 1091584K
  class space    used 5953K, capacity 6399K, committed 6476K, reserved 1048576K
}
Event: 8.286 GC heap after
{Heap after GC invocations=10 (full 0):
 garbage-first heap   total 157696K, used 30593K [0x0000000080000000, 0x0000000100000000)
  region size 1024K, 8 young (8192K), 8 survivors (8192K)
 Metaspace       used 46448K, capacity 47698K, committed 47948K, reserved 1091584K
  class space    used 5953K, capacity 6399K, committed 6476K, reserved 1048576K
}
Event: 9.998 GC heap before
{Heap before GC invocations=10 (full 0):
 garbage-first heap   total 157696K, used 119681K [0x0000000080000000, 0x0000000100000000)
  region size 1024K, 92 young (94208K), 8 survivors (8192K)
 Metaspace       used 55044K, capacity 56423K, committed 56652K, reserved 1097728K
  class space    used 6976K, capacity 7478K, committed 7500K, reserved 1048576K
}
Event: 10.021 GC heap after
{Heap after GC invocations=11 (full 0):
 garbage-first heap   total 157696K, used 44438K [0x0000000080000000, 0x0000000100000000)
  region size 1024K, 12 young (12288K), 12 survivors (12288K)
 Metaspace       used 55044K, capacity 56423K, committed 56652K, reserved 1097728K
  class space    used 6976K, capacity 7478K, committed 7500K, reserved 1048576K
}
Event: 10.570 GC heap before
{Heap before GC invocations=11 (full 0):
 garbage-first heap   total 157696K, used 65942K [0x0000000080000000, 0x0000000100000000)
  region size 1024K, 34 young (34816K), 12 survivors (12288K)
 Metaspace       used 58595K, capacity 60100K, committed 60236K, reserved 1101824K
  class space    used 7430K, capacity 7975K, committed 8012K, reserved 1048576K
}
Event: 10.593 GC heap after
{Heap after GC invocations=12 (full 0):
 garbage-first heap   total 157696K, used 47388K [0x0000000080000000, 0x0000000100000000)
  region size 1024K, 3 young (3072K), 3 survivors (3072K)
 Metaspace       used 58595K, capacity 60100K, committed 60236K, reserved 1101824K
  class space    used 7430K, capacity 7975K, committed 8012K, reserved 1048576K
}
Event: 11.601 GC heap before
{Heap before GC invocations=13 (full 0):
 garbage-first heap   total 157696K, used 100636K [0x0000000080000000, 0x0000000100000000)
  region size 1024K, 55 young (56320K), 3 survivors (3072K)
 Metaspace       used 63047K, capacity 64578K, committed 64716K, reserved 1105920K
  class space    used 8012K, capacity 8578K, committed 8652K, reserved 1048576K
}
Event: 11.616 GC heap after
{Heap after GC invocations=14 (full 0):
 garbage-first heap   total 189440K, used 50533K [0x0000000080000000, 0x0000000100000000)
  region size 1024K, 6 young (6144K), 6 survivors (6144K)
 Metaspace       used 63047K, capacity 64578K, committed 64716K, reserved 1105920K
  class space    used 8012K, capacity 8578K, committed 8652K, reserved 1048576K
}
Event: 12.811 GC heap before
{Heap before GC invocations=15 (full 0):
 garbage-first heap   total 189440K, used 119141K [0x0000000080000000, 0x0000000100000000)
  region size 1024K, 73 young (74752K), 6 survivors (6144K)
 Metaspace       used 67623K, capacity 69131K, committed 69324K, reserved 1110016K
  class space    used 8755K, capacity 9324K, committed 9420K, reserved 1048576K
}
Event: 12.835 GC heap after
{Heap after GC invocations=16 (full 0):
 garbage-first heap   total 189440K, used 55888K [0x0000000080000000, 0x0000000100000000)
  region size 1024K, 10 young (10240K), 10 survivors (10240K)
 Metaspace       used 67623K, capacity 69131K, committed 69324K, reserved 1110016K
  class space    used 8755K, capacity 9324K, committed 9420K, reserved 1048576K
}
Event: 14.371 GC heap before
{Heap before GC invocations=16 (full 0):
 garbage-first heap   total 189440K, used 125520K [0x0000000080000000, 0x0000000100000000)
  region size 1024K, 78 young (79872K), 10 survivors (10240K)
 Metaspace       used 74912K, capacity 76687K, committed 76748K, reserved 1116160K
  class space    used 9773K, capacity 10428K, committed 10444K, reserved 1048576K
}
Event: 14.393 GC heap after
{Heap after GC invocations=17 (full 0):
 garbage-first heap   total 189440K, used 59939K [0x0000000080000000, 0x0000000100000000)
  region size 1024K, 10 young (10240K), 10 survivors (10240K)
 Metaspace       used 74912K, capacity 76687K, committed 76748K, reserved 1116160K
  class space    used 9773K, capacity 10428K, committed 10444K, reserved 1048576K
}
Event: 16.074 GC heap before
{Heap before GC invocations=17 (full 0):
 garbage-first heap   total 189440K, used 130595K [0x0000000080000000, 0x0000000100000000)
  region size 1024K, 80 young (81920K), 10 survivors (10240K)
 Metaspace       used 79641K, capacity 81762K, committed 81868K, reserved 1120256K
  class space    used 10397K, capacity 11190K, committed 11212K, reserved 1048576K
}
Event: 16.099 GC heap after
{Heap after GC invocations=18 (full 0):
 garbage-first heap   total 189440K, used 65112K [0x0000000080000000, 0x0000000100000000)
  region size 1024K, 10 young (10240K), 10 survivors (10240K)
 Metaspace       used 79641K, capacity 81762K, committed 81868K, reserved 1120256K
  class space    used 10397K, capacity 11190K, committed 11212K, reserved 1048576K
}
Event: 18.720 GC heap before
{Heap before GC invocations=18 (full 0):
 garbage-first heap   total 189440K, used 135768K [0x0000000080000000, 0x0000000100000000)
  region size 1024K, 80 young (81920K), 10 survivors (10240K)
 Metaspace       used 81337K, capacity 83389K, committed 83532K, reserved 1122304K
  class space    used 10535K, capacity 11284K, committed 11340K, reserved 1048576K
}

Deoptimization events (20 events):
Event: 17.410 Thread 0x00000196e8334000 DEOPT PACKING pc=0x00000196d6dfc108 sp=0x00000038bf3f6810
Event: 17.410 Thread 0x00000196e8334000 DEOPT UNPACKING pc=0x00000196cf2678af sp=0x00000038bf3f6788 mode 2
Event: 17.423 Thread 0x00000196e8334000 DEOPT PACKING pc=0x00000196cf80ebbc sp=0x00000038bf3f68b0
Event: 17.423 Thread 0x00000196e8334000 DEOPT UNPACKING pc=0x00000196cf2676ce sp=0x00000038bf3f5d10 mode 0
Event: 17.927 Thread 0x00000196e8334000 DEOPT PACKING pc=0x00000196d0a823a6 sp=0x00000038bf3f66d0
Event: 17.927 Thread 0x00000196e8334000 DEOPT UNPACKING pc=0x00000196cf2676ce sp=0x00000038bf3f5c00 mode 0
Event: 18.472 Thread 0x00000196e8334000 DEOPT PACKING pc=0x00000196d0450c5f sp=0x00000038bf3f3740
Event: 18.472 Thread 0x00000196e8334000 DEOPT UNPACKING pc=0x00000196cf2676ce sp=0x00000038bf3f2bc8 mode 0
Event: 18.490 Thread 0x00000196e8334000 Uncommon trap: trap_request=0xffffff4d fr.pc=0x00000196d71e0154 relative=0x0000000000000034
Event: 18.490 Thread 0x00000196e8334000 Uncommon trap: reason=unstable_if action=reinterpret pc=0x00000196d71e0154 method=java.lang.Character.isSurrogate(C)Z @ 3 c2
Event: 18.490 Thread 0x00000196e8334000 DEOPT PACKING pc=0x00000196d71e0154 sp=0x00000038bf3f6b50
Event: 18.490 Thread 0x00000196e8334000 DEOPT UNPACKING pc=0x00000196cf2678af sp=0x00000038bf3f6ae8 mode 2
Event: 18.526 Thread 0x00000196e8334000 Uncommon trap: trap_request=0xffffff4d fr.pc=0x00000196d71b8fac relative=0x00000000000003ec
Event: 18.526 Thread 0x00000196e8334000 Uncommon trap: reason=unstable_if action=reinterpret pc=0x00000196d71b8fac method=org.apache.xerces.util.SymbolTable.addSymbol([CII)Ljava/lang/String; @ 59 c2
Event: 18.526 Thread 0x00000196e8334000 DEOPT PACKING pc=0x00000196d71b8fac sp=0x00000038bf3f6770
Event: 18.526 Thread 0x00000196e8334000 DEOPT UNPACKING pc=0x00000196cf2678af sp=0x00000038bf3f66e8 mode 2
Event: 18.612 Thread 0x00000196e8334000 Uncommon trap: trap_request=0xffffff4d fr.pc=0x00000196d6f99b80 relative=0x00000000000005a0
Event: 18.612 Thread 0x00000196e8334000 Uncommon trap: reason=unstable_if action=reinterpret pc=0x00000196d6f99b80 method=org.apache.xerces.impl.XMLEntityScanner.scanLiteral(ILorg/apache/xerces/xni/XMLString;)I @ 43 c2
Event: 18.612 Thread 0x00000196e8334000 DEOPT PACKING pc=0x00000196d6f99b80 sp=0x00000038bf3f6590
Event: 18.612 Thread 0x00000196e8334000 DEOPT UNPACKING pc=0x00000196cf2678af sp=0x00000038bf3f6510 mode 2

Classes redefined (0 events):
No events

Internal exceptions (20 events):
Event: 14.837 Thread 0x00000196e8274800 Exception <a 'java/lang/NoSuchMethodError'{0x000000008a44dae0}: <clinit>> (0x000000008a44dae0) thrown at [./src/hotspot/share/prims/jni.cpp, line 1362]
Event: 14.839 Thread 0x00000196e8274800 Exception <a 'java/lang/NoSuchMethodError'{0x000000008a45efe8}: <clinit>> (0x000000008a45efe8) thrown at [./src/hotspot/share/prims/jni.cpp, line 1362]
Event: 14.839 Thread 0x00000196e8274800 Exception <a 'java/lang/NoSuchMethodError'{0x000000008a4602c0}: <clinit>> (0x000000008a4602c0) thrown at [./src/hotspot/share/prims/jni.cpp, line 1362]
Event: 14.875 Thread 0x00000196eafd6000 Exception <a 'java/lang/NoSuchMethodError'{0x000000008a3e9cb8}: <clinit>> (0x000000008a3e9cb8) thrown at [./src/hotspot/share/prims/jni.cpp, line 1362]
Event: 14.881 Thread 0x00000196eafd6000 Exception <a 'java/lang/NoSuchMethodError'{0x000000008a3fe0c0}: <clinit>> (0x000000008a3fe0c0) thrown at [./src/hotspot/share/prims/jni.cpp, line 1362]
Event: 14.893 Thread 0x00000196eafd6000 Exception <a 'java/lang/NoSuchMethodError'{0x000000008a24b0f8}: <clinit>> (0x000000008a24b0f8) thrown at [./src/hotspot/share/prims/jni.cpp, line 1362]
Event: 14.968 Thread 0x00000196e8274800 Exception <a 'java/lang/NoSuchMethodError'{0x000000008a0a2168}: <clinit>> (0x000000008a0a2168) thrown at [./src/hotspot/share/prims/jni.cpp, line 1362]
Event: 15.022 Thread 0x00000196eafdc800 Exception <a 'java/lang/NoSuchMethodError'{0x0000000089ffaef8}: 'java.lang.Object java.lang.invoke.Invokers$Holder.linkToTargetMethod(java.lang.Object, java.lang.Object, java.lang.Object, int, java.lang.Object, java.lang.Object)'> (0x0000000089ffaef8) thrown at [./src/hotspot/share/interpreter/linkResolver.cpp, line 773]
Event: 15.039 Thread 0x00000196eafdc800 Exception <a 'java/lang/IncompatibleClassChangeError'{0x0000000089e5cb20}: Found class java.lang.Object, but interface was expected> (0x0000000089e5cb20) thrown at [./src/hotspot/share/interpreter/linkResolver.cpp, line 839]
Event: 15.069 Thread 0x00000196eafdc800 Exception <a 'java/lang/NoSuchMethodError'{0x0000000089c30858}: 'int java.lang.invoke.DirectMethodHandle$Holder.invokeStaticInit(java.lang.Object, java.lang.Object, java.lang.Object, java.lang.Object, java.lang.Object)'> (0x0000000089c30858) thrown at [./src/hotspot/share/interpreter/linkResolver.cpp, line 773]
Event: 15.352 Thread 0x00000196eb5fb000 Exception <a 'java/lang/NoSuchMethodError'{0x000000008934b090}: 'void java.lang.invoke.DirectMethodHandle$Holder.invokeVirtual(java.lang.Object, java.lang.Object)'> (0x000000008934b090) thrown at [./src/hotspot/share/interpreter/linkResolver.cpp, line 773]
Event: 15.389 Thread 0x00000196eb5fb000 Exception <a 'sun/nio/fs/WindowsException'{0x000000008917b7b8}> (0x000000008917b7b8) thrown at [./src/hotspot/share/prims/jni.cpp, line 615]
Event: 15.389 Thread 0x00000196eb5fb000 Exception <a 'sun/nio/fs/WindowsException'{0x000000008917c690}> (0x000000008917c690) thrown at [./src/hotspot/share/prims/jni.cpp, line 615]
Event: 15.405 Thread 0x00000196eb5fb000 Exception <a 'java/lang/NoSuchMethodError'{0x00000000890850d0}: <clinit>> (0x00000000890850d0) thrown at [./src/hotspot/share/prims/jni.cpp, line 1362]
Event: 15.568 Thread 0x00000196eb5fb800 Exception <a 'sun/nio/fs/WindowsException'{0x0000000088a15c80}> (0x0000000088a15c80) thrown at [./src/hotspot/share/prims/jni.cpp, line 615]
Event: 15.621 Thread 0x00000196eb5fb000 Exception <a 'java/lang/NoSuchMethodError'{0x000000008898cff0}: 'void java.lang.invoke.DirectMethodHandle$Holder.invokeStatic(java.lang.Object, java.lang.Object, java.lang.Object, java.lang.Object, java.lang.Object, java.lang.Object, java.lang.Object)'> (0x000000008898cff0) thrown at [./src/hotspot/share/interpreter/linkResolver.cpp, line 773]
Event: 15.654 Thread 0x00000196e8274800 Exception <a 'java/lang/NoSuchMethodError'{0x000000008871a5f8}: <clinit>> (0x000000008871a5f8) thrown at [./src/hotspot/share/prims/jni.cpp, line 1362]
Event: 15.813 Thread 0x00000196eafdd000 Exception <a 'java/lang/NoSuchMethodError'{0x0000000088147d50}: 'java.lang.Object java.lang.invoke.DirectMethodHandle$Holder.invokeSpecialIFC(java.lang.Object, java.lang.Object, java.lang.Object)'> (0x0000000088147d50) thrown at [./src/hotspot/share/interpreter/linkResolver.cpp, line 773]
Event: 15.813 Thread 0x00000196eafda800 Exception <a 'java/lang/NoSuchMethodError'{0x00000000881246d0}: 'java.lang.Object java.lang.invoke.DirectMethodHandle$Holder.invokeSpecialIFC(java.lang.Object, java.lang.Object, java.lang.Object)'> (0x00000000881246d0) thrown at [./src/hotspot/share/interpreter/linkResolver.cpp, line 773]
Event: 16.839 Thread 0x00000196eafdd000 Exception <a 'java/lang/NoSuchMethodError'{0x000000008998a218}: <clinit>> (0x000000008998a218) thrown at [./src/hotspot/share/prims/jni.cpp, line 1362]

Events (20 events):
Event: 17.332 loading class com/android/resources/HighDynamicRange done
Event: 17.332 loading class com/android/resources/ScreenOrientation
Event: 17.332 loading class com/android/resources/ScreenOrientation done
Event: 17.333 loading class com/android/resources/UiMode
Event: 17.333 loading class com/android/resources/UiMode done
Event: 17.334 loading class com/android/resources/NightMode
Event: 17.334 loading class com/android/resources/NightMode done
Event: 17.335 loading class com/android/resources/TouchScreen
Event: 17.335 loading class com/android/resources/TouchScreen done
Event: 17.336 loading class com/android/resources/KeyboardState
Event: 17.336 loading class com/android/resources/KeyboardState done
Event: 17.336 loading class com/android/resources/Keyboard
Event: 17.336 loading class com/android/resources/Keyboard done
Event: 17.337 loading class com/android/resources/NavigationState
Event: 17.337 loading class com/android/resources/NavigationState done
Event: 17.338 loading class com/android/resources/Navigation
Event: 17.338 loading class com/android/resources/Navigation done
Event: 17.928 Executing VM operation: ICBufferFull
Event: 17.928 Executing VM operation: ICBufferFull done
Event: 18.720 Executing VM operation: G1CollectForAllocation


Dynamic libraries:
0x00007ff6b2380000 - 0x00007ff6b238a000 	D:\SSD_android_sudio\jre\bin\java.exe
0x00007ffb47de0000 - 0x00007ffb47fd0000 	C:\Windows\SYSTEM32\ntdll.dll
0x00007ffb47430000 - 0x00007ffb474e2000 	C:\Windows\System32\KERNEL32.DLL
0x00007ffb45290000 - 0x00007ffb45533000 	C:\Windows\System32\KERNELBASE.dll
0x00007ffb44f10000 - 0x00007ffb4500a000 	C:\Windows\System32\ucrtbase.dll
0x00007ffb35f60000 - 0x00007ffb35f77000 	D:\SSD_android_sudio\jre\bin\VCRUNTIME140.dll
0x00007ffb3f0f0000 - 0x00007ffb3f109000 	D:\SSD_android_sudio\jre\bin\jli.dll
0x00007ffb479c0000 - 0x00007ffb47b54000 	C:\Windows\System32\USER32.dll
0x00007ffb45010000 - 0x00007ffb45031000 	C:\Windows\System32\win32u.dll
0x00007ffb45f10000 - 0x00007ffb45f36000 	C:\Windows\System32\GDI32.dll
0x00007ffb3a880000 - 0x00007ffb3ab05000 	C:\Windows\WinSxS\amd64_microsoft.windows.common-controls_6595b64144ccf1df_6.0.18362.418_none_e6c6b287130d565d\COMCTL32.dll
0x00007ffb44d70000 - 0x00007ffb44f04000 	C:\Windows\System32\gdi32full.dll
0x00007ffb47790000 - 0x00007ffb4782e000 	C:\Windows\System32\msvcrt.dll
0x00007ffb45d40000 - 0x00007ffb45dde000 	C:\Windows\System32\msvcp_win.dll
0x00007ffb46130000 - 0x00007ffb46466000 	C:\Windows\System32\combase.dll
0x00007ffb46470000 - 0x00007ffb46590000 	C:\Windows\System32\RPCRT4.dll
0x00007ffb450c0000 - 0x00007ffb45140000 	C:\Windows\System32\bcryptPrimitives.dll
0x00007ffb47d60000 - 0x00007ffb47d8e000 	C:\Windows\System32\IMM32.DLL
0x00007ffb08da0000 - 0x00007ffb08e3d000 	D:\SSD_android_sudio\jre\bin\msvcp140.dll
0x00007ffb04100000 - 0x00007ffb04bcf000 	D:\SSD_android_sudio\jre\bin\server\jvm.dll
0x00007ffb47830000 - 0x00007ffb478d3000 	C:\Windows\System32\ADVAPI32.dll
0x00007ffb46a70000 - 0x00007ffb46b07000 	C:\Windows\System32\sechost.dll
0x00007ffb474f0000 - 0x00007ffb474f8000 	C:\Windows\System32\PSAPI.DLL
0x00007ffb3a480000 - 0x00007ffb3a489000 	C:\Windows\SYSTEM32\WSOCK32.dll
0x00007ffb46b10000 - 0x00007ffb46b7f000 	C:\Windows\System32\WS2_32.dll
0x00007ffb41810000 - 0x00007ffb41834000 	C:\Windows\SYSTEM32\WINMM.dll
0x00007ffb3e790000 - 0x00007ffb3e79a000 	C:\Windows\SYSTEM32\VERSION.dll
0x00007ffb417d0000 - 0x00007ffb417fd000 	C:\Windows\SYSTEM32\WINMMBASE.dll
0x00007ffb45cf0000 - 0x00007ffb45d3a000 	C:\Windows\System32\cfgmgr32.dll
0x00007ffb44d00000 - 0x00007ffb44d11000 	C:\Windows\System32\kernel.appcore.dll
0x00007ffb35f40000 - 0x00007ffb35f51000 	D:\SSD_android_sudio\jre\bin\verify.dll
0x00007ffb2ce50000 - 0x00007ffb2d044000 	C:\Windows\SYSTEM32\DBGHELP.DLL
0x00007ffb2e960000 - 0x00007ffb2e98a000 	C:\Windows\SYSTEM32\dbgcore.DLL
0x00007ffb30690000 - 0x00007ffb306b9000 	D:\SSD_android_sudio\jre\bin\java.dll
0x00007ffb36eb0000 - 0x00007ffb36ebb000 	D:\SSD_android_sudio\jre\bin\jimage.dll
0x00007ffb2bbd0000 - 0x00007ffb2bbe8000 	D:\SSD_android_sudio\jre\bin\zip.dll
0x00007ffb46d40000 - 0x00007ffb47425000 	C:\Windows\System32\SHELL32.dll
0x00007ffb47be0000 - 0x00007ffb47c89000 	C:\Windows\System32\shcore.dll
0x00007ffb45540000 - 0x00007ffb45cbf000 	C:\Windows\System32\windows.storage.dll
0x00007ffb44cc0000 - 0x00007ffb44cdf000 	C:\Windows\System32\profapi.dll
0x00007ffb44d20000 - 0x00007ffb44d6a000 	C:\Windows\System32\powrprof.dll
0x00007ffb44cb0000 - 0x00007ffb44cc0000 	C:\Windows\System32\UMPDC.dll
0x00007ffb47960000 - 0x00007ffb479b2000 	C:\Windows\System32\shlwapi.dll
0x00007ffb450a0000 - 0x00007ffb450b7000 	C:\Windows\System32\cryptsp.dll
0x00007ffb2bbb0000 - 0x00007ffb2bbca000 	D:\SSD_android_sudio\jre\bin\net.dll
0x00007ffb36b40000 - 0x00007ffb36c30000 	C:\Windows\SYSTEM32\WINHTTP.dll
0x00007ffb44520000 - 0x00007ffb44587000 	C:\Windows\system32\mswsock.dll
0x00007ffb2bb90000 - 0x00007ffb2bba4000 	D:\SSD_android_sudio\jre\bin\nio.dll
0x00007ffb38f70000 - 0x00007ffb38f97000 	C:\Users\dell\.gradle\native\8bec1ad78214c89d9ad589b4d07fe93259594b29d510b10fafb7a158f7737e5d\windows-amd64\native-platform.dll
0x00007ffb05d00000 - 0x00007ffb05e3d000 	C:\Users\dell\.gradle\native\53dbd7edfb1c66fb8903c78663c9afc45aea4f116125fa6feffd364cf09443e8\windows-amd64\native-platform-file-events.dll
0x00007ffb35290000 - 0x00007ffb3529a000 	D:\SSD_android_sudio\jre\bin\management.dll
0x00007ffb34780000 - 0x00007ffb3478c000 	D:\SSD_android_sudio\jre\bin\management_ext.dll
0x00007ffb44090000 - 0x00007ffb440c3000 	C:\Windows\system32\rsaenh.dll
0x00007ffb45cc0000 - 0x00007ffb45ce6000 	C:\Windows\System32\bcrypt.dll
0x00007ffb44bd0000 - 0x00007ffb44bf5000 	C:\Windows\SYSTEM32\USERENV.dll
0x00007ffb446f0000 - 0x00007ffb446fc000 	C:\Windows\SYSTEM32\CRYPTBASE.dll
0x00007ffb44230000 - 0x00007ffb4426a000 	C:\Windows\SYSTEM32\IPHLPAPI.DLL
0x00007ffb47d90000 - 0x00007ffb47d98000 	C:\Windows\System32\NSI.dll
0x00007ffb3bd70000 - 0x00007ffb3bd86000 	C:\Windows\SYSTEM32\dhcpcsvc6.DLL
0x00007ffb3cd60000 - 0x00007ffb3cd7c000 	C:\Windows\SYSTEM32\dhcpcsvc.DLL
0x00007ffb44270000 - 0x00007ffb4433a000 	C:\Windows\SYSTEM32\DNSAPI.dll

dbghelp: loaded successfully - version: 4.0.5 - missing functions: none
symbol engine: initialized successfully - sym options: 0x614 - pdb path: .;D:\SSD_android_sudio\jre\bin;C:\Windows\SYSTEM32;C:\Windows\WinSxS\amd64_microsoft.windows.common-controls_6595b64144ccf1df_6.0.18362.418_none_e6c6b287130d565d;D:\SSD_android_sudio\jre\bin\server;C:\Users\dell\.gradle\native\8bec1ad78214c89d9ad589b4d07fe93259594b29d510b10fafb7a158f7737e5d\windows-amd64;C:\Users\dell\.gradle\native\53dbd7edfb1c66fb8903c78663c9afc45aea4f116125fa6feffd364cf09443e8\windows-amd64

VM Arguments:
jvm_args: --add-opens=java.base/java.util=ALL-UNNAMED --add-opens=java.base/java.lang=ALL-UNNAMED --add-opens=java.base/java.lang.invoke=ALL-UNNAMED --add-opens=java.base/java.util=ALL-UNNAMED --add-opens=java.prefs/java.util.prefs=ALL-UNNAMED --add-opens=java.prefs/java.util.prefs=ALL-UNNAMED --add-opens=java.base/java.nio.charset=ALL-UNNAMED --add-opens=java.base/java.net=ALL-UNNAMED --add-opens=java.base/java.util.concurrent.atomic=ALL-UNNAMED -Xmx2048m -Dfile.encoding=UTF-8 -Duser.country=US -Duser.language=en -Duser.variant 
java_command: org.gradle.launcher.daemon.bootstrap.GradleDaemon 7.0.2
java_class_path (initial): C:\Users\dell\.gradle\wrapper\dists\gradle-7.0.2-bin\857tjihv64xamwrf0h14cai3r\gradle-7.0.2\lib\gradle-launcher-7.0.2.jar
Launcher Type: SUN_STANDARD

[Global flags]
     intx CICompilerCount                          = 3                                         {product} {ergonomic}
     uint ConcGCThreads                            = 1                                         {product} {ergonomic}
     uint G1ConcRefinementThreads                  = 4                                         {product} {ergonomic}
   size_t G1HeapRegionSize                         = 1048576                                   {product} {ergonomic}
    uintx GCDrainStackTargetSize                   = 64                                        {product} {ergonomic}
   size_t InitialHeapSize                          = 134217728                                 {product} {ergonomic}
   size_t MarkStackSize                            = 4194304                                   {product} {ergonomic}
   size_t MaxHeapSize                              = 2147483648                                {product} {command line}
   size_t MaxNewSize                               = 1287651328                                {product} {ergonomic}
   size_t MinHeapDeltaBytes                        = 1048576                                   {product} {ergonomic}
    uintx NonNMethodCodeHeapSize                   = 5830732                                {pd product} {ergonomic}
    uintx NonProfiledCodeHeapSize                  = 122913754                              {pd product} {ergonomic}
    uintx ProfiledCodeHeapSize                     = 122913754                              {pd product} {ergonomic}
    uintx ReservedCodeCacheSize                    = 251658240                              {pd product} {ergonomic}
     bool SegmentedCodeCache                       = true                                      {product} {ergonomic}
     bool UseCompressedClassPointers               = true                                 {lp64_product} {ergonomic}
     bool UseCompressedOops                        = true                                 {lp64_product} {ergonomic}
     bool UseG1GC                                  = true                                      {product} {ergonomic}
     bool UseLargePagesIndividualAllocation        = false                                  {pd product} {ergonomic}

Logging:
Log output configuration:
 #0: stdout all=warning uptime,level,tags
 #1: stderr all=off uptime,level,tags

Environment Variables:
PATH=C:\Windows\system32;C:\Windows;C:\Windows\System32\Wbem;C:\Windows\System32\WindowsPowerShell\v1.0\;C:\Windows\System32\OpenSSH\;C:\Program Files\Git\cmd;C:\Users\dell\AppData\Local\Microsoft\WindowsApps;
USERNAME=dell
OS=Windows_NT
PROCESSOR_IDENTIFIER=Intel64 Family 6 Model 61 Stepping 4, GenuineIntel



---------------  S Y S T E M  ---------------

OS: Windows 10 , 64 bit Build 18362 (10.0.18362.329)
OS uptime: 8 days 1:39 hours

CPU:total 4 (initial active 4) (2 cores per cpu, 2 threads per core) family 6 model 61 stepping 4 microcode 0x2b, cmov, cx8, fxsr, mmx, sse, sse2, sse3, ssse3, sse4.1, sse4.2, popcnt, avx, avx2, aes, clmul, erms, 3dnowpref, lzcnt, ht, tsc, tscinvbit, bmi1, bmi2, adx, fma

Memory: 4k page, system-wide physical 8103M (1430M free)
TotalPageFile size 24272M (AvailPageFile size 15M)
current process WorkingSet (physical memory assigned to process): 416M, peak: 416M
current process commit charge ("private bytes"): 444M, peak: 481M

vm_info: OpenJDK 64-Bit Server VM (11.0.10+0-b96-7249189) for windows-amd64 JRE (11.0.10+0-b96-7249189), built on Mar 31 2021 21:44:00 by "builder" with MS VC++ 14.0 (VS2015)

END.
