#
# There is insufficient memory for the Java Runtime Environment to continue.
# Native memory allocation (mmap) failed to map 38797312 bytes for Failed to commit area from 0x000000008b900000 to 0x000000008de00000 of length 38797312.
# Possible reasons:
#   The system is out of physical RAM or swap space
#   The process is running with CompressedOops enabled, and the Java Heap may be blocking the growth of the native heap
# Possible solutions:
#   Reduce memory load on the system
#   Increase physical memory or swap space
#   Check if swap backing store is full
#   Decrease Java heap size (-Xmx/-Xms)
#   Decrease number of Java threads
#   Decrease Java thread stack sizes (-Xss)
#   Set larger code cache with -XX:ReservedCodeCacheSize=
#   JVM is running with Unscaled Compressed Oops mode in which the Java heap is
#     placed in the first 4GB address space. The Java Heap base address is the
#     maximum limit for the native heap growth. Please use -XX:HeapBaseMinAddress
#     to set the Java Heap base and to place the Java Heap above 4GB virtual address.
# This output file may be truncated or incomplete.
#
#  Out of Memory Error (./src/hotspot/os/windows/os_windows.cpp:3301), pid=10448, tid=11872
#
# JRE version: OpenJDK Runtime Environment (11.0.10) (build 11.0.10+0-b96-7249189)
# Java VM: OpenJDK 64-Bit Server VM (11.0.10+0-b96-7249189, mixed mode, tiered, compressed oops, g1 gc, windows-amd64)
# No core dump will be written. Minidumps are not enabled by default on client versions of Windows
#

---------------  S U M M A R Y ------------

Command Line: --add-opens=java.base/java.util=ALL-UNNAMED --add-opens=java.base/java.lang=ALL-UNNAMED --add-opens=java.base/java.lang.invoke=ALL-UNNAMED --add-opens=java.base/java.util=ALL-UNNAMED --add-opens=java.prefs/java.util.prefs=ALL-UNNAMED --add-opens=java.prefs/java.util.prefs=ALL-UNNAMED --add-opens=java.base/java.nio.charset=ALL-UNNAMED --add-opens=java.base/java.net=ALL-UNNAMED --add-opens=java.base/java.util.concurrent.atomic=ALL-UNNAMED -Xmx2048m -Dfile.encoding=UTF-8 -Duser.country=US -Duser.language=en -Duser.variant org.gradle.launcher.daemon.bootstrap.GradleDaemon 7.0.2

Host: Intel(R) Core(TM) i5-5200U CPU @ 2.20GHz, 4 cores, 7G,  Windows 10 , 64 bit Build 18362 (10.0.18362.329)
Time: Tue Sep 21 19:01:57 2021 India Standard Time elapsed time: 23.365111 seconds (0d 0h 0m 23s)

---------------  T H R E A D  ---------------

Current thread (0x000001976840d800):  VMThread "VM Thread" [stack: 0x000000457c300000,0x000000457c400000] [id=11872]

Stack: [0x000000457c300000,0x000000457c400000]
[error occurred during error reporting (printing stack bounds), id 0xc0000005, EXCEPTION_ACCESS_VIOLATION (0xc0000005) at pc=0x0000019752320f2d]

Native frames: (J=compiled Java code, j=interpreted, Vv=VM code, C=native code)
V  [jvm.dll+0x5ecfaa]
V  [jvm.dll+0x722bd5]
V  [jvm.dll+0x72412d]
V  [jvm.dll+0x724745]
V  [jvm.dll+0x7246fb]
V  [jvm.dll+0x5ec348]
V  [jvm.dll+0x5ecad8]
C  [ntdll.dll+0xa11ff]
C  [ntdll.dll+0x6a289]
C  [ntdll.dll+0x9fe6e]
C  0x0000019752320f2d

VM_Operation (0x000000457dafda90): G1CollectForAllocation, mode: safepoint, requested by thread 0x000001976aedb800


---------------  P R O C E S S  ---------------

Threads class SMR info:
_java_thread_list=0x000001976cb63d40, length=52, elements={
0x000001974e839000, 0x0000019768411800, 0x0000019768414000, 0x0000019768d93800,
0x000001976842b000, 0x000001976842d000, 0x0000019768435800, 0x000001976843a000,
0x0000019768443800, 0x0000019768ee2000, 0x000001976b3d1000, 0x000001976ad0a800,
0x000001976a754800, 0x000001976a4e2800, 0x000001976a148000, 0x000001976b88c800,
0x000001976b460000, 0x000001976b2f1800, 0x000001976a300000, 0x000001976aed9000,
0x000001976aedb800, 0x000001976aedc000, 0x000001976aeda800, 0x000001976aed9800,
0x000001976aedd000, 0x000001976aed8000, 0x000001976aede000, 0x000001976aede800,
0x0000019769a40000, 0x0000019769a41000, 0x0000019769a43800, 0x0000019769a3d800,
0x0000019769a41800, 0x0000019769a44000, 0x0000019769a3e800, 0x0000019769a46800,
0x0000019769a47800, 0x0000019769a4a800, 0x0000019769a49000, 0x0000019769a4a000,
0x0000019769a45000, 0x000001976b3c6000, 0x0000019769a4b800, 0x0000019769a48000,
0x0000019769a4c800, 0x000001976c9a6800, 0x000001976c9a1000, 0x000001976c9a2800,
0x000001976c9a3800, 0x000001976c9a1800, 0x000001976c9a7800, 0x000001976c9a5000
}

Java Threads: ( => current thread )
  0x000001974e839000 JavaThread "main" [_thread_blocked, id=13764, stack(0x000000457bd00000,0x000000457be00000)]
  0x0000019768411800 JavaThread "Reference Handler" daemon [_thread_blocked, id=1784, stack(0x000000457c400000,0x000000457c500000)]
  0x0000019768414000 JavaThread "Finalizer" daemon [_thread_blocked, id=5776, stack(0x000000457c500000,0x000000457c600000)]
  0x0000019768d93800 JavaThread "Signal Dispatcher" daemon [_thread_blocked, id=1052, stack(0x000000457c600000,0x000000457c700000)]
  0x000001976842b000 JavaThread "Attach Listener" daemon [_thread_blocked, id=14200, stack(0x000000457c700000,0x000000457c800000)]
  0x000001976842d000 JavaThread "Service Thread" daemon [_thread_blocked, id=4876, stack(0x000000457c800000,0x000000457c900000)]
  0x0000019768435800 JavaThread "C2 CompilerThread0" daemon [_thread_in_native, id=8752, stack(0x000000457c900000,0x000000457ca00000)]
  0x000001976843a000 JavaThread "C1 CompilerThread0" daemon [_thread_blocked, id=12744, stack(0x000000457ca00000,0x000000457cb00000)]
  0x0000019768443800 JavaThread "Sweeper thread" daemon [_thread_blocked, id=1212, stack(0x000000457cb00000,0x000000457cc00000)]
  0x0000019768ee2000 JavaThread "Common-Cleaner" daemon [_thread_blocked, id=4792, stack(0x000000457cc00000,0x000000457cd00000)]
  0x000001976b3d1000 JavaThread "Daemon health stats" [_thread_blocked, id=10764, stack(0x000000457d100000,0x000000457d200000)]
  0x000001976ad0a800 JavaThread "Incoming local TCP Connector on port 56298" [_thread_in_native, id=10512, stack(0x000000457ce00000,0x000000457cf00000)]
  0x000001976a754800 JavaThread "Daemon periodic checks" [_thread_blocked, id=5876, stack(0x000000457d200000,0x000000457d300000)]
  0x000001976a4e2800 JavaThread "Daemon" [_thread_blocked, id=8560, stack(0x000000457d300000,0x000000457d400000)]
  0x000001976a148000 JavaThread "Handler for socket connection from /127.0.0.1:56298 to /127.0.0.1:56299" [_thread_in_native, id=10808, stack(0x000000457d400000,0x000000457d500000)]
  0x000001976b88c800 JavaThread "Cancel handler" [_thread_blocked, id=11976, stack(0x000000457d500000,0x000000457d600000)]
  0x000001976b460000 JavaThread "Daemon worker" [_thread_blocked, id=6896, stack(0x000000457d600000,0x000000457d700000)]
  0x000001976b2f1800 JavaThread "Asynchronous log dispatcher for DefaultDaemonConnection: socket connection from /127.0.0.1:56298 to /127.0.0.1:56299" [_thread_blocked, id=6572, stack(0x000000457d700000,0x000000457d800000)]
  0x000001976a300000 JavaThread "Stdin handler" [_thread_blocked, id=10420, stack(0x000000457d800000,0x000000457d900000)]
  0x000001976aed9000 JavaThread "Daemon client event forwarder" [_thread_blocked, id=3016, stack(0x000000457d900000,0x000000457da00000)]
  0x000001976aedb800 JavaThread "Cache worker for file hash cache (C:\Users\dell\.gradle\caches\7.0.2\fileHashes)" [_thread_blocked, id=10032, stack(0x000000457da00000,0x000000457db00000)]
  0x000001976aedc000 JavaThread "File lock request listener" [_thread_in_native, id=4696, stack(0x000000457db00000,0x000000457dc00000)]
  0x000001976aeda800 JavaThread "Cache worker for journal cache (C:\Users\dell\.gradle\caches\journal-1)" [_thread_blocked, id=13392, stack(0x000000457dd00000,0x000000457de00000)]
  0x000001976aed9800 JavaThread "Cache worker for file hash cache (E:\Om_informatic_projects\driver_app_github\.gradle\7.0.2\fileHashes)" [_thread_blocked, id=12528, stack(0x000000457df00000,0x000000457e000000)]
  0x000001976aedd000 JavaThread "File watcher server" daemon [_thread_blocked, id=9920, stack(0x000000457e000000,0x000000457e100000)]
  0x000001976aed8000 JavaThread "File watcher consumer" daemon [_thread_blocked, id=4392, stack(0x000000457e100000,0x000000457e200000)]
  0x000001976aede000 JavaThread "Cache worker for checksums cache (E:\Om_informatic_projects\driver_app_github\.gradle\checksums)" [_thread_blocked, id=13280, stack(0x000000457e200000,0x000000457e300000)]
  0x000001976aede800 JavaThread "Cache worker for cache directory md-supplier (C:\Users\dell\.gradle\caches\7.0.2\md-supplier)" [_thread_blocked, id=12448, stack(0x000000457e300000,0x000000457e400000)]
  0x0000019769a40000 JavaThread "Cache worker for cache directory md-rule (C:\Users\dell\.gradle\caches\7.0.2\md-rule)" [_thread_blocked, id=9364, stack(0x000000457e400000,0x000000457e500000)]
  0x0000019769a41000 JavaThread "Cache worker for execution history cache (C:\Users\dell\.gradle\caches\7.0.2\executionHistory)" [_thread_blocked, id=12620, stack(0x000000457e500000,0x000000457e600000)]
  0x0000019769a43800 JavaThread "jar transforms" [_thread_blocked, id=11556, stack(0x000000457e600000,0x000000457e700000)]
  0x0000019769a3d800 JavaThread "jar transforms Thread 2" [_thread_blocked, id=12184, stack(0x000000457e700000,0x000000457e800000)]
  0x0000019769a41800 JavaThread "Cache worker for file content cache (C:\Users\dell\.gradle\caches\7.0.2\fileContent)" [_thread_blocked, id=2724, stack(0x000000457e800000,0x000000457e900000)]
  0x0000019769a44000 JavaThread "Cache worker for dependencies-accessors (E:\Om_informatic_projects\driver_app_github\.gradle\7.0.2\dependencies-accessors)" [_thread_blocked, id=2108, stack(0x000000457e900000,0x000000457ea00000)]
  0x0000019769a3e800 JavaThread "jar transforms Thread 3" [_thread_blocked, id=11356, stack(0x000000457ea00000,0x000000457eb00000)]
  0x0000019769a46800 JavaThread "Cache worker for Build Output Cleanup Cache (E:\Om_informatic_projects\driver_app_github\.gradle\buildOutputCleanup)" [_thread_blocked, id=10472, stack(0x000000457eb00000,0x000000457ec00000)]
  0x0000019769a47800 JavaThread "Build operations" [_thread_blocked, id=13772, stack(0x000000457ec00000,0x000000457ed00000)]
  0x0000019769a4a800 JavaThread "Build operations Thread 2" [_thread_blocked, id=11460, stack(0x000000457ed00000,0x000000457ee00000)]
  0x0000019769a49000 JavaThread "Build operations Thread 3" [_thread_blocked, id=7392, stack(0x000000457ee00000,0x000000457ef00000)]
  0x0000019769a4a000 JavaThread "Build operations Thread 4" [_thread_blocked, id=5764, stack(0x000000457ef00000,0x000000457f000000)]
  0x0000019769a45000 JavaThread "jar transforms Thread 4" [_thread_blocked, id=6312, stack(0x000000457f000000,0x000000457f100000)]
  0x000001976b3c6000 JavaThread "C2 CompilerThread1" daemon [_thread_in_native, id=2088, stack(0x000000457de00000,0x000000457df00000)]
  0x0000019769a4b800 JavaThread "Memory manager" [_thread_blocked, id=5152, stack(0x000000457f100000,0x000000457f200000)]
  0x0000019769a48000 JavaThread "build event listener" [_thread_blocked, id=14292, stack(0x000000457f200000,0x000000457f300000)]
  0x0000019769a4c800 JavaThread "Execution worker for ':'" [_thread_blocked, id=4796, stack(0x000000457f300000,0x000000457f400000)]
  0x000001976c9a6800 JavaThread "Execution worker for ':' Thread 2" [_thread_blocked, id=10024, stack(0x000000457f400000,0x000000457f500000)]
  0x000001976c9a1000 JavaThread "Execution worker for ':' Thread 3" [_thread_blocked, id=9452, stack(0x000000457f500000,0x000000457f600000)]
  0x000001976c9a2800 JavaThread "Cache worker for execution history cache (E:\Om_informatic_projects\driver_app_github\.gradle\7.0.2\executionHistory)" [_thread_blocked, id=12020, stack(0x000000457f600000,0x000000457f700000)]
  0x000001976c9a3800 JavaThread "WorkerExecutor Queue" [_thread_blocked, id=7972, stack(0x000000457f800000,0x000000457f900000)]
  0x000001976c9a1800 JavaThread "WorkerExecutor Queue Thread 2" [_thread_blocked, id=2992, stack(0x000000457f900000,0x000000457fa00000)]
  0x000001976c9a7800 JavaThread "WorkerExecutor Queue Thread 3" [_thread_blocked, id=3424, stack(0x000000457fa00000,0x000000457fb00000)]
  0x000001976c9a5000 JavaThread "WorkerExecutor Queue Thread 4" [_thread_blocked, id=7428, stack(0x000000457fb00000,0x000000457fc00000)]

Other Threads:
=>0x000001976840d800 VMThread "VM Thread" [stack: 0x000000457c300000,0x000000457c400000] [id=11872]
  0x0000019768ef3000 WatcherThread [stack: 0x000000457cd00000,0x000000457ce00000] [id=12688]
  0x000001974e853000 GCTaskThread "GC Thread#0" [stack: 0x000000457be00000,0x000000457bf00000] [id=6512]
  0x0000019769222800 GCTaskThread "GC Thread#1" [stack: 0x000000457cf00000,0x000000457d000000] [id=1020]
  0x000001976986e000 GCTaskThread "GC Thread#2" [stack: 0x000000457d000000,0x000000457d100000] [id=8164]
  0x0000019769c3e800 GCTaskThread "GC Thread#3" [stack: 0x000000457dc00000,0x000000457dd00000] [id=124]
  0x000001974e883800 ConcurrentGCThread "G1 Main Marker" [stack: 0x000000457bf00000,0x000000457c000000] [id=8688]
  0x000001974e885000 ConcurrentGCThread "G1 Conc#0" [stack: 0x000000457c000000,0x000000457c100000] [id=13184]
  0x0000019768260800 ConcurrentGCThread "G1 Refine#0" [stack: 0x000000457c100000,0x000000457c200000] [id=7092]
  0x000001976aeb9000 ConcurrentGCThread "G1 Refine#1" [stack: 0x000000457f700000,0x000000457f800000] [id=5052]
  0x0000019768261800 ConcurrentGCThread "G1 Young RemSet Sampling" [stack: 0x000000457c200000,0x000000457c300000] [id=10740]

Threads with active compile tasks:
C2 CompilerThread0  23381 9876 %     4       org.gradle.internal.snapshot.VfsRelativePath::lengthOfCommonPrefix @ 26 (173 bytes)
C2 CompilerThread1  23381 9471       4       org.gradle.internal.instantiation.generator.AbstractClassGenerator::inspectType (560 bytes)

VM state:at safepoint (normal execution)

VM Mutex/Monitor currently owned by a thread:  ([mutex/lock_event])
[0x000001974e834d80] Threads_lock - owner thread: 0x000001976840d800
[0x000001974e835f80] Heap_lock - owner thread: 0x000001976aedb800

Heap address: 0x0000000080000000, size: 2048 MB, Compressed Oops mode: 32-bit
Narrow klass base: 0x0000000000000000, Narrow klass shift: 3
Compressed class space size: 1073741824 Address: 0x0000000100000000

Heap:
 garbage-first heap   total 227328K, used 87014K [0x0000000080000000, 0x0000000100000000)
  region size 1024K, 6 young (6144K), 6 survivors (6144K)
 Metaspace       used 83495K, capacity 85553K, committed 85836K, reserved 1124352K
  class space    used 10726K, capacity 11485K, committed 11596K, reserved 1048576K
Heap Regions: E=young(eden), S=young(survivor), O=old, HS=humongous(starts), HC=humongous(continues), CS=collection set, F=free, A=archive, TAMS=top-at-mark-start (previous, next)
|   0|0x0000000080000000, 0x0000000080100000, 0x0000000080100000|100%| O|  |TAMS 0x0000000080100000, 0x0000000080000000| Untracked 
|   1|0x0000000080100000, 0x0000000080200000, 0x0000000080200000|100%| O|  |TAMS 0x0000000080200000, 0x0000000080100000| Untracked 
|   2|0x0000000080200000, 0x0000000080300000, 0x0000000080300000|100%| O|  |TAMS 0x0000000080300000, 0x0000000080200000| Untracked 
|   3|0x0000000080300000, 0x0000000080400000, 0x0000000080400000|100%|HS|  |TAMS 0x0000000080400000, 0x0000000080300000| Complete 
|   4|0x0000000080400000, 0x0000000080500000, 0x0000000080500000|100%|HC|  |TAMS 0x0000000080500000, 0x0000000080400000| Complete 
|   5|0x0000000080500000, 0x0000000080600000, 0x0000000080600000|100%|HC|  |TAMS 0x0000000080600000, 0x0000000080500000| Complete 
|   6|0x0000000080600000, 0x0000000080700000, 0x0000000080700000|100%| O|  |TAMS 0x0000000080700000, 0x0000000080600000| Untracked 
|   7|0x0000000080700000, 0x0000000080800000, 0x0000000080800000|100%| O|  |TAMS 0x0000000080800000, 0x0000000080700000| Untracked 
|   8|0x0000000080800000, 0x0000000080900000, 0x0000000080900000|100%| O|  |TAMS 0x0000000080900000, 0x0000000080800000| Untracked 
|   9|0x0000000080900000, 0x0000000080a00000, 0x0000000080a00000|100%| O|  |TAMS 0x0000000080a00000, 0x0000000080900000| Untracked 
|  10|0x0000000080a00000, 0x0000000080b00000, 0x0000000080b00000|100%| O|  |TAMS 0x0000000080b00000, 0x0000000080a00000| Untracked 
|  11|0x0000000080b00000, 0x0000000080c00000, 0x0000000080c00000|100%| O|  |TAMS 0x0000000080c00000, 0x0000000080b00000| Untracked 
|  12|0x0000000080c00000, 0x0000000080d00000, 0x0000000080d00000|100%| O|  |TAMS 0x0000000080d00000, 0x0000000080c00000| Untracked 
|  13|0x0000000080d00000, 0x0000000080e00000, 0x0000000080e00000|100%| O|  |TAMS 0x0000000080e00000, 0x0000000080d00000| Untracked 
|  14|0x0000000080e00000, 0x0000000080f00000, 0x0000000080f00000|100%| O|  |TAMS 0x0000000080f00000, 0x0000000080e00000| Untracked 
|  15|0x0000000080f00000, 0x0000000081000000, 0x0000000081000000|100%| O|  |TAMS 0x0000000081000000, 0x0000000080f00000| Untracked 
|  16|0x0000000081000000, 0x0000000081100000, 0x0000000081100000|100%|HS|  |TAMS 0x0000000081100000, 0x0000000081000000| Complete 
|  17|0x0000000081100000, 0x0000000081200000, 0x0000000081200000|100%|HS|  |TAMS 0x0000000081200000, 0x0000000081100000| Complete 
|  18|0x0000000081200000, 0x0000000081300000, 0x0000000081300000|100%| O|  |TAMS 0x0000000081300000, 0x0000000081200000| Untracked 
|  19|0x0000000081300000, 0x0000000081400000, 0x0000000081400000|100%| O|  |TAMS 0x0000000081400000, 0x0000000081300000| Untracked 
|  20|0x0000000081400000, 0x0000000081500000, 0x0000000081500000|100%| O|  |TAMS 0x0000000081500000, 0x0000000081400000| Untracked 
|  21|0x0000000081500000, 0x0000000081600000, 0x0000000081600000|100%| O|  |TAMS 0x0000000081600000, 0x0000000081500000| Untracked 
|  22|0x0000000081600000, 0x0000000081700000, 0x0000000081700000|100%| O|  |TAMS 0x0000000081700000, 0x0000000081600000| Untracked 
|  23|0x0000000081700000, 0x0000000081800000, 0x0000000081800000|100%|HS|  |TAMS 0x0000000081800000, 0x0000000081700000| Complete 
|  24|0x0000000081800000, 0x0000000081900000, 0x0000000081900000|100%|HC|  |TAMS 0x0000000081900000, 0x0000000081800000| Complete 
|  25|0x0000000081900000, 0x0000000081a00000, 0x0000000081a00000|100%| O|  |TAMS 0x0000000081a00000, 0x0000000081900000| Untracked 
|  26|0x0000000081a00000, 0x0000000081b00000, 0x0000000081b00000|100%| O|  |TAMS 0x0000000081b00000, 0x0000000081a00000| Untracked 
|  27|0x0000000081b00000, 0x0000000081c00000, 0x0000000081c00000|100%| O|  |TAMS 0x0000000081c00000, 0x0000000081b00000| Untracked 
|  28|0x0000000081c00000, 0x0000000081d00000, 0x0000000081d00000|100%| O|  |TAMS 0x0000000081d00000, 0x0000000081c00000| Untracked 
|  29|0x0000000081d00000, 0x0000000081e00000, 0x0000000081e00000|100%| O|  |TAMS 0x0000000081e00000, 0x0000000081d00000| Untracked 
|  30|0x0000000081e00000, 0x0000000081f00000, 0x0000000081f00000|100%| O|  |TAMS 0x0000000081f00000, 0x0000000081e00000| Untracked 
|  31|0x0000000081f00000, 0x0000000082000000, 0x0000000082000000|100%| O|  |TAMS 0x0000000082000000, 0x0000000081f00000| Untracked 
|  32|0x0000000082000000, 0x0000000082100000, 0x0000000082100000|100%| O|  |TAMS 0x0000000082100000, 0x0000000082000000| Untracked 
|  33|0x0000000082100000, 0x0000000082200000, 0x0000000082200000|100%| O|  |TAMS 0x0000000082200000, 0x0000000082100000| Untracked 
|  34|0x0000000082200000, 0x0000000082300000, 0x0000000082300000|100%| O|  |TAMS 0x0000000082300000, 0x0000000082200000| Untracked 
|  35|0x0000000082300000, 0x0000000082400000, 0x0000000082400000|100%| O|  |TAMS 0x0000000082400000, 0x0000000082300000| Untracked 
|  36|0x0000000082400000, 0x0000000082500000, 0x0000000082500000|100%| O|  |TAMS 0x0000000082500000, 0x0000000082400000| Untracked 
|  37|0x0000000082500000, 0x0000000082600000, 0x0000000082600000|100%| O|  |TAMS 0x0000000082600000, 0x0000000082500000| Untracked 
|  38|0x0000000082600000, 0x0000000082700000, 0x0000000082700000|100%| O|  |TAMS 0x0000000082700000, 0x0000000082600000| Untracked 
|  39|0x0000000082700000, 0x0000000082800000, 0x0000000082800000|100%| O|  |TAMS 0x0000000082800000, 0x0000000082700000| Untracked 
|  40|0x0000000082800000, 0x0000000082900000, 0x0000000082900000|100%| O|  |TAMS 0x0000000082900000, 0x0000000082800000| Untracked 
|  41|0x0000000082900000, 0x0000000082a00000, 0x0000000082a00000|100%| O|  |TAMS 0x0000000082a00000, 0x0000000082900000| Untracked 
|  42|0x0000000082a00000, 0x0000000082b00000, 0x0000000082b00000|100%| O|  |TAMS 0x0000000082b00000, 0x0000000082a00000| Untracked 
|  43|0x0000000082b00000, 0x0000000082c00000, 0x0000000082c00000|100%| O|  |TAMS 0x0000000082b87e00, 0x0000000082b00000| Untracked 
|  44|0x0000000082c00000, 0x0000000082d00000, 0x0000000082d00000|100%| O|  |TAMS 0x0000000082c00000, 0x0000000082c00000| Untracked 
|  45|0x0000000082d00000, 0x0000000082e00000, 0x0000000082e00000|100%| O|  |TAMS 0x0000000082d00000, 0x0000000082d00000| Untracked 
|  46|0x0000000082e00000, 0x0000000082f00000, 0x0000000082f00000|100%| O|  |TAMS 0x0000000082e00000, 0x0000000082e00000| Untracked 
|  47|0x0000000082f00000, 0x0000000083000000, 0x0000000083000000|100%| O|  |TAMS 0x0000000082f00000, 0x0000000082f00000| Untracked 
|  48|0x0000000083000000, 0x0000000083100000, 0x0000000083100000|100%| O|  |TAMS 0x0000000083000000, 0x0000000083000000| Untracked 
|  49|0x0000000083100000, 0x0000000083200000, 0x0000000083200000|100%| O|  |TAMS 0x0000000083100000, 0x0000000083100000| Untracked 
|  50|0x0000000083200000, 0x0000000083300000, 0x0000000083300000|100%| O|  |TAMS 0x0000000083200000, 0x0000000083200000| Untracked 
|  51|0x0000000083300000, 0x0000000083400000, 0x0000000083400000|100%| O|  |TAMS 0x0000000083300000, 0x0000000083300000| Untracked 
|  52|0x0000000083400000, 0x0000000083500000, 0x0000000083500000|100%| O|  |TAMS 0x0000000083400000, 0x0000000083400000| Untracked 
|  53|0x0000000083500000, 0x0000000083600000, 0x0000000083600000|100%| O|  |TAMS 0x0000000083500000, 0x0000000083500000| Untracked 
|  54|0x0000000083600000, 0x0000000083600000, 0x0000000083700000|  0%| F|  |TAMS 0x0000000083600000, 0x0000000083600000| Untracked 
|  55|0x0000000083700000, 0x0000000083800000, 0x0000000083800000|100%| O|  |TAMS 0x0000000083700000, 0x0000000083700000| Untracked 
|  56|0x0000000083800000, 0x0000000083900000, 0x0000000083900000|100%| O|  |TAMS 0x0000000083800000, 0x0000000083800000| Untracked 
|  57|0x0000000083900000, 0x0000000083a00000, 0x0000000083a00000|100%| O|  |TAMS 0x0000000083900000, 0x0000000083900000| Untracked 
|  58|0x0000000083a00000, 0x0000000083b00000, 0x0000000083b00000|100%| O|  |TAMS 0x0000000083a00000, 0x0000000083a00000| Untracked 
|  59|0x0000000083b00000, 0x0000000083c00000, 0x0000000083c00000|100%| O|  |TAMS 0x0000000083b00000, 0x0000000083b00000| Untracked 
|  60|0x0000000083c00000, 0x0000000083d00000, 0x0000000083d00000|100%| O|  |TAMS 0x0000000083c00000, 0x0000000083c00000| Untracked 
|  61|0x0000000083d00000, 0x0000000083e00000, 0x0000000083e00000|100%| O|  |TAMS 0x0000000083d00000, 0x0000000083d00000| Untracked 
|  62|0x0000000083e00000, 0x0000000083f00000, 0x0000000083f00000|100%| O|  |TAMS 0x0000000083e00000, 0x0000000083e00000| Untracked 
|  63|0x0000000083f00000, 0x0000000084000000, 0x0000000084000000|100%| O|  |TAMS 0x0000000083f00000, 0x0000000083f00000| Untracked 
|  64|0x0000000084000000, 0x0000000084100000, 0x0000000084100000|100%| O|  |TAMS 0x0000000084000000, 0x0000000084000000| Untracked 
|  65|0x0000000084100000, 0x0000000084200000, 0x0000000084200000|100%| O|  |TAMS 0x0000000084100000, 0x0000000084100000| Untracked 
|  66|0x0000000084200000, 0x0000000084300000, 0x0000000084300000|100%| O|  |TAMS 0x0000000084200000, 0x0000000084200000| Untracked 
|  67|0x0000000084300000, 0x0000000084400000, 0x0000000084400000|100%| O|  |TAMS 0x0000000084300000, 0x0000000084300000| Untracked 
|  68|0x0000000084400000, 0x0000000084500000, 0x0000000084500000|100%| O|  |TAMS 0x0000000084400000, 0x0000000084400000| Untracked 
|  69|0x0000000084500000, 0x0000000084600000, 0x0000000084600000|100%| O|  |TAMS 0x0000000084500000, 0x0000000084500000| Untracked 
|  70|0x0000000084600000, 0x0000000084600000, 0x0000000084700000|  0%| F|  |TAMS 0x0000000084600000, 0x0000000084600000| Untracked 
|  71|0x0000000084700000, 0x0000000084700000, 0x0000000084800000|  0%| F|  |TAMS 0x0000000084700000, 0x0000000084700000| Untracked 
|  72|0x0000000084800000, 0x0000000084800000, 0x0000000084900000|  0%| F|  |TAMS 0x0000000084800000, 0x0000000084800000| Untracked 
|  73|0x0000000084900000, 0x0000000084900000, 0x0000000084a00000|  0%| F|  |TAMS 0x0000000084900000, 0x0000000084900000| Untracked 
|  74|0x0000000084a00000, 0x0000000084a00000, 0x0000000084b00000|  0%| F|  |TAMS 0x0000000084a00000, 0x0000000084a00000| Untracked 
|  75|0x0000000084b00000, 0x0000000084b00000, 0x0000000084c00000|  0%| F|  |TAMS 0x0000000084b00000, 0x0000000084b00000| Untracked 
|  76|0x0000000084c00000, 0x0000000084c00000, 0x0000000084d00000|  0%| F|  |TAMS 0x0000000084c00000, 0x0000000084c00000| Untracked 
|  77|0x0000000084d00000, 0x0000000084d00000, 0x0000000084e00000|  0%| F|  |TAMS 0x0000000084d00000, 0x0000000084d00000| Untracked 
|  78|0x0000000084e00000, 0x0000000084e00000, 0x0000000084f00000|  0%| F|  |TAMS 0x0000000084e00000, 0x0000000084e00000| Untracked 
|  79|0x0000000084f00000, 0x0000000084f00000, 0x0000000085000000|  0%| F|  |TAMS 0x0000000084f00000, 0x0000000084f00000| Untracked 
|  80|0x0000000085000000, 0x0000000085000000, 0x0000000085100000|  0%| F|  |TAMS 0x0000000085000000, 0x0000000085000000| Untracked 
|  81|0x0000000085100000, 0x0000000085100000, 0x0000000085200000|  0%| F|  |TAMS 0x0000000085100000, 0x0000000085100000| Untracked 
|  82|0x0000000085200000, 0x0000000085200000, 0x0000000085300000|  0%| F|  |TAMS 0x0000000085200000, 0x0000000085200000| Untracked 
|  83|0x0000000085300000, 0x0000000085300000, 0x0000000085400000|  0%| F|  |TAMS 0x0000000085300000, 0x0000000085300000| Untracked 
|  84|0x0000000085400000, 0x0000000085500000, 0x0000000085500000|100%| O|  |TAMS 0x0000000085400000, 0x0000000085400000| Untracked 
|  85|0x0000000085500000, 0x0000000085600000, 0x0000000085600000|100%| O|  |TAMS 0x0000000085500000, 0x0000000085500000| Untracked 
|  86|0x0000000085600000, 0x0000000085700000, 0x0000000085700000|100%| O|  |TAMS 0x0000000085600000, 0x0000000085600000| Untracked 
|  87|0x0000000085700000, 0x0000000085800000, 0x0000000085800000|100%| O|  |TAMS 0x0000000085700000, 0x0000000085700000| Untracked 
|  88|0x0000000085800000, 0x0000000085900000, 0x0000000085900000|100%| O|  |TAMS 0x0000000085800000, 0x0000000085800000| Untracked 
|  89|0x0000000085900000, 0x0000000085a00000, 0x0000000085a00000|100%| O|  |TAMS 0x0000000085900000, 0x0000000085900000| Untracked 
|  90|0x0000000085a00000, 0x0000000085b00000, 0x0000000085b00000|100%| O|  |TAMS 0x0000000085a00000, 0x0000000085a00000| Untracked 
|  91|0x0000000085b00000, 0x0000000085c00000, 0x0000000085c00000|100%| O|  |TAMS 0x0000000085b00000, 0x0000000085b00000| Untracked 
|  92|0x0000000085c00000, 0x0000000085d00000, 0x0000000085d00000|100%| O|  |TAMS 0x0000000085c00000, 0x0000000085c00000| Untracked 
|  93|0x0000000085d00000, 0x0000000085e00000, 0x0000000085e00000|100%| O|  |TAMS 0x0000000085d00000, 0x0000000085d00000| Untracked 
|  94|0x0000000085e00000, 0x0000000085e80000, 0x0000000085f00000| 50%| O|  |TAMS 0x0000000085e00000, 0x0000000085e00000| Untracked 
|  95|0x0000000085f00000, 0x0000000085f00000, 0x0000000086000000|  0%| F|  |TAMS 0x0000000085f00000, 0x0000000085f00000| Untracked 
|  96|0x0000000086000000, 0x0000000086000000, 0x0000000086100000|  0%| F|  |TAMS 0x0000000086000000, 0x0000000086000000| Untracked 
|  97|0x0000000086100000, 0x0000000086100000, 0x0000000086200000|  0%| F|  |TAMS 0x0000000086100000, 0x0000000086100000| Untracked 
|  98|0x0000000086200000, 0x0000000086200000, 0x0000000086300000|  0%| F|  |TAMS 0x0000000086200000, 0x0000000086200000| Untracked 
|  99|0x0000000086300000, 0x0000000086300000, 0x0000000086400000|  0%| F|  |TAMS 0x0000000086300000, 0x0000000086300000| Untracked 
| 100|0x0000000086400000, 0x0000000086400000, 0x0000000086500000|  0%| F|  |TAMS 0x0000000086400000, 0x0000000086400000| Untracked 
| 101|0x0000000086500000, 0x0000000086500000, 0x0000000086600000|  0%| F|  |TAMS 0x0000000086500000, 0x0000000086500000| Untracked 
| 102|0x0000000086600000, 0x0000000086600000, 0x0000000086700000|  0%| F|  |TAMS 0x0000000086600000, 0x0000000086600000| Untracked 
| 103|0x0000000086700000, 0x0000000086700000, 0x0000000086800000|  0%| F|  |TAMS 0x0000000086700000, 0x0000000086700000| Untracked 
| 104|0x0000000086800000, 0x0000000086800000, 0x0000000086900000|  0%| F|  |TAMS 0x0000000086800000, 0x0000000086800000| Untracked 
| 105|0x0000000086900000, 0x0000000086900000, 0x0000000086a00000|  0%| F|  |TAMS 0x0000000086900000, 0x0000000086900000| Untracked 
| 106|0x0000000086a00000, 0x0000000086a00000, 0x0000000086b00000|  0%| F|  |TAMS 0x0000000086a00000, 0x0000000086a00000| Untracked 
| 107|0x0000000086b00000, 0x0000000086b00000, 0x0000000086c00000|  0%| F|  |TAMS 0x0000000086b00000, 0x0000000086b00000| Untracked 
| 108|0x0000000086c00000, 0x0000000086c00000, 0x0000000086d00000|  0%| F|  |TAMS 0x0000000086c00000, 0x0000000086c00000| Untracked 
| 109|0x0000000086d00000, 0x0000000086d00000, 0x0000000086e00000|  0%| F|  |TAMS 0x0000000086d00000, 0x0000000086d00000| Untracked 
| 110|0x0000000086e00000, 0x0000000086e00000, 0x0000000086f00000|  0%| F|  |TAMS 0x0000000086e00000, 0x0000000086e00000| Untracked 
| 111|0x0000000086f00000, 0x0000000086f00000, 0x0000000087000000|  0%| F|  |TAMS 0x0000000086f00000, 0x0000000086f00000| Untracked 
| 112|0x0000000087000000, 0x0000000087000000, 0x0000000087100000|  0%| F|  |TAMS 0x0000000087000000, 0x0000000087000000| Untracked 
| 113|0x0000000087100000, 0x0000000087100000, 0x0000000087200000|  0%| F|  |TAMS 0x0000000087100000, 0x0000000087100000| Untracked 
| 114|0x0000000087200000, 0x0000000087200000, 0x0000000087300000|  0%| F|  |TAMS 0x0000000087200000, 0x0000000087200000| Untracked 
| 115|0x0000000087300000, 0x0000000087300000, 0x0000000087400000|  0%| F|  |TAMS 0x0000000087300000, 0x0000000087300000| Untracked 
| 116|0x0000000087400000, 0x0000000087400000, 0x0000000087500000|  0%| F|  |TAMS 0x0000000087400000, 0x0000000087400000| Untracked 
| 117|0x0000000087500000, 0x0000000087500000, 0x0000000087600000|  0%| F|  |TAMS 0x0000000087500000, 0x0000000087500000| Untracked 
| 118|0x0000000087600000, 0x0000000087600000, 0x0000000087700000|  0%| F|  |TAMS 0x0000000087600000, 0x0000000087600000| Untracked 
| 119|0x0000000087700000, 0x0000000087700000, 0x0000000087800000|  0%| F|  |TAMS 0x0000000087700000, 0x0000000087700000| Untracked 
| 120|0x0000000087800000, 0x0000000087800000, 0x0000000087900000|  0%| F|  |TAMS 0x0000000087800000, 0x0000000087800000| Untracked 
| 121|0x0000000087900000, 0x0000000087900000, 0x0000000087a00000|  0%| F|  |TAMS 0x0000000087900000, 0x0000000087900000| Untracked 
| 122|0x0000000087a00000, 0x0000000087a00000, 0x0000000087b00000|  0%| F|  |TAMS 0x0000000087a00000, 0x0000000087a00000| Untracked 
| 123|0x0000000087b00000, 0x0000000087b00000, 0x0000000087c00000|  0%| F|  |TAMS 0x0000000087b00000, 0x0000000087b00000| Untracked 
| 124|0x0000000087c00000, 0x0000000087c00000, 0x0000000087d00000|  0%| F|  |TAMS 0x0000000087c00000, 0x0000000087c00000| Untracked 
| 125|0x0000000087d00000, 0x0000000087d798f8, 0x0000000087e00000| 47%| S|CS|TAMS 0x0000000087d00000, 0x0000000087d00000| Complete 
| 126|0x0000000087e00000, 0x0000000087f00000, 0x0000000087f00000|100%| S|CS|TAMS 0x0000000087e00000, 0x0000000087e00000| Complete 
| 127|0x0000000087f00000, 0x0000000088000000, 0x0000000088000000|100%| S|CS|TAMS 0x0000000087f00000, 0x0000000087f00000| Complete 
| 128|0x0000000088000000, 0x0000000088100000, 0x0000000088100000|100%| S|CS|TAMS 0x0000000088000000, 0x0000000088000000| Complete 
| 129|0x0000000088100000, 0x0000000088200000, 0x0000000088200000|100%| S|CS|TAMS 0x0000000088100000, 0x0000000088100000| Complete 
| 130|0x0000000088200000, 0x0000000088300000, 0x0000000088300000|100%| S|CS|TAMS 0x0000000088200000, 0x0000000088200000| Complete 
| 131|0x0000000088300000, 0x0000000088300000, 0x0000000088400000|  0%| F|  |TAMS 0x0000000088300000, 0x0000000088300000| Untracked 
| 132|0x0000000088400000, 0x0000000088400000, 0x0000000088500000|  0%| F|  |TAMS 0x0000000088400000, 0x0000000088400000| Untracked 
| 133|0x0000000088500000, 0x0000000088500000, 0x0000000088600000|  0%| F|  |TAMS 0x0000000088500000, 0x0000000088500000| Untracked 
| 134|0x0000000088600000, 0x0000000088600000, 0x0000000088700000|  0%| F|  |TAMS 0x0000000088600000, 0x0000000088600000| Untracked 
| 135|0x0000000088700000, 0x0000000088700000, 0x0000000088800000|  0%| F|  |TAMS 0x0000000088700000, 0x0000000088700000| Untracked 
| 136|0x0000000088800000, 0x0000000088800000, 0x0000000088900000|  0%| F|  |TAMS 0x0000000088800000, 0x0000000088800000| Untracked 
| 137|0x0000000088900000, 0x0000000088900000, 0x0000000088a00000|  0%| F|  |TAMS 0x0000000088900000, 0x0000000088900000| Untracked 
| 138|0x0000000088a00000, 0x0000000088a00000, 0x0000000088b00000|  0%| F|  |TAMS 0x0000000088a00000, 0x0000000088a00000| Untracked 
| 139|0x0000000088b00000, 0x0000000088b00000, 0x0000000088c00000|  0%| F|  |TAMS 0x0000000088b00000, 0x0000000088b00000| Untracked 
| 140|0x0000000088c00000, 0x0000000088c00000, 0x0000000088d00000|  0%| F|  |TAMS 0x0000000088c00000, 0x0000000088c00000| Untracked 
| 141|0x0000000088d00000, 0x0000000088d00000, 0x0000000088e00000|  0%| F|  |TAMS 0x0000000088d00000, 0x0000000088d00000| Untracked 
| 142|0x0000000088e00000, 0x0000000088e00000, 0x0000000088f00000|  0%| F|  |TAMS 0x0000000088e00000, 0x0000000088e00000| Untracked 
| 143|0x0000000088f00000, 0x0000000088f00000, 0x0000000089000000|  0%| F|  |TAMS 0x0000000088f00000, 0x0000000088f00000| Untracked 
| 144|0x0000000089000000, 0x0000000089000000, 0x0000000089100000|  0%| F|  |TAMS 0x0000000089000000, 0x0000000089000000| Untracked 
| 145|0x0000000089100000, 0x0000000089100000, 0x0000000089200000|  0%| F|  |TAMS 0x0000000089100000, 0x0000000089100000| Untracked 
| 146|0x0000000089200000, 0x0000000089200000, 0x0000000089300000|  0%| F|  |TAMS 0x0000000089200000, 0x0000000089200000| Untracked 
| 147|0x0000000089300000, 0x0000000089300000, 0x0000000089400000|  0%| F|  |TAMS 0x0000000089300000, 0x0000000089300000| Untracked 
| 148|0x0000000089400000, 0x0000000089400000, 0x0000000089500000|  0%| F|  |TAMS 0x0000000089400000, 0x0000000089400000| Untracked 
| 149|0x0000000089500000, 0x0000000089500000, 0x0000000089600000|  0%| F|  |TAMS 0x0000000089500000, 0x0000000089500000| Untracked 
| 150|0x0000000089600000, 0x0000000089600000, 0x0000000089700000|  0%| F|  |TAMS 0x0000000089600000, 0x0000000089600000| Untracked 
| 151|0x0000000089700000, 0x0000000089700000, 0x0000000089800000|  0%| F|  |TAMS 0x0000000089700000, 0x0000000089700000| Untracked 
| 152|0x0000000089800000, 0x0000000089800000, 0x0000000089900000|  0%| F|  |TAMS 0x0000000089800000, 0x0000000089800000| Untracked 
| 153|0x0000000089900000, 0x0000000089900000, 0x0000000089a00000|  0%| F|  |TAMS 0x0000000089900000, 0x0000000089900000| Untracked 
| 154|0x0000000089a00000, 0x0000000089a00000, 0x0000000089b00000|  0%| F|  |TAMS 0x0000000089a00000, 0x0000000089a00000| Untracked 
| 155|0x0000000089b00000, 0x0000000089b00000, 0x0000000089c00000|  0%| F|  |TAMS 0x0000000089b00000, 0x0000000089b00000| Untracked 
| 156|0x0000000089c00000, 0x0000000089c00000, 0x0000000089d00000|  0%| F|  |TAMS 0x0000000089c00000, 0x0000000089c00000| Untracked 
| 157|0x0000000089d00000, 0x0000000089d00000, 0x0000000089e00000|  0%| F|  |TAMS 0x0000000089d00000, 0x0000000089d00000| Untracked 
| 158|0x0000000089e00000, 0x0000000089e00000, 0x0000000089f00000|  0%| F|  |TAMS 0x0000000089e00000, 0x0000000089e00000| Untracked 
| 159|0x0000000089f00000, 0x0000000089f00000, 0x000000008a000000|  0%| F|  |TAMS 0x0000000089f00000, 0x0000000089f00000| Untracked 
| 160|0x000000008a000000, 0x000000008a000000, 0x000000008a100000|  0%| F|  |TAMS 0x000000008a000000, 0x000000008a000000| Untracked 
| 161|0x000000008a100000, 0x000000008a100000, 0x000000008a200000|  0%| F|  |TAMS 0x000000008a100000, 0x000000008a100000| Untracked 
| 162|0x000000008a200000, 0x000000008a200000, 0x000000008a300000|  0%| F|  |TAMS 0x000000008a200000, 0x000000008a200000| Untracked 
| 163|0x000000008a300000, 0x000000008a300000, 0x000000008a400000|  0%| F|  |TAMS 0x000000008a300000, 0x000000008a300000| Untracked 
| 164|0x000000008a400000, 0x000000008a400000, 0x000000008a500000|  0%| F|  |TAMS 0x000000008a400000, 0x000000008a400000| Untracked 
| 165|0x000000008a500000, 0x000000008a500000, 0x000000008a600000|  0%| F|  |TAMS 0x000000008a500000, 0x000000008a500000| Untracked 
| 166|0x000000008a600000, 0x000000008a600000, 0x000000008a700000|  0%| F|  |TAMS 0x000000008a600000, 0x000000008a600000| Untracked 
| 167|0x000000008a700000, 0x000000008a700000, 0x000000008a800000|  0%| F|  |TAMS 0x000000008a700000, 0x000000008a700000| Untracked 
| 168|0x000000008a800000, 0x000000008a800000, 0x000000008a900000|  0%| F|  |TAMS 0x000000008a800000, 0x000000008a800000| Untracked 
| 169|0x000000008a900000, 0x000000008a900000, 0x000000008aa00000|  0%| F|  |TAMS 0x000000008a900000, 0x000000008a900000| Untracked 
| 170|0x000000008aa00000, 0x000000008aa00000, 0x000000008ab00000|  0%| F|  |TAMS 0x000000008aa00000, 0x000000008aa00000| Untracked 
| 171|0x000000008ab00000, 0x000000008ab00000, 0x000000008ac00000|  0%| F|  |TAMS 0x000000008ab00000, 0x000000008ab00000| Untracked 
| 172|0x000000008ac00000, 0x000000008ac00000, 0x000000008ad00000|  0%| F|  |TAMS 0x000000008ac00000, 0x000000008ac00000| Untracked 
| 173|0x000000008ad00000, 0x000000008ad00000, 0x000000008ae00000|  0%| F|  |TAMS 0x000000008ad00000, 0x000000008ad00000| Untracked 
| 174|0x000000008ae00000, 0x000000008ae00000, 0x000000008af00000|  0%| F|  |TAMS 0x000000008ae00000, 0x000000008ae00000| Untracked 
| 175|0x000000008af00000, 0x000000008af00000, 0x000000008b000000|  0%| F|  |TAMS 0x000000008af00000, 0x000000008af00000| Untracked 
| 176|0x000000008b000000, 0x000000008b000000, 0x000000008b100000|  0%| F|  |TAMS 0x000000008b000000, 0x000000008b000000| Untracked 
| 177|0x000000008b100000, 0x000000008b100000, 0x000000008b200000|  0%| F|  |TAMS 0x000000008b100000, 0x000000008b100000| Untracked 
| 178|0x000000008b200000, 0x000000008b200000, 0x000000008b300000|  0%| F|  |TAMS 0x000000008b200000, 0x000000008b200000| Untracked 
| 179|0x000000008b300000, 0x000000008b300000, 0x000000008b400000|  0%| F|  |TAMS 0x000000008b300000, 0x000000008b300000| Untracked 
| 180|0x000000008b400000, 0x000000008b400000, 0x000000008b500000|  0%| F|  |TAMS 0x000000008b400000, 0x000000008b400000| Untracked 
| 181|0x000000008b500000, 0x000000008b500000, 0x000000008b600000|  0%| F|  |TAMS 0x000000008b500000, 0x000000008b500000| Untracked 
| 182|0x000000008b600000, 0x000000008b600000, 0x000000008b700000|  0%| F|  |TAMS 0x000000008b600000, 0x000000008b600000| Untracked 
| 183|0x000000008b700000, 0x000000008b700000, 0x000000008b800000|  0%| F|  |TAMS 0x000000008b700000, 0x000000008b700000| Untracked 
| 184|0x000000008b800000, 0x000000008b800000, 0x000000008b900000|  0%| F|  |TAMS 0x000000008b800000, 0x000000008b800000| Untracked 

Card table byte_map: [0x0000019761720000,0x0000019761b20000] _byte_map_base: 0x0000019761320000

Marking Bits (Prev, Next): (CMBitMap*) 0x000001974e87a958, (CMBitMap*) 0x000001974e87a990
 Prev Bits: [0x0000019761f20000, 0x0000019763f20000)
 Next Bits: [0x0000019763f20000, 0x0000019765f20000)

Polling page: 0x000001974c640000

Metaspace:

Usage:
  Non-class:     72.33 MB capacity,    71.06 MB ( 98%) used,     1.04 MB (  1%) free+waste,   233.88 KB ( <1%) overhead. 
      Class:     11.22 MB capacity,    10.47 MB ( 93%) used,   652.95 KB (  6%) free+waste,   105.75 KB ( <1%) overhead. 
       Both:     83.55 MB capacity,    81.54 MB ( 98%) used,     1.68 MB (  2%) free+waste,   339.63 KB ( <1%) overhead. 

Virtual space:
  Non-class space:       74.00 MB reserved,      72.50 MB ( 98%) committed 
      Class space:        1.00 GB reserved,      11.32 MB (  1%) committed 
             Both:        1.07 GB reserved,      83.82 MB (  8%) committed 

Chunk freelists:
   Non-Class:  0 bytes
       Class:  3.00 KB
        Both:  3.00 KB

MaxMetaspaceSize: 17179869184.00 GB
CompressedClassSpaceSize: 1.00 GB

CodeHeap 'non-profiled nmethods': size=120064Kb used=5562Kb max_used=5562Kb free=114501Kb
 bounds [0x0000019759de0000, 0x000001975a350000, 0x0000019761320000]
CodeHeap 'profiled nmethods': size=120000Kb used=21405Kb max_used=21405Kb free=98594Kb
 bounds [0x00000197528b0000, 0x0000019753da0000, 0x0000019759de0000]
CodeHeap 'non-nmethods': size=5696Kb used=2281Kb max_used=2320Kb free=3414Kb
 bounds [0x0000019752320000, 0x0000019752590000, 0x00000197528b0000]
 total_blobs=10660 nmethods=9779 adapters=792
 compilation: enabled
              stopped_count=0, restarted_count=0
 full_count=0

Compilation events (20 events):
Event: 23.280 Thread 0x000001976843a000 9890   !   2       org.gradle.api.internal.artifacts.ivyservice.resolveengine.graph.builder.NodeState::visitDependencies (206 bytes)
Event: 23.282 Thread 0x000001976843a000 nmethod 9890 0x0000019753d93c10 code [0x0000019753d93f00, 0x0000019753d94c48]
Event: 23.282 Thread 0x000001976843a000 9891       2       org.gradle.api.internal.artifacts.ivyservice.resolveengine.graph.builder.ResolveState::newPendingDependenciesVisitor (9 bytes)
Event: 23.282 Thread 0x000001976843a000 nmethod 9891 0x0000019753d95390 code [0x0000019753d95540, 0x0000019753d956d8]
Event: 23.282 Thread 0x000001976843a000 9892       2       org.gradle.api.internal.artifacts.ivyservice.resolveengine.graph.builder.DefaultPendingDependenciesVisitor::<init> (10 bytes)
Event: 23.282 Thread 0x000001976843a000 nmethod 9892 0x0000019753d95790 code [0x0000019753d95940, 0x0000019753d95a78]
Event: 23.287 Thread 0x000001976843a000 9893       2       org.gradle.api.internal.attributes.DefaultImmutableAttributesFactory$$Lambda$391/0x0000000100580840::apply (8 bytes)
Event: 23.287 Thread 0x000001976843a000 nmethod 9893 0x0000019753d95b10 code [0x0000019753d95cc0, 0x0000019753d95ed8]
Event: 23.287 Thread 0x000001976843a000 9894       2       org.gradle.api.internal.attributes.DefaultImmutableAttributesFactory::lambda$doConcatIsolatable$0 (4 bytes)
Event: 23.288 Thread 0x000001976843a000 nmethod 9894 0x0000019753d96010 code [0x0000019753d961c0, 0x0000019753d96358]
Event: 23.288 Thread 0x000001976843a000 9895       2       org.gradle.api.internal.artifacts.DefaultResolvableArtifact::<init> (74 bytes)
Event: 23.288 Thread 0x000001976843a000 nmethod 9895 0x0000019753d96410 code [0x0000019753d96600, 0x0000019753d96ba8]
Event: 23.299 Thread 0x000001976843a000 9897       2       sun.reflect.generics.parser.SignatureParser::skipIdentifier (67 bytes)
Event: 23.299 Thread 0x000001976843a000 nmethod 9897 0x0000019753d96d10 code [0x0000019753d96f00, 0x0000019753d97148]
Event: 23.309 Thread 0x0000019768435800 nmethod 9703 0x000001975a34cc10 code [0x000001975a34ce40, 0x000001975a34dd18]
Event: 23.309 Thread 0x0000019768435800 9876 %     4       org.gradle.internal.snapshot.VfsRelativePath::lengthOfCommonPrefix @ 26 (173 bytes)
Event: 23.310 Thread 0x000001976843a000 9898       2       java.io.BufferedInputStream::getInIfOpen (21 bytes)
Event: 23.311 Thread 0x000001976843a000 nmethod 9898 0x0000019753d97290 code [0x0000019753d97440, 0x0000019753d975e8]
Event: 23.331 Thread 0x000001976843a000 9900       1       org.gradle.internal.MutableReference::set (6 bytes)
Event: 23.332 Thread 0x000001976843a000 nmethod 9900 0x000001975a34e590 code [0x000001975a34e740, 0x000001975a34e838]

GC Heap History (20 events):
Event: 7.232 GC heap after
{Heap after GC invocations=7 (full 0):
 garbage-first heap   total 157696K, used 21638K [0x0000000080000000, 0x0000000100000000)
  region size 1024K, 6 young (6144K), 6 survivors (6144K)
 Metaspace       used 35052K, capacity 35830K, committed 35840K, reserved 1081344K
  class space    used 4538K, capacity 4864K, committed 4864K, reserved 1048576K
}
Event: 9.558 GC heap before
{Heap before GC invocations=8 (full 0):
 garbage-first heap   total 157696K, used 105606K [0x0000000080000000, 0x0000000100000000)
  region size 1024K, 85 young (87040K), 6 survivors (6144K)
 Metaspace       used 41159K, capacity 42128K, committed 42316K, reserved 1085440K
  class space    used 5322K, capacity 5673K, committed 5708K, reserved 1048576K
}
Event: 9.575 GC heap after
{Heap after GC invocations=9 (full 0):
 garbage-first heap   total 157696K, used 27017K [0x0000000080000000, 0x0000000100000000)
  region size 1024K, 11 young (11264K), 11 survivors (11264K)
 Metaspace       used 41159K, capacity 42128K, committed 42316K, reserved 1085440K
  class space    used 5322K, capacity 5673K, committed 5708K, reserved 1048576K
}
Event: 11.907 GC heap before
{Heap before GC invocations=9 (full 0):
 garbage-first heap   total 157696K, used 110985K [0x0000000080000000, 0x0000000100000000)
  region size 1024K, 92 young (94208K), 11 survivors (11264K)
 Metaspace       used 46958K, capacity 48179K, committed 48460K, reserved 1091584K
  class space    used 5995K, capacity 6427K, committed 6476K, reserved 1048576K
}
Event: 11.931 GC heap after
{Heap after GC invocations=10 (full 0):
 garbage-first heap   total 157696K, used 33320K [0x0000000080000000, 0x0000000100000000)
  region size 1024K, 11 young (11264K), 11 survivors (11264K)
 Metaspace       used 46958K, capacity 48179K, committed 48460K, reserved 1091584K
  class space    used 5995K, capacity 6427K, committed 6476K, reserved 1048576K
}
Event: 14.124 GC heap before
{Heap before GC invocations=10 (full 0):
 garbage-first heap   total 157696K, used 117288K [0x0000000080000000, 0x0000000100000000)
  region size 1024K, 91 young (93184K), 11 survivors (11264K)
 Metaspace       used 57440K, capacity 58877K, committed 59084K, reserved 1099776K
  class space    used 7291K, capacity 7824K, committed 7884K, reserved 1048576K
}
Event: 14.154 GC heap after
{Heap after GC invocations=11 (full 0):
 garbage-first heap   total 189440K, used 43938K [0x0000000080000000, 0x0000000100000000)
  region size 1024K, 12 young (12288K), 12 survivors (12288K)
 Metaspace       used 57440K, capacity 58877K, committed 59084K, reserved 1099776K
  class space    used 7291K, capacity 7824K, committed 7884K, reserved 1048576K
}
Event: 14.355 GC heap before
{Heap before GC invocations=11 (full 0):
 garbage-first heap   total 189440K, used 51106K [0x0000000080000000, 0x0000000100000000)
  region size 1024K, 20 young (20480K), 12 survivors (12288K)
 Metaspace       used 58627K, capacity 60150K, committed 60236K, reserved 1101824K
  class space    used 7432K, capacity 7971K, committed 8012K, reserved 1048576K
}
Event: 14.378 GC heap after
{Heap after GC invocations=12 (full 0):
 garbage-first heap   total 189440K, used 47223K [0x0000000080000000, 0x0000000100000000)
  region size 1024K, 3 young (3072K), 3 survivors (3072K)
 Metaspace       used 58627K, capacity 60150K, committed 60236K, reserved 1101824K
  class space    used 7432K, capacity 7971K, committed 8012K, reserved 1048576K
}
Event: 15.551 GC heap before
{Heap before GC invocations=13 (full 0):
 garbage-first heap   total 189440K, used 105591K [0x0000000080000000, 0x0000000100000000)
  region size 1024K, 60 young (61440K), 3 survivors (3072K)
 Metaspace       used 63228K, capacity 64794K, committed 64972K, reserved 1105920K
  class space    used 8040K, capacity 8608K, committed 8652K, reserved 1048576K
}
Event: 15.566 GC heap after
{Heap after GC invocations=14 (full 0):
 garbage-first heap   total 189440K, used 50360K [0x0000000080000000, 0x0000000100000000)
  region size 1024K, 6 young (6144K), 6 survivors (6144K)
 Metaspace       used 63228K, capacity 64794K, committed 64972K, reserved 1105920K
  class space    used 8040K, capacity 8608K, committed 8652K, reserved 1048576K
}
Event: 16.647 GC heap before
{Heap before GC invocations=15 (full 0):
 garbage-first heap   total 189440K, used 113848K [0x0000000080000000, 0x0000000100000000)
  region size 1024K, 68 young (69632K), 6 survivors (6144K)
 Metaspace       used 67834K, capacity 69428K, committed 69580K, reserved 1110016K
  class space    used 8774K, capacity 9358K, committed 9420K, reserved 1048576K
}
Event: 16.665 GC heap after
{Heap after GC invocations=16 (full 0):
 garbage-first heap   total 189440K, used 54763K [0x0000000080000000, 0x0000000100000000)
  region size 1024K, 5 young (5120K), 5 survivors (5120K)
 Metaspace       used 67834K, capacity 69428K, committed 69580K, reserved 1110016K
  class space    used 8774K, capacity 9358K, committed 9420K, reserved 1048576K
}
Event: 18.138 GC heap before
{Heap before GC invocations=16 (full 0):
 garbage-first heap   total 189440K, used 121323K [0x0000000080000000, 0x0000000100000000)
  region size 1024K, 70 young (71680K), 5 survivors (5120K)
 Metaspace       used 75040K, capacity 76802K, committed 77004K, reserved 1116160K
  class space    used 9776K, capacity 10406K, committed 10444K, reserved 1048576K
}
Event: 18.157 GC heap after
{Heap after GC invocations=17 (full 0):
 garbage-first heap   total 189440K, used 58807K [0x0000000080000000, 0x0000000100000000)
  region size 1024K, 9 young (9216K), 9 survivors (9216K)
 Metaspace       used 75040K, capacity 76802K, committed 77004K, reserved 1116160K
  class space    used 9776K, capacity 10406K, committed 10444K, reserved 1048576K
}
Event: 20.019 GC heap before
{Heap before GC invocations=17 (full 0):
 garbage-first heap   total 189440K, used 126391K [0x0000000080000000, 0x0000000100000000)
  region size 1024K, 76 young (77824K), 9 survivors (9216K)
 Metaspace       used 78671K, capacity 80627K, committed 80972K, reserved 1120256K
  class space    used 10287K, capacity 10989K, committed 11084K, reserved 1048576K
}
Event: 20.043 GC heap after
{Heap after GC invocations=18 (full 0):
 garbage-first heap   total 189440K, used 63660K [0x0000000080000000, 0x0000000100000000)
  region size 1024K, 9 young (9216K), 9 survivors (9216K)
 Metaspace       used 78671K, capacity 80627K, committed 80972K, reserved 1120256K
  class space    used 10287K, capacity 10989K, committed 11084K, reserved 1048576K
}
Event: 21.910 GC heap before
{Heap before GC invocations=18 (full 0):
 garbage-first heap   total 189440K, used 134316K [0x0000000080000000, 0x0000000100000000)
  region size 1024K, 77 young (78848K), 9 survivors (9216K)
 Metaspace       used 80772K, capacity 82846K, committed 83020K, reserved 1120256K
  class space    used 10466K, capacity 11225K, committed 11340K, reserved 1048576K
}
Event: 21.949 GC heap after
{Heap after GC invocations=19 (full 0):
 garbage-first heap   total 189440K, used 79689K [0x0000000080000000, 0x0000000100000000)
  region size 1024K, 10 young (10240K), 10 survivors (10240K)
 Metaspace       used 80772K, capacity 82846K, committed 83020K, reserved 1120256K
  class space    used 10466K, capacity 11225K, committed 11340K, reserved 1048576K
}
Event: 23.333 GC heap before
{Heap before GC invocations=19 (full 0):
 garbage-first heap   total 189440K, used 149321K [0x0000000080000000, 0x0000000100000000)
  region size 1024K, 64 young (65536K), 10 survivors (10240K)
 Metaspace       used 83495K, capacity 85553K, committed 85836K, reserved 1124352K
  class space    used 10726K, capacity 11485K, committed 11596K, reserved 1048576K
}

Deoptimization events (20 events):
Event: 23.198 Thread 0x000001976c9a2800 DEOPT PACKING pc=0x000001975a0441b4 sp=0x000000457f6fe100
Event: 23.198 Thread 0x000001976c9a2800 DEOPT UNPACKING pc=0x00000197523478af sp=0x000000457f6fe080 mode 2
Event: 23.201 Thread 0x000001976c9a2800 DEOPT PACKING pc=0x0000019753d84169 sp=0x000000457f6fe150
Event: 23.201 Thread 0x000001976c9a2800 DEOPT UNPACKING pc=0x00000197523476ce sp=0x000000457f6fd5f0 mode 0
Event: 23.202 Thread 0x000001976c9a2800 DEOPT PACKING pc=0x0000019753d84169 sp=0x000000457f6fe150
Event: 23.202 Thread 0x000001976c9a2800 DEOPT UNPACKING pc=0x00000197523476ce sp=0x000000457f6fd5f0 mode 0
Event: 23.317 Thread 0x000001976aedb800 DEOPT PACKING pc=0x0000019753d86046 sp=0x000000457dafe290
Event: 23.317 Thread 0x000001976aedb800 DEOPT UNPACKING pc=0x00000197523476ce sp=0x000000457dafd730 mode 0
Event: 23.321 Thread 0x000001976aedb800 DEOPT PACKING pc=0x0000019753d86046 sp=0x000000457dafe290
Event: 23.321 Thread 0x000001976aedb800 DEOPT UNPACKING pc=0x00000197523476ce sp=0x000000457dafd730 mode 0
Event: 23.323 Thread 0x000001976aedb800 DEOPT PACKING pc=0x0000019753d86046 sp=0x000000457dafe290
Event: 23.324 Thread 0x000001976aedb800 DEOPT UNPACKING pc=0x00000197523476ce sp=0x000000457dafd730 mode 0
Event: 23.326 Thread 0x000001976aedb800 DEOPT PACKING pc=0x0000019753d86046 sp=0x000000457dafe290
Event: 23.326 Thread 0x000001976aedb800 DEOPT UNPACKING pc=0x00000197523476ce sp=0x000000457dafd730 mode 0
Event: 23.329 Thread 0x000001976aedb800 DEOPT PACKING pc=0x0000019753d86046 sp=0x000000457dafe290
Event: 23.329 Thread 0x000001976aedb800 DEOPT UNPACKING pc=0x00000197523476ce sp=0x000000457dafd730 mode 0
Event: 23.331 Thread 0x0000019769a47800 DEOPT PACKING pc=0x000001975372d144 sp=0x000000457ecfd5f0
Event: 23.331 Thread 0x0000019769a47800 DEOPT UNPACKING pc=0x00000197523476ce sp=0x000000457ecfcb90 mode 0
Event: 23.333 Thread 0x000001976aedb800 DEOPT PACKING pc=0x0000019753d86046 sp=0x000000457dafe290
Event: 23.333 Thread 0x000001976aedb800 DEOPT UNPACKING pc=0x00000197523476ce sp=0x000000457dafd730 mode 0

Classes redefined (0 events):
No events

Internal exceptions (20 events):
Event: 17.723 Thread 0x000001976b460000 Exception <a 'sun/nio/fs/WindowsException'{0x0000000088a48240}> (0x0000000088a48240) thrown at [./src/hotspot/share/prims/jni.cpp, line 615]
Event: 18.271 Thread 0x000001976b460000 Exception <a 'java/lang/NoSuchMethodError'{0x000000008b5fcdb0}: 'java.lang.Object java.lang.invoke.Invokers$Holder.linkToTargetMethod(java.lang.Object, int, int, java.lang.Object)'> (0x000000008b5fcdb0) thrown at [./src/hotspot/share/interpreter/linkResolver.cpp, line 773]
Event: 18.711 Thread 0x000001976aed9000 Exception <a 'java/lang/NoSuchMethodError'{0x000000008a4867e8}: <clinit>> (0x000000008a4867e8) thrown at [./src/hotspot/share/prims/jni.cpp, line 1362]
Event: 18.713 Thread 0x000001976aed9000 Exception <a 'java/lang/NoSuchMethodError'{0x000000008a490808}: <clinit>> (0x000000008a490808) thrown at [./src/hotspot/share/prims/jni.cpp, line 1362]
Event: 18.722 Thread 0x000001976aed9000 Exception <a 'java/lang/NoSuchMethodError'{0x000000008a4cc878}: <clinit>> (0x000000008a4cc878) thrown at [./src/hotspot/share/prims/jni.cpp, line 1362]
Event: 18.724 Thread 0x000001976aed9000 Exception <a 'java/lang/NoSuchMethodError'{0x000000008a4ddcd0}: <clinit>> (0x000000008a4ddcd0) thrown at [./src/hotspot/share/prims/jni.cpp, line 1362]
Event: 18.724 Thread 0x000001976aed9000 Exception <a 'java/lang/NoSuchMethodError'{0x000000008a4defa8}: <clinit>> (0x000000008a4defa8) thrown at [./src/hotspot/share/prims/jni.cpp, line 1362]
Event: 18.760 Thread 0x0000019769a48000 Exception <a 'java/lang/NoSuchMethodError'{0x000000008a129d70}: <clinit>> (0x000000008a129d70) thrown at [./src/hotspot/share/prims/jni.cpp, line 1362]
Event: 18.766 Thread 0x0000019769a48000 Exception <a 'java/lang/NoSuchMethodError'{0x000000008a13e3f8}: <clinit>> (0x000000008a13e3f8) thrown at [./src/hotspot/share/prims/jni.cpp, line 1362]
Event: 18.769 Thread 0x0000019769a48000 Exception <a 'java/lang/NoSuchMethodError'{0x000000008a157680}: <clinit>> (0x000000008a157680) thrown at [./src/hotspot/share/prims/jni.cpp, line 1362]
Event: 18.829 Thread 0x000001976aed9000 Exception <a 'java/lang/NoSuchMethodError'{0x0000000089f89398}: <clinit>> (0x0000000089f89398) thrown at [./src/hotspot/share/prims/jni.cpp, line 1362]
Event: 18.889 Thread 0x000001976b460000 Exception <a 'java/lang/NoSuchMethodError'{0x0000000089eb7ae0}: 'java.lang.Object java.lang.invoke.Invokers$Holder.linkToTargetMethod(java.lang.Object, java.lang.Object, java.lang.Object, int, java.lang.Object, java.lang.Object)'> (0x0000000089eb7ae0) thrown at [./src/hotspot/share/interpreter/linkResolver.cpp, line 773]
Event: 18.910 Thread 0x000001976b460000 Exception <a 'java/lang/IncompatibleClassChangeError'{0x0000000089d20248}: Found class java.lang.Object, but interface was expected> (0x0000000089d20248) thrown at [./src/hotspot/share/interpreter/linkResolver.cpp, line 839]
Event: 18.936 Thread 0x000001976b460000 Exception <a 'java/lang/NoSuchMethodError'{0x0000000089b10d68}: 'int java.lang.invoke.DirectMethodHandle$Holder.invokeStaticInit(java.lang.Object, java.lang.Object, java.lang.Object, java.lang.Object, java.lang.Object)'> (0x0000000089b10d68) thrown at [./src/hotspot/share/interpreter/linkResolver.cpp, line 773]
Event: 19.476 Thread 0x0000019769a4a800 Exception <a 'java/lang/NoSuchMethodError'{0x0000000088843af8}: 'java.lang.Object java.lang.invoke.DirectMethodHandle$Holder.invokeSpecialIFC(java.lang.Object, java.lang.Object, java.lang.Object)'> (0x0000000088843af8) thrown at [./src/hotspot/share/interpreter/linkResolver.cpp, line 773]
Event: 19.476 Thread 0x000001976b460000 Exception <a 'java/lang/NoSuchMethodError'{0x00000000889aecd8}: 'java.lang.Object java.lang.invoke.DirectMethodHandle$Holder.invokeSpecialIFC(java.lang.Object, java.lang.Object, java.lang.Object)'> (0x00000000889aecd8) thrown at [./src/hotspot/share/interpreter/linkResolver.cpp, line 773]
Event: 20.376 Thread 0x0000019769a49000 Exception <a 'java/lang/NoSuchMethodError'{0x000000008b1b6080}: 'void java.lang.invoke.DirectMethodHandle$Holder.invokeVirtual(java.lang.Object, java.lang.Object)'> (0x000000008b1b6080) thrown at [./src/hotspot/share/interpreter/linkResolver.cpp, line 773]
Event: 22.573 Thread 0x000001976b460000 Exception <a 'java/lang/NoSuchMethodError'{0x0000000089e65a28}: <clinit>> (0x0000000089e65a28) thrown at [./src/hotspot/share/prims/jni.cpp, line 1362]
Event: 22.578 Thread 0x000001976b460000 Exception <a 'java/lang/NoSuchMethodError'{0x0000000089e9e798}: <clinit>> (0x0000000089e9e798) thrown at [./src/hotspot/share/prims/jni.cpp, line 1362]
Event: 23.188 Thread 0x000001976b460000 Exception <a 'java/lang/NoSuchMethodError'{0x0000000088ce3e68}: 'void java.lang.invoke.DirectMethodHandle$Holder.invokeStatic(java.lang.Object, java.lang.Object, java.lang.Object, java.lang.Object, java.lang.Object, java.lang.Object, java.lang.Object)'> (0x0000000088ce3e68) thrown at [./src/hotspot/share/interpreter/linkResolver.cpp, line 773]

Events (20 events):
Event: 23.241 Executing VM operation: RevokeBias done
Event: 23.241 Executing VM operation: RevokeBias
Event: 23.242 Executing VM operation: RevokeBias done
Event: 23.265 Executing VM operation: RevokeBias
Event: 23.265 Executing VM operation: RevokeBias done
Event: 23.266 Executing VM operation: RevokeBias
Event: 23.266 Executing VM operation: RevokeBias done
Event: 23.267 Executing VM operation: RevokeBias
Event: 23.267 Executing VM operation: RevokeBias done
Event: 23.271 Executing VM operation: RevokeBias
Event: 23.271 Executing VM operation: RevokeBias done
Event: 23.273 Executing VM operation: RevokeBias
Event: 23.273 Executing VM operation: RevokeBias done
Event: 23.274 loading class org/gradle/api/internal/artifacts/ivyservice/clientmodule/ClientModuleResolver$ClientModuleComponentResolveMetadata
Event: 23.274 loading class org/gradle/api/internal/artifacts/ivyservice/clientmodule/ClientModuleResolver$ClientModuleComponentResolveMetadata done
Event: 23.276 loading class org/gradle/api/internal/artifacts/ivyservice/clientmodule/ClientModuleResolver$ClientModuleConfigurationMetadata
Event: 23.276 loading class org/gradle/api/internal/artifacts/ivyservice/clientmodule/ClientModuleResolver$ClientModuleConfigurationMetadata done
Event: 23.277 Executing VM operation: Deoptimize
Event: 23.279 Executing VM operation: Deoptimize done
Event: 23.333 Executing VM operation: G1CollectForAllocation


Dynamic libraries:
0x00007ff6b2380000 - 0x00007ff6b238a000 	D:\SSD_android_sudio\jre\bin\java.exe
0x00007ffb47de0000 - 0x00007ffb47fd0000 	C:\Windows\SYSTEM32\ntdll.dll
0x00007ffb47430000 - 0x00007ffb474e2000 	C:\Windows\System32\KERNEL32.DLL
0x00007ffb45290000 - 0x00007ffb45533000 	C:\Windows\System32\KERNELBASE.dll
0x00007ffb44f10000 - 0x00007ffb4500a000 	C:\Windows\System32\ucrtbase.dll
0x00007ffb3f0f0000 - 0x00007ffb3f109000 	D:\SSD_android_sudio\jre\bin\jli.dll
0x00007ffb479c0000 - 0x00007ffb47b54000 	C:\Windows\System32\USER32.dll
0x00007ffb45010000 - 0x00007ffb45031000 	C:\Windows\System32\win32u.dll
0x00007ffb45f10000 - 0x00007ffb45f36000 	C:\Windows\System32\GDI32.dll
0x00007ffb44d70000 - 0x00007ffb44f04000 	C:\Windows\System32\gdi32full.dll
0x00007ffb45d40000 - 0x00007ffb45dde000 	C:\Windows\System32\msvcp_win.dll
0x00007ffb35f60000 - 0x00007ffb35f77000 	D:\SSD_android_sudio\jre\bin\VCRUNTIME140.dll
0x00007ffb3a880000 - 0x00007ffb3ab05000 	C:\Windows\WinSxS\amd64_microsoft.windows.common-controls_6595b64144ccf1df_6.0.18362.418_none_e6c6b287130d565d\COMCTL32.dll
0x00007ffb47790000 - 0x00007ffb4782e000 	C:\Windows\System32\msvcrt.dll
0x00007ffb46130000 - 0x00007ffb46466000 	C:\Windows\System32\combase.dll
0x00007ffb46470000 - 0x00007ffb46590000 	C:\Windows\System32\RPCRT4.dll
0x00007ffb450c0000 - 0x00007ffb45140000 	C:\Windows\System32\bcryptPrimitives.dll
0x00007ffb47d60000 - 0x00007ffb47d8e000 	C:\Windows\System32\IMM32.DLL
0x00007ffb08da0000 - 0x00007ffb08e3d000 	D:\SSD_android_sudio\jre\bin\msvcp140.dll
0x00007ffb04100000 - 0x00007ffb04bcf000 	D:\SSD_android_sudio\jre\bin\server\jvm.dll
0x00007ffb47830000 - 0x00007ffb478d3000 	C:\Windows\System32\ADVAPI32.dll
0x00007ffb46a70000 - 0x00007ffb46b07000 	C:\Windows\System32\sechost.dll
0x00007ffb474f0000 - 0x00007ffb474f8000 	C:\Windows\System32\PSAPI.DLL
0x00007ffb3a480000 - 0x00007ffb3a489000 	C:\Windows\SYSTEM32\WSOCK32.dll
0x00007ffb46b10000 - 0x00007ffb46b7f000 	C:\Windows\System32\WS2_32.dll
0x00007ffb41810000 - 0x00007ffb41834000 	C:\Windows\SYSTEM32\WINMM.dll
0x00007ffb3e790000 - 0x00007ffb3e79a000 	C:\Windows\SYSTEM32\VERSION.dll
0x00007ffb417d0000 - 0x00007ffb417fd000 	C:\Windows\SYSTEM32\WINMMBASE.dll
0x00007ffb45cf0000 - 0x00007ffb45d3a000 	C:\Windows\System32\cfgmgr32.dll
0x00007ffb44d00000 - 0x00007ffb44d11000 	C:\Windows\System32\kernel.appcore.dll
0x00007ffb35f40000 - 0x00007ffb35f51000 	D:\SSD_android_sudio\jre\bin\verify.dll
0x00007ffb2ce50000 - 0x00007ffb2d044000 	C:\Windows\SYSTEM32\DBGHELP.DLL
0x00007ffb2e960000 - 0x00007ffb2e98a000 	C:\Windows\SYSTEM32\dbgcore.DLL
0x00007ffb30690000 - 0x00007ffb306b9000 	D:\SSD_android_sudio\jre\bin\java.dll
0x00007ffb36eb0000 - 0x00007ffb36ebb000 	D:\SSD_android_sudio\jre\bin\jimage.dll
0x00007ffb2bbd0000 - 0x00007ffb2bbe8000 	D:\SSD_android_sudio\jre\bin\zip.dll
0x00007ffb46d40000 - 0x00007ffb47425000 	C:\Windows\System32\SHELL32.dll
0x00007ffb47be0000 - 0x00007ffb47c89000 	C:\Windows\System32\shcore.dll
0x00007ffb45540000 - 0x00007ffb45cbf000 	C:\Windows\System32\windows.storage.dll
0x00007ffb44cc0000 - 0x00007ffb44cdf000 	C:\Windows\System32\profapi.dll
0x00007ffb44d20000 - 0x00007ffb44d6a000 	C:\Windows\System32\powrprof.dll
0x00007ffb44cb0000 - 0x00007ffb44cc0000 	C:\Windows\System32\UMPDC.dll
0x00007ffb47960000 - 0x00007ffb479b2000 	C:\Windows\System32\shlwapi.dll
0x00007ffb450a0000 - 0x00007ffb450b7000 	C:\Windows\System32\cryptsp.dll
0x00007ffb2bbb0000 - 0x00007ffb2bbca000 	D:\SSD_android_sudio\jre\bin\net.dll
0x00007ffb36b40000 - 0x00007ffb36c30000 	C:\Windows\SYSTEM32\WINHTTP.dll
0x00007ffb44520000 - 0x00007ffb44587000 	C:\Windows\system32\mswsock.dll
0x00007ffb2bb90000 - 0x00007ffb2bba4000 	D:\SSD_android_sudio\jre\bin\nio.dll
0x00007ffb38f70000 - 0x00007ffb38f97000 	C:\Users\dell\.gradle\native\8bec1ad78214c89d9ad589b4d07fe93259594b29d510b10fafb7a158f7737e5d\windows-amd64\native-platform.dll
0x00007ffb05d00000 - 0x00007ffb05e3d000 	C:\Users\dell\.gradle\native\53dbd7edfb1c66fb8903c78663c9afc45aea4f116125fa6feffd364cf09443e8\windows-amd64\native-platform-file-events.dll
0x00007ffb35290000 - 0x00007ffb3529a000 	D:\SSD_android_sudio\jre\bin\management.dll
0x00007ffb34780000 - 0x00007ffb3478c000 	D:\SSD_android_sudio\jre\bin\management_ext.dll
0x00007ffb44090000 - 0x00007ffb440c3000 	C:\Windows\system32\rsaenh.dll
0x00007ffb45cc0000 - 0x00007ffb45ce6000 	C:\Windows\System32\bcrypt.dll
0x00007ffb44bd0000 - 0x00007ffb44bf5000 	C:\Windows\SYSTEM32\USERENV.dll
0x00007ffb446f0000 - 0x00007ffb446fc000 	C:\Windows\SYSTEM32\CRYPTBASE.dll
0x00007ffb44230000 - 0x00007ffb4426a000 	C:\Windows\SYSTEM32\IPHLPAPI.DLL
0x00007ffb47d90000 - 0x00007ffb47d98000 	C:\Windows\System32\NSI.dll
0x00007ffb3bd70000 - 0x00007ffb3bd86000 	C:\Windows\SYSTEM32\dhcpcsvc6.DLL
0x00007ffb3cd60000 - 0x00007ffb3cd7c000 	C:\Windows\SYSTEM32\dhcpcsvc.DLL
0x00007ffb44270000 - 0x00007ffb4433a000 	C:\Windows\SYSTEM32\DNSAPI.dll

dbghelp: loaded successfully - version: 4.0.5 - missing functions: none
symbol engine: initialized successfully - sym options: 0x614 - pdb path: .;D:\SSD_android_sudio\jre\bin;C:\Windows\SYSTEM32;C:\Windows\WinSxS\amd64_microsoft.windows.common-controls_6595b64144ccf1df_6.0.18362.418_none_e6c6b287130d565d;D:\SSD_android_sudio\jre\bin\server;C:\Users\dell\.gradle\native\8bec1ad78214c89d9ad589b4d07fe93259594b29d510b10fafb7a158f7737e5d\windows-amd64;C:\Users\dell\.gradle\native\53dbd7edfb1c66fb8903c78663c9afc45aea4f116125fa6feffd364cf09443e8\windows-amd64

VM Arguments:
jvm_args: --add-opens=java.base/java.util=ALL-UNNAMED --add-opens=java.base/java.lang=ALL-UNNAMED --add-opens=java.base/java.lang.invoke=ALL-UNNAMED --add-opens=java.base/java.util=ALL-UNNAMED --add-opens=java.prefs/java.util.prefs=ALL-UNNAMED --add-opens=java.prefs/java.util.prefs=ALL-UNNAMED --add-opens=java.base/java.nio.charset=ALL-UNNAMED --add-opens=java.base/java.net=ALL-UNNAMED --add-opens=java.base/java.util.concurrent.atomic=ALL-UNNAMED -Xmx2048m -Dfile.encoding=UTF-8 -Duser.country=US -Duser.language=en -Duser.variant 
java_command: org.gradle.launcher.daemon.bootstrap.GradleDaemon 7.0.2
java_class_path (initial): C:\Users\dell\.gradle\wrapper\dists\gradle-7.0.2-bin\857tjihv64xamwrf0h14cai3r\gradle-7.0.2\lib\gradle-launcher-7.0.2.jar
Launcher Type: SUN_STANDARD

[Global flags]
     intx CICompilerCount                          = 3                                         {product} {ergonomic}
     uint ConcGCThreads                            = 1                                         {product} {ergonomic}
     uint G1ConcRefinementThreads                  = 4                                         {product} {ergonomic}
   size_t G1HeapRegionSize                         = 1048576                                   {product} {ergonomic}
    uintx GCDrainStackTargetSize                   = 64                                        {product} {ergonomic}
   size_t InitialHeapSize                          = 134217728                                 {product} {ergonomic}
   size_t MarkStackSize                            = 4194304                                   {product} {ergonomic}
   size_t MaxHeapSize                              = 2147483648                                {product} {command line}
   size_t MaxNewSize                               = 1287651328                                {product} {ergonomic}
   size_t MinHeapDeltaBytes                        = 1048576                                   {product} {ergonomic}
    uintx NonNMethodCodeHeapSize                   = 5830732                                {pd product} {ergonomic}
    uintx NonProfiledCodeHeapSize                  = 122913754                              {pd product} {ergonomic}
    uintx ProfiledCodeHeapSize                     = 122913754                              {pd product} {ergonomic}
    uintx ReservedCodeCacheSize                    = 251658240                              {pd product} {ergonomic}
     bool SegmentedCodeCache                       = true                                      {product} {ergonomic}
     bool UseCompressedClassPointers               = true                                 {lp64_product} {ergonomic}
     bool UseCompressedOops                        = true                                 {lp64_product} {ergonomic}
     bool UseG1GC                                  = true                                      {product} {ergonomic}
     bool UseLargePagesIndividualAllocation        = false                                  {pd product} {ergonomic}

Logging:
Log output configuration:
 #0: stdout all=warning uptime,level,tags
 #1: stderr all=off uptime,level,tags

Environment Variables:
PATH=C:\Windows\system32;C:\Windows;C:\Windows\System32\Wbem;C:\Windows\System32\WindowsPowerShell\v1.0\;C:\Windows\System32\OpenSSH\;C:\Program Files\Git\cmd;C:\Users\dell\AppData\Local\Microsoft\WindowsApps;
USERNAME=dell
OS=Windows_NT
PROCESSOR_IDENTIFIER=Intel64 Family 6 Model 61 Stepping 4, GenuineIntel



---------------  S Y S T E M  ---------------

OS: Windows 10 , 64 bit Build 18362 (10.0.18362.329)
OS uptime: 8 days 1:33 hours

CPU:total 4 (initial active 4) (2 cores per cpu, 2 threads per core) family 6 model 61 stepping 4 microcode 0x2b, cmov, cx8, fxsr, mmx, sse, sse2, sse3, ssse3, sse4.1, sse4.2, popcnt, avx, avx2, aes, clmul, erms, 3dnowpref, lzcnt, ht, tsc, tscinvbit, bmi1, bmi2, adx, fma

Memory: 4k page, system-wide physical 8103M (1482M free)
TotalPageFile size 24272M (AvailPageFile size 39M)
current process WorkingSet (physical memory assigned to process): 435M, peak: 435M
current process commit charge ("private bytes"): 462M, peak: 499M

vm_info: OpenJDK 64-Bit Server VM (11.0.10+0-b96-7249189) for windows-amd64 JRE (11.0.10+0-b96-7249189), built on Mar 31 2021 21:44:00 by "builder" with MS VC++ 14.0 (VS2015)

END.
