#
# There is insufficient memory for the Java Runtime Environment to continue.
# Native memory allocation (malloc) failed to allocate 1239696 bytes for Chunk::new
# Possible reasons:
#   The system is out of physical RAM or swap space
#   The process is running with CompressedOops enabled, and the Java Heap may be blocking the growth of the native heap
# Possible solutions:
#   Reduce memory load on the system
#   Increase physical memory or swap space
#   Check if swap backing store is full
#   Decrease Java heap size (-Xmx/-Xms)
#   Decrease number of Java threads
#   Decrease Java thread stack sizes (-Xss)
#   Set larger code cache with -XX:ReservedCodeCacheSize=
#   JVM is running with Unscaled Compressed Oops mode in which the Java heap is
#     placed in the first 4GB address space. The Java Heap base address is the
#     maximum limit for the native heap growth. Please use -XX:HeapBaseMinAddress
#     to set the Java Heap base and to place the Java Heap above 4GB virtual address.
# This output file may be truncated or incomplete.
#
#  Out of Memory Error (./src/hotspot/share/memory/arena.cpp:197), pid=3496, tid=32
#
# JRE version: OpenJDK Runtime Environment (11.0.10) (build 11.0.10+0-b96-7249189)
# Java VM: OpenJDK 64-Bit Server VM (11.0.10+0-b96-7249189, mixed mode, tiered, compressed oops, g1 gc, windows-amd64)
# No core dump will be written. Minidumps are not enabled by default on client versions of Windows
#

---------------  S U M M A R Y ------------

Command Line: --add-opens=java.base/java.util=ALL-UNNAMED --add-opens=java.base/java.lang=ALL-UNNAMED --add-opens=java.base/java.lang.invoke=ALL-UNNAMED --add-opens=java.base/java.util=ALL-UNNAMED --add-opens=java.prefs/java.util.prefs=ALL-UNNAMED --add-opens=java.prefs/java.util.prefs=ALL-UNNAMED --add-opens=java.base/java.nio.charset=ALL-UNNAMED --add-opens=java.base/java.net=ALL-UNNAMED --add-opens=java.base/java.util.concurrent.atomic=ALL-UNNAMED -Xmx2048m -Dfile.encoding=UTF-8 -Duser.country=US -Duser.language=en -Duser.variant org.gradle.launcher.daemon.bootstrap.GradleDaemon 7.0.2

Host: Intel(R) Core(TM) i5-5200U CPU @ 2.20GHz, 4 cores, 7G,  Windows 10 , 64 bit Build 18362 (10.0.18362.329)
Time: Tue Sep 21 19:04:59 2021 India Standard Time elapsed time: 7.901148 seconds (0d 0h 0m 7s)

---------------  T H R E A D  ---------------

Current thread (0x0000018f4728d000):  JavaThread "C2 CompilerThread1" daemon [_thread_in_native, id=32, stack(0x0000004389700000,0x0000004389800000)]


Current CompileTask:
C2:   7901 3423       4       org.codehaus.groovy.runtime.metaclass.MetaMethodIndex::addMethodToList (131 bytes)

Stack: [0x0000004389700000,0x0000004389800000]
Native frames: (J=compiled Java code, j=interpreted, Vv=VM code, C=native code)
V  [jvm.dll+0x5ecfaa]
V  [jvm.dll+0x722bd5]
V  [jvm.dll+0x72412d]
V  [jvm.dll+0x7247e3]
V  [jvm.dll+0x242928]
V  [jvm.dll+0xbc4fc]
V  [jvm.dll+0xbca0c]
V  [jvm.dll+0x352d7d]
V  [jvm.dll+0x320ad3]
V  [jvm.dll+0x31ffca]
V  [jvm.dll+0x1fb602]
V  [jvm.dll+0x1fa7f4]
V  [jvm.dll+0x18354c]
V  [jvm.dll+0x208ee7]
V  [jvm.dll+0x207731]
V  [jvm.dll+0x6eb1cf]
V  [jvm.dll+0x6e3d45]
V  [jvm.dll+0x5ebe96]
C  [ucrtbase.dll+0x20e72]
C  [KERNEL32.DLL+0x17bd4]
C  [ntdll.dll+0x6ced1]


---------------  P R O C E S S  ---------------

Threads class SMR info:
_java_thread_list=0x0000018f4aef87a0, length=34, elements={
0x0000018f2acea000, 0x0000018f448bf000, 0x0000018f448c0000, 0x0000018f45242800,
0x0000018f448d8000, 0x0000018f448dd800, 0x0000018f448e3800, 0x0000018f448e9000,
0x0000018f448ee800, 0x0000018f45385000, 0x0000018f47859000, 0x0000018f4561c000,
0x0000018f47856800, 0x0000018f46ca9000, 0x0000018f47b5c800, 0x0000018f46742800,
0x0000018f45616800, 0x0000018f46633800, 0x0000018f45f5b000, 0x0000018f47cc7800,
0x0000018f47ccb000, 0x0000018f47ccd800, 0x0000018f47ccc800, 0x0000018f47cc8800,
0x0000018f47ccb800, 0x0000018f47cc9800, 0x0000018f47cce000, 0x0000018f47cca000,
0x0000018f48e17800, 0x0000018f48e15000, 0x0000018f4728d000, 0x0000018f48e16800,
0x0000018f48e11800, 0x0000018f48e18000
}

Java Threads: ( => current thread )
  0x0000018f2acea000 JavaThread "main" [_thread_blocked, id=1340, stack(0x0000004387600000,0x0000004387700000)]
  0x0000018f448bf000 JavaThread "Reference Handler" daemon [_thread_blocked, id=12796, stack(0x0000004387d00000,0x0000004387e00000)]
  0x0000018f448c0000 JavaThread "Finalizer" daemon [_thread_blocked, id=1916, stack(0x0000004387e00000,0x0000004387f00000)]
  0x0000018f45242800 JavaThread "Signal Dispatcher" daemon [_thread_blocked, id=6280, stack(0x0000004387f00000,0x0000004388000000)]
  0x0000018f448d8000 JavaThread "Attach Listener" daemon [_thread_blocked, id=2852, stack(0x0000004388000000,0x0000004388100000)]
  0x0000018f448dd800 JavaThread "Service Thread" daemon [_thread_blocked, id=2516, stack(0x0000004388100000,0x0000004388200000)]
  0x0000018f448e3800 JavaThread "C2 CompilerThread0" daemon [_thread_in_native, id=13488, stack(0x0000004388200000,0x0000004388300000)]
  0x0000018f448e9000 JavaThread "C1 CompilerThread0" daemon [_thread_blocked, id=9884, stack(0x0000004388300000,0x0000004388400000)]
  0x0000018f448ee800 JavaThread "Sweeper thread" daemon [_thread_blocked, id=8512, stack(0x0000004388400000,0x0000004388500000)]
  0x0000018f45385000 JavaThread "Common-Cleaner" daemon [_thread_blocked, id=13232, stack(0x0000004388500000,0x0000004388600000)]
  0x0000018f47859000 JavaThread "Daemon health stats" [_thread_blocked, id=12260, stack(0x0000004388a00000,0x0000004388b00000)]
  0x0000018f4561c000 JavaThread "Incoming local TCP Connector on port 56335" [_thread_in_native, id=8724, stack(0x0000004388700000,0x0000004388800000)]
  0x0000018f47856800 JavaThread "Daemon periodic checks" [_thread_blocked, id=6112, stack(0x0000004388b00000,0x0000004388c00000)]
  0x0000018f46ca9000 JavaThread "Daemon" [_thread_blocked, id=9820, stack(0x0000004388c00000,0x0000004388d00000)]
  0x0000018f47b5c800 JavaThread "Handler for socket connection from /127.0.0.1:56335 to /127.0.0.1:56336" [_thread_in_native, id=9676, stack(0x0000004388d00000,0x0000004388e00000)]
  0x0000018f46742800 JavaThread "Cancel handler" [_thread_blocked, id=3432, stack(0x0000004388e00000,0x0000004388f00000)]
  0x0000018f45616800 JavaThread "Daemon worker" [_thread_in_Java, id=2144, stack(0x0000004388f00000,0x0000004389000000)]
  0x0000018f46633800 JavaThread "Asynchronous log dispatcher for DefaultDaemonConnection: socket connection from /127.0.0.1:56335 to /127.0.0.1:56336" [_thread_blocked, id=8860, stack(0x0000004389100000,0x0000004389200000)]
  0x0000018f45f5b000 JavaThread "Stdin handler" [_thread_blocked, id=7584, stack(0x0000004389200000,0x0000004389300000)]
  0x0000018f47cc7800 JavaThread "Daemon client event forwarder" [_thread_blocked, id=11644, stack(0x0000004389300000,0x0000004389400000)]
  0x0000018f47ccb000 JavaThread "Cache worker for file hash cache (C:\Users\dell\.gradle\caches\7.0.2\fileHashes)" [_thread_blocked, id=11284, stack(0x0000004389000000,0x0000004389100000)]
  0x0000018f47ccd800 JavaThread "File lock request listener" [_thread_in_native, id=9308, stack(0x0000004389400000,0x0000004389500000)]
  0x0000018f47ccc800 JavaThread "Cache worker for journal cache (C:\Users\dell\.gradle\caches\journal-1)" [_thread_blocked, id=11660, stack(0x0000004389600000,0x0000004389700000)]
  0x0000018f47cc8800 JavaThread "Cache worker for file hash cache (E:\Om_informatic_projects\driver_app_github\.gradle\7.0.2\fileHashes)" [_thread_blocked, id=6260, stack(0x0000004389800000,0x0000004389900000)]
  0x0000018f47ccb800 JavaThread "File watcher server" daemon [_thread_in_native, id=5104, stack(0x0000004389900000,0x0000004389a00000)]
  0x0000018f47cc9800 JavaThread "File watcher consumer" daemon [_thread_blocked, id=8076, stack(0x0000004389a00000,0x0000004389b00000)]
  0x0000018f47cce000 JavaThread "Cache worker for checksums cache (E:\Om_informatic_projects\driver_app_github\.gradle\checksums)" [_thread_blocked, id=8064, stack(0x0000004389b00000,0x0000004389c00000)]
  0x0000018f47cca000 JavaThread "Cache worker for cache directory md-supplier (C:\Users\dell\.gradle\caches\7.0.2\md-supplier)" [_thread_blocked, id=7872, stack(0x0000004389c00000,0x0000004389d00000)]
  0x0000018f48e17800 JavaThread "Cache worker for cache directory md-rule (C:\Users\dell\.gradle\caches\7.0.2\md-rule)" [_thread_blocked, id=7304, stack(0x0000004389d00000,0x0000004389e00000)]
  0x0000018f48e15000 JavaThread "Cache worker for execution history cache (C:\Users\dell\.gradle\caches\7.0.2\executionHistory)" [_thread_blocked, id=10204, stack(0x0000004389e00000,0x0000004389f00000)]
=>0x0000018f4728d000 JavaThread "C2 CompilerThread1" daemon [_thread_in_native, id=32, stack(0x0000004389700000,0x0000004389800000)]
  0x0000018f48e16800 JavaThread "jar transforms" [_thread_blocked, id=10396, stack(0x0000004389f00000,0x000000438a000000)]
  0x0000018f48e11800 JavaThread "jar transforms Thread 2" [_thread_blocked, id=11256, stack(0x000000438a000000,0x000000438a100000)]
  0x0000018f48e18000 JavaThread "Cache worker for file content cache (C:\Users\dell\.gradle\caches\7.0.2\fileContent)" [_thread_blocked, id=13244, stack(0x000000438a100000,0x000000438a200000)]

Other Threads:
  0x0000018f448ba000 VMThread "VM Thread" [stack: 0x0000004387c00000,0x0000004387d00000] [id=11404]
  0x0000018f453a0800 WatcherThread [stack: 0x0000004388600000,0x0000004388700000] [id=12892]
  0x0000018f2ad03800 GCTaskThread "GC Thread#0" [stack: 0x0000004387700000,0x0000004387800000] [id=12596]
  0x0000018f45a9c800 GCTaskThread "GC Thread#1" [stack: 0x0000004388800000,0x0000004388900000] [id=11412]
  0x0000018f45cab800 GCTaskThread "GC Thread#2" [stack: 0x0000004388900000,0x0000004388a00000] [id=12952]
  0x0000018f471f5800 GCTaskThread "GC Thread#3" [stack: 0x0000004389500000,0x0000004389600000] [id=9620]
  0x0000018f2ad35800 ConcurrentGCThread "G1 Main Marker" [stack: 0x0000004387800000,0x0000004387900000] [id=3084]
  0x0000018f2ad38000 ConcurrentGCThread "G1 Conc#0" [stack: 0x0000004387900000,0x0000004387a00000] [id=3816]
  0x0000018f44710800 ConcurrentGCThread "G1 Refine#0" [stack: 0x0000004387a00000,0x0000004387b00000] [id=3092]
  0x0000018f44711800 ConcurrentGCThread "G1 Young RemSet Sampling" [stack: 0x0000004387b00000,0x0000004387c00000] [id=9876]

Threads with active compile tasks:
C2 CompilerThread0   7928 3460       4       java.util.StringJoiner::toString (181 bytes)
C2 CompilerThread1   7928 3423       4       org.codehaus.groovy.runtime.metaclass.MetaMethodIndex::addMethodToList (131 bytes)

VM state:not at safepoint (normal execution)

VM Mutex/Monitor currently owned by a thread: None

Heap address: 0x0000000080000000, size: 2048 MB, Compressed Oops mode: 32-bit
Narrow klass base: 0x0000000000000000, Narrow klass shift: 3
Compressed class space size: 1073741824 Address: 0x0000000100000000

Heap:
 garbage-first heap   total 157696K, used 76289K [0x0000000080000000, 0x0000000100000000)
  region size 1024K, 58 young (59392K), 6 survivors (6144K)
 Metaspace       used 38716K, capacity 39636K, committed 39936K, reserved 1083392K
  class space    used 4923K, capacity 5251K, committed 5376K, reserved 1048576K
Heap Regions: E=young(eden), S=young(survivor), O=old, HS=humongous(starts), HC=humongous(continues), CS=collection set, F=free, A=archive, TAMS=top-at-mark-start (previous, next)
|   0|0x0000000080000000, 0x0000000080100000, 0x0000000080100000|100%| O|  |TAMS 0x0000000080100000, 0x0000000080000000| Untracked 
|   1|0x0000000080100000, 0x0000000080200000, 0x0000000080200000|100%| O|  |TAMS 0x0000000080200000, 0x0000000080100000| Untracked 
|   2|0x0000000080200000, 0x0000000080300000, 0x0000000080300000|100%| O|  |TAMS 0x0000000080300000, 0x0000000080200000| Untracked 
|   3|0x0000000080300000, 0x0000000080400000, 0x0000000080400000|100%|HS|  |TAMS 0x0000000080400000, 0x0000000080300000| Complete 
|   4|0x0000000080400000, 0x0000000080500000, 0x0000000080500000|100%|HC|  |TAMS 0x0000000080500000, 0x0000000080400000| Complete 
|   5|0x0000000080500000, 0x0000000080600000, 0x0000000080600000|100%|HC|  |TAMS 0x0000000080600000, 0x0000000080500000| Complete 
|   6|0x0000000080600000, 0x0000000080700000, 0x0000000080700000|100%| O|  |TAMS 0x0000000080700000, 0x0000000080600000| Untracked 
|   7|0x0000000080700000, 0x0000000080800000, 0x0000000080800000|100%| O|  |TAMS 0x0000000080800000, 0x0000000080700000| Untracked 
|   8|0x0000000080800000, 0x0000000080900000, 0x0000000080900000|100%| O|  |TAMS 0x0000000080900000, 0x0000000080800000| Untracked 
|   9|0x0000000080900000, 0x0000000080a00000, 0x0000000080a00000|100%| O|  |TAMS 0x0000000080a00000, 0x0000000080900000| Untracked 
|  10|0x0000000080a00000, 0x0000000080b00000, 0x0000000080b00000|100%| O|  |TAMS 0x0000000080b00000, 0x0000000080a00000| Untracked 
|  11|0x0000000080b00000, 0x0000000080c00000, 0x0000000080c00000|100%| O|  |TAMS 0x0000000080c00000, 0x0000000080b00000| Untracked 
|  12|0x0000000080c00000, 0x0000000080d00000, 0x0000000080d00000|100%| O|  |TAMS 0x0000000080d00000, 0x0000000080c00000| Untracked 
|  13|0x0000000080d00000, 0x0000000080e00000, 0x0000000080e00000|100%| O|  |TAMS 0x0000000080e00000, 0x0000000080d00000| Untracked 
|  14|0x0000000080e00000, 0x0000000080f00000, 0x0000000080f00000|100%| O|  |TAMS 0x0000000080f00000, 0x0000000080e00000| Untracked 
|  15|0x0000000080f00000, 0x0000000080fba208, 0x0000000081000000| 72%| O|  |TAMS 0x0000000080fba208, 0x0000000080f00000| Untracked 
|  16|0x0000000081000000, 0x0000000081100000, 0x0000000081100000|100%|HS|  |TAMS 0x0000000081000000, 0x0000000081000000| Complete 
|  17|0x0000000081100000, 0x0000000081200000, 0x0000000081200000|100%|HS|  |TAMS 0x0000000081100000, 0x0000000081100000| Complete 
|  18|0x0000000081200000, 0x0000000081300000, 0x0000000081300000|100%|HC|  |TAMS 0x0000000081200000, 0x0000000081200000| Complete 
|  19|0x0000000081300000, 0x0000000081300000, 0x0000000081400000|  0%| F|  |TAMS 0x0000000081300000, 0x0000000081300000| Untracked 
|  20|0x0000000081400000, 0x0000000081400000, 0x0000000081500000|  0%| F|  |TAMS 0x0000000081400000, 0x0000000081400000| Untracked 
|  21|0x0000000081500000, 0x0000000081500000, 0x0000000081600000|  0%| F|  |TAMS 0x0000000081500000, 0x0000000081500000| Untracked 
|  22|0x0000000081600000, 0x0000000081600000, 0x0000000081700000|  0%| F|  |TAMS 0x0000000081600000, 0x0000000081600000| Untracked 
|  23|0x0000000081700000, 0x0000000081700000, 0x0000000081800000|  0%| F|  |TAMS 0x0000000081700000, 0x0000000081700000| Untracked 
|  24|0x0000000081800000, 0x0000000081800000, 0x0000000081900000|  0%| F|  |TAMS 0x0000000081800000, 0x0000000081800000| Untracked 
|  25|0x0000000081900000, 0x0000000081900000, 0x0000000081a00000|  0%| F|  |TAMS 0x0000000081900000, 0x0000000081900000| Untracked 
|  26|0x0000000081a00000, 0x0000000081a00000, 0x0000000081b00000|  0%| F|  |TAMS 0x0000000081a00000, 0x0000000081a00000| Untracked 
|  27|0x0000000081b00000, 0x0000000081b00000, 0x0000000081c00000|  0%| F|  |TAMS 0x0000000081b00000, 0x0000000081b00000| Untracked 
|  28|0x0000000081c00000, 0x0000000081c00000, 0x0000000081d00000|  0%| F|  |TAMS 0x0000000081c00000, 0x0000000081c00000| Untracked 
|  29|0x0000000081d00000, 0x0000000081d00000, 0x0000000081e00000|  0%| F|  |TAMS 0x0000000081d00000, 0x0000000081d00000| Untracked 
|  30|0x0000000081e00000, 0x0000000081e00000, 0x0000000081f00000|  0%| F|  |TAMS 0x0000000081e00000, 0x0000000081e00000| Untracked 
|  31|0x0000000081f00000, 0x0000000081f00000, 0x0000000082000000|  0%| F|  |TAMS 0x0000000081f00000, 0x0000000081f00000| Untracked 
|  32|0x0000000082000000, 0x0000000082000000, 0x0000000082100000|  0%| F|  |TAMS 0x0000000082000000, 0x0000000082000000| Untracked 
|  33|0x0000000082100000, 0x0000000082100000, 0x0000000082200000|  0%| F|  |TAMS 0x0000000082100000, 0x0000000082100000| Untracked 
|  34|0x0000000082200000, 0x0000000082200000, 0x0000000082300000|  0%| F|  |TAMS 0x0000000082200000, 0x0000000082200000| Untracked 
|  35|0x0000000082300000, 0x0000000082300000, 0x0000000082400000|  0%| F|  |TAMS 0x0000000082300000, 0x0000000082300000| Untracked 
|  36|0x0000000082400000, 0x0000000082400000, 0x0000000082500000|  0%| F|  |TAMS 0x0000000082400000, 0x0000000082400000| Untracked 
|  37|0x0000000082500000, 0x0000000082500000, 0x0000000082600000|  0%| F|  |TAMS 0x0000000082500000, 0x0000000082500000| Untracked 
|  38|0x0000000082600000, 0x0000000082600000, 0x0000000082700000|  0%| F|  |TAMS 0x0000000082600000, 0x0000000082600000| Untracked 
|  39|0x0000000082700000, 0x0000000082700000, 0x0000000082800000|  0%| F|  |TAMS 0x0000000082700000, 0x0000000082700000| Untracked 
|  40|0x0000000082800000, 0x0000000082800000, 0x0000000082900000|  0%| F|  |TAMS 0x0000000082800000, 0x0000000082800000| Untracked 
|  41|0x0000000082900000, 0x0000000082900000, 0x0000000082a00000|  0%| F|  |TAMS 0x0000000082900000, 0x0000000082900000| Untracked 
|  42|0x0000000082a00000, 0x0000000082a00000, 0x0000000082b00000|  0%| F|  |TAMS 0x0000000082a00000, 0x0000000082a00000| Untracked 
|  43|0x0000000082b00000, 0x0000000082b00000, 0x0000000082c00000|  0%| F|  |TAMS 0x0000000082b00000, 0x0000000082b00000| Untracked 
|  44|0x0000000082c00000, 0x0000000082c00000, 0x0000000082d00000|  0%| F|  |TAMS 0x0000000082c00000, 0x0000000082c00000| Untracked 
|  45|0x0000000082d00000, 0x0000000082d00000, 0x0000000082e00000|  0%| F|  |TAMS 0x0000000082d00000, 0x0000000082d00000| Untracked 
|  46|0x0000000082e00000, 0x0000000082e00000, 0x0000000082f00000|  0%| F|  |TAMS 0x0000000082e00000, 0x0000000082e00000| Untracked 
|  47|0x0000000082f00000, 0x0000000082f00000, 0x0000000083000000|  0%| F|  |TAMS 0x0000000082f00000, 0x0000000082f00000| Untracked 
|  48|0x0000000083000000, 0x0000000083000000, 0x0000000083100000|  0%| F|  |TAMS 0x0000000083000000, 0x0000000083000000| Untracked 
|  49|0x0000000083100000, 0x0000000083100000, 0x0000000083200000|  0%| F|  |TAMS 0x0000000083100000, 0x0000000083100000| Untracked 
|  50|0x0000000083200000, 0x0000000083200000, 0x0000000083300000|  0%| F|  |TAMS 0x0000000083200000, 0x0000000083200000| Untracked 
|  51|0x0000000083300000, 0x0000000083300000, 0x0000000083400000|  0%| F|  |TAMS 0x0000000083300000, 0x0000000083300000| Untracked 
|  52|0x0000000083400000, 0x0000000083400000, 0x0000000083500000|  0%| F|  |TAMS 0x0000000083400000, 0x0000000083400000| Untracked 
|  53|0x0000000083500000, 0x0000000083500000, 0x0000000083600000|  0%| F|  |TAMS 0x0000000083500000, 0x0000000083500000| Untracked 
|  54|0x0000000083600000, 0x0000000083600000, 0x0000000083700000|  0%| F|  |TAMS 0x0000000083600000, 0x0000000083600000| Untracked 
|  55|0x0000000083700000, 0x0000000083700000, 0x0000000083800000|  0%| F|  |TAMS 0x0000000083700000, 0x0000000083700000| Untracked 
|  56|0x0000000083800000, 0x0000000083800000, 0x0000000083900000|  0%| F|  |TAMS 0x0000000083800000, 0x0000000083800000| Untracked 
|  57|0x0000000083900000, 0x0000000083900000, 0x0000000083a00000|  0%| F|  |TAMS 0x0000000083900000, 0x0000000083900000| Untracked 
|  58|0x0000000083a00000, 0x0000000083a00000, 0x0000000083b00000|  0%| F|  |TAMS 0x0000000083a00000, 0x0000000083a00000| Untracked 
|  59|0x0000000083b00000, 0x0000000083b00000, 0x0000000083c00000|  0%| F|  |TAMS 0x0000000083b00000, 0x0000000083b00000| Untracked 
|  60|0x0000000083c00000, 0x0000000083c00000, 0x0000000083d00000|  0%| F|  |TAMS 0x0000000083c00000, 0x0000000083c00000| Untracked 
|  61|0x0000000083d00000, 0x0000000083d00000, 0x0000000083e00000|  0%| F|  |TAMS 0x0000000083d00000, 0x0000000083d00000| Untracked 
|  62|0x0000000083e00000, 0x0000000083e00000, 0x0000000083f00000|  0%| F|  |TAMS 0x0000000083e00000, 0x0000000083e00000| Untracked 
|  63|0x0000000083f00000, 0x0000000083f00000, 0x0000000084000000|  0%| F|  |TAMS 0x0000000083f00000, 0x0000000083f00000| Untracked 
|  64|0x0000000084000000, 0x0000000084000000, 0x0000000084100000|  0%| F|  |TAMS 0x0000000084000000, 0x0000000084000000| Untracked 
|  65|0x0000000084100000, 0x0000000084100000, 0x0000000084200000|  0%| F|  |TAMS 0x0000000084100000, 0x0000000084100000| Untracked 
|  66|0x0000000084200000, 0x0000000084200000, 0x0000000084300000|  0%| F|  |TAMS 0x0000000084200000, 0x0000000084200000| Untracked 
|  67|0x0000000084300000, 0x0000000084300000, 0x0000000084400000|  0%| F|  |TAMS 0x0000000084300000, 0x0000000084300000| Untracked 
|  68|0x0000000084400000, 0x0000000084400000, 0x0000000084500000|  0%| F|  |TAMS 0x0000000084400000, 0x0000000084400000| Untracked 
|  69|0x0000000084500000, 0x0000000084500000, 0x0000000084600000|  0%| F|  |TAMS 0x0000000084500000, 0x0000000084500000| Untracked 
|  70|0x0000000084600000, 0x0000000084600000, 0x0000000084700000|  0%| F|  |TAMS 0x0000000084600000, 0x0000000084600000| Untracked 
|  71|0x0000000084700000, 0x0000000084700000, 0x0000000084800000|  0%| F|  |TAMS 0x0000000084700000, 0x0000000084700000| Untracked 
|  72|0x0000000084800000, 0x0000000084800000, 0x0000000084900000|  0%| F|  |TAMS 0x0000000084800000, 0x0000000084800000| Untracked 
|  73|0x0000000084900000, 0x0000000084900000, 0x0000000084a00000|  0%| F|  |TAMS 0x0000000084900000, 0x0000000084900000| Untracked 
|  74|0x0000000084a00000, 0x0000000084a00000, 0x0000000084b00000|  0%| F|  |TAMS 0x0000000084a00000, 0x0000000084a00000| Untracked 
|  75|0x0000000084b00000, 0x0000000084b00000, 0x0000000084c00000|  0%| F|  |TAMS 0x0000000084b00000, 0x0000000084b00000| Untracked 
|  76|0x0000000084c00000, 0x0000000084c00000, 0x0000000084d00000|  0%| F|  |TAMS 0x0000000084c00000, 0x0000000084c00000| Untracked 
|  77|0x0000000084d00000, 0x0000000084d00000, 0x0000000084e00000|  0%| F|  |TAMS 0x0000000084d00000, 0x0000000084d00000| Untracked 
|  78|0x0000000084e00000, 0x0000000084e00000, 0x0000000084f00000|  0%| F|  |TAMS 0x0000000084e00000, 0x0000000084e00000| Untracked 
|  79|0x0000000084f00000, 0x0000000084f00000, 0x0000000085000000|  0%| F|  |TAMS 0x0000000084f00000, 0x0000000084f00000| Untracked 
|  80|0x0000000085000000, 0x0000000085000000, 0x0000000085100000|  0%| F|  |TAMS 0x0000000085000000, 0x0000000085000000| Untracked 
|  81|0x0000000085100000, 0x0000000085100000, 0x0000000085200000|  0%| F|  |TAMS 0x0000000085100000, 0x0000000085100000| Untracked 
|  82|0x0000000085200000, 0x0000000085200000, 0x0000000085300000|  0%| F|  |TAMS 0x0000000085200000, 0x0000000085200000| Untracked 
|  83|0x0000000085300000, 0x0000000085300000, 0x0000000085400000|  0%| F|  |TAMS 0x0000000085300000, 0x0000000085300000| Untracked 
|  84|0x0000000085400000, 0x0000000085400000, 0x0000000085500000|  0%| F|  |TAMS 0x0000000085400000, 0x0000000085400000| Untracked 
|  85|0x0000000085500000, 0x0000000085500000, 0x0000000085600000|  0%| F|  |TAMS 0x0000000085500000, 0x0000000085500000| Untracked 
|  86|0x0000000085600000, 0x0000000085600000, 0x0000000085700000|  0%| F|  |TAMS 0x0000000085600000, 0x0000000085600000| Untracked 
|  87|0x0000000085700000, 0x0000000085700000, 0x0000000085800000|  0%| F|  |TAMS 0x0000000085700000, 0x0000000085700000| Untracked 
|  88|0x0000000085800000, 0x0000000085800000, 0x0000000085900000|  0%| F|  |TAMS 0x0000000085800000, 0x0000000085800000| Untracked 
|  89|0x0000000085900000, 0x0000000085900000, 0x0000000085a00000|  0%| F|  |TAMS 0x0000000085900000, 0x0000000085900000| Untracked 
|  90|0x0000000085a00000, 0x0000000085a00000, 0x0000000085b00000|  0%| F|  |TAMS 0x0000000085a00000, 0x0000000085a00000| Untracked 
|  91|0x0000000085b00000, 0x0000000085b00000, 0x0000000085c00000|  0%| F|  |TAMS 0x0000000085b00000, 0x0000000085b00000| Untracked 
|  92|0x0000000085c00000, 0x0000000085c00000, 0x0000000085d00000|  0%| F|  |TAMS 0x0000000085c00000, 0x0000000085c00000| Untracked 
|  93|0x0000000085d00000, 0x0000000085d00000, 0x0000000085e00000|  0%| F|  |TAMS 0x0000000085d00000, 0x0000000085d00000| Untracked 
|  94|0x0000000085e00000, 0x0000000085e00000, 0x0000000085f00000|  0%| F|  |TAMS 0x0000000085e00000, 0x0000000085e00000| Untracked 
|  95|0x0000000085f00000, 0x0000000085f80800, 0x0000000086000000| 50%| E|  |TAMS 0x0000000085f00000, 0x0000000085f00000| Complete 
|  96|0x0000000086000000, 0x0000000086100000, 0x0000000086100000|100%| E|CS|TAMS 0x0000000086000000, 0x0000000086000000| Complete 
|  97|0x0000000086100000, 0x0000000086200000, 0x0000000086200000|100%| E|CS|TAMS 0x0000000086100000, 0x0000000086100000| Complete 
|  98|0x0000000086200000, 0x0000000086300000, 0x0000000086300000|100%| E|CS|TAMS 0x0000000086200000, 0x0000000086200000| Complete 
|  99|0x0000000086300000, 0x0000000086400000, 0x0000000086400000|100%| E|CS|TAMS 0x0000000086300000, 0x0000000086300000| Complete 
| 100|0x0000000086400000, 0x0000000086500000, 0x0000000086500000|100%| E|CS|TAMS 0x0000000086400000, 0x0000000086400000| Complete 
| 101|0x0000000086500000, 0x0000000086600000, 0x0000000086600000|100%| E|CS|TAMS 0x0000000086500000, 0x0000000086500000| Complete 
| 102|0x0000000086600000, 0x0000000086700000, 0x0000000086700000|100%| E|CS|TAMS 0x0000000086600000, 0x0000000086600000| Complete 
| 103|0x0000000086700000, 0x0000000086800000, 0x0000000086800000|100%| E|CS|TAMS 0x0000000086700000, 0x0000000086700000| Complete 
| 104|0x0000000086800000, 0x00000000868c6300, 0x0000000086900000| 77%| S|CS|TAMS 0x0000000086800000, 0x0000000086800000| Complete 
| 105|0x0000000086900000, 0x0000000086a00000, 0x0000000086a00000|100%| S|CS|TAMS 0x0000000086900000, 0x0000000086900000| Complete 
| 106|0x0000000086a00000, 0x0000000086b00000, 0x0000000086b00000|100%| S|CS|TAMS 0x0000000086a00000, 0x0000000086a00000| Complete 
| 107|0x0000000086b00000, 0x0000000086c00000, 0x0000000086c00000|100%| S|CS|TAMS 0x0000000086b00000, 0x0000000086b00000| Complete 
| 108|0x0000000086c00000, 0x0000000086d00000, 0x0000000086d00000|100%| S|CS|TAMS 0x0000000086c00000, 0x0000000086c00000| Complete 
| 109|0x0000000086d00000, 0x0000000086e00000, 0x0000000086e00000|100%| S|CS|TAMS 0x0000000086d00000, 0x0000000086d00000| Complete 
| 110|0x0000000086e00000, 0x0000000086f00000, 0x0000000086f00000|100%| E|CS|TAMS 0x0000000086e00000, 0x0000000086e00000| Complete 
| 111|0x0000000086f00000, 0x0000000087000000, 0x0000000087000000|100%| E|CS|TAMS 0x0000000086f00000, 0x0000000086f00000| Complete 
| 112|0x0000000087000000, 0x0000000087100000, 0x0000000087100000|100%| E|CS|TAMS 0x0000000087000000, 0x0000000087000000| Complete 
| 113|0x0000000087100000, 0x0000000087200000, 0x0000000087200000|100%| E|CS|TAMS 0x0000000087100000, 0x0000000087100000| Complete 
| 114|0x0000000087200000, 0x0000000087300000, 0x0000000087300000|100%| E|CS|TAMS 0x0000000087200000, 0x0000000087200000| Complete 
| 115|0x0000000087300000, 0x0000000087400000, 0x0000000087400000|100%| E|CS|TAMS 0x0000000087300000, 0x0000000087300000| Complete 
| 116|0x0000000087400000, 0x0000000087500000, 0x0000000087500000|100%| E|CS|TAMS 0x0000000087400000, 0x0000000087400000| Complete 
| 117|0x0000000087500000, 0x0000000087600000, 0x0000000087600000|100%| E|CS|TAMS 0x0000000087500000, 0x0000000087500000| Complete 
| 118|0x0000000087600000, 0x0000000087700000, 0x0000000087700000|100%| E|CS|TAMS 0x0000000087600000, 0x0000000087600000| Complete 
| 119|0x0000000087700000, 0x0000000087800000, 0x0000000087800000|100%| E|  |TAMS 0x0000000087700000, 0x0000000087700000| Complete 
| 120|0x0000000087800000, 0x0000000087900000, 0x0000000087900000|100%| E|CS|TAMS 0x0000000087800000, 0x0000000087800000| Complete 
| 121|0x0000000087900000, 0x0000000087a00000, 0x0000000087a00000|100%| E|CS|TAMS 0x0000000087900000, 0x0000000087900000| Complete 
| 122|0x0000000087a00000, 0x0000000087b00000, 0x0000000087b00000|100%| E|CS|TAMS 0x0000000087a00000, 0x0000000087a00000| Complete 
| 123|0x0000000087b00000, 0x0000000087c00000, 0x0000000087c00000|100%| E|CS|TAMS 0x0000000087b00000, 0x0000000087b00000| Complete 
| 124|0x0000000087c00000, 0x0000000087d00000, 0x0000000087d00000|100%| E|CS|TAMS 0x0000000087c00000, 0x0000000087c00000| Complete 
| 125|0x0000000087d00000, 0x0000000087e00000, 0x0000000087e00000|100%| E|CS|TAMS 0x0000000087d00000, 0x0000000087d00000| Complete 
| 126|0x0000000087e00000, 0x0000000087f00000, 0x0000000087f00000|100%| E|CS|TAMS 0x0000000087e00000, 0x0000000087e00000| Complete 
| 127|0x0000000087f00000, 0x0000000088000000, 0x0000000088000000|100%| E|CS|TAMS 0x0000000087f00000, 0x0000000087f00000| Complete 
| 128|0x0000000088000000, 0x0000000088100000, 0x0000000088100000|100%| E|CS|TAMS 0x0000000088000000, 0x0000000088000000| Complete 
| 129|0x0000000088100000, 0x0000000088200000, 0x0000000088200000|100%| E|CS|TAMS 0x0000000088100000, 0x0000000088100000| Complete 
| 130|0x0000000088200000, 0x0000000088300000, 0x0000000088300000|100%| E|CS|TAMS 0x0000000088200000, 0x0000000088200000| Complete 
| 131|0x0000000088300000, 0x0000000088400000, 0x0000000088400000|100%| E|CS|TAMS 0x0000000088300000, 0x0000000088300000| Complete 
| 132|0x0000000088400000, 0x0000000088500000, 0x0000000088500000|100%| E|CS|TAMS 0x0000000088400000, 0x0000000088400000| Complete 
| 133|0x0000000088500000, 0x0000000088600000, 0x0000000088600000|100%| E|CS|TAMS 0x0000000088500000, 0x0000000088500000| Complete 
| 134|0x0000000088600000, 0x0000000088700000, 0x0000000088700000|100%| E|CS|TAMS 0x0000000088600000, 0x0000000088600000| Complete 
| 135|0x0000000088700000, 0x0000000088800000, 0x0000000088800000|100%| E|CS|TAMS 0x0000000088700000, 0x0000000088700000| Complete 
| 136|0x0000000088800000, 0x0000000088900000, 0x0000000088900000|100%| E|CS|TAMS 0x0000000088800000, 0x0000000088800000| Complete 
| 137|0x0000000088900000, 0x0000000088a00000, 0x0000000088a00000|100%| E|CS|TAMS 0x0000000088900000, 0x0000000088900000| Complete 
| 138|0x0000000088a00000, 0x0000000088b00000, 0x0000000088b00000|100%| E|CS|TAMS 0x0000000088a00000, 0x0000000088a00000| Complete 
| 139|0x0000000088b00000, 0x0000000088c00000, 0x0000000088c00000|100%| E|CS|TAMS 0x0000000088b00000, 0x0000000088b00000| Complete 
| 140|0x0000000088c00000, 0x0000000088d00000, 0x0000000088d00000|100%| E|CS|TAMS 0x0000000088c00000, 0x0000000088c00000| Complete 
| 141|0x0000000088d00000, 0x0000000088e00000, 0x0000000088e00000|100%| E|CS|TAMS 0x0000000088d00000, 0x0000000088d00000| Complete 
| 142|0x0000000088e00000, 0x0000000088f00000, 0x0000000088f00000|100%| E|CS|TAMS 0x0000000088e00000, 0x0000000088e00000| Complete 
| 143|0x0000000088f00000, 0x0000000089000000, 0x0000000089000000|100%| E|CS|TAMS 0x0000000088f00000, 0x0000000088f00000| Complete 
| 144|0x0000000089000000, 0x0000000089100000, 0x0000000089100000|100%| E|CS|TAMS 0x0000000089000000, 0x0000000089000000| Complete 
| 145|0x0000000089100000, 0x0000000089200000, 0x0000000089200000|100%| E|CS|TAMS 0x0000000089100000, 0x0000000089100000| Complete 
| 146|0x0000000089200000, 0x0000000089300000, 0x0000000089300000|100%| E|CS|TAMS 0x0000000089200000, 0x0000000089200000| Complete 
| 147|0x0000000089300000, 0x0000000089400000, 0x0000000089400000|100%| E|CS|TAMS 0x0000000089300000, 0x0000000089300000| Complete 
| 148|0x0000000089400000, 0x0000000089500000, 0x0000000089500000|100%| E|CS|TAMS 0x0000000089400000, 0x0000000089400000| Complete 
| 149|0x0000000089500000, 0x0000000089600000, 0x0000000089600000|100%| E|CS|TAMS 0x0000000089500000, 0x0000000089500000| Complete 
| 150|0x0000000089600000, 0x0000000089700000, 0x0000000089700000|100%| E|CS|TAMS 0x0000000089600000, 0x0000000089600000| Complete 
| 151|0x0000000089700000, 0x0000000089800000, 0x0000000089800000|100%| E|CS|TAMS 0x0000000089700000, 0x0000000089700000| Complete 
| 152|0x0000000089800000, 0x0000000089900000, 0x0000000089900000|100%| E|CS|TAMS 0x0000000089800000, 0x0000000089800000| Complete 
| 153|0x0000000089900000, 0x0000000089a00000, 0x0000000089a00000|100%| E|CS|TAMS 0x0000000089900000, 0x0000000089900000| Complete 

Card table byte_map: [0x0000018f3dbd0000,0x0000018f3dfd0000] _byte_map_base: 0x0000018f3d7d0000

Marking Bits (Prev, Next): (CMBitMap*) 0x0000018f2ad2b8f8, (CMBitMap*) 0x0000018f2ad2b930
 Prev Bits: [0x0000018f3e3d0000, 0x0000018f403d0000)
 Next Bits: [0x0000018f403d0000, 0x0000018f423d0000)

Polling page: 0x0000018f28be0000

Metaspace:

Usage:
  Non-class:     33.58 MB capacity,    33.00 MB ( 98%) used,   500.52 KB (  1%) free+waste,    89.38 KB ( <1%) overhead. 
      Class:      5.13 MB capacity,     4.81 MB ( 94%) used,   283.96 KB (  5%) free+waste,    42.88 KB ( <1%) overhead. 
       Both:     38.71 MB capacity,    37.81 MB ( 98%) used,   784.48 KB (  2%) free+waste,   132.25 KB ( <1%) overhead. 

Virtual space:
  Non-class space:       34.00 MB reserved,      33.75 MB (>99%) committed 
      Class space:        1.00 GB reserved,       5.25 MB ( <1%) committed 
             Both:        1.03 GB reserved,      39.00 MB (  4%) committed 

Chunk freelists:
   Non-Class:  47.00 KB
       Class:  1.00 KB
        Both:  48.00 KB

MaxMetaspaceSize: 17179869184.00 GB
CompressedClassSpaceSize: 1.00 GB

CodeHeap 'non-profiled nmethods': size=120064Kb used=1756Kb max_used=1756Kb free=118307Kb
 bounds [0x0000018f36290000, 0x0000018f36500000, 0x0000018f3d7d0000]
CodeHeap 'profiled nmethods': size=120000Kb used=7141Kb max_used=7141Kb free=112859Kb
 bounds [0x0000018f2ed60000, 0x0000018f2f460000, 0x0000018f36290000]
CodeHeap 'non-nmethods': size=5696Kb used=2196Kb max_used=2243Kb free=3499Kb
 bounds [0x0000018f2e7d0000, 0x0000018f2ea40000, 0x0000018f2ed60000]
 total_blobs=4203 nmethods=3441 adapters=672
 compilation: enabled
              stopped_count=0, restarted_count=0
 full_count=0

Compilation events (20 events):
Event: 7.867 Thread 0x0000018f448e9000 nmethod 3448 0x0000018f2f44d090 code [0x0000018f2f44d2c0, 0x0000018f2f44da68]
Event: 7.867 Thread 0x0000018f448e9000 3449       3       java.lang.Class::getEnclosingMethodInfo (20 bytes)
Event: 7.868 Thread 0x0000018f448e9000 nmethod 3449 0x0000018f2f44dd10 code [0x0000018f2f44dee0, 0x0000018f2f44e0f8]
Event: 7.868 Thread 0x0000018f448e9000 3450       3       java.lang.Class::getEnclosingClass (69 bytes)
Event: 7.869 Thread 0x0000018f448e9000 nmethod 3450 0x0000018f2f44e210 code [0x0000018f2f44e460, 0x0000018f2f44eaf8]
Event: 7.869 Thread 0x0000018f448e9000 3451       3       sun.reflect.generics.parser.SignatureParser::parseMethodTypeSignature (41 bytes)
Event: 7.870 Thread 0x0000018f448e9000 nmethod 3451 0x0000018f2f44ed90 code [0x0000018f2f44efe0, 0x0000018f2f44f7c8]
Event: 7.870 Thread 0x0000018f448e9000 3452       3       sun.reflect.generics.visitor.Reifier::reifyTypeArguments (38 bytes)
Event: 7.871 Thread 0x0000018f448e9000 nmethod 3452 0x0000018f2f44fa90 code [0x0000018f2f44fc80, 0x0000018f2f450168]
Event: 7.871 Thread 0x0000018f448e9000 3453       3       sun.reflect.generics.parser.SignatureParser::parseZeroOrMoreTypeSignatures (174 bytes)
Event: 7.871 Thread 0x0000018f448e3800 nmethod 3435 0x0000018f36444810 code [0x0000018f364449e0, 0x0000018f36444fd8]
Event: 7.871 Thread 0x0000018f448e3800 3433       4       java.lang.PublicMethods$MethodList::merge (192 bytes)
Event: 7.873 Thread 0x0000018f448e9000 nmethod 3453 0x0000018f2f450310 code [0x0000018f2f4505a0, 0x0000018f2f451448]
Event: 7.876 Thread 0x0000018f448e9000 3454       1       sun.reflect.generics.reflectiveObjects.LazyReflectiveObjectGenerator::getFactory (5 bytes)
Event: 7.876 Thread 0x0000018f448e9000 nmethod 3454 0x0000018f36445290 code [0x0000018f36445440, 0x0000018f364454f8]
Event: 7.888 Thread 0x0000018f448e3800 nmethod 3433 0x0000018f36445590 code [0x0000018f36445740, 0x0000018f36445c98]
Event: 7.888 Thread 0x0000018f448e3800 3436       4       org.codehaus.groovy.reflection.CachedMethod::getModifiers (8 bytes)
Event: 7.888 Thread 0x0000018f448e3800 nmethod 3436 0x0000018f36445f10 code [0x0000018f364460a0, 0x0000018f36446118]
Event: 7.888 Thread 0x0000018f448e3800 3434       4       java.util.LinkedHashMap$LinkedValueIterator::next (8 bytes)
Event: 7.892 Thread 0x0000018f448e3800 nmethod 3434 0x0000018f36446190 code [0x0000018f36446320, 0x0000018f36446558]

GC Heap History (12 events):
Event: 0.681 GC heap before
{Heap before GC invocations=0 (full 0):
 garbage-first heap   total 131072K, used 19456K [0x0000000080000000, 0x0000000100000000)
  region size 1024K, 14 young (14336K), 0 survivors (0K)
 Metaspace       used 6718K, capacity 6925K, committed 7168K, reserved 1056768K
  class space    used 582K, capacity 650K, committed 768K, reserved 1048576K
}
Event: 0.685 GC heap after
{Heap after GC invocations=1 (full 0):
 garbage-first heap   total 131072K, used 7913K [0x0000000080000000, 0x0000000100000000)
  region size 1024K, 2 young (2048K), 2 survivors (2048K)
 Metaspace       used 6718K, capacity 6925K, committed 7168K, reserved 1056768K
  class space    used 582K, capacity 650K, committed 768K, reserved 1048576K
}
Event: 1.130 GC heap before
{Heap before GC invocations=1 (full 0):
 garbage-first heap   total 131072K, used 20201K [0x0000000080000000, 0x0000000100000000)
  region size 1024K, 14 young (14336K), 2 survivors (2048K)
 Metaspace       used 9841K, capacity 10054K, committed 10112K, reserved 1058816K
  class space    used 1021K, capacity 1102K, committed 1152K, reserved 1048576K
}
Event: 1.135 GC heap after
{Heap after GC invocations=2 (full 0):
 garbage-first heap   total 131072K, used 9039K [0x0000000080000000, 0x0000000100000000)
  region size 1024K, 2 young (2048K), 2 survivors (2048K)
 Metaspace       used 9841K, capacity 10054K, committed 10112K, reserved 1058816K
  class space    used 1021K, capacity 1102K, committed 1152K, reserved 1048576K
}
Event: 1.687 GC heap before
{Heap before GC invocations=2 (full 0):
 garbage-first heap   total 131072K, used 40783K [0x0000000080000000, 0x0000000100000000)
  region size 1024K, 33 young (33792K), 2 survivors (2048K)
 Metaspace       used 10800K, capacity 11071K, committed 11264K, reserved 1058816K
  class space    used 1124K, capacity 1206K, committed 1280K, reserved 1048576K
}
Event: 1.691 GC heap after
{Heap after GC invocations=3 (full 0):
 garbage-first heap   total 131072K, used 12754K [0x0000000080000000, 0x0000000100000000)
  region size 1024K, 5 young (5120K), 5 survivors (5120K)
 Metaspace       used 10800K, capacity 11071K, committed 11264K, reserved 1058816K
  class space    used 1124K, capacity 1206K, committed 1280K, reserved 1048576K
}
Event: 3.461 GC heap before
{Heap before GC invocations=3 (full 0):
 garbage-first heap   total 131072K, used 75218K [0x0000000080000000, 0x0000000100000000)
  region size 1024K, 67 young (68608K), 5 survivors (5120K)
 Metaspace       used 20601K, capacity 21122K, committed 21248K, reserved 1067008K
  class space    used 2518K, capacity 2720K, committed 2816K, reserved 1048576K
}
Event: 3.472 GC heap after
{Heap after GC invocations=4 (full 0):
 garbage-first heap   total 131072K, used 16838K [0x0000000080000000, 0x0000000100000000)
  region size 1024K, 9 young (9216K), 9 survivors (9216K)
 Metaspace       used 20601K, capacity 21122K, committed 21248K, reserved 1067008K
  class space    used 2518K, capacity 2720K, committed 2816K, reserved 1048576K
}
Event: 4.593 GC heap before
{Heap before GC invocations=5 (full 0):
 garbage-first heap   total 131072K, used 83398K [0x0000000080000000, 0x0000000100000000)
  region size 1024K, 74 young (75776K), 9 survivors (9216K)
 Metaspace       used 26747K, capacity 27449K, committed 27648K, reserved 1073152K
  class space    used 3537K, capacity 3793K, committed 3840K, reserved 1048576K
}
Event: 4.611 GC heap after
{Heap after GC invocations=6 (full 0):
 garbage-first heap   total 157696K, used 18498K [0x0000000080000000, 0x0000000100000000)
  region size 1024K, 6 young (6144K), 6 survivors (6144K)
 Metaspace       used 26747K, capacity 27449K, committed 27648K, reserved 1073152K
  class space    used 3537K, capacity 3793K, committed 3840K, reserved 1048576K
}
Event: 6.301 GC heap before
{Heap before GC invocations=6 (full 0):
 garbage-first heap   total 157696K, used 61506K [0x0000000080000000, 0x0000000100000000)
  region size 1024K, 50 young (51200K), 6 survivors (6144K)
 Metaspace       used 35061K, capacity 35802K, committed 35840K, reserved 1081344K
  class space    used 4533K, capacity 4832K, committed 4864K, reserved 1048576K
}
Event: 6.318 GC heap after
{Heap after GC invocations=7 (full 0):
 garbage-first heap   total 157696K, used 22017K [0x0000000080000000, 0x0000000100000000)
  region size 1024K, 6 young (6144K), 6 survivors (6144K)
 Metaspace       used 35061K, capacity 35802K, committed 35840K, reserved 1081344K
  class space    used 4533K, capacity 4832K, committed 4864K, reserved 1048576K
}

Deoptimization events (20 events):
Event: 7.273 Thread 0x0000018f45616800 DEOPT PACKING pc=0x0000018f3640850c sp=0x0000004388ff7db0
Event: 7.273 Thread 0x0000018f45616800 DEOPT UNPACKING pc=0x0000018f2e7f78af sp=0x0000004388ff7c78 mode 2
Event: 7.274 Thread 0x0000018f45616800 Uncommon trap: trap_request=0xffffffde fr.pc=0x0000018f3640850c relative=0x000000000000046c
Event: 7.274 Thread 0x0000018f45616800 Uncommon trap: reason=class_check action=maybe_recompile pc=0x0000018f3640850c method=java.util.regex.Pattern$Start.match(Ljava/util/regex/Matcher;ILjava/lang/CharSequence;)Z @ 44 c2
Event: 7.274 Thread 0x0000018f45616800 DEOPT PACKING pc=0x0000018f3640850c sp=0x0000004388ff7db0
Event: 7.274 Thread 0x0000018f45616800 DEOPT UNPACKING pc=0x0000018f2e7f78af sp=0x0000004388ff7c78 mode 2
Event: 7.284 Thread 0x0000018f45616800 Uncommon trap: trap_request=0xffffffde fr.pc=0x0000018f363f9ce8 relative=0x0000000000000448
Event: 7.284 Thread 0x0000018f45616800 Uncommon trap: reason=class_check action=maybe_recompile pc=0x0000018f363f9ce8 method=java.util.regex.Pattern$Start.match(Ljava/util/regex/Matcher;ILjava/lang/CharSequence;)Z @ 44 c2
Event: 7.284 Thread 0x0000018f45616800 DEOPT PACKING pc=0x0000018f363f9ce8 sp=0x0000004388ff7d30
Event: 7.284 Thread 0x0000018f45616800 DEOPT UNPACKING pc=0x0000018f2e7f78af sp=0x0000004388ff7c70 mode 2
Event: 7.286 Thread 0x0000018f45616800 Uncommon trap: trap_request=0xffffffde fr.pc=0x0000018f363fa8c0 relative=0x00000000000002e0
Event: 7.286 Thread 0x0000018f45616800 Uncommon trap: reason=class_check action=maybe_recompile pc=0x0000018f363fa8c0 method=java.util.regex.Pattern$Start.match(Ljava/util/regex/Matcher;ILjava/lang/CharSequence;)Z @ 44 c2
Event: 7.286 Thread 0x0000018f45616800 DEOPT PACKING pc=0x0000018f363fa8c0 sp=0x0000004388ff7cb0
Event: 7.287 Thread 0x0000018f45616800 DEOPT UNPACKING pc=0x0000018f2e7f78af sp=0x0000004388ff7c70 mode 2
Event: 7.337 Thread 0x0000018f45616800 DEOPT PACKING pc=0x0000018f2f14d8f9 sp=0x0000004388ff6470
Event: 7.337 Thread 0x0000018f45616800 DEOPT UNPACKING pc=0x0000018f2e7f76ce sp=0x0000004388ff59b8 mode 0
Event: 7.764 Thread 0x0000018f45616800 Uncommon trap: trap_request=0xffffff4d fr.pc=0x0000018f36424354 relative=0x0000000000005694
Event: 7.764 Thread 0x0000018f45616800 Uncommon trap: reason=unstable_if action=reinterpret pc=0x0000018f36424354 method=java.net.URLClassLoader.defineClass(Ljava/lang/String;Ljdk/internal/loader/Resource;)Ljava/lang/Class; @ 21 c2
Event: 7.764 Thread 0x0000018f45616800 DEOPT PACKING pc=0x0000018f36424354 sp=0x0000004388ff6960
Event: 7.764 Thread 0x0000018f45616800 DEOPT UNPACKING pc=0x0000018f2e7f78af sp=0x0000004388ff68b0 mode 2

Classes redefined (0 events):
No events

Internal exceptions (20 events):
Event: 7.650 Thread 0x0000018f45616800 Exception <a 'java/lang/ClassNotFoundException'{0x0000000087026910}: org/gradle/api/initialization/resolve/RepositoriesModeBeanInfo> (0x0000000087026910) thrown at [./src/hotspot/share/classfile/systemDictionary.cpp, line 231]
Event: 7.650 Thread 0x0000018f45616800 Exception <a 'java/lang/ClassNotFoundException'{0x000000008702b840}: java/lang/EnumBeanInfo> (0x000000008702b840) thrown at [./src/hotspot/share/classfile/systemDictionary.cpp, line 231]
Event: 7.651 Thread 0x0000018f45616800 Exception <a 'java/lang/ClassNotFoundException'{0x0000000087030728}: java/lang/EnumCustomizer> (0x0000000087030728) thrown at [./src/hotspot/share/classfile/systemDictionary.cpp, line 231]
Event: 7.654 Thread 0x0000018f45616800 Exception <a 'java/lang/ClassNotFoundException'{0x0000000087062090}: org/gradle/api/initialization/resolve/RepositoriesModeCustomizer> (0x0000000087062090) thrown at [./src/hotspot/share/classfile/systemDictionary.cpp, line 231]
Event: 7.670 Thread 0x0000018f45616800 Exception <a 'java/lang/ClassNotFoundException'{0x0000000086f25cb8}: org/gradle/api/internal/provider/DefaultPropertyBeanInfo> (0x0000000086f25cb8) thrown at [./src/hotspot/share/classfile/systemDictionary.cpp, line 231]
Event: 7.671 Thread 0x0000018f45616800 Exception <a 'java/lang/ClassNotFoundException'{0x0000000086f4ee58}: org/gradle/api/internal/provider/AbstractPropertyBeanInfo> (0x0000000086f4ee58) thrown at [./src/hotspot/share/classfile/systemDictionary.cpp, line 231]
Event: 7.673 Thread 0x0000018f45616800 Exception <a 'java/lang/ClassNotFoundException'{0x0000000086f7a0b0}: org/gradle/api/internal/provider/AbstractMinimalProviderBeanInfo> (0x0000000086f7a0b0) thrown at [./src/hotspot/share/classfile/systemDictionary.cpp, line 231]
Event: 7.675 Thread 0x0000018f45616800 Exception <a 'java/lang/ClassNotFoundException'{0x0000000086fa6328}: org/gradle/api/internal/provider/AbstractMinimalProviderCustomizer> (0x0000000086fa6328) thrown at [./src/hotspot/share/classfile/systemDictionary.cpp, line 231]
Event: 7.686 Thread 0x0000018f45616800 Exception <a 'java/lang/ClassNotFoundException'{0x0000000086e092c8}: org/gradle/api/internal/provider/AbstractPropertyCustomizer> (0x0000000086e092c8) thrown at [./src/hotspot/share/classfile/systemDictionary.cpp, line 231]
Event: 7.688 Thread 0x0000018f45616800 Exception <a 'java/lang/ClassNotFoundException'{0x0000000086e3ea78}: org/gradle/api/internal/provider/DefaultPropertyCustomizer> (0x0000000086e3ea78) thrown at [./src/hotspot/share/classfile/systemDictionary.cpp, line 231]
Event: 7.838 Thread 0x0000018f45616800 Exception <a 'java/lang/ClassNotFoundException'{0x000000008621d2e8}: org/gradle/api/internal/artifacts/dsl/DefaultRepositoryHandler_DecoratedBeanInfo> (0x000000008621d2e8) thrown at [./src/hotspot/share/classfile/systemDictionary.cpp, line 231]
Event: 7.844 Thread 0x0000018f45616800 Exception <a 'java/lang/ClassNotFoundException'{0x000000008625b000}: org/gradle/api/internal/artifacts/dsl/DefaultRepositoryHandlerBeanInfo> (0x000000008625b000) thrown at [./src/hotspot/share/classfile/systemDictionary.cpp, line 231]
Event: 7.847 Thread 0x0000018f45616800 Exception <a 'java/lang/ClassNotFoundException'{0x000000008629b620}: org/gradle/api/internal/artifacts/DefaultArtifactRepositoryContainerBeanInfo> (0x000000008629b620) thrown at [./src/hotspot/share/classfile/systemDictionary.cpp, line 231]
Event: 7.848 Thread 0x0000018f45616800 Exception <a 'java/lang/ClassNotFoundException'{0x00000000862c86c8}: org/gradle/api/internal/DefaultNamedDomainObjectListBeanInfo> (0x00000000862c86c8) thrown at [./src/hotspot/share/classfile/systemDictionary.cpp, line 231]
Event: 7.849 Thread 0x0000018f45616800 Exception <a 'java/lang/ClassNotFoundException'{0x00000000862f7258}: org/gradle/api/internal/DefaultNamedDomainObjectCollectionBeanInfo> (0x00000000862f7258) thrown at [./src/hotspot/share/classfile/systemDictionary.cpp, line 231]
Event: 7.851 Thread 0x0000018f45616800 Exception <a 'java/lang/ClassNotFoundException'{0x0000000086125900}: org/gradle/api/internal/DefaultDomainObjectCollectionBeanInfo> (0x0000000086125900) thrown at [./src/hotspot/share/classfile/systemDictionary.cpp, line 231]
Event: 7.851 Thread 0x0000018f45616800 Exception <a 'java/lang/ClassNotFoundException'{0x000000008612bb38}: java/util/AbstractCollectionBeanInfo> (0x000000008612bb38) thrown at [./src/hotspot/share/classfile/systemDictionary.cpp, line 231]
Event: 7.851 Thread 0x0000018f45616800 Exception <a 'java/lang/ClassNotFoundException'{0x00000000861322b8}: java/util/AbstractCollectionCustomizer> (0x00000000861322b8) thrown at [./src/hotspot/share/classfile/systemDictionary.cpp, line 231]
Event: 7.858 Thread 0x0000018f45616800 Exception <a 'java/lang/ClassNotFoundException'{0x00000000861690d8}: org/gradle/api/internal/DefaultDomainObjectCollectionCustomizer> (0x00000000861690d8) thrown at [./src/hotspot/share/classfile/systemDictionary.cpp, line 231]
Event: 7.865 Thread 0x0000018f45616800 Exception <a 'java/lang/ClassNotFoundException'{0x00000000861b4de0}: org/gradle/api/internal/DefaultNamedDomainObjectCollectionCustomizer> (0x00000000861b4de0) thrown at [./src/hotspot/share/classfile/systemDictionary.cpp, line 231]

Events (20 events):
Event: 7.864 loading class org/gradle/api/internal/DefaultNamedDomainObjectCollectionCustomizer
Event: 7.864 loading class org/gradle/api/internal/DefaultNamedDomainObjectCollectionCustomizer done
Event: 7.864 loading class org/gradle/api/internal/DefaultNamedDomainObjectCollectionCustomizer
Event: 7.864 loading class org/gradle/api/internal/DefaultNamedDomainObjectCollectionCustomizer done
Event: 7.864 loading class org/gradle/api/internal/DefaultNamedDomainObjectCollectionCustomizer
Event: 7.864 loading class org/gradle/api/internal/DefaultNamedDomainObjectCollectionCustomizer done
Event: 7.865 loading class org/gradle/api/internal/DefaultNamedDomainObjectCollectionCustomizer
Event: 7.865 loading class org/gradle/api/internal/DefaultNamedDomainObjectCollectionCustomizer done
Event: 7.876 loading class org/gradle/api/internal/DefaultNamedDomainObjectCollection$ElementInfo
Event: 7.876 loading class org/gradle/api/internal/DefaultNamedDomainObjectCollection$ElementInfo done
Event: 7.876 loading class org/gradle/api/internal/DefaultNamedDomainObjectCollection$AbstractDomainObjectCreatingProvider
Event: 7.876 loading class org/gradle/api/internal/DefaultNamedDomainObjectCollection$AbstractDomainObjectCreatingProvider done
Event: 7.877 loading class org/gradle/api/internal/DefaultNamedDomainObjectCollection$AbstractNamedDomainObjectProvider
Event: 7.877 loading class org/gradle/api/internal/DefaultNamedDomainObjectCollection$AbstractNamedDomainObjectProvider done
Event: 7.880 loading class org/gradle/api/internal/DefaultNamedDomainObjectCollection$ExistingNamedDomainObjectProvider
Event: 7.880 loading class org/gradle/api/internal/DefaultNamedDomainObjectCollection$ExistingNamedDomainObjectProvider done
Event: 7.880 loading class org/gradle/api/internal/DefaultNamedDomainObjectCollection$ProviderBackedElementInfo
Event: 7.880 loading class org/gradle/api/internal/DefaultNamedDomainObjectCollection$ProviderBackedElementInfo done
Event: 7.881 loading class org/gradle/api/internal/DefaultNamedDomainObjectCollection$ObjectBackedElementInfo
Event: 7.881 loading class org/gradle/api/internal/DefaultNamedDomainObjectCollection$ObjectBackedElementInfo done


Dynamic libraries:
0x00007ff6b2380000 - 0x00007ff6b238a000 	D:\SSD_android_sudio\jre\bin\java.exe
0x00007ffb47de0000 - 0x00007ffb47fd0000 	C:\Windows\SYSTEM32\ntdll.dll
0x00007ffb47430000 - 0x00007ffb474e2000 	C:\Windows\System32\KERNEL32.DLL
0x00007ffb45290000 - 0x00007ffb45533000 	C:\Windows\System32\KERNELBASE.dll
0x00007ffb44f10000 - 0x00007ffb4500a000 	C:\Windows\System32\ucrtbase.dll
0x00007ffb35f60000 - 0x00007ffb35f77000 	D:\SSD_android_sudio\jre\bin\VCRUNTIME140.dll
0x00007ffb41980000 - 0x00007ffb41999000 	D:\SSD_android_sudio\jre\bin\jli.dll
0x00007ffb479c0000 - 0x00007ffb47b54000 	C:\Windows\System32\USER32.dll
0x00007ffb3a880000 - 0x00007ffb3ab05000 	C:\Windows\WinSxS\amd64_microsoft.windows.common-controls_6595b64144ccf1df_6.0.18362.418_none_e6c6b287130d565d\COMCTL32.dll
0x00007ffb45010000 - 0x00007ffb45031000 	C:\Windows\System32\win32u.dll
0x00007ffb47790000 - 0x00007ffb4782e000 	C:\Windows\System32\msvcrt.dll
0x00007ffb45f10000 - 0x00007ffb45f36000 	C:\Windows\System32\GDI32.dll
0x00007ffb44d70000 - 0x00007ffb44f04000 	C:\Windows\System32\gdi32full.dll
0x00007ffb46130000 - 0x00007ffb46466000 	C:\Windows\System32\combase.dll
0x00007ffb45d40000 - 0x00007ffb45dde000 	C:\Windows\System32\msvcp_win.dll
0x00007ffb46470000 - 0x00007ffb46590000 	C:\Windows\System32\RPCRT4.dll
0x00007ffb450c0000 - 0x00007ffb45140000 	C:\Windows\System32\bcryptPrimitives.dll
0x00007ffb47d60000 - 0x00007ffb47d8e000 	C:\Windows\System32\IMM32.DLL
0x00007ffb08da0000 - 0x00007ffb08e3d000 	D:\SSD_android_sudio\jre\bin\msvcp140.dll
0x00007ffb04100000 - 0x00007ffb04bcf000 	D:\SSD_android_sudio\jre\bin\server\jvm.dll
0x00007ffb47830000 - 0x00007ffb478d3000 	C:\Windows\System32\ADVAPI32.dll
0x00007ffb46a70000 - 0x00007ffb46b07000 	C:\Windows\System32\sechost.dll
0x00007ffb474f0000 - 0x00007ffb474f8000 	C:\Windows\System32\PSAPI.DLL
0x00007ffb3e790000 - 0x00007ffb3e79a000 	C:\Windows\SYSTEM32\VERSION.dll
0x00007ffb41810000 - 0x00007ffb41834000 	C:\Windows\SYSTEM32\WINMM.dll
0x00007ffb3a480000 - 0x00007ffb3a489000 	C:\Windows\SYSTEM32\WSOCK32.dll
0x00007ffb46b10000 - 0x00007ffb46b7f000 	C:\Windows\System32\WS2_32.dll
0x00007ffb417d0000 - 0x00007ffb417fd000 	C:\Windows\SYSTEM32\WINMMBASE.dll
0x00007ffb45cf0000 - 0x00007ffb45d3a000 	C:\Windows\System32\cfgmgr32.dll
0x00007ffb44d00000 - 0x00007ffb44d11000 	C:\Windows\System32\kernel.appcore.dll
0x00007ffb35f40000 - 0x00007ffb35f51000 	D:\SSD_android_sudio\jre\bin\verify.dll
0x00007ffb2ce50000 - 0x00007ffb2d044000 	C:\Windows\SYSTEM32\DBGHELP.DLL
0x00007ffb2e960000 - 0x00007ffb2e98a000 	C:\Windows\SYSTEM32\dbgcore.DLL
0x00007ffb30690000 - 0x00007ffb306b9000 	D:\SSD_android_sudio\jre\bin\java.dll
0x00007ffb36eb0000 - 0x00007ffb36ebb000 	D:\SSD_android_sudio\jre\bin\jimage.dll
0x00007ffb2bbd0000 - 0x00007ffb2bbe8000 	D:\SSD_android_sudio\jre\bin\zip.dll
0x00007ffb46d40000 - 0x00007ffb47425000 	C:\Windows\System32\SHELL32.dll
0x00007ffb47be0000 - 0x00007ffb47c89000 	C:\Windows\System32\shcore.dll
0x00007ffb45540000 - 0x00007ffb45cbf000 	C:\Windows\System32\windows.storage.dll
0x00007ffb44cc0000 - 0x00007ffb44cdf000 	C:\Windows\System32\profapi.dll
0x00007ffb44d20000 - 0x00007ffb44d6a000 	C:\Windows\System32\powrprof.dll
0x00007ffb44cb0000 - 0x00007ffb44cc0000 	C:\Windows\System32\UMPDC.dll
0x00007ffb47960000 - 0x00007ffb479b2000 	C:\Windows\System32\shlwapi.dll
0x00007ffb450a0000 - 0x00007ffb450b7000 	C:\Windows\System32\cryptsp.dll
0x00007ffb2bbb0000 - 0x00007ffb2bbca000 	D:\SSD_android_sudio\jre\bin\net.dll
0x00007ffb36b40000 - 0x00007ffb36c30000 	C:\Windows\SYSTEM32\WINHTTP.dll
0x00007ffb44520000 - 0x00007ffb44587000 	C:\Windows\system32\mswsock.dll
0x00007ffb2bb90000 - 0x00007ffb2bba4000 	D:\SSD_android_sudio\jre\bin\nio.dll
0x00007ffb38f70000 - 0x00007ffb38f97000 	C:\Users\dell\.gradle\native\8bec1ad78214c89d9ad589b4d07fe93259594b29d510b10fafb7a158f7737e5d\windows-amd64\native-platform.dll
0x00007ffb05d00000 - 0x00007ffb05e3d000 	C:\Users\dell\.gradle\native\53dbd7edfb1c66fb8903c78663c9afc45aea4f116125fa6feffd364cf09443e8\windows-amd64\native-platform-file-events.dll
0x00007ffb35290000 - 0x00007ffb3529a000 	D:\SSD_android_sudio\jre\bin\management.dll
0x00007ffb34780000 - 0x00007ffb3478c000 	D:\SSD_android_sudio\jre\bin\management_ext.dll
0x00007ffb44090000 - 0x00007ffb440c3000 	C:\Windows\system32\rsaenh.dll
0x00007ffb45cc0000 - 0x00007ffb45ce6000 	C:\Windows\System32\bcrypt.dll
0x00007ffb44bd0000 - 0x00007ffb44bf5000 	C:\Windows\SYSTEM32\USERENV.dll
0x00007ffb446f0000 - 0x00007ffb446fc000 	C:\Windows\SYSTEM32\CRYPTBASE.dll
0x00007ffb44230000 - 0x00007ffb4426a000 	C:\Windows\SYSTEM32\IPHLPAPI.DLL
0x00007ffb47d90000 - 0x00007ffb47d98000 	C:\Windows\System32\NSI.dll
0x00007ffb3bd70000 - 0x00007ffb3bd86000 	C:\Windows\SYSTEM32\dhcpcsvc6.DLL
0x00007ffb3cd60000 - 0x00007ffb3cd7c000 	C:\Windows\SYSTEM32\dhcpcsvc.DLL
0x00007ffb44270000 - 0x00007ffb4433a000 	C:\Windows\SYSTEM32\DNSAPI.dll

dbghelp: loaded successfully - version: 4.0.5 - missing functions: none
symbol engine: initialized successfully - sym options: 0x614 - pdb path: .;D:\SSD_android_sudio\jre\bin;C:\Windows\SYSTEM32;C:\Windows\WinSxS\amd64_microsoft.windows.common-controls_6595b64144ccf1df_6.0.18362.418_none_e6c6b287130d565d;D:\SSD_android_sudio\jre\bin\server;C:\Users\dell\.gradle\native\8bec1ad78214c89d9ad589b4d07fe93259594b29d510b10fafb7a158f7737e5d\windows-amd64;C:\Users\dell\.gradle\native\53dbd7edfb1c66fb8903c78663c9afc45aea4f116125fa6feffd364cf09443e8\windows-amd64

VM Arguments:
jvm_args: --add-opens=java.base/java.util=ALL-UNNAMED --add-opens=java.base/java.lang=ALL-UNNAMED --add-opens=java.base/java.lang.invoke=ALL-UNNAMED --add-opens=java.base/java.util=ALL-UNNAMED --add-opens=java.prefs/java.util.prefs=ALL-UNNAMED --add-opens=java.prefs/java.util.prefs=ALL-UNNAMED --add-opens=java.base/java.nio.charset=ALL-UNNAMED --add-opens=java.base/java.net=ALL-UNNAMED --add-opens=java.base/java.util.concurrent.atomic=ALL-UNNAMED -Xmx2048m -Dfile.encoding=UTF-8 -Duser.country=US -Duser.language=en -Duser.variant 
java_command: org.gradle.launcher.daemon.bootstrap.GradleDaemon 7.0.2
java_class_path (initial): C:\Users\dell\.gradle\wrapper\dists\gradle-7.0.2-bin\857tjihv64xamwrf0h14cai3r\gradle-7.0.2\lib\gradle-launcher-7.0.2.jar
Launcher Type: SUN_STANDARD

[Global flags]
     intx CICompilerCount                          = 3                                         {product} {ergonomic}
     uint ConcGCThreads                            = 1                                         {product} {ergonomic}
     uint G1ConcRefinementThreads                  = 4                                         {product} {ergonomic}
   size_t G1HeapRegionSize                         = 1048576                                   {product} {ergonomic}
    uintx GCDrainStackTargetSize                   = 64                                        {product} {ergonomic}
   size_t InitialHeapSize                          = 134217728                                 {product} {ergonomic}
   size_t MarkStackSize                            = 4194304                                   {product} {ergonomic}
   size_t MaxHeapSize                              = 2147483648                                {product} {command line}
   size_t MaxNewSize                               = 1287651328                                {product} {ergonomic}
   size_t MinHeapDeltaBytes                        = 1048576                                   {product} {ergonomic}
    uintx NonNMethodCodeHeapSize                   = 5830732                                {pd product} {ergonomic}
    uintx NonProfiledCodeHeapSize                  = 122913754                              {pd product} {ergonomic}
    uintx ProfiledCodeHeapSize                     = 122913754                              {pd product} {ergonomic}
    uintx ReservedCodeCacheSize                    = 251658240                              {pd product} {ergonomic}
     bool SegmentedCodeCache                       = true                                      {product} {ergonomic}
     bool UseCompressedClassPointers               = true                                 {lp64_product} {ergonomic}
     bool UseCompressedOops                        = true                                 {lp64_product} {ergonomic}
     bool UseG1GC                                  = true                                      {product} {ergonomic}
     bool UseLargePagesIndividualAllocation        = false                                  {pd product} {ergonomic}

Logging:
Log output configuration:
 #0: stdout all=warning uptime,level,tags
 #1: stderr all=off uptime,level,tags

Environment Variables:
PATH=C:\Windows\system32;C:\Windows;C:\Windows\System32\Wbem;C:\Windows\System32\WindowsPowerShell\v1.0\;C:\Windows\System32\OpenSSH\;C:\Program Files\Git\cmd;C:\Users\dell\AppData\Local\Microsoft\WindowsApps;
USERNAME=dell
OS=Windows_NT
PROCESSOR_IDENTIFIER=Intel64 Family 6 Model 61 Stepping 4, GenuineIntel



---------------  S Y S T E M  ---------------

OS: Windows 10 , 64 bit Build 18362 (10.0.18362.329)
OS uptime: 8 days 1:36 hours

CPU:total 4 (initial active 4) (2 cores per cpu, 2 threads per core) family 6 model 61 stepping 4 microcode 0x2b, cmov, cx8, fxsr, mmx, sse, sse2, sse3, ssse3, sse4.1, sse4.2, popcnt, avx, avx2, aes, clmul, erms, 3dnowpref, lzcnt, ht, tsc, tscinvbit, bmi1, bmi2, adx, fma

Memory: 4k page, system-wide physical 8103M (1283M free)
TotalPageFile size 24272M (AvailPageFile size 5M)
current process WorkingSet (physical memory assigned to process): 282M, peak: 286M
current process commit charge ("private bytes"): 341M, peak: 346M

vm_info: OpenJDK 64-Bit Server VM (11.0.10+0-b96-7249189) for windows-amd64 JRE (11.0.10+0-b96-7249189), built on Mar 31 2021 21:44:00 by "builder" with MS VC++ 14.0 (VS2015)

END.
