#
# There is insufficient memory for the Java Runtime Environment to continue.
# Native memory allocation (malloc) failed to allocate 1638416 bytes for Chunk::new
# Possible reasons:
#   The system is out of physical RAM or swap space
#   The process is running with CompressedOops enabled, and the Java Heap may be blocking the growth of the native heap
# Possible solutions:
#   Reduce memory load on the system
#   Increase physical memory or swap space
#   Check if swap backing store is full
#   Decrease Java heap size (-Xmx/-Xms)
#   Decrease number of Java threads
#   Decrease Java thread stack sizes (-Xss)
#   Set larger code cache with -XX:ReservedCodeCacheSize=
#   JVM is running with Unscaled Compressed Oops mode in which the Java heap is
#     placed in the first 4GB address space. The Java Heap base address is the
#     maximum limit for the native heap growth. Please use -XX:HeapBaseMinAddress
#     to set the Java Heap base and to place the Java Heap above 4GB virtual address.
# This output file may be truncated or incomplete.
#
#  Out of Memory Error (./src/hotspot/share/memory/arena.cpp:197), pid=8080, tid=12232
#
# JRE version: OpenJDK Runtime Environment (11.0.10) (build 11.0.10+0-b96-7249189)
# Java VM: OpenJDK 64-Bit Server VM (11.0.10+0-b96-7249189, mixed mode, tiered, compressed oops, g1 gc, windows-amd64)
# No core dump will be written. Minidumps are not enabled by default on client versions of Windows
#

---------------  S U M M A R Y ------------

Command Line: --add-opens=java.base/java.util=ALL-UNNAMED --add-opens=java.base/java.lang=ALL-UNNAMED --add-opens=java.base/java.lang.invoke=ALL-UNNAMED --add-opens=java.base/java.util=ALL-UNNAMED --add-opens=java.prefs/java.util.prefs=ALL-UNNAMED --add-opens=java.prefs/java.util.prefs=ALL-UNNAMED --add-opens=java.base/java.nio.charset=ALL-UNNAMED --add-opens=java.base/java.net=ALL-UNNAMED --add-opens=java.base/java.util.concurrent.atomic=ALL-UNNAMED -Xmx2048m -Dfile.encoding=UTF-8 -Duser.country=US -Duser.language=en -Duser.variant org.gradle.launcher.daemon.bootstrap.GradleDaemon 7.0.2

Host: Intel(R) Core(TM) i5-5200U CPU @ 2.20GHz, 4 cores, 7G,  Windows 10 , 64 bit Build 18362 (10.0.18362.329)
Time: Tue Sep 21 19:07:33 2021 India Standard Time elapsed time: 21.963776 seconds (0d 0h 0m 21s)

---------------  T H R E A D  ---------------

Current thread (0x0000025c28664000):  JavaThread "C2 CompilerThread0" daemon [_thread_in_native, id=12232, stack(0x000000f897f00000,0x000000f898000000)]


Current CompileTask:
C2:  21963 8072       4       org.gradle.internal.instantiation.generator.AbstractClassGenerator::inspectType (560 bytes)

Stack: [0x000000f897f00000,0x000000f898000000]
Native frames: (J=compiled Java code, j=interpreted, Vv=VM code, C=native code)
V  [jvm.dll+0x5ecfaa]
V  [jvm.dll+0x722bd5]
V  [jvm.dll+0x72412d]
V  [jvm.dll+0x7247e3]
V  [jvm.dll+0x242928]
V  [jvm.dll+0xbc4fc]
V  [jvm.dll+0xbca0c]
V  [jvm.dll+0x352d7d]
V  [jvm.dll+0x19800c]
V  [jvm.dll+0x1fb70e]
V  [jvm.dll+0x1fa7f4]
V  [jvm.dll+0x18354c]
V  [jvm.dll+0x208ee7]
V  [jvm.dll+0x207731]
V  [jvm.dll+0x6eb1cf]
V  [jvm.dll+0x6e3d45]
V  [jvm.dll+0x5ebe96]
C  [ucrtbase.dll+0x20e72]
C  [KERNEL32.DLL+0x17bd4]
C  [ntdll.dll+0x6ced1]


---------------  P R O C E S S  ---------------

Threads class SMR info:
_java_thread_list=0x0000025c2e395960, length=49, elements={
0x0000025c0ea69000, 0x0000025c2863f000, 0x0000025c28644000, 0x0000025c28fc3800,
0x0000025c2865c800, 0x0000025c28660000, 0x0000025c28664000, 0x0000025c28669000,
0x0000025c28672000, 0x0000025c28673000, 0x0000025c28670800, 0x0000025c28674000,
0x0000025c28671800, 0x0000025c28674800, 0x0000025c28675800, 0x0000025c2af73800,
0x0000025c2af77800, 0x0000025c2af74800, 0x0000025c2af72000, 0x0000025c2af78800,
0x0000025c2c195800, 0x0000025c2c198000, 0x0000025c2c192000, 0x0000025c2c198800,
0x0000025c2c19b000, 0x0000025c2c19a000, 0x0000025c30302800, 0x0000025c30303800,
0x0000025c30304000, 0x0000025c302ff800, 0x0000025c30306000, 0x0000025c30300000,
0x0000025c30306800, 0x0000025c30301000, 0x0000025c30307800, 0x0000025c30301800,
0x0000025c3030a800, 0x0000025c30309000, 0x0000025c2c7ce800, 0x0000025c3030b800,
0x0000025c3030d000, 0x0000025c3030c800, 0x0000025c3030e000, 0x0000025c30308800,
0x0000025c2c193800, 0x0000025c2c194800, 0x0000025c2c19c000, 0x0000025c2c196000,
0x0000025c2c19f000
}

Java Threads: ( => current thread )
  0x0000025c0ea69000 JavaThread "main" [_thread_blocked, id=2780, stack(0x000000f897300000,0x000000f897400000)]
  0x0000025c2863f000 JavaThread "Reference Handler" daemon [_thread_blocked, id=4552, stack(0x000000f897a00000,0x000000f897b00000)]
  0x0000025c28644000 JavaThread "Finalizer" daemon [_thread_blocked, id=2396, stack(0x000000f897b00000,0x000000f897c00000)]
  0x0000025c28fc3800 JavaThread "Signal Dispatcher" daemon [_thread_blocked, id=11156, stack(0x000000f897c00000,0x000000f897d00000)]
  0x0000025c2865c800 JavaThread "Attach Listener" daemon [_thread_blocked, id=3488, stack(0x000000f897d00000,0x000000f897e00000)]
  0x0000025c28660000 JavaThread "Service Thread" daemon [_thread_blocked, id=14308, stack(0x000000f897e00000,0x000000f897f00000)]
=>0x0000025c28664000 JavaThread "C2 CompilerThread0" daemon [_thread_in_native, id=12232, stack(0x000000f897f00000,0x000000f898000000)]
  0x0000025c28669000 JavaThread "C1 CompilerThread0" daemon [_thread_in_native, id=7776, stack(0x000000f898000000,0x000000f898100000)]
  0x0000025c28672000 JavaThread "Sweeper thread" daemon [_thread_blocked, id=11236, stack(0x000000f898100000,0x000000f898200000)]
  0x0000025c28673000 JavaThread "Common-Cleaner" daemon [_thread_blocked, id=11496, stack(0x000000f898200000,0x000000f898300000)]
  0x0000025c28670800 JavaThread "Daemon health stats" [_thread_blocked, id=7160, stack(0x000000f898700000,0x000000f898800000)]
  0x0000025c28674000 JavaThread "Incoming local TCP Connector on port 61240" [_thread_in_native, id=10352, stack(0x000000f898400000,0x000000f898500000)]
  0x0000025c28671800 JavaThread "Daemon periodic checks" [_thread_blocked, id=9456, stack(0x000000f898800000,0x000000f898900000)]
  0x0000025c28674800 JavaThread "Daemon" [_thread_blocked, id=9748, stack(0x000000f898900000,0x000000f898a00000)]
  0x0000025c28675800 JavaThread "Daemon worker" [_thread_blocked, id=8568, stack(0x000000f898d00000,0x000000f898e00000)]
  0x0000025c2af73800 JavaThread "Cache worker for file hash cache (C:\Users\dell\.gradle\caches\7.0.2\fileHashes)" [_thread_blocked, id=5696, stack(0x000000f898b00000,0x000000f898c00000)]
  0x0000025c2af77800 JavaThread "File lock request listener" [_thread_in_native, id=2376, stack(0x000000f899100000,0x000000f899200000)]
  0x0000025c2af74800 JavaThread "Cache worker for journal cache (C:\Users\dell\.gradle\caches\journal-1)" [_thread_blocked, id=8048, stack(0x000000f899300000,0x000000f899400000)]
  0x0000025c2af72000 JavaThread "File watcher server" daemon [_thread_in_native, id=5508, stack(0x000000f899600000,0x000000f899700000)]
  0x0000025c2af78800 JavaThread "File watcher consumer" daemon [_thread_blocked, id=7136, stack(0x000000f899700000,0x000000f899800000)]
  0x0000025c2c195800 JavaThread "Cache worker for execution history cache (C:\Users\dell\.gradle\caches\7.0.2\executionHistory)" [_thread_blocked, id=9220, stack(0x000000f899b00000,0x000000f899c00000)]
  0x0000025c2c198000 JavaThread "jar transforms" [_thread_blocked, id=11892, stack(0x000000f899c00000,0x000000f899d00000)]
  0x0000025c2c192000 JavaThread "jar transforms Thread 2" [_thread_blocked, id=10876, stack(0x000000f899d00000,0x000000f899e00000)]
  0x0000025c2c198800 JavaThread "Cache worker for file content cache (C:\Users\dell\.gradle\caches\7.0.2\fileContent)" [_thread_blocked, id=11824, stack(0x000000f899e00000,0x000000f899f00000)]
  0x0000025c2c19b000 JavaThread "jar transforms Thread 3" [_thread_blocked, id=4916, stack(0x000000f89a000000,0x000000f89a100000)]
  0x0000025c2c19a000 JavaThread "jar transforms Thread 4" [_thread_blocked, id=13752, stack(0x000000f89a600000,0x000000f89a700000)]
  0x0000025c30302800 JavaThread "Memory manager" [_thread_blocked, id=12480, stack(0x000000f89a700000,0x000000f89a800000)]
  0x0000025c30303800 JavaThread "Handler for socket connection from /127.0.0.1:61240 to /127.0.0.1:61246" [_thread_in_native, id=5264, stack(0x000000f898a00000,0x000000f898b00000)]
  0x0000025c30304000 JavaThread "Cancel handler" [_thread_blocked, id=8544, stack(0x000000f898c00000,0x000000f898d00000)]
  0x0000025c302ff800 JavaThread "Asynchronous log dispatcher for DefaultDaemonConnection: socket connection from /127.0.0.1:61240 to /127.0.0.1:61246" [_thread_blocked, id=7020, stack(0x000000f898e00000,0x000000f898f00000)]
  0x0000025c30306000 JavaThread "Stdin handler" [_thread_blocked, id=11452, stack(0x000000f898f00000,0x000000f899000000)]
  0x0000025c30300000 JavaThread "Daemon client event forwarder" [_thread_blocked, id=9128, stack(0x000000f899000000,0x000000f899100000)]
  0x0000025c30306800 JavaThread "Cache worker for file hash cache (E:\Om_informatic_projects\driver_app_github\.gradle\7.0.2\fileHashes)" [_thread_blocked, id=14144, stack(0x000000f899400000,0x000000f899500000)]
  0x0000025c30301000 JavaThread "Cache worker for checksums cache (E:\Om_informatic_projects\driver_app_github\.gradle\checksums)" [_thread_blocked, id=8440, stack(0x000000f899500000,0x000000f899600000)]
  0x0000025c30307800 JavaThread "Cache worker for cache directory md-supplier (C:\Users\dell\.gradle\caches\7.0.2\md-supplier)" [_thread_blocked, id=11240, stack(0x000000f899800000,0x000000f899900000)]
  0x0000025c30301800 JavaThread "Cache worker for cache directory md-rule (C:\Users\dell\.gradle\caches\7.0.2\md-rule)" [_thread_blocked, id=10004, stack(0x000000f899900000,0x000000f899a00000)]
  0x0000025c3030a800 JavaThread "Cache worker for dependencies-accessors (E:\Om_informatic_projects\driver_app_github\.gradle\7.0.2\dependencies-accessors)" [_thread_blocked, id=6484, stack(0x000000f899a00000,0x000000f899b00000)]
  0x0000025c30309000 JavaThread "Cache worker for Build Output Cleanup Cache (E:\Om_informatic_projects\driver_app_github\.gradle\buildOutputCleanup)" [_thread_blocked, id=6348, stack(0x000000f899f00000,0x000000f89a000000)]
  0x0000025c2c7ce800 JavaThread "C2 CompilerThread1" daemon [_thread_in_native, id=10744, stack(0x000000f89a100000,0x000000f89a200000)]
  0x0000025c3030b800 JavaThread "Build operations" [_thread_blocked, id=2716, stack(0x000000f89a200000,0x000000f89a300000)]
  0x0000025c3030d000 JavaThread "Build operations Thread 2" [_thread_blocked, id=2932, stack(0x000000f89a300000,0x000000f89a400000)]
  0x0000025c3030c800 JavaThread "Build operations Thread 3" [_thread_blocked, id=5148, stack(0x000000f89a400000,0x000000f89a500000)]
  0x0000025c3030e000 JavaThread "Build operations Thread 4" [_thread_blocked, id=5408, stack(0x000000f89a500000,0x000000f89a600000)]
  0x0000025c30308800 JavaThread "build event listener" [_thread_blocked, id=12468, stack(0x000000f89a800000,0x000000f89a900000)]
  0x0000025c2c193800 JavaThread "Execution worker for ':'" [_thread_blocked, id=13868, stack(0x000000f89a900000,0x000000f89aa00000)]
  0x0000025c2c194800 JavaThread "Execution worker for ':' Thread 2" [_thread_blocked, id=6468, stack(0x000000f89aa00000,0x000000f89ab00000)]
  0x0000025c2c19c000 JavaThread "Execution worker for ':' Thread 3" [_thread_in_Java, id=12400, stack(0x000000f89ab00000,0x000000f89ac00000)]
  0x0000025c2c196000 JavaThread "Cache worker for execution history cache (E:\Om_informatic_projects\driver_app_github\.gradle\7.0.2\executionHistory)" [_thread_blocked, id=10232, stack(0x000000f89ac00000,0x000000f89ad00000)]
  0x0000025c2c19f000 JavaThread "WorkerExecutor Queue" [_thread_in_native, id=11408, stack(0x000000f89ad00000,0x000000f89ae00000)]

Other Threads:
  0x0000025c2863a800 VMThread "VM Thread" [stack: 0x000000f897900000,0x000000f897a00000] [id=13988]
  0x0000025c2914e800 WatcherThread [stack: 0x000000f898300000,0x000000f898400000] [id=6120]
  0x0000025c0ea82000 GCTaskThread "GC Thread#0" [stack: 0x000000f897400000,0x000000f897500000] [id=1960]
  0x0000025c29a28800 GCTaskThread "GC Thread#1" [stack: 0x000000f898500000,0x000000f898600000] [id=10288]
  0x0000025c298a6800 GCTaskThread "GC Thread#2" [stack: 0x000000f898600000,0x000000f898700000] [id=12644]
  0x0000025c2b267800 GCTaskThread "GC Thread#3" [stack: 0x000000f899200000,0x000000f899300000] [id=5984]
  0x0000025c0eab6000 ConcurrentGCThread "G1 Main Marker" [stack: 0x000000f897500000,0x000000f897600000] [id=8792]
  0x0000025c0eab8000 ConcurrentGCThread "G1 Conc#0" [stack: 0x000000f897600000,0x000000f897700000] [id=6396]
  0x0000025c28490800 ConcurrentGCThread "G1 Refine#0" [stack: 0x000000f897700000,0x000000f897800000] [id=1808]
  0x0000025c28491000 ConcurrentGCThread "G1 Young RemSet Sampling" [stack: 0x000000f897800000,0x000000f897900000] [id=11604]

Threads with active compile tasks:
C2 CompilerThread0  21987 8072       4       org.gradle.internal.instantiation.generator.AbstractClassGenerator::inspectType (560 bytes)
C2 CompilerThread1  21987 8521 %     4       java.io.WinNTFileSystem::normalize @ 22 (143 bytes)

VM state:not at safepoint (normal execution)

VM Mutex/Monitor currently owned by a thread: None

Heap address: 0x0000000080000000, size: 2048 MB, Compressed Oops mode: 32-bit
Narrow klass base: 0x0000000000000000, Narrow klass shift: 3
Compressed class space size: 1073741824 Address: 0x0000000100000000

Heap:
 garbage-first heap   total 189440K, used 75527K [0x0000000080000000, 0x0000000100000000)
  region size 1024K, 21 young (21504K), 9 survivors (9216K)
 Metaspace       used 80343K, capacity 82429K, committed 82688K, reserved 1120256K
  class space    used 10439K, capacity 11202K, committed 11264K, reserved 1048576K
Heap Regions: E=young(eden), S=young(survivor), O=old, HS=humongous(starts), HC=humongous(continues), CS=collection set, F=free, A=archive, TAMS=top-at-mark-start (previous, next)
|   0|0x0000000080000000, 0x0000000080100000, 0x0000000080100000|100%| O|  |TAMS 0x0000000080100000, 0x0000000080000000| Untracked 
|   1|0x0000000080100000, 0x0000000080200000, 0x0000000080200000|100%| O|  |TAMS 0x0000000080200000, 0x0000000080100000| Untracked 
|   2|0x0000000080200000, 0x0000000080300000, 0x0000000080300000|100%| O|  |TAMS 0x0000000080300000, 0x0000000080200000| Untracked 
|   3|0x0000000080300000, 0x0000000080400000, 0x0000000080400000|100%|HS|  |TAMS 0x0000000080400000, 0x0000000080300000| Complete 
|   4|0x0000000080400000, 0x0000000080500000, 0x0000000080500000|100%|HC|  |TAMS 0x0000000080500000, 0x0000000080400000| Complete 
|   5|0x0000000080500000, 0x0000000080600000, 0x0000000080600000|100%|HC|  |TAMS 0x0000000080600000, 0x0000000080500000| Complete 
|   6|0x0000000080600000, 0x0000000080700000, 0x0000000080700000|100%| O|  |TAMS 0x0000000080700000, 0x0000000080600000| Untracked 
|   7|0x0000000080700000, 0x0000000080800000, 0x0000000080800000|100%| O|  |TAMS 0x0000000080800000, 0x0000000080700000| Untracked 
|   8|0x0000000080800000, 0x0000000080900000, 0x0000000080900000|100%| O|  |TAMS 0x0000000080900000, 0x0000000080800000| Untracked 
|   9|0x0000000080900000, 0x0000000080a00000, 0x0000000080a00000|100%| O|  |TAMS 0x0000000080a00000, 0x0000000080900000| Untracked 
|  10|0x0000000080a00000, 0x0000000080b00000, 0x0000000080b00000|100%| O|  |TAMS 0x0000000080b00000, 0x0000000080a00000| Untracked 
|  11|0x0000000080b00000, 0x0000000080c00000, 0x0000000080c00000|100%| O|  |TAMS 0x0000000080c00000, 0x0000000080b00000| Untracked 
|  12|0x0000000080c00000, 0x0000000080d00000, 0x0000000080d00000|100%| O|  |TAMS 0x0000000080d00000, 0x0000000080c00000| Untracked 
|  13|0x0000000080d00000, 0x0000000080e00000, 0x0000000080e00000|100%| O|  |TAMS 0x0000000080e00000, 0x0000000080d00000| Untracked 
|  14|0x0000000080e00000, 0x0000000080f00000, 0x0000000080f00000|100%| O|  |TAMS 0x0000000080f00000, 0x0000000080e00000| Untracked 
|  15|0x0000000080f00000, 0x0000000081000000, 0x0000000081000000|100%| O|  |TAMS 0x0000000081000000, 0x0000000080f00000| Untracked 
|  16|0x0000000081000000, 0x0000000081100000, 0x0000000081100000|100%|HS|  |TAMS 0x0000000081100000, 0x0000000081000000| Complete 
|  17|0x0000000081100000, 0x0000000081200000, 0x0000000081200000|100%|HS|  |TAMS 0x0000000081200000, 0x0000000081100000| Complete 
|  18|0x0000000081200000, 0x0000000081300000, 0x0000000081300000|100%| O|  |TAMS 0x0000000081300000, 0x0000000081200000| Untracked 
|  19|0x0000000081300000, 0x0000000081400000, 0x0000000081400000|100%| O|  |TAMS 0x0000000081400000, 0x0000000081300000| Untracked 
|  20|0x0000000081400000, 0x0000000081500000, 0x0000000081500000|100%| O|  |TAMS 0x0000000081500000, 0x0000000081400000| Untracked 
|  21|0x0000000081500000, 0x0000000081600000, 0x0000000081600000|100%| O|  |TAMS 0x0000000081600000, 0x0000000081500000| Untracked 
|  22|0x0000000081600000, 0x0000000081700000, 0x0000000081700000|100%| O|  |TAMS 0x0000000081700000, 0x0000000081600000| Untracked 
|  23|0x0000000081700000, 0x0000000081800000, 0x0000000081800000|100%|HS|  |TAMS 0x0000000081800000, 0x0000000081700000| Complete 
|  24|0x0000000081800000, 0x0000000081900000, 0x0000000081900000|100%|HC|  |TAMS 0x0000000081900000, 0x0000000081800000| Complete 
|  25|0x0000000081900000, 0x0000000081a00000, 0x0000000081a00000|100%| O|  |TAMS 0x0000000081a00000, 0x0000000081900000| Untracked 
|  26|0x0000000081a00000, 0x0000000081b00000, 0x0000000081b00000|100%| O|  |TAMS 0x0000000081b00000, 0x0000000081a00000| Untracked 
|  27|0x0000000081b00000, 0x0000000081c00000, 0x0000000081c00000|100%| O|  |TAMS 0x0000000081c00000, 0x0000000081b00000| Untracked 
|  28|0x0000000081c00000, 0x0000000081d00000, 0x0000000081d00000|100%| O|  |TAMS 0x0000000081d00000, 0x0000000081c00000| Untracked 
|  29|0x0000000081d00000, 0x0000000081e00000, 0x0000000081e00000|100%| O|  |TAMS 0x0000000081e00000, 0x0000000081d00000| Untracked 
|  30|0x0000000081e00000, 0x0000000081f00000, 0x0000000081f00000|100%| O|  |TAMS 0x0000000081f00000, 0x0000000081e00000| Untracked 
|  31|0x0000000081f00000, 0x0000000082000000, 0x0000000082000000|100%| O|  |TAMS 0x0000000082000000, 0x0000000081f00000| Untracked 
|  32|0x0000000082000000, 0x0000000082100000, 0x0000000082100000|100%| O|  |TAMS 0x0000000082100000, 0x0000000082000000| Untracked 
|  33|0x0000000082100000, 0x0000000082200000, 0x0000000082200000|100%| O|  |TAMS 0x0000000082200000, 0x0000000082100000| Untracked 
|  34|0x0000000082200000, 0x0000000082300000, 0x0000000082300000|100%| O|  |TAMS 0x0000000082300000, 0x0000000082200000| Untracked 
|  35|0x0000000082300000, 0x0000000082400000, 0x0000000082400000|100%| O|  |TAMS 0x0000000082400000, 0x0000000082300000| Untracked 
|  36|0x0000000082400000, 0x0000000082500000, 0x0000000082500000|100%| O|  |TAMS 0x0000000082500000, 0x0000000082400000| Untracked 
|  37|0x0000000082500000, 0x0000000082600000, 0x0000000082600000|100%| O|  |TAMS 0x0000000082600000, 0x0000000082500000| Untracked 
|  38|0x0000000082600000, 0x0000000082700000, 0x0000000082700000|100%| O|  |TAMS 0x0000000082700000, 0x0000000082600000| Untracked 
|  39|0x0000000082700000, 0x0000000082800000, 0x0000000082800000|100%| O|  |TAMS 0x0000000082800000, 0x0000000082700000| Untracked 
|  40|0x0000000082800000, 0x0000000082900000, 0x0000000082900000|100%| O|  |TAMS 0x0000000082900000, 0x0000000082800000| Untracked 
|  41|0x0000000082900000, 0x0000000082a00000, 0x0000000082a00000|100%| O|  |TAMS 0x0000000082a00000, 0x0000000082900000| Untracked 
|  42|0x0000000082a00000, 0x0000000082b00000, 0x0000000082b00000|100%| O|  |TAMS 0x0000000082b00000, 0x0000000082a00000| Untracked 
|  43|0x0000000082b00000, 0x0000000082c00000, 0x0000000082c00000|100%| O|  |TAMS 0x0000000082bc7a00, 0x0000000082b00000| Untracked 
|  44|0x0000000082c00000, 0x0000000082d00000, 0x0000000082d00000|100%| O|  |TAMS 0x0000000082c00000, 0x0000000082c00000| Untracked 
|  45|0x0000000082d00000, 0x0000000082e00000, 0x0000000082e00000|100%| O|  |TAMS 0x0000000082d00000, 0x0000000082d00000| Untracked 
|  46|0x0000000082e00000, 0x0000000082f00000, 0x0000000082f00000|100%| O|  |TAMS 0x0000000082e00000, 0x0000000082e00000| Untracked 
|  47|0x0000000082f00000, 0x0000000083000000, 0x0000000083000000|100%| O|  |TAMS 0x0000000082f00000, 0x0000000082f00000| Untracked 
|  48|0x0000000083000000, 0x0000000083100000, 0x0000000083100000|100%| O|  |TAMS 0x0000000083000000, 0x0000000083000000| Untracked 
|  49|0x0000000083100000, 0x0000000083200000, 0x0000000083200000|100%| O|  |TAMS 0x0000000083100000, 0x0000000083100000| Untracked 
|  50|0x0000000083200000, 0x0000000083300000, 0x0000000083300000|100%| O|  |TAMS 0x0000000083200000, 0x0000000083200000| Untracked 
|  51|0x0000000083300000, 0x0000000083400000, 0x0000000083400000|100%| O|  |TAMS 0x0000000083300000, 0x0000000083300000| Untracked 
|  52|0x0000000083400000, 0x0000000083500000, 0x0000000083500000|100%| O|  |TAMS 0x0000000083400000, 0x0000000083400000| Untracked 
|  53|0x0000000083500000, 0x00000000835c1e00, 0x0000000083600000| 75%| O|  |TAMS 0x0000000083500000, 0x0000000083500000| Untracked 
|  54|0x0000000083600000, 0x0000000083600000, 0x0000000083700000|  0%| F|  |TAMS 0x0000000083600000, 0x0000000083600000| Untracked 
|  55|0x0000000083700000, 0x0000000083700000, 0x0000000083800000|  0%| F|  |TAMS 0x0000000083700000, 0x0000000083700000| Untracked 
|  56|0x0000000083800000, 0x0000000083800000, 0x0000000083900000|  0%| F|  |TAMS 0x0000000083800000, 0x0000000083800000| Untracked 
|  57|0x0000000083900000, 0x0000000083900000, 0x0000000083a00000|  0%| F|  |TAMS 0x0000000083900000, 0x0000000083900000| Untracked 
|  58|0x0000000083a00000, 0x0000000083a00000, 0x0000000083b00000|  0%| F|  |TAMS 0x0000000083a00000, 0x0000000083a00000| Untracked 
|  59|0x0000000083b00000, 0x0000000083b00000, 0x0000000083c00000|  0%| F|  |TAMS 0x0000000083b00000, 0x0000000083b00000| Untracked 
|  60|0x0000000083c00000, 0x0000000083c00000, 0x0000000083d00000|  0%| F|  |TAMS 0x0000000083c00000, 0x0000000083c00000| Untracked 
|  61|0x0000000083d00000, 0x0000000083d00000, 0x0000000083e00000|  0%| F|  |TAMS 0x0000000083d00000, 0x0000000083d00000| Untracked 
|  62|0x0000000083e00000, 0x0000000083e00000, 0x0000000083f00000|  0%| F|  |TAMS 0x0000000083e00000, 0x0000000083e00000| Untracked 
|  63|0x0000000083f00000, 0x0000000083f00000, 0x0000000084000000|  0%| F|  |TAMS 0x0000000083f00000, 0x0000000083f00000| Untracked 
|  64|0x0000000084000000, 0x0000000084000000, 0x0000000084100000|  0%| F|  |TAMS 0x0000000084000000, 0x0000000084000000| Untracked 
|  65|0x0000000084100000, 0x0000000084100000, 0x0000000084200000|  0%| F|  |TAMS 0x0000000084100000, 0x0000000084100000| Untracked 
|  66|0x0000000084200000, 0x0000000084200000, 0x0000000084300000|  0%| F|  |TAMS 0x0000000084200000, 0x0000000084200000| Untracked 
|  67|0x0000000084300000, 0x0000000084300000, 0x0000000084400000|  0%| F|  |TAMS 0x0000000084300000, 0x0000000084300000| Untracked 
|  68|0x0000000084400000, 0x0000000084400000, 0x0000000084500000|  0%| F|  |TAMS 0x0000000084400000, 0x0000000084400000| Untracked 
|  69|0x0000000084500000, 0x0000000084500000, 0x0000000084600000|  0%| F|  |TAMS 0x0000000084500000, 0x0000000084500000| Untracked 
|  70|0x0000000084600000, 0x0000000084600000, 0x0000000084700000|  0%| F|  |TAMS 0x0000000084600000, 0x0000000084600000| Untracked 
|  71|0x0000000084700000, 0x0000000084700000, 0x0000000084800000|  0%| F|  |TAMS 0x0000000084700000, 0x0000000084700000| Untracked 
|  72|0x0000000084800000, 0x0000000084800000, 0x0000000084900000|  0%| F|  |TAMS 0x0000000084800000, 0x0000000084800000| Untracked 
|  73|0x0000000084900000, 0x0000000084900000, 0x0000000084a00000|  0%| F|  |TAMS 0x0000000084900000, 0x0000000084900000| Untracked 
|  74|0x0000000084a00000, 0x0000000084a00000, 0x0000000084b00000|  0%| F|  |TAMS 0x0000000084a00000, 0x0000000084a00000| Untracked 
|  75|0x0000000084b00000, 0x0000000084b00000, 0x0000000084c00000|  0%| F|  |TAMS 0x0000000084b00000, 0x0000000084b00000| Untracked 
|  76|0x0000000084c00000, 0x0000000084c00000, 0x0000000084d00000|  0%| F|  |TAMS 0x0000000084c00000, 0x0000000084c00000| Untracked 
|  77|0x0000000084d00000, 0x0000000084d00000, 0x0000000084e00000|  0%| F|  |TAMS 0x0000000084d00000, 0x0000000084d00000| Untracked 
|  78|0x0000000084e00000, 0x0000000084e00000, 0x0000000084f00000|  0%| F|  |TAMS 0x0000000084e00000, 0x0000000084e00000| Untracked 
|  79|0x0000000084f00000, 0x0000000084f00000, 0x0000000085000000|  0%| F|  |TAMS 0x0000000084f00000, 0x0000000084f00000| Untracked 
|  80|0x0000000085000000, 0x0000000085000000, 0x0000000085100000|  0%| F|  |TAMS 0x0000000085000000, 0x0000000085000000| Untracked 
|  81|0x0000000085100000, 0x0000000085100000, 0x0000000085200000|  0%| F|  |TAMS 0x0000000085100000, 0x0000000085100000| Untracked 
|  82|0x0000000085200000, 0x0000000085200000, 0x0000000085300000|  0%| F|  |TAMS 0x0000000085200000, 0x0000000085200000| Untracked 
|  83|0x0000000085300000, 0x0000000085300000, 0x0000000085400000|  0%| F|  |TAMS 0x0000000085300000, 0x0000000085300000| Untracked 
|  84|0x0000000085400000, 0x0000000085400000, 0x0000000085500000|  0%| F|  |TAMS 0x0000000085400000, 0x0000000085400000| Untracked 
|  85|0x0000000085500000, 0x0000000085500000, 0x0000000085600000|  0%| F|  |TAMS 0x0000000085500000, 0x0000000085500000| Untracked 
|  86|0x0000000085600000, 0x0000000085600000, 0x0000000085700000|  0%| F|  |TAMS 0x0000000085600000, 0x0000000085600000| Untracked 
|  87|0x0000000085700000, 0x0000000085700000, 0x0000000085800000|  0%| F|  |TAMS 0x0000000085700000, 0x0000000085700000| Untracked 
|  88|0x0000000085800000, 0x0000000085800000, 0x0000000085900000|  0%| F|  |TAMS 0x0000000085800000, 0x0000000085800000| Untracked 
|  89|0x0000000085900000, 0x0000000085900000, 0x0000000085a00000|  0%| F|  |TAMS 0x0000000085900000, 0x0000000085900000| Untracked 
|  90|0x0000000085a00000, 0x0000000085a00000, 0x0000000085b00000|  0%| F|  |TAMS 0x0000000085a00000, 0x0000000085a00000| Untracked 
|  91|0x0000000085b00000, 0x0000000085b00000, 0x0000000085c00000|  0%| F|  |TAMS 0x0000000085b00000, 0x0000000085b00000| Untracked 
|  92|0x0000000085c00000, 0x0000000085c00000, 0x0000000085d00000|  0%| F|  |TAMS 0x0000000085c00000, 0x0000000085c00000| Untracked 
|  93|0x0000000085d00000, 0x0000000085d00000, 0x0000000085e00000|  0%| F|  |TAMS 0x0000000085d00000, 0x0000000085d00000| Untracked 
|  94|0x0000000085e00000, 0x0000000085e00000, 0x0000000085f00000|  0%| F|  |TAMS 0x0000000085e00000, 0x0000000085e00000| Untracked 
|  95|0x0000000085f00000, 0x0000000085f00000, 0x0000000086000000|  0%| F|  |TAMS 0x0000000085f00000, 0x0000000085f00000| Untracked 
|  96|0x0000000086000000, 0x0000000086000000, 0x0000000086100000|  0%| F|  |TAMS 0x0000000086000000, 0x0000000086000000| Untracked 
|  97|0x0000000086100000, 0x0000000086100000, 0x0000000086200000|  0%| F|  |TAMS 0x0000000086100000, 0x0000000086100000| Untracked 
|  98|0x0000000086200000, 0x0000000086200000, 0x0000000086300000|  0%| F|  |TAMS 0x0000000086200000, 0x0000000086200000| Untracked 
|  99|0x0000000086300000, 0x0000000086300000, 0x0000000086400000|  0%| F|  |TAMS 0x0000000086300000, 0x0000000086300000| Untracked 
| 100|0x0000000086400000, 0x0000000086400000, 0x0000000086500000|  0%| F|  |TAMS 0x0000000086400000, 0x0000000086400000| Untracked 
| 101|0x0000000086500000, 0x0000000086600000, 0x0000000086600000|100%| S|CS|TAMS 0x0000000086500000, 0x0000000086500000| Complete 
| 102|0x0000000086600000, 0x0000000086700000, 0x0000000086700000|100%| S|CS|TAMS 0x0000000086600000, 0x0000000086600000| Complete 
| 103|0x0000000086700000, 0x0000000086800000, 0x0000000086800000|100%| S|CS|TAMS 0x0000000086700000, 0x0000000086700000| Complete 
| 104|0x0000000086800000, 0x0000000086900000, 0x0000000086900000|100%| S|CS|TAMS 0x0000000086800000, 0x0000000086800000| Complete 
| 105|0x0000000086900000, 0x0000000086a00000, 0x0000000086a00000|100%| S|CS|TAMS 0x0000000086900000, 0x0000000086900000| Complete 
| 106|0x0000000086a00000, 0x0000000086b00000, 0x0000000086b00000|100%| S|CS|TAMS 0x0000000086a00000, 0x0000000086a00000| Complete 
| 107|0x0000000086b00000, 0x0000000086b00000, 0x0000000086c00000|  0%| F|  |TAMS 0x0000000086b00000, 0x0000000086b00000| Untracked 
| 108|0x0000000086c00000, 0x0000000086c00000, 0x0000000086d00000|  0%| F|  |TAMS 0x0000000086c00000, 0x0000000086c00000| Untracked 
| 109|0x0000000086d00000, 0x0000000086d00000, 0x0000000086e00000|  0%| F|  |TAMS 0x0000000086d00000, 0x0000000086d00000| Untracked 
| 110|0x0000000086e00000, 0x0000000086e00000, 0x0000000086f00000|  0%| F|  |TAMS 0x0000000086e00000, 0x0000000086e00000| Untracked 
| 111|0x0000000086f00000, 0x0000000086f00000, 0x0000000087000000|  0%| F|  |TAMS 0x0000000086f00000, 0x0000000086f00000| Untracked 
| 112|0x0000000087000000, 0x0000000087100000, 0x0000000087100000|100%| S|CS|TAMS 0x0000000087000000, 0x0000000087000000| Complete 
| 113|0x0000000087100000, 0x0000000087200000, 0x0000000087200000|100%| S|CS|TAMS 0x0000000087100000, 0x0000000087100000| Complete 
| 114|0x0000000087200000, 0x0000000087300000, 0x0000000087300000|100%| S|CS|TAMS 0x0000000087200000, 0x0000000087200000| Complete 
| 115|0x0000000087300000, 0x0000000087300000, 0x0000000087400000|  0%| F|  |TAMS 0x0000000087300000, 0x0000000087300000| Untracked 
| 116|0x0000000087400000, 0x0000000087400000, 0x0000000087500000|  0%| F|  |TAMS 0x0000000087400000, 0x0000000087400000| Untracked 
| 117|0x0000000087500000, 0x0000000087500000, 0x0000000087600000|  0%| F|  |TAMS 0x0000000087500000, 0x0000000087500000| Untracked 
| 118|0x0000000087600000, 0x0000000087600000, 0x0000000087700000|  0%| F|  |TAMS 0x0000000087600000, 0x0000000087600000| Untracked 
| 119|0x0000000087700000, 0x0000000087700000, 0x0000000087800000|  0%| F|  |TAMS 0x0000000087700000, 0x0000000087700000| Untracked 
| 120|0x0000000087800000, 0x0000000087800000, 0x0000000087900000|  0%| F|  |TAMS 0x0000000087800000, 0x0000000087800000| Untracked 
| 121|0x0000000087900000, 0x0000000087900000, 0x0000000087a00000|  0%| F|  |TAMS 0x0000000087900000, 0x0000000087900000| Untracked 
| 122|0x0000000087a00000, 0x0000000087a00000, 0x0000000087b00000|  0%| F|  |TAMS 0x0000000087a00000, 0x0000000087a00000| Untracked 
| 123|0x0000000087b00000, 0x0000000087b00000, 0x0000000087c00000|  0%| F|  |TAMS 0x0000000087b00000, 0x0000000087b00000| Untracked 
| 124|0x0000000087c00000, 0x0000000087c00000, 0x0000000087d00000|  0%| F|  |TAMS 0x0000000087c00000, 0x0000000087c00000| Untracked 
| 125|0x0000000087d00000, 0x0000000087d00000, 0x0000000087e00000|  0%| F|  |TAMS 0x0000000087d00000, 0x0000000087d00000| Untracked 
| 126|0x0000000087e00000, 0x0000000087e00000, 0x0000000087f00000|  0%| F|  |TAMS 0x0000000087e00000, 0x0000000087e00000| Untracked 
| 127|0x0000000087f00000, 0x0000000087f00000, 0x0000000088000000|  0%| F|  |TAMS 0x0000000087f00000, 0x0000000087f00000| Untracked 
| 128|0x0000000088000000, 0x0000000088000000, 0x0000000088100000|  0%| F|  |TAMS 0x0000000088000000, 0x0000000088000000| Untracked 
| 129|0x0000000088100000, 0x0000000088100000, 0x0000000088200000|  0%| F|  |TAMS 0x0000000088100000, 0x0000000088100000| Untracked 
| 130|0x0000000088200000, 0x0000000088200000, 0x0000000088300000|  0%| F|  |TAMS 0x0000000088200000, 0x0000000088200000| Untracked 
| 131|0x0000000088300000, 0x0000000088300000, 0x0000000088400000|  0%| F|  |TAMS 0x0000000088300000, 0x0000000088300000| Untracked 
| 132|0x0000000088400000, 0x0000000088400000, 0x0000000088500000|  0%| F|  |TAMS 0x0000000088400000, 0x0000000088400000| Untracked 
| 133|0x0000000088500000, 0x0000000088500000, 0x0000000088600000|  0%| F|  |TAMS 0x0000000088500000, 0x0000000088500000| Untracked 
| 134|0x0000000088600000, 0x0000000088600000, 0x0000000088700000|  0%| F|  |TAMS 0x0000000088600000, 0x0000000088600000| Untracked 
| 135|0x0000000088700000, 0x0000000088700000, 0x0000000088800000|  0%| F|  |TAMS 0x0000000088700000, 0x0000000088700000| Untracked 
| 136|0x0000000088800000, 0x0000000088800000, 0x0000000088900000|  0%| F|  |TAMS 0x0000000088800000, 0x0000000088800000| Untracked 
| 137|0x0000000088900000, 0x0000000088900000, 0x0000000088a00000|  0%| F|  |TAMS 0x0000000088900000, 0x0000000088900000| Untracked 
| 138|0x0000000088a00000, 0x0000000088a00000, 0x0000000088b00000|  0%| F|  |TAMS 0x0000000088a00000, 0x0000000088a00000| Untracked 
| 139|0x0000000088b00000, 0x0000000088b00000, 0x0000000088c00000|  0%| F|  |TAMS 0x0000000088b00000, 0x0000000088b00000| Untracked 
| 140|0x0000000088c00000, 0x0000000088c00000, 0x0000000088d00000|  0%| F|  |TAMS 0x0000000088c00000, 0x0000000088c00000| Untracked 
| 141|0x0000000088d00000, 0x0000000088d00000, 0x0000000088e00000|  0%| F|  |TAMS 0x0000000088d00000, 0x0000000088d00000| Untracked 
| 142|0x0000000088e00000, 0x0000000088e00000, 0x0000000088f00000|  0%| F|  |TAMS 0x0000000088e00000, 0x0000000088e00000| Untracked 
| 143|0x0000000088f00000, 0x0000000088f00000, 0x0000000089000000|  0%| F|  |TAMS 0x0000000088f00000, 0x0000000088f00000| Untracked 
| 144|0x0000000089000000, 0x0000000089000000, 0x0000000089100000|  0%| F|  |TAMS 0x0000000089000000, 0x0000000089000000| Untracked 
| 145|0x0000000089100000, 0x0000000089100000, 0x0000000089200000|  0%| F|  |TAMS 0x0000000089100000, 0x0000000089100000| Untracked 
| 146|0x0000000089200000, 0x0000000089200000, 0x0000000089300000|  0%| F|  |TAMS 0x0000000089200000, 0x0000000089200000| Untracked 
| 147|0x0000000089300000, 0x0000000089300000, 0x0000000089400000|  0%| F|  |TAMS 0x0000000089300000, 0x0000000089300000| Untracked 
| 148|0x0000000089400000, 0x0000000089400000, 0x0000000089500000|  0%| F|  |TAMS 0x0000000089400000, 0x0000000089400000| Untracked 
| 149|0x0000000089500000, 0x0000000089500000, 0x0000000089600000|  0%| F|  |TAMS 0x0000000089500000, 0x0000000089500000| Untracked 
| 150|0x0000000089600000, 0x0000000089600000, 0x0000000089700000|  0%| F|  |TAMS 0x0000000089600000, 0x0000000089600000| Untracked 
| 151|0x0000000089700000, 0x0000000089700000, 0x0000000089800000|  0%| F|  |TAMS 0x0000000089700000, 0x0000000089700000| Untracked 
| 152|0x0000000089800000, 0x0000000089800000, 0x0000000089900000|  0%| F|  |TAMS 0x0000000089800000, 0x0000000089800000| Untracked 
| 153|0x0000000089900000, 0x0000000089900000, 0x0000000089a00000|  0%| F|  |TAMS 0x0000000089900000, 0x0000000089900000| Untracked 
| 154|0x0000000089a00000, 0x0000000089a00000, 0x0000000089b00000|  0%| F|  |TAMS 0x0000000089a00000, 0x0000000089a00000| Untracked 
| 155|0x0000000089b00000, 0x0000000089b00000, 0x0000000089c00000|  0%| F|  |TAMS 0x0000000089b00000, 0x0000000089b00000| Untracked 
| 156|0x0000000089c00000, 0x0000000089c00000, 0x0000000089d00000|  0%| F|  |TAMS 0x0000000089c00000, 0x0000000089c00000| Untracked 
| 157|0x0000000089d00000, 0x0000000089d00000, 0x0000000089e00000|  0%| F|  |TAMS 0x0000000089d00000, 0x0000000089d00000| Untracked 
| 158|0x0000000089e00000, 0x0000000089e00000, 0x0000000089f00000|  0%| F|  |TAMS 0x0000000089e00000, 0x0000000089e00000| Untracked 
| 159|0x0000000089f00000, 0x0000000089f00000, 0x000000008a000000|  0%| F|  |TAMS 0x0000000089f00000, 0x0000000089f00000| Untracked 
| 160|0x000000008a000000, 0x000000008a000000, 0x000000008a100000|  0%| F|  |TAMS 0x000000008a000000, 0x000000008a000000| Untracked 
| 161|0x000000008a100000, 0x000000008a100000, 0x000000008a200000|  0%| F|  |TAMS 0x000000008a100000, 0x000000008a100000| Untracked 
| 162|0x000000008a200000, 0x000000008a200000, 0x000000008a300000|  0%| F|  |TAMS 0x000000008a200000, 0x000000008a200000| Untracked 
| 163|0x000000008a300000, 0x000000008a300000, 0x000000008a400000|  0%| F|  |TAMS 0x000000008a300000, 0x000000008a300000| Untracked 
| 164|0x000000008a400000, 0x000000008a400000, 0x000000008a500000|  0%| F|  |TAMS 0x000000008a400000, 0x000000008a400000| Untracked 
| 165|0x000000008a500000, 0x000000008a500000, 0x000000008a600000|  0%| F|  |TAMS 0x000000008a500000, 0x000000008a500000| Untracked 
| 166|0x000000008a600000, 0x000000008a600000, 0x000000008a700000|  0%| F|  |TAMS 0x000000008a600000, 0x000000008a600000| Untracked 
| 167|0x000000008a700000, 0x000000008a700000, 0x000000008a800000|  0%| F|  |TAMS 0x000000008a700000, 0x000000008a700000| Untracked 
| 168|0x000000008a800000, 0x000000008a800000, 0x000000008a900000|  0%| F|  |TAMS 0x000000008a800000, 0x000000008a800000| Untracked 
| 169|0x000000008a900000, 0x000000008a900000, 0x000000008aa00000|  0%| F|  |TAMS 0x000000008a900000, 0x000000008a900000| Untracked 
| 170|0x000000008aa00000, 0x000000008aa00000, 0x000000008ab00000|  0%| F|  |TAMS 0x000000008aa00000, 0x000000008aa00000| Untracked 
| 171|0x000000008ab00000, 0x000000008ab00000, 0x000000008ac00000|  0%| F|  |TAMS 0x000000008ab00000, 0x000000008ab00000| Untracked 
| 172|0x000000008ac00000, 0x000000008ac00000, 0x000000008ad00000|  0%| F|  |TAMS 0x000000008ac00000, 0x000000008ac00000| Untracked 
| 173|0x000000008ad00000, 0x000000008ae00000, 0x000000008ae00000|100%| E|  |TAMS 0x000000008ad00000, 0x000000008ad00000| Complete 
| 174|0x000000008ae00000, 0x000000008af00000, 0x000000008af00000|100%| E|CS|TAMS 0x000000008ae00000, 0x000000008ae00000| Complete 
| 175|0x000000008af00000, 0x000000008b000000, 0x000000008b000000|100%| E|CS|TAMS 0x000000008af00000, 0x000000008af00000| Complete 
| 176|0x000000008b000000, 0x000000008b100000, 0x000000008b100000|100%| E|CS|TAMS 0x000000008b000000, 0x000000008b000000| Complete 
| 177|0x000000008b100000, 0x000000008b200000, 0x000000008b200000|100%| E|CS|TAMS 0x000000008b100000, 0x000000008b100000| Complete 
| 178|0x000000008b200000, 0x000000008b300000, 0x000000008b300000|100%| E|CS|TAMS 0x000000008b200000, 0x000000008b200000| Complete 
| 179|0x000000008b300000, 0x000000008b400000, 0x000000008b400000|100%| E|CS|TAMS 0x000000008b300000, 0x000000008b300000| Complete 
| 180|0x000000008b400000, 0x000000008b500000, 0x000000008b500000|100%| E|CS|TAMS 0x000000008b400000, 0x000000008b400000| Complete 
| 181|0x000000008b500000, 0x000000008b600000, 0x000000008b600000|100%| E|CS|TAMS 0x000000008b500000, 0x000000008b500000| Complete 
| 182|0x000000008b600000, 0x000000008b700000, 0x000000008b700000|100%| E|CS|TAMS 0x000000008b600000, 0x000000008b600000| Complete 
| 183|0x000000008b700000, 0x000000008b800000, 0x000000008b800000|100%| E|CS|TAMS 0x000000008b700000, 0x000000008b700000| Complete 
| 184|0x000000008b800000, 0x000000008b900000, 0x000000008b900000|100%| E|CS|TAMS 0x000000008b800000, 0x000000008b800000| Complete 

Card table byte_map: [0x0000025c21950000,0x0000025c21d50000] _byte_map_base: 0x0000025c21550000

Marking Bits (Prev, Next): (CMBitMap*) 0x0000025c0eaad3f8, (CMBitMap*) 0x0000025c0eaad430
 Prev Bits: [0x0000025c22150000, 0x0000025c24150000)
 Next Bits: [0x0000025c24150000, 0x0000025c26150000)

Polling page: 0x0000025c0c7e0000

Metaspace:

Usage:
  Non-class:     69.56 MB capacity,    68.27 MB ( 98%) used,     1.07 MB (  2%) free+waste,   220.56 KB ( <1%) overhead. 
      Class:     10.94 MB capacity,    10.20 MB ( 93%) used,   660.60 KB (  6%) free+waste,   101.63 KB ( <1%) overhead. 
       Both:     80.50 MB capacity,    78.46 MB ( 97%) used,     1.72 MB (  2%) free+waste,   322.19 KB ( <1%) overhead. 

Virtual space:
  Non-class space:       70.00 MB reserved,      69.75 MB (>99%) committed 
      Class space:        1.00 GB reserved,      11.00 MB (  1%) committed 
             Both:        1.07 GB reserved,      80.75 MB (  7%) committed 

Chunk freelists:
   Non-Class:  5.00 KB
       Class:  0 bytes
        Both:  5.00 KB

MaxMetaspaceSize: 17179869184.00 GB
CompressedClassSpaceSize: 1.00 GB

CodeHeap 'non-profiled nmethods': size=120064Kb used=4523Kb max_used=4523Kb free=115541Kb
 bounds [0x0000025c1a010000, 0x0000025c1a480000, 0x0000025c21550000]
CodeHeap 'profiled nmethods': size=120000Kb used=18174Kb max_used=18174Kb free=101825Kb
 bounds [0x0000025c12ae0000, 0x0000025c13ca0000, 0x0000025c1a010000]
CodeHeap 'non-nmethods': size=5696Kb used=2271Kb max_used=2313Kb free=3424Kb
 bounds [0x0000025c12550000, 0x0000025c127c0000, 0x0000025c12ae0000]
 total_blobs=9372 nmethods=8502 adapters=781
 compilation: enabled
              stopped_count=0, restarted_count=0
 full_count=0

Compilation events (20 events):
Event: 21.951 Thread 0x0000025c28669000 nmethod 8582 0x0000025c1a479110 code [0x0000025c1a4792c0, 0x0000025c1a479358]
Event: 21.951 Thread 0x0000025c28669000 8583       3       org.gradle.api.internal.cache.StringInterner::intern (20 bytes)
Event: 21.951 Thread 0x0000025c28669000 nmethod 8583 0x0000025c13c81c90 code [0x0000025c13c81e60, 0x0000025c13c82168]
Event: 21.952 Thread 0x0000025c28669000 8584       3       com.google.common.collect.MapMakerInternalMap$WeakKeyDummyValueSegment::self (5 bytes)
Event: 21.952 Thread 0x0000025c28669000 nmethod 8584 0x0000025c13c82290 code [0x0000025c13c82440, 0x0000025c13c82598]
Event: 21.952 Thread 0x0000025c28669000 8585       3       com.google.common.collect.Interners$InternerImpl::intern (50 bytes)
Event: 21.953 Thread 0x0000025c28669000 nmethod 8585 0x0000025c13c82690 code [0x0000025c13c82960, 0x0000025c13c83778]
Event: 21.953 Thread 0x0000025c28669000 8587       3       java.io.ObjectInputStream$BlockDataInputStream::readUTFBody (192 bytes)
Event: 21.955 Thread 0x0000025c28669000 nmethod 8587 0x0000025c13c83c90 code [0x0000025c13c83f40, 0x0000025c13c84cb8]
Event: 21.955 Thread 0x0000025c28669000 8586       3       java.io.ObjectInputStream$BlockDataInputStream::readUnsignedShort (76 bytes)
Event: 21.955 Thread 0x0000025c28669000 nmethod 8586 0x0000025c13c85110 code [0x0000025c13c85300, 0x0000025c13c855f8]
Event: 21.955 Thread 0x0000025c28669000 8588       1       java.io.SerialCallbackContext::getDesc (5 bytes)
Event: 21.955 Thread 0x0000025c28669000 nmethod 8588 0x0000025c1a479410 code [0x0000025c1a4795c0, 0x0000025c1a479678]
Event: 21.955 Thread 0x0000025c28669000 8589       3       java.io.ObjectInputStream$HandleTable::lookupException (29 bytes)
Event: 21.955 Thread 0x0000025c28669000 nmethod 8589 0x0000025c13c85790 code [0x0000025c13c85960, 0x0000025c13c85c38]
Event: 21.956 Thread 0x0000025c28669000 8590       1       org.gradle.api.internal.tasks.execution.DefaultTaskExecutionContext::getTaskProperties (5 bytes)
Event: 21.956 Thread 0x0000025c28669000 nmethod 8590 0x0000025c1a479710 code [0x0000025c1a4798c0, 0x0000025c1a479978]
Event: 21.956 Thread 0x0000025c28669000 8591       3       org.gradle.api.internal.file.CompositeFileCollection$$Lambda$654/0x000000010094a440::accept (12 bytes)
Event: 21.956 Thread 0x0000025c28669000 nmethod 8591 0x0000025c13c85d90 code [0x0000025c13c85f60, 0x0000025c13c86288]
Event: 21.956 Thread 0x0000025c28669000 8592   !   3       java.io.ObjectInputStream::readObject0 (671 bytes)

GC Heap History (20 events):
Event: 4.767 GC heap before
{Heap before GC invocations=5 (full 0):
 garbage-first heap   total 131072K, used 84985K [0x0000000080000000, 0x0000000100000000)
  region size 1024K, 76 young (77824K), 9 survivors (9216K)
 Metaspace       used 27033K, capacity 27673K, committed 27904K, reserved 1073152K
  class space    used 3573K, capacity 3825K, committed 3840K, reserved 1048576K
}
Event: 4.780 GC heap after
{Heap after GC invocations=6 (full 0):
 garbage-first heap   total 131072K, used 18836K [0x0000000080000000, 0x0000000100000000)
  region size 1024K, 3 young (3072K), 3 survivors (3072K)
 Metaspace       used 27033K, capacity 27673K, committed 27904K, reserved 1073152K
  class space    used 3573K, capacity 3825K, committed 3840K, reserved 1048576K
}
Event: 5.739 GC heap before
{Heap before GC invocations=6 (full 0):
 garbage-first heap   total 131072K, used 59796K [0x0000000080000000, 0x0000000100000000)
  region size 1024K, 45 young (46080K), 3 survivors (3072K)
 Metaspace       used 35024K, capacity 35802K, committed 35840K, reserved 1081344K
  class space    used 4533K, capacity 4832K, committed 4864K, reserved 1048576K
}
Event: 5.754 GC heap after
{Heap after GC invocations=7 (full 0):
 garbage-first heap   total 157696K, used 21841K [0x0000000080000000, 0x0000000100000000)
  region size 1024K, 6 young (6144K), 6 survivors (6144K)
 Metaspace       used 35024K, capacity 35802K, committed 35840K, reserved 1081344K
  class space    used 4533K, capacity 4832K, committed 4864K, reserved 1048576K
}
Event: 7.145 GC heap before
{Heap before GC invocations=8 (full 0):
 garbage-first heap   total 157696K, used 106833K [0x0000000080000000, 0x0000000100000000)
  region size 1024K, 86 young (88064K), 6 survivors (6144K)
 Metaspace       used 41172K, capacity 42138K, committed 42368K, reserved 1085440K
  class space    used 5325K, capacity 5674K, committed 5760K, reserved 1048576K
}
Event: 7.161 GC heap after
{Heap after GC invocations=9 (full 0):
 garbage-first heap   total 157696K, used 26855K [0x0000000080000000, 0x0000000100000000)
  region size 1024K, 11 young (11264K), 11 survivors (11264K)
 Metaspace       used 41172K, capacity 42138K, committed 42368K, reserved 1085440K
  class space    used 5325K, capacity 5674K, committed 5760K, reserved 1048576K
}
Event: 8.780 GC heap before
{Heap before GC invocations=9 (full 0):
 garbage-first heap   total 157696K, used 110823K [0x0000000080000000, 0x0000000100000000)
  region size 1024K, 92 young (94208K), 11 survivors (11264K)
 Metaspace       used 46963K, capacity 48190K, committed 48512K, reserved 1091584K
  class space    used 5997K, capacity 6430K, committed 6528K, reserved 1048576K
}
Event: 8.804 GC heap after
{Heap after GC invocations=10 (full 0):
 garbage-first heap   total 157696K, used 33394K [0x0000000080000000, 0x0000000100000000)
  region size 1024K, 11 young (11264K), 11 survivors (11264K)
 Metaspace       used 46963K, capacity 48190K, committed 48512K, reserved 1091584K
  class space    used 5997K, capacity 6430K, committed 6528K, reserved 1048576K
}
Event: 10.459 GC heap before
{Heap before GC invocations=10 (full 0):
 garbage-first heap   total 157696K, used 117362K [0x0000000080000000, 0x0000000100000000)
  region size 1024K, 91 young (93184K), 11 survivors (11264K)
 Metaspace       used 57251K, capacity 58751K, committed 58880K, reserved 1099776K
  class space    used 7268K, capacity 7825K, committed 7936K, reserved 1048576K
}
Event: 10.482 GC heap after
{Heap after GC invocations=11 (full 0):
 garbage-first heap   total 157696K, used 44032K [0x0000000080000000, 0x0000000100000000)
  region size 1024K, 12 young (12288K), 12 survivors (12288K)
 Metaspace       used 57251K, capacity 58751K, committed 58880K, reserved 1099776K
  class space    used 7268K, capacity 7825K, committed 7936K, reserved 1048576K
}
Event: 10.662 GC heap before
{Heap before GC invocations=11 (full 0):
 garbage-first heap   total 157696K, used 51200K [0x0000000080000000, 0x0000000100000000)
  region size 1024K, 20 young (20480K), 12 survivors (12288K)
 Metaspace       used 58584K, capacity 60033K, committed 60160K, reserved 1101824K
  class space    used 7423K, capacity 7974K, committed 8064K, reserved 1048576K
}
Event: 10.685 GC heap after
{Heap after GC invocations=12 (full 0):
 garbage-first heap   total 189440K, used 47478K [0x0000000080000000, 0x0000000100000000)
  region size 1024K, 3 young (3072K), 3 survivors (3072K)
 Metaspace       used 58584K, capacity 60033K, committed 60160K, reserved 1101824K
  class space    used 7423K, capacity 7974K, committed 8064K, reserved 1048576K
}
Event: 11.889 GC heap before
{Heap before GC invocations=13 (full 0):
 garbage-first heap   total 189440K, used 105846K [0x0000000080000000, 0x0000000100000000)
  region size 1024K, 60 young (61440K), 3 survivors (3072K)
 Metaspace       used 63160K, capacity 64806K, committed 65024K, reserved 1105920K
  class space    used 8033K, capacity 8611K, committed 8704K, reserved 1048576K
}
Event: 11.909 GC heap after
{Heap after GC invocations=14 (full 0):
 garbage-first heap   total 189440K, used 50797K [0x0000000080000000, 0x0000000100000000)
  region size 1024K, 6 young (6144K), 6 survivors (6144K)
 Metaspace       used 63160K, capacity 64806K, committed 65024K, reserved 1105920K
  class space    used 8033K, capacity 8611K, committed 8704K, reserved 1048576K
}
Event: 13.238 GC heap before
{Heap before GC invocations=15 (full 0):
 garbage-first heap   total 189440K, used 114285K [0x0000000080000000, 0x0000000100000000)
  region size 1024K, 68 young (69632K), 6 survivors (6144K)
 Metaspace       used 67748K, capacity 69270K, committed 69504K, reserved 1110016K
  class space    used 8760K, capacity 9326K, committed 9344K, reserved 1048576K
}
Event: 13.255 GC heap after
{Heap after GC invocations=16 (full 0):
 garbage-first heap   total 189440K, used 55599K [0x0000000080000000, 0x0000000100000000)
  region size 1024K, 5 young (5120K), 5 survivors (5120K)
 Metaspace       used 67748K, capacity 69270K, committed 69504K, reserved 1110016K
  class space    used 8760K, capacity 9326K, committed 9344K, reserved 1048576K
}
Event: 19.786 GC heap before
{Heap before GC invocations=16 (full 0):
 garbage-first heap   total 189440K, used 120111K [0x0000000080000000, 0x0000000100000000)
  region size 1024K, 69 young (70656K), 5 survivors (5120K)
 Metaspace       used 72493K, capacity 74302K, committed 74368K, reserved 1114112K
  class space    used 9427K, capacity 10066K, committed 10112K, reserved 1048576K
}
Event: 19.805 GC heap after
{Heap after GC invocations=17 (full 0):
 garbage-first heap   total 189440K, used 59946K [0x0000000080000000, 0x0000000100000000)
  region size 1024K, 9 young (9216K), 9 survivors (9216K)
 Metaspace       used 72493K, capacity 74302K, committed 74368K, reserved 1114112K
  class space    used 9427K, capacity 10066K, committed 10112K, reserved 1048576K
}
Event: 21.487 GC heap before
{Heap before GC invocations=17 (full 0):
 garbage-first heap   total 189440K, used 127530K [0x0000000080000000, 0x0000000100000000)
  region size 1024K, 75 young (76800K), 9 survivors (9216K)
 Metaspace       used 79647K, capacity 81606K, committed 81792K, reserved 1120256K
  class space    used 10354K, capacity 11071K, committed 11136K, reserved 1048576K
}
Event: 21.517 GC heap after
{Heap after GC invocations=18 (full 0):
 garbage-first heap   total 189440K, used 64263K [0x0000000080000000, 0x0000000100000000)
  region size 1024K, 9 young (9216K), 9 survivors (9216K)
 Metaspace       used 79647K, capacity 81606K, committed 81792K, reserved 1120256K
  class space    used 10354K, capacity 11071K, committed 11136K, reserved 1048576K
}

Deoptimization events (20 events):
Event: 21.477 Thread 0x0000025c28675800 Uncommon trap: trap_request=0xffffff4d fr.pc=0x0000025c1a17af24 relative=0x00000000000007e4
Event: 21.477 Thread 0x0000025c28675800 Uncommon trap: reason=unstable_if action=reinterpret pc=0x0000025c1a17af24 method=java.util.regex.Matcher.search(I)Z @ 76 c2
Event: 21.477 Thread 0x0000025c28675800 DEOPT PACKING pc=0x0000025c1a17af24 sp=0x000000f898df7180
Event: 21.478 Thread 0x0000025c28675800 DEOPT UNPACKING pc=0x0000025c125778af sp=0x000000f898df7180 mode 2
Event: 21.596 Thread 0x0000025c2c194800 DEOPT PACKING pc=0x0000025c134339f1 sp=0x000000f89aafaea0
Event: 21.596 Thread 0x0000025c2c194800 DEOPT UNPACKING pc=0x0000025c125776ce sp=0x000000f89aafa398 mode 0
Event: 21.776 Thread 0x0000025c3030b800 DEOPT PACKING pc=0x0000025c13ab24c4 sp=0x000000f89a2fd900
Event: 21.776 Thread 0x0000025c3030b800 DEOPT UNPACKING pc=0x0000025c125776ce sp=0x000000f89a2fcea0 mode 0
Event: 21.857 Thread 0x0000025c2c194800 Uncommon trap: trap_request=0xffffff4d fr.pc=0x0000025c1a23d8e8 relative=0x00000000000001a8
Event: 21.857 Thread 0x0000025c2c194800 Uncommon trap: reason=unstable_if action=reinterpret pc=0x0000025c1a23d8e8 method=org.gradle.internal.snapshot.PathUtil.equalChars(CCLorg/gradle/internal/snapshot/CaseSensitivity;)Z @ 11 c2
Event: 21.857 Thread 0x0000025c2c194800 DEOPT PACKING pc=0x0000025c1a23d8e8 sp=0x000000f89aaf9db0
Event: 21.857 Thread 0x0000025c2c194800 DEOPT UNPACKING pc=0x0000025c125778af sp=0x000000f89aaf9d48 mode 2
Event: 21.910 Thread 0x0000025c2c194800 Uncommon trap: trap_request=0xffffff4d fr.pc=0x0000025c1a0e94b0 relative=0x00000000000008d0
Event: 21.910 Thread 0x0000025c2c194800 Uncommon trap: reason=unstable_if action=reinterpret pc=0x0000025c1a0e94b0 method=java.lang.Integer.stringSize(I)I @ 19 c2
Event: 21.910 Thread 0x0000025c2c194800 DEOPT PACKING pc=0x0000025c1a0e94b0 sp=0x000000f89aafa1a0
Event: 21.910 Thread 0x0000025c2c194800 DEOPT UNPACKING pc=0x0000025c125778af sp=0x000000f89aafa0f8 mode 2
Event: 21.918 Thread 0x0000025c2c194800 Uncommon trap: trap_request=0xffffff6e fr.pc=0x0000025c1a3f71d8 relative=0x0000000000000778
Event: 21.918 Thread 0x0000025c2c194800 Uncommon trap: reason=speculate_class_check action=maybe_recompile pc=0x0000025c1a3f71d8 method=sun.security.provider.DigestBase.implCompressMultiBlock([BII)I @ 11 c2
Event: 21.918 Thread 0x0000025c2c194800 DEOPT PACKING pc=0x0000025c1a3f71d8 sp=0x000000f89aaf79b0
Event: 21.918 Thread 0x0000025c2c194800 DEOPT UNPACKING pc=0x0000025c125778af sp=0x000000f89aaf78e8 mode 2

Classes redefined (0 events):
No events

Internal exceptions (20 events):
Event: 14.441 Thread 0x0000025c28675800 Exception <a 'java/lang/NoSuchMethodError'{0x0000000089db3ba0}: 'int java.lang.invoke.DirectMethodHandle$Holder.invokeVirtual(java.lang.Object, java.lang.Object, java.lang.Object)'> (0x0000000089db3ba0) thrown at [./src/hotspot/share/interpreter/linkResolver.cpp, line 773]
Event: 14.441 Thread 0x0000025c28675800 Exception <a 'java/lang/IncompatibleClassChangeError'{0x0000000089dbcfd8}: Found class java.lang.Object, but interface was expected> (0x0000000089dbcfd8) thrown at [./src/hotspot/share/interpreter/linkResolver.cpp, line 839]
Event: 19.391 Thread 0x0000025c28675800 Exception <a 'sun/nio/fs/WindowsException'{0x000000008878f510}> (0x000000008878f510) thrown at [./src/hotspot/share/prims/jni.cpp, line 615]
Event: 19.503 Thread 0x0000025c28675800 Exception <a 'java/lang/NoClassDefFoundError'{0x000000008846ef58}: org/jetbrains/kotlin/gradle/plugin/KotlinBasePluginWrapper> (0x000000008846ef58) thrown at [./src/hotspot/share/oops/constantPool.cpp, line 775]
Event: 19.744 Thread 0x0000025c28675800 Exception <a 'sun/nio/fs/WindowsException'{0x0000000087bfd980}> (0x0000000087bfd980) thrown at [./src/hotspot/share/prims/jni.cpp, line 615]
Event: 19.744 Thread 0x0000025c28675800 Exception <a 'sun/nio/fs/WindowsException'{0x0000000087bfdf38}> (0x0000000087bfdf38) thrown at [./src/hotspot/share/prims/jni.cpp, line 615]
Event: 19.898 Thread 0x0000025c28675800 Exception <a 'java/lang/NullPointerException'{0x000000008b2a8e30}> (0x000000008b2a8e30) thrown at [./src/hotspot/share/interpreter/linkResolver.cpp, line 1440]
Event: 20.200 Thread 0x0000025c28675800 Exception <a 'java/lang/NoSuchMethodError'{0x000000008a343c58}: 'int java.lang.invoke.DirectMethodHandle$Holder.invokeStatic(java.lang.Object, java.lang.Object, int, java.lang.Object)'> (0x000000008a343c58) thrown at [./src/hotspot/share/interpreter/linkResolver.cpp, line 773]
Event: 20.201 Thread 0x0000025c28675800 Exception <a 'java/lang/NoSuchMethodError'{0x000000008a34ab00}: 'java.lang.Object java.lang.invoke.Invokers$Holder.linkToTargetMethod(java.lang.Object, int, java.lang.Object)'> (0x000000008a34ab00) thrown at [./src/hotspot/share/interpreter/linkResolver.cpp, line 773]
Event: 20.273 Thread 0x0000025c28675800 Exception <a 'sun/nio/fs/WindowsException'{0x000000008a275ad0}> (0x000000008a275ad0) thrown at [./src/hotspot/share/prims/jni.cpp, line 615]
Event: 20.273 Thread 0x0000025c28675800 Exception <a 'sun/nio/fs/WindowsException'{0x000000008a276bb8}> (0x000000008a276bb8) thrown at [./src/hotspot/share/prims/jni.cpp, line 615]
Event: 20.274 Thread 0x0000025c28675800 Exception <a 'sun/nio/fs/WindowsException'{0x000000008a277cd8}> (0x000000008a277cd8) thrown at [./src/hotspot/share/prims/jni.cpp, line 615]
Event: 20.274 Thread 0x0000025c28675800 Exception <a 'sun/nio/fs/WindowsException'{0x000000008a278df8}> (0x000000008a278df8) thrown at [./src/hotspot/share/prims/jni.cpp, line 615]
Event: 20.921 Thread 0x0000025c28675800 Exception <a 'java/lang/NoSuchMethodError'{0x0000000088b3a8c8}: 'java.lang.Object java.lang.invoke.Invokers$Holder.linkToTargetMethod(java.lang.Object, int, int, java.lang.Object)'> (0x0000000088b3a8c8) thrown at [./src/hotspot/share/interpreter/linkResolver.cpp, line 773]
Event: 21.286 Thread 0x0000025c30300000 Exception <a 'java/lang/NoSuchMethodError'{0x000000008b814490}: <clinit>> (0x000000008b814490) thrown at [./src/hotspot/share/prims/jni.cpp, line 1362]
Event: 21.371 Thread 0x0000025c28675800 Exception <a 'java/lang/NoSuchMethodError'{0x0000000087a53bc0}: 'int java.lang.invoke.DirectMethodHandle$Holder.invokeStaticInit(java.lang.Object, java.lang.Object, java.lang.Object, java.lang.Object, java.lang.Object)'> (0x0000000087a53bc0) thrown at [./src/hotspot/share/interpreter/linkResolver.cpp, line 773]
Event: 21.537 Thread 0x0000025c28675800 Exception <a 'java/lang/NoSuchMethodError'{0x000000008b829bc0}: 'void java.lang.invoke.DirectMethodHandle$Holder.invokeStatic(java.lang.Object, java.lang.Object, java.lang.Object, java.lang.Object, java.lang.Object, java.lang.Object, java.lang.Object)'> (0x000000008b829bc0) thrown at [./src/hotspot/share/interpreter/linkResolver.cpp, line 773]
Event: 21.897 Thread 0x0000025c2c194800 Exception <a 'sun/nio/fs/WindowsException'{0x000000008b0de560}> (0x000000008b0de560) thrown at [./src/hotspot/share/prims/jni.cpp, line 615]
Event: 21.897 Thread 0x0000025c2c194800 Exception <a 'sun/nio/fs/WindowsException'{0x000000008b0df438}> (0x000000008b0df438) thrown at [./src/hotspot/share/prims/jni.cpp, line 615]
Event: 21.916 Thread 0x0000025c2c194800 Exception <a 'java/lang/NoSuchMethodError'{0x000000008ae04508}: <clinit>> (0x000000008ae04508) thrown at [./src/hotspot/share/prims/jni.cpp, line 1362]

Events (20 events):
Event: 21.944 loading class org/gradle/workers/internal/AbstractWorker$Result
Event: 21.944 loading class org/gradle/workers/internal/AbstractWorker$Result done
Event: 21.945 loading class org/gradle/workers/internal/ExecuteWorkItemBuildOperationType$Result
Event: 21.945 loading class org/gradle/workers/internal/ExecuteWorkItemBuildOperationType$Result done
Event: 21.947 loading class org/gradle/workers/internal/IsolatedParametersActionExecutionSpec
Event: 21.947 loading class org/gradle/workers/internal/IsolatedParametersActionExecutionSpec done
Event: 21.947 loading class org/gradle/workers/WorkerExecutor
Event: 21.947 loading class org/gradle/workers/WorkerExecutor done
Event: 21.947 loading class org/gradle/workers/internal/NoIsolationWorkerFactory$1
Event: 21.947 loading class org/gradle/workers/internal/NoIsolationWorkerFactory$1 done
Event: 21.947 loading class org/gradle/workers/internal/AbstractWorker$Work
Event: 21.947 loading class org/gradle/workers/internal/AbstractWorker$Work done
Event: 21.948 loading class org/gradle/workers/internal/AbstractWorker$1
Event: 21.948 loading class org/gradle/workers/internal/AbstractWorker$1 done
Event: 21.949 loading class org/gradle/workers/internal/AbstractWorker$Details
Event: 21.949 loading class org/gradle/workers/internal/AbstractWorker$Details done
Event: 21.950 loading class org/gradle/workers/internal/ExecuteWorkItemBuildOperationType$Details
Event: 21.950 loading class org/gradle/workers/internal/ExecuteWorkItemBuildOperationType$Details done
Event: 21.950 loading class org/gradle/workers/internal/NoIsolationWorkerFactory$1$1
Event: 21.950 loading class org/gradle/workers/internal/NoIsolationWorkerFactory$1$1 done


Dynamic libraries:
0x00007ff6b2380000 - 0x00007ff6b238a000 	D:\SSD_android_sudio\jre\bin\java.exe
0x00007ffb47de0000 - 0x00007ffb47fd0000 	C:\Windows\SYSTEM32\ntdll.dll
0x00007ffb47430000 - 0x00007ffb474e2000 	C:\Windows\System32\KERNEL32.DLL
0x00007ffb45290000 - 0x00007ffb45533000 	C:\Windows\System32\KERNELBASE.dll
0x00007ffb44f10000 - 0x00007ffb4500a000 	C:\Windows\System32\ucrtbase.dll
0x00007ffb35f60000 - 0x00007ffb35f77000 	D:\SSD_android_sudio\jre\bin\VCRUNTIME140.dll
0x00007ffb3f0f0000 - 0x00007ffb3f109000 	D:\SSD_android_sudio\jre\bin\jli.dll
0x00007ffb479c0000 - 0x00007ffb47b54000 	C:\Windows\System32\USER32.dll
0x00007ffb3a880000 - 0x00007ffb3ab05000 	C:\Windows\WinSxS\amd64_microsoft.windows.common-controls_6595b64144ccf1df_6.0.18362.418_none_e6c6b287130d565d\COMCTL32.dll
0x00007ffb45010000 - 0x00007ffb45031000 	C:\Windows\System32\win32u.dll
0x00007ffb45f10000 - 0x00007ffb45f36000 	C:\Windows\System32\GDI32.dll
0x00007ffb47790000 - 0x00007ffb4782e000 	C:\Windows\System32\msvcrt.dll
0x00007ffb44d70000 - 0x00007ffb44f04000 	C:\Windows\System32\gdi32full.dll
0x00007ffb46130000 - 0x00007ffb46466000 	C:\Windows\System32\combase.dll
0x00007ffb45d40000 - 0x00007ffb45dde000 	C:\Windows\System32\msvcp_win.dll
0x00007ffb46470000 - 0x00007ffb46590000 	C:\Windows\System32\RPCRT4.dll
0x00007ffb450c0000 - 0x00007ffb45140000 	C:\Windows\System32\bcryptPrimitives.dll
0x00007ffb47d60000 - 0x00007ffb47d8e000 	C:\Windows\System32\IMM32.DLL
0x00007ffb08da0000 - 0x00007ffb08e3d000 	D:\SSD_android_sudio\jre\bin\msvcp140.dll
0x00007ffb04100000 - 0x00007ffb04bcf000 	D:\SSD_android_sudio\jre\bin\server\jvm.dll
0x00007ffb47830000 - 0x00007ffb478d3000 	C:\Windows\System32\ADVAPI32.dll
0x00007ffb46a70000 - 0x00007ffb46b07000 	C:\Windows\System32\sechost.dll
0x00007ffb474f0000 - 0x00007ffb474f8000 	C:\Windows\System32\PSAPI.DLL
0x00007ffb3a480000 - 0x00007ffb3a489000 	C:\Windows\SYSTEM32\WSOCK32.dll
0x00007ffb41810000 - 0x00007ffb41834000 	C:\Windows\SYSTEM32\WINMM.dll
0x00007ffb46b10000 - 0x00007ffb46b7f000 	C:\Windows\System32\WS2_32.dll
0x00007ffb3e790000 - 0x00007ffb3e79a000 	C:\Windows\SYSTEM32\VERSION.dll
0x00007ffb417d0000 - 0x00007ffb417fd000 	C:\Windows\SYSTEM32\WINMMBASE.dll
0x00007ffb45cf0000 - 0x00007ffb45d3a000 	C:\Windows\System32\cfgmgr32.dll
0x00007ffb44d00000 - 0x00007ffb44d11000 	C:\Windows\System32\kernel.appcore.dll
0x00007ffb35f40000 - 0x00007ffb35f51000 	D:\SSD_android_sudio\jre\bin\verify.dll
0x00007ffb2ce50000 - 0x00007ffb2d044000 	C:\Windows\SYSTEM32\DBGHELP.DLL
0x00007ffb2e960000 - 0x00007ffb2e98a000 	C:\Windows\SYSTEM32\dbgcore.DLL
0x00007ffb30690000 - 0x00007ffb306b9000 	D:\SSD_android_sudio\jre\bin\java.dll
0x00007ffb36eb0000 - 0x00007ffb36ebb000 	D:\SSD_android_sudio\jre\bin\jimage.dll
0x00007ffb2bbd0000 - 0x00007ffb2bbe8000 	D:\SSD_android_sudio\jre\bin\zip.dll
0x00007ffb46d40000 - 0x00007ffb47425000 	C:\Windows\System32\SHELL32.dll
0x00007ffb47be0000 - 0x00007ffb47c89000 	C:\Windows\System32\shcore.dll
0x00007ffb45540000 - 0x00007ffb45cbf000 	C:\Windows\System32\windows.storage.dll
0x00007ffb44cc0000 - 0x00007ffb44cdf000 	C:\Windows\System32\profapi.dll
0x00007ffb44d20000 - 0x00007ffb44d6a000 	C:\Windows\System32\powrprof.dll
0x00007ffb44cb0000 - 0x00007ffb44cc0000 	C:\Windows\System32\UMPDC.dll
0x00007ffb47960000 - 0x00007ffb479b2000 	C:\Windows\System32\shlwapi.dll
0x00007ffb450a0000 - 0x00007ffb450b7000 	C:\Windows\System32\cryptsp.dll
0x00007ffb2bbb0000 - 0x00007ffb2bbca000 	D:\SSD_android_sudio\jre\bin\net.dll
0x00007ffb36b40000 - 0x00007ffb36c30000 	C:\Windows\SYSTEM32\WINHTTP.dll
0x00007ffb44520000 - 0x00007ffb44587000 	C:\Windows\system32\mswsock.dll
0x00007ffb2bb90000 - 0x00007ffb2bba4000 	D:\SSD_android_sudio\jre\bin\nio.dll
0x00007ffb38f70000 - 0x00007ffb38f97000 	C:\Users\dell\.gradle\native\8bec1ad78214c89d9ad589b4d07fe93259594b29d510b10fafb7a158f7737e5d\windows-amd64\native-platform.dll
0x00007ffb05d00000 - 0x00007ffb05e3d000 	C:\Users\dell\.gradle\native\53dbd7edfb1c66fb8903c78663c9afc45aea4f116125fa6feffd364cf09443e8\windows-amd64\native-platform-file-events.dll
0x00007ffb35290000 - 0x00007ffb3529a000 	D:\SSD_android_sudio\jre\bin\management.dll
0x00007ffb34780000 - 0x00007ffb3478c000 	D:\SSD_android_sudio\jre\bin\management_ext.dll
0x00007ffb44090000 - 0x00007ffb440c3000 	C:\Windows\system32\rsaenh.dll
0x00007ffb45cc0000 - 0x00007ffb45ce6000 	C:\Windows\System32\bcrypt.dll
0x00007ffb44bd0000 - 0x00007ffb44bf5000 	C:\Windows\SYSTEM32\USERENV.dll
0x00007ffb446f0000 - 0x00007ffb446fc000 	C:\Windows\SYSTEM32\CRYPTBASE.dll
0x00007ffb44230000 - 0x00007ffb4426a000 	C:\Windows\SYSTEM32\IPHLPAPI.DLL
0x00007ffb47d90000 - 0x00007ffb47d98000 	C:\Windows\System32\NSI.dll
0x00007ffb3bd70000 - 0x00007ffb3bd86000 	C:\Windows\SYSTEM32\dhcpcsvc6.DLL
0x00007ffb3cd60000 - 0x00007ffb3cd7c000 	C:\Windows\SYSTEM32\dhcpcsvc.DLL
0x00007ffb44270000 - 0x00007ffb4433a000 	C:\Windows\SYSTEM32\DNSAPI.dll

dbghelp: loaded successfully - version: 4.0.5 - missing functions: none
symbol engine: initialized successfully - sym options: 0x614 - pdb path: .;D:\SSD_android_sudio\jre\bin;C:\Windows\SYSTEM32;C:\Windows\WinSxS\amd64_microsoft.windows.common-controls_6595b64144ccf1df_6.0.18362.418_none_e6c6b287130d565d;D:\SSD_android_sudio\jre\bin\server;C:\Users\dell\.gradle\native\8bec1ad78214c89d9ad589b4d07fe93259594b29d510b10fafb7a158f7737e5d\windows-amd64;C:\Users\dell\.gradle\native\53dbd7edfb1c66fb8903c78663c9afc45aea4f116125fa6feffd364cf09443e8\windows-amd64

VM Arguments:
jvm_args: --add-opens=java.base/java.util=ALL-UNNAMED --add-opens=java.base/java.lang=ALL-UNNAMED --add-opens=java.base/java.lang.invoke=ALL-UNNAMED --add-opens=java.base/java.util=ALL-UNNAMED --add-opens=java.prefs/java.util.prefs=ALL-UNNAMED --add-opens=java.prefs/java.util.prefs=ALL-UNNAMED --add-opens=java.base/java.nio.charset=ALL-UNNAMED --add-opens=java.base/java.net=ALL-UNNAMED --add-opens=java.base/java.util.concurrent.atomic=ALL-UNNAMED -Xmx2048m -Dfile.encoding=UTF-8 -Duser.country=US -Duser.language=en -Duser.variant 
java_command: org.gradle.launcher.daemon.bootstrap.GradleDaemon 7.0.2
java_class_path (initial): C:\Users\dell\.gradle\wrapper\dists\gradle-7.0.2-bin\857tjihv64xamwrf0h14cai3r\gradle-7.0.2\lib\gradle-launcher-7.0.2.jar
Launcher Type: SUN_STANDARD

[Global flags]
     intx CICompilerCount                          = 3                                         {product} {ergonomic}
     uint ConcGCThreads                            = 1                                         {product} {ergonomic}
     uint G1ConcRefinementThreads                  = 4                                         {product} {ergonomic}
   size_t G1HeapRegionSize                         = 1048576                                   {product} {ergonomic}
    uintx GCDrainStackTargetSize                   = 64                                        {product} {ergonomic}
   size_t InitialHeapSize                          = 134217728                                 {product} {ergonomic}
   size_t MarkStackSize                            = 4194304                                   {product} {ergonomic}
   size_t MaxHeapSize                              = 2147483648                                {product} {command line}
   size_t MaxNewSize                               = 1287651328                                {product} {ergonomic}
   size_t MinHeapDeltaBytes                        = 1048576                                   {product} {ergonomic}
    uintx NonNMethodCodeHeapSize                   = 5830732                                {pd product} {ergonomic}
    uintx NonProfiledCodeHeapSize                  = 122913754                              {pd product} {ergonomic}
    uintx ProfiledCodeHeapSize                     = 122913754                              {pd product} {ergonomic}
    uintx ReservedCodeCacheSize                    = 251658240                              {pd product} {ergonomic}
     bool SegmentedCodeCache                       = true                                      {product} {ergonomic}
     bool UseCompressedClassPointers               = true                                 {lp64_product} {ergonomic}
     bool UseCompressedOops                        = true                                 {lp64_product} {ergonomic}
     bool UseG1GC                                  = true                                      {product} {ergonomic}
     bool UseLargePagesIndividualAllocation        = false                                  {pd product} {ergonomic}

Logging:
Log output configuration:
 #0: stdout all=warning uptime,level,tags
 #1: stderr all=off uptime,level,tags

Environment Variables:
PATH=C:\Windows\system32;C:\Windows;C:\Windows\System32\Wbem;C:\Windows\System32\WindowsPowerShell\v1.0\;C:\Windows\System32\OpenSSH\;C:\Program Files\Git\cmd;C:\Users\dell\AppData\Local\Microsoft\WindowsApps;
USERNAME=dell
OS=Windows_NT
PROCESSOR_IDENTIFIER=Intel64 Family 6 Model 61 Stepping 4, GenuineIntel



---------------  S Y S T E M  ---------------

OS: Windows 10 , 64 bit Build 18362 (10.0.18362.329)
OS uptime: 8 days 1:39 hours

CPU:total 4 (initial active 4) (2 cores per cpu, 2 threads per core) family 6 model 61 stepping 4 microcode 0x2b, cmov, cx8, fxsr, mmx, sse, sse2, sse3, ssse3, sse4.1, sse4.2, popcnt, avx, avx2, aes, clmul, erms, 3dnowpref, lzcnt, ht, tsc, tscinvbit, bmi1, bmi2, adx, fma

Memory: 4k page, system-wide physical 8103M (1434M free)
TotalPageFile size 24272M (AvailPageFile size 7M)
current process WorkingSet (physical memory assigned to process): 416M, peak: 420M
current process commit charge ("private bytes"): 446M, peak: 449M

vm_info: OpenJDK 64-Bit Server VM (11.0.10+0-b96-7249189) for windows-amd64 JRE (11.0.10+0-b96-7249189), built on Mar 31 2021 21:44:00 by "builder" with MS VC++ 14.0 (VS2015)

END.
