#
# There is insufficient memory for the Java Runtime Environment to continue.
# Native memory allocation (malloc) failed to allocate 670256 bytes for Chunk::new
# Possible reasons:
#   The system is out of physical RAM or swap space
#   The process is running with CompressedOops enabled, and the Java Heap may be blocking the growth of the native heap
# Possible solutions:
#   Reduce memory load on the system
#   Increase physical memory or swap space
#   Check if swap backing store is full
#   Decrease Java heap size (-Xmx/-Xms)
#   Decrease number of Java threads
#   Decrease Java thread stack sizes (-Xss)
#   Set larger code cache with -XX:ReservedCodeCacheSize=
#   JVM is running with Unscaled Compressed Oops mode in which the Java heap is
#     placed in the first 4GB address space. The Java Heap base address is the
#     maximum limit for the native heap growth. Please use -XX:HeapBaseMinAddress
#     to set the Java Heap base and to place the Java Heap above 4GB virtual address.
# This output file may be truncated or incomplete.
#
#  Out of Memory Error (./src/hotspot/share/memory/arena.cpp:197), pid=8320, tid=12720
#
# JRE version: OpenJDK Runtime Environment (11.0.10) (build 11.0.10+0-b96-7249189)
# Java VM: OpenJDK 64-Bit Server VM (11.0.10+0-b96-7249189, mixed mode, tiered, compressed oops, g1 gc, windows-amd64)
# No core dump will be written. Minidumps are not enabled by default on client versions of Windows
#

---------------  S U M M A R Y ------------

Command Line: --add-opens=java.base/java.util=ALL-UNNAMED --add-opens=java.base/java.lang=ALL-UNNAMED --add-opens=java.base/java.lang.invoke=ALL-UNNAMED --add-opens=java.base/java.util=ALL-UNNAMED --add-opens=java.prefs/java.util.prefs=ALL-UNNAMED --add-opens=java.prefs/java.util.prefs=ALL-UNNAMED --add-opens=java.base/java.nio.charset=ALL-UNNAMED --add-opens=java.base/java.net=ALL-UNNAMED --add-opens=java.base/java.util.concurrent.atomic=ALL-UNNAMED -Xmx2048m -Dfile.encoding=UTF-8 -Duser.country=US -Duser.language=en -Duser.variant org.gradle.launcher.daemon.bootstrap.GradleDaemon 7.0.2

Host: Intel(R) Core(TM) i5-5200U CPU @ 2.20GHz, 4 cores, 7G,  Windows 10 , 64 bit Build 18362 (10.0.18362.329)
Time: Tue Sep 21 19:03:00 2021 India Standard Time elapsed time: 13.945720 seconds (0d 0h 0m 13s)

---------------  T H R E A D  ---------------

Current thread (0x0000029baf942000):  JavaThread "C2 CompilerThread0" daemon [_thread_in_native, id=12720, stack(0x000000f72c700000,0x000000f72c800000)]


Current CompileTask:
C2:  13945 5582       4       org.gradle.internal.service.DefaultServiceRegistry$OwnServices::getService (309 bytes)

Stack: [0x000000f72c700000,0x000000f72c800000]
Native frames: (J=compiled Java code, j=interpreted, Vv=VM code, C=native code)
V  [jvm.dll+0x5ecfaa]
V  [jvm.dll+0x722bd5]
V  [jvm.dll+0x72412d]
V  [jvm.dll+0x7247e3]
V  [jvm.dll+0x242928]
V  [jvm.dll+0xbc4fc]
V  [jvm.dll+0xbca0c]
V  [jvm.dll+0x352d7d]
V  [jvm.dll+0x320ad3]
V  [jvm.dll+0x31ffca]
V  [jvm.dll+0x1fb602]
V  [jvm.dll+0x1fa7f4]
V  [jvm.dll+0x18354c]
V  [jvm.dll+0x208ee7]
V  [jvm.dll+0x207731]
V  [jvm.dll+0x6eb1cf]
V  [jvm.dll+0x6e3d45]
V  [jvm.dll+0x5ebe96]
C  [ucrtbase.dll+0x20e72]
C  [KERNEL32.DLL+0x17bd4]
C  [ntdll.dll+0x6ced1]


---------------  P R O C E S S  ---------------

Threads class SMR info:
_java_thread_list=0x0000029bb33aaf50, length=41, elements={
0x0000029b9346d800, 0x0000029baefa0000, 0x0000029baefa4000, 0x0000029baf934800,
0x0000029baf935800, 0x0000029baf93a000, 0x0000029baf942000, 0x0000029baefba000,
0x0000029baefc0000, 0x0000029bafa87800, 0x0000029bafa84000, 0x0000029bafa85000,
0x0000029bafa82800, 0x0000029bafa86000, 0x0000029bafa86800, 0x0000029bafa88800,
0x0000029bafa89000, 0x0000029bafa83800, 0x0000029bb1c92000, 0x0000029bb1c8c000,
0x0000029bb1c92800, 0x0000029bb1c8d000, 0x0000029bb1c93800, 0x0000029bb1c8e000,
0x0000029bb1c8e800, 0x0000029bb1c8f800, 0x0000029bb1c94800, 0x0000029bb1c90800,
0x0000029bb1c96000, 0x0000029bb1c95000, 0x0000029bb1c91000, 0x0000029bb1c97800,
0x0000029bb1c9b000, 0x0000029bb1c99800, 0x0000029bb1c9a000, 0x0000029bb0acb000,
0x0000029bb0ace000, 0x0000029bb0acf000, 0x0000029bb0ad0800, 0x0000029bb0acc800,
0x0000029bb0ad1800
}

Java Threads: ( => current thread )
  0x0000029b9346d800 JavaThread "main" [_thread_blocked, id=5848, stack(0x000000f72bb00000,0x000000f72bc00000)]
  0x0000029baefa0000 JavaThread "Reference Handler" daemon [_thread_blocked, id=7708, stack(0x000000f72c200000,0x000000f72c300000)]
  0x0000029baefa4000 JavaThread "Finalizer" daemon [_thread_blocked, id=812, stack(0x000000f72c300000,0x000000f72c400000)]
  0x0000029baf934800 JavaThread "Signal Dispatcher" daemon [_thread_blocked, id=1816, stack(0x000000f72c400000,0x000000f72c500000)]
  0x0000029baf935800 JavaThread "Attach Listener" daemon [_thread_blocked, id=4708, stack(0x000000f72c500000,0x000000f72c600000)]
  0x0000029baf93a000 JavaThread "Service Thread" daemon [_thread_blocked, id=4400, stack(0x000000f72c600000,0x000000f72c700000)]
=>0x0000029baf942000 JavaThread "C2 CompilerThread0" daemon [_thread_in_native, id=12720, stack(0x000000f72c700000,0x000000f72c800000)]
  0x0000029baefba000 JavaThread "C1 CompilerThread0" daemon [_thread_blocked, id=5976, stack(0x000000f72c800000,0x000000f72c900000)]
  0x0000029baefc0000 JavaThread "Sweeper thread" daemon [_thread_blocked, id=10676, stack(0x000000f72c900000,0x000000f72ca00000)]
  0x0000029bafa87800 JavaThread "Common-Cleaner" daemon [_thread_blocked, id=7988, stack(0x000000f72ca00000,0x000000f72cb00000)]
  0x0000029bafa84000 JavaThread "Daemon health stats" [_thread_blocked, id=2312, stack(0x000000f72cf00000,0x000000f72d000000)]
  0x0000029bafa85000 JavaThread "Incoming local TCP Connector on port 56318" [_thread_in_native, id=6560, stack(0x000000f72cc00000,0x000000f72cd00000)]
  0x0000029bafa82800 JavaThread "Daemon periodic checks" [_thread_blocked, id=8072, stack(0x000000f72d000000,0x000000f72d100000)]
  0x0000029bafa86000 JavaThread "Daemon" [_thread_blocked, id=10176, stack(0x000000f72d100000,0x000000f72d200000)]
  0x0000029bafa86800 JavaThread "Handler for socket connection from /127.0.0.1:56318 to /127.0.0.1:56319" [_thread_in_native, id=1068, stack(0x000000f72d200000,0x000000f72d300000)]
  0x0000029bafa88800 JavaThread "Cancel handler" [_thread_blocked, id=13484, stack(0x000000f72d300000,0x000000f72d400000)]
  0x0000029bafa89000 JavaThread "Daemon worker" [_thread_in_vm, id=1852, stack(0x000000f72d400000,0x000000f72d500000)]
  0x0000029bafa83800 JavaThread "Asynchronous log dispatcher for DefaultDaemonConnection: socket connection from /127.0.0.1:56318 to /127.0.0.1:56319" [_thread_blocked, id=10376, stack(0x000000f72d500000,0x000000f72d600000)]
  0x0000029bb1c92000 JavaThread "Stdin handler" [_thread_blocked, id=6588, stack(0x000000f72d600000,0x000000f72d700000)]
  0x0000029bb1c8c000 JavaThread "Daemon client event forwarder" [_thread_blocked, id=7596, stack(0x000000f72d700000,0x000000f72d800000)]
  0x0000029bb1c92800 JavaThread "Cache worker for file hash cache (C:\Users\dell\.gradle\caches\7.0.2\fileHashes)" [_thread_blocked, id=9196, stack(0x000000f72d800000,0x000000f72d900000)]
  0x0000029bb1c8d000 JavaThread "File lock request listener" [_thread_in_native, id=13236, stack(0x000000f72d900000,0x000000f72da00000)]
  0x0000029bb1c93800 JavaThread "Cache worker for journal cache (C:\Users\dell\.gradle\caches\journal-1)" [_thread_blocked, id=2576, stack(0x000000f72db00000,0x000000f72dc00000)]
  0x0000029bb1c8e000 JavaThread "Cache worker for file hash cache (E:\Om_informatic_projects\driver_app_github\.gradle\7.0.2\fileHashes)" [_thread_blocked, id=1204, stack(0x000000f72dd00000,0x000000f72de00000)]
  0x0000029bb1c8e800 JavaThread "File watcher server" daemon [_thread_in_native, id=12648, stack(0x000000f72de00000,0x000000f72df00000)]
  0x0000029bb1c8f800 JavaThread "File watcher consumer" daemon [_thread_blocked, id=7700, stack(0x000000f72df00000,0x000000f72e000000)]
  0x0000029bb1c94800 JavaThread "Cache worker for checksums cache (E:\Om_informatic_projects\driver_app_github\.gradle\checksums)" [_thread_blocked, id=11580, stack(0x000000f72e000000,0x000000f72e100000)]
  0x0000029bb1c90800 JavaThread "Cache worker for cache directory md-supplier (C:\Users\dell\.gradle\caches\7.0.2\md-supplier)" [_thread_blocked, id=7148, stack(0x000000f72e100000,0x000000f72e200000)]
  0x0000029bb1c96000 JavaThread "Cache worker for cache directory md-rule (C:\Users\dell\.gradle\caches\7.0.2\md-rule)" [_thread_blocked, id=13368, stack(0x000000f72e200000,0x000000f72e300000)]
  0x0000029bb1c95000 JavaThread "Cache worker for execution history cache (C:\Users\dell\.gradle\caches\7.0.2\executionHistory)" [_thread_blocked, id=5216, stack(0x000000f72e300000,0x000000f72e400000)]
  0x0000029bb1c91000 JavaThread "jar transforms" [_thread_blocked, id=8672, stack(0x000000f72e400000,0x000000f72e500000)]
  0x0000029bb1c97800 JavaThread "jar transforms Thread 2" [_thread_blocked, id=1708, stack(0x000000f72e500000,0x000000f72e600000)]
  0x0000029bb1c9b000 JavaThread "Cache worker for file content cache (C:\Users\dell\.gradle\caches\7.0.2\fileContent)" [_thread_blocked, id=8256, stack(0x000000f72e600000,0x000000f72e700000)]
  0x0000029bb1c99800 JavaThread "Cache worker for dependencies-accessors (E:\Om_informatic_projects\driver_app_github\.gradle\7.0.2\dependencies-accessors)" [_thread_blocked, id=13216, stack(0x000000f72e700000,0x000000f72e800000)]
  0x0000029bb1c9a000 JavaThread "jar transforms Thread 3" [_thread_blocked, id=9384, stack(0x000000f72e800000,0x000000f72e900000)]
  0x0000029bb0acb000 JavaThread "Cache worker for Build Output Cleanup Cache (E:\Om_informatic_projects\driver_app_github\.gradle\buildOutputCleanup)" [_thread_blocked, id=1036, stack(0x000000f72e900000,0x000000f72ea00000)]
  0x0000029bb0ace000 JavaThread "Build operations" [_thread_blocked, id=7452, stack(0x000000f72ea00000,0x000000f72eb00000)]
  0x0000029bb0acf000 JavaThread "Build operations Thread 2" [_thread_blocked, id=8012, stack(0x000000f72eb00000,0x000000f72ec00000)]
  0x0000029bb0ad0800 JavaThread "Build operations Thread 3" [_thread_blocked, id=9784, stack(0x000000f72ec00000,0x000000f72ed00000)]
  0x0000029bb0acc800 JavaThread "Build operations Thread 4" [_thread_blocked, id=6480, stack(0x000000f72ed00000,0x000000f72ee00000)]
  0x0000029bb0ad1800 JavaThread "jar transforms Thread 4" [_thread_blocked, id=2212, stack(0x000000f72ee00000,0x000000f72ef00000)]

Other Threads:
  0x0000029baef9c800 VMThread "VM Thread" [stack: 0x000000f72c100000,0x000000f72c200000] [id=10460]
  0x0000029bafac1000 WatcherThread [stack: 0x000000f72cb00000,0x000000f72cc00000] [id=2248]
  0x0000029b93487800 GCTaskThread "GC Thread#0" [stack: 0x000000f72bc00000,0x000000f72bd00000] [id=6380]
  0x0000029bb03b2000 GCTaskThread "GC Thread#1" [stack: 0x000000f72cd00000,0x000000f72ce00000] [id=10424]
  0x0000029bb0329000 GCTaskThread "GC Thread#2" [stack: 0x000000f72ce00000,0x000000f72cf00000] [id=14076]
  0x0000029bb2558000 GCTaskThread "GC Thread#3" [stack: 0x000000f72da00000,0x000000f72db00000] [id=8448]
  0x0000029b934b9000 ConcurrentGCThread "G1 Main Marker" [stack: 0x000000f72bd00000,0x000000f72be00000] [id=13916]
  0x0000029b934bb000 ConcurrentGCThread "G1 Conc#0" [stack: 0x000000f72be00000,0x000000f72bf00000] [id=11620]
  0x0000029baedf0800 ConcurrentGCThread "G1 Refine#0" [stack: 0x000000f72bf00000,0x000000f72c000000] [id=5868]
  0x0000029baedf1800 ConcurrentGCThread "G1 Young RemSet Sampling" [stack: 0x000000f72c000000,0x000000f72c100000] [id=2300]

Threads with active compile tasks:
C2 CompilerThread0  14034 5582       4       org.gradle.internal.service.DefaultServiceRegistry$OwnServices::getService (309 bytes)

VM state:not at safepoint (normal execution)

VM Mutex/Monitor currently owned by a thread: None

Heap address: 0x0000000080000000, size: 2048 MB, Compressed Oops mode: 32-bit
Narrow klass base: 0x0000000000000000, Narrow klass shift: 3
Compressed class space size: 1073741824 Address: 0x0000000100000000

Heap:
 garbage-first heap   total 157696K, used 49067K [0x0000000080000000, 0x0000000100000000)
  region size 1024K, 18 young (18432K), 12 survivors (12288K)
 Metaspace       used 56156K, capacity 57575K, committed 57932K, reserved 1099776K
  class space    used 7112K, capacity 7623K, committed 7756K, reserved 1048576K
Heap Regions: E=young(eden), S=young(survivor), O=old, HS=humongous(starts), HC=humongous(continues), CS=collection set, F=free, A=archive, TAMS=top-at-mark-start (previous, next)
|   0|0x0000000080000000, 0x0000000080100000, 0x0000000080100000|100%| O|  |TAMS 0x0000000080100000, 0x0000000080000000| Untracked 
|   1|0x0000000080100000, 0x0000000080200000, 0x0000000080200000|100%| O|  |TAMS 0x0000000080200000, 0x0000000080100000| Untracked 
|   2|0x0000000080200000, 0x0000000080300000, 0x0000000080300000|100%| O|  |TAMS 0x0000000080300000, 0x0000000080200000| Untracked 
|   3|0x0000000080300000, 0x0000000080400000, 0x0000000080400000|100%|HS|  |TAMS 0x0000000080400000, 0x0000000080300000| Complete 
|   4|0x0000000080400000, 0x0000000080500000, 0x0000000080500000|100%|HC|  |TAMS 0x0000000080500000, 0x0000000080400000| Complete 
|   5|0x0000000080500000, 0x0000000080600000, 0x0000000080600000|100%|HC|  |TAMS 0x0000000080600000, 0x0000000080500000| Complete 
|   6|0x0000000080600000, 0x0000000080700000, 0x0000000080700000|100%| O|  |TAMS 0x0000000080700000, 0x0000000080600000| Untracked 
|   7|0x0000000080700000, 0x0000000080800000, 0x0000000080800000|100%| O|  |TAMS 0x0000000080800000, 0x0000000080700000| Untracked 
|   8|0x0000000080800000, 0x0000000080900000, 0x0000000080900000|100%| O|  |TAMS 0x0000000080900000, 0x0000000080800000| Untracked 
|   9|0x0000000080900000, 0x0000000080a00000, 0x0000000080a00000|100%| O|  |TAMS 0x0000000080a00000, 0x0000000080900000| Untracked 
|  10|0x0000000080a00000, 0x0000000080b00000, 0x0000000080b00000|100%| O|  |TAMS 0x0000000080b00000, 0x0000000080a00000| Untracked 
|  11|0x0000000080b00000, 0x0000000080c00000, 0x0000000080c00000|100%| O|  |TAMS 0x0000000080c00000, 0x0000000080b00000| Untracked 
|  12|0x0000000080c00000, 0x0000000080d00000, 0x0000000080d00000|100%| O|  |TAMS 0x0000000080d00000, 0x0000000080c00000| Untracked 
|  13|0x0000000080d00000, 0x0000000080e00000, 0x0000000080e00000|100%| O|  |TAMS 0x0000000080e00000, 0x0000000080d00000| Untracked 
|  14|0x0000000080e00000, 0x0000000080f00000, 0x0000000080f00000|100%| O|  |TAMS 0x0000000080f00000, 0x0000000080e00000| Untracked 
|  15|0x0000000080f00000, 0x0000000081000000, 0x0000000081000000|100%| O|  |TAMS 0x0000000080fe5200, 0x0000000080f00000| Untracked 
|  16|0x0000000081000000, 0x0000000081100000, 0x0000000081100000|100%|HS|  |TAMS 0x0000000081000000, 0x0000000081000000| Complete 
|  17|0x0000000081100000, 0x0000000081200000, 0x0000000081200000|100%| O|  |TAMS 0x0000000081100000, 0x0000000081100000| Untracked 
|  18|0x0000000081200000, 0x0000000081300000, 0x0000000081300000|100%| O|  |TAMS 0x0000000081200000, 0x0000000081200000| Untracked 
|  19|0x0000000081300000, 0x0000000081400000, 0x0000000081400000|100%| O|  |TAMS 0x0000000081300000, 0x0000000081300000| Untracked 
|  20|0x0000000081400000, 0x0000000081500000, 0x0000000081500000|100%| O|  |TAMS 0x0000000081400000, 0x0000000081400000| Untracked 
|  21|0x0000000081500000, 0x0000000081600000, 0x0000000081600000|100%| O|  |TAMS 0x0000000081500000, 0x0000000081500000| Untracked 
|  22|0x0000000081600000, 0x0000000081700000, 0x0000000081700000|100%| O|  |TAMS 0x0000000081600000, 0x0000000081600000| Untracked 
|  23|0x0000000081700000, 0x0000000081800000, 0x0000000081800000|100%|HS|  |TAMS 0x0000000081700000, 0x0000000081700000| Complete 
|  24|0x0000000081800000, 0x0000000081900000, 0x0000000081900000|100%|HS|  |TAMS 0x0000000081800000, 0x0000000081800000| Complete 
|  25|0x0000000081900000, 0x0000000081a00000, 0x0000000081a00000|100%|HC|  |TAMS 0x0000000081900000, 0x0000000081900000| Complete 
|  26|0x0000000081a00000, 0x0000000081b00000, 0x0000000081b00000|100%| O|  |TAMS 0x0000000081a00000, 0x0000000081a00000| Untracked 
|  27|0x0000000081b00000, 0x0000000081c00000, 0x0000000081c00000|100%| O|  |TAMS 0x0000000081b00000, 0x0000000081b00000| Untracked 
|  28|0x0000000081c00000, 0x0000000081d00000, 0x0000000081d00000|100%| O|  |TAMS 0x0000000081c00000, 0x0000000081c00000| Untracked 
|  29|0x0000000081d00000, 0x0000000081e00000, 0x0000000081e00000|100%| O|  |TAMS 0x0000000081d00000, 0x0000000081d00000| Untracked 
|  30|0x0000000081e00000, 0x0000000081eeac00, 0x0000000081f00000| 91%| O|  |TAMS 0x0000000081e00000, 0x0000000081e00000| Untracked 
|  31|0x0000000081f00000, 0x0000000081f00000, 0x0000000082000000|  0%| F|  |TAMS 0x0000000081f00000, 0x0000000081f00000| Untracked 
|  32|0x0000000082000000, 0x0000000082000000, 0x0000000082100000|  0%| F|  |TAMS 0x0000000082000000, 0x0000000082000000| Untracked 
|  33|0x0000000082100000, 0x0000000082100000, 0x0000000082200000|  0%| F|  |TAMS 0x0000000082100000, 0x0000000082100000| Untracked 
|  34|0x0000000082200000, 0x0000000082200000, 0x0000000082300000|  0%| F|  |TAMS 0x0000000082200000, 0x0000000082200000| Untracked 
|  35|0x0000000082300000, 0x0000000082300000, 0x0000000082400000|  0%| F|  |TAMS 0x0000000082300000, 0x0000000082300000| Untracked 
|  36|0x0000000082400000, 0x0000000082400000, 0x0000000082500000|  0%| F|  |TAMS 0x0000000082400000, 0x0000000082400000| Untracked 
|  37|0x0000000082500000, 0x0000000082500000, 0x0000000082600000|  0%| F|  |TAMS 0x0000000082500000, 0x0000000082500000| Untracked 
|  38|0x0000000082600000, 0x0000000082600000, 0x0000000082700000|  0%| F|  |TAMS 0x0000000082600000, 0x0000000082600000| Untracked 
|  39|0x0000000082700000, 0x0000000082700000, 0x0000000082800000|  0%| F|  |TAMS 0x0000000082700000, 0x0000000082700000| Untracked 
|  40|0x0000000082800000, 0x0000000082800000, 0x0000000082900000|  0%| F|  |TAMS 0x0000000082800000, 0x0000000082800000| Untracked 
|  41|0x0000000082900000, 0x0000000082900000, 0x0000000082a00000|  0%| F|  |TAMS 0x0000000082900000, 0x0000000082900000| Untracked 
|  42|0x0000000082a00000, 0x0000000082a00000, 0x0000000082b00000|  0%| F|  |TAMS 0x0000000082a00000, 0x0000000082a00000| Untracked 
|  43|0x0000000082b00000, 0x0000000082b00000, 0x0000000082c00000|  0%| F|  |TAMS 0x0000000082b00000, 0x0000000082b00000| Untracked 
|  44|0x0000000082c00000, 0x0000000082c00000, 0x0000000082d00000|  0%| F|  |TAMS 0x0000000082c00000, 0x0000000082c00000| Untracked 
|  45|0x0000000082d00000, 0x0000000082d00000, 0x0000000082e00000|  0%| F|  |TAMS 0x0000000082d00000, 0x0000000082d00000| Untracked 
|  46|0x0000000082e00000, 0x0000000082e00000, 0x0000000082f00000|  0%| F|  |TAMS 0x0000000082e00000, 0x0000000082e00000| Untracked 
|  47|0x0000000082f00000, 0x0000000082f00000, 0x0000000083000000|  0%| F|  |TAMS 0x0000000082f00000, 0x0000000082f00000| Untracked 
|  48|0x0000000083000000, 0x0000000083000000, 0x0000000083100000|  0%| F|  |TAMS 0x0000000083000000, 0x0000000083000000| Untracked 
|  49|0x0000000083100000, 0x0000000083100000, 0x0000000083200000|  0%| F|  |TAMS 0x0000000083100000, 0x0000000083100000| Untracked 
|  50|0x0000000083200000, 0x0000000083300000, 0x0000000083300000|100%| S|CS|TAMS 0x0000000083200000, 0x0000000083200000| Complete 
|  51|0x0000000083300000, 0x0000000083400000, 0x0000000083400000|100%| S|CS|TAMS 0x0000000083300000, 0x0000000083300000| Complete 
|  52|0x0000000083400000, 0x0000000083500000, 0x0000000083500000|100%| S|CS|TAMS 0x0000000083400000, 0x0000000083400000| Complete 
|  53|0x0000000083500000, 0x0000000083600000, 0x0000000083600000|100%| S|CS|TAMS 0x0000000083500000, 0x0000000083500000| Complete 
|  54|0x0000000083600000, 0x0000000083700000, 0x0000000083700000|100%| S|CS|TAMS 0x0000000083600000, 0x0000000083600000| Complete 
|  55|0x0000000083700000, 0x0000000083800000, 0x0000000083800000|100%| S|CS|TAMS 0x0000000083700000, 0x0000000083700000| Complete 
|  56|0x0000000083800000, 0x0000000083900000, 0x0000000083900000|100%| S|CS|TAMS 0x0000000083800000, 0x0000000083800000| Complete 
|  57|0x0000000083900000, 0x0000000083a00000, 0x0000000083a00000|100%| S|CS|TAMS 0x0000000083900000, 0x0000000083900000| Complete 
|  58|0x0000000083a00000, 0x0000000083b00000, 0x0000000083b00000|100%| S|CS|TAMS 0x0000000083a00000, 0x0000000083a00000| Complete 
|  59|0x0000000083b00000, 0x0000000083c00000, 0x0000000083c00000|100%| S|CS|TAMS 0x0000000083b00000, 0x0000000083b00000| Complete 
|  60|0x0000000083c00000, 0x0000000083d00000, 0x0000000083d00000|100%| S|CS|TAMS 0x0000000083c00000, 0x0000000083c00000| Complete 
|  61|0x0000000083d00000, 0x0000000083e00000, 0x0000000083e00000|100%| S|CS|TAMS 0x0000000083d00000, 0x0000000083d00000| Complete 
|  62|0x0000000083e00000, 0x0000000083e00000, 0x0000000083f00000|  0%| F|  |TAMS 0x0000000083e00000, 0x0000000083e00000| Untracked 
|  63|0x0000000083f00000, 0x0000000083f00000, 0x0000000084000000|  0%| F|  |TAMS 0x0000000083f00000, 0x0000000083f00000| Untracked 
|  64|0x0000000084000000, 0x0000000084000000, 0x0000000084100000|  0%| F|  |TAMS 0x0000000084000000, 0x0000000084000000| Untracked 
|  65|0x0000000084100000, 0x0000000084100000, 0x0000000084200000|  0%| F|  |TAMS 0x0000000084100000, 0x0000000084100000| Untracked 
|  66|0x0000000084200000, 0x0000000084200000, 0x0000000084300000|  0%| F|  |TAMS 0x0000000084200000, 0x0000000084200000| Untracked 
|  67|0x0000000084300000, 0x0000000084300000, 0x0000000084400000|  0%| F|  |TAMS 0x0000000084300000, 0x0000000084300000| Untracked 
|  68|0x0000000084400000, 0x0000000084400000, 0x0000000084500000|  0%| F|  |TAMS 0x0000000084400000, 0x0000000084400000| Untracked 
|  69|0x0000000084500000, 0x0000000084500000, 0x0000000084600000|  0%| F|  |TAMS 0x0000000084500000, 0x0000000084500000| Untracked 
|  70|0x0000000084600000, 0x0000000084600000, 0x0000000084700000|  0%| F|  |TAMS 0x0000000084600000, 0x0000000084600000| Untracked 
|  71|0x0000000084700000, 0x0000000084700000, 0x0000000084800000|  0%| F|  |TAMS 0x0000000084700000, 0x0000000084700000| Untracked 
|  72|0x0000000084800000, 0x0000000084800000, 0x0000000084900000|  0%| F|  |TAMS 0x0000000084800000, 0x0000000084800000| Untracked 
|  73|0x0000000084900000, 0x0000000084900000, 0x0000000084a00000|  0%| F|  |TAMS 0x0000000084900000, 0x0000000084900000| Untracked 
|  74|0x0000000084a00000, 0x0000000084a00000, 0x0000000084b00000|  0%| F|  |TAMS 0x0000000084a00000, 0x0000000084a00000| Untracked 
|  75|0x0000000084b00000, 0x0000000084b00000, 0x0000000084c00000|  0%| F|  |TAMS 0x0000000084b00000, 0x0000000084b00000| Untracked 
|  76|0x0000000084c00000, 0x0000000084c00000, 0x0000000084d00000|  0%| F|  |TAMS 0x0000000084c00000, 0x0000000084c00000| Untracked 
|  77|0x0000000084d00000, 0x0000000084d00000, 0x0000000084e00000|  0%| F|  |TAMS 0x0000000084d00000, 0x0000000084d00000| Untracked 
|  78|0x0000000084e00000, 0x0000000084e00000, 0x0000000084f00000|  0%| F|  |TAMS 0x0000000084e00000, 0x0000000084e00000| Untracked 
|  79|0x0000000084f00000, 0x0000000084f00000, 0x0000000085000000|  0%| F|  |TAMS 0x0000000084f00000, 0x0000000084f00000| Untracked 
|  80|0x0000000085000000, 0x0000000085000000, 0x0000000085100000|  0%| F|  |TAMS 0x0000000085000000, 0x0000000085000000| Untracked 
|  81|0x0000000085100000, 0x0000000085100000, 0x0000000085200000|  0%| F|  |TAMS 0x0000000085100000, 0x0000000085100000| Untracked 
|  82|0x0000000085200000, 0x0000000085200000, 0x0000000085300000|  0%| F|  |TAMS 0x0000000085200000, 0x0000000085200000| Untracked 
|  83|0x0000000085300000, 0x0000000085300000, 0x0000000085400000|  0%| F|  |TAMS 0x0000000085300000, 0x0000000085300000| Untracked 
|  84|0x0000000085400000, 0x0000000085400000, 0x0000000085500000|  0%| F|  |TAMS 0x0000000085400000, 0x0000000085400000| Untracked 
|  85|0x0000000085500000, 0x0000000085500000, 0x0000000085600000|  0%| F|  |TAMS 0x0000000085500000, 0x0000000085500000| Untracked 
|  86|0x0000000085600000, 0x0000000085600000, 0x0000000085700000|  0%| F|  |TAMS 0x0000000085600000, 0x0000000085600000| Untracked 
|  87|0x0000000085700000, 0x0000000085700000, 0x0000000085800000|  0%| F|  |TAMS 0x0000000085700000, 0x0000000085700000| Untracked 
|  88|0x0000000085800000, 0x0000000085800000, 0x0000000085900000|  0%| F|  |TAMS 0x0000000085800000, 0x0000000085800000| Untracked 
|  89|0x0000000085900000, 0x0000000085900000, 0x0000000085a00000|  0%| F|  |TAMS 0x0000000085900000, 0x0000000085900000| Untracked 
|  90|0x0000000085a00000, 0x0000000085a00000, 0x0000000085b00000|  0%| F|  |TAMS 0x0000000085a00000, 0x0000000085a00000| Untracked 
|  91|0x0000000085b00000, 0x0000000085b00000, 0x0000000085c00000|  0%| F|  |TAMS 0x0000000085b00000, 0x0000000085b00000| Untracked 
|  92|0x0000000085c00000, 0x0000000085c00000, 0x0000000085d00000|  0%| F|  |TAMS 0x0000000085c00000, 0x0000000085c00000| Untracked 
|  93|0x0000000085d00000, 0x0000000085d00000, 0x0000000085e00000|  0%| F|  |TAMS 0x0000000085d00000, 0x0000000085d00000| Untracked 
|  94|0x0000000085e00000, 0x0000000085e00000, 0x0000000085f00000|  0%| F|  |TAMS 0x0000000085e00000, 0x0000000085e00000| Untracked 
|  95|0x0000000085f00000, 0x0000000085f00000, 0x0000000086000000|  0%| F|  |TAMS 0x0000000085f00000, 0x0000000085f00000| Untracked 
|  96|0x0000000086000000, 0x0000000086000000, 0x0000000086100000|  0%| F|  |TAMS 0x0000000086000000, 0x0000000086000000| Untracked 
|  97|0x0000000086100000, 0x0000000086100000, 0x0000000086200000|  0%| F|  |TAMS 0x0000000086100000, 0x0000000086100000| Untracked 
|  98|0x0000000086200000, 0x0000000086200000, 0x0000000086300000|  0%| F|  |TAMS 0x0000000086200000, 0x0000000086200000| Untracked 
|  99|0x0000000086300000, 0x0000000086300000, 0x0000000086400000|  0%| F|  |TAMS 0x0000000086300000, 0x0000000086300000| Untracked 
| 100|0x0000000086400000, 0x0000000086400000, 0x0000000086500000|  0%| F|  |TAMS 0x0000000086400000, 0x0000000086400000| Untracked 
| 101|0x0000000086500000, 0x0000000086500000, 0x0000000086600000|  0%| F|  |TAMS 0x0000000086500000, 0x0000000086500000| Untracked 
| 102|0x0000000086600000, 0x0000000086600000, 0x0000000086700000|  0%| F|  |TAMS 0x0000000086600000, 0x0000000086600000| Untracked 
| 103|0x0000000086700000, 0x0000000086700000, 0x0000000086800000|  0%| F|  |TAMS 0x0000000086700000, 0x0000000086700000| Untracked 
| 104|0x0000000086800000, 0x0000000086800000, 0x0000000086900000|  0%| F|  |TAMS 0x0000000086800000, 0x0000000086800000| Untracked 
| 105|0x0000000086900000, 0x0000000086900000, 0x0000000086a00000|  0%| F|  |TAMS 0x0000000086900000, 0x0000000086900000| Untracked 
| 106|0x0000000086a00000, 0x0000000086a00000, 0x0000000086b00000|  0%| F|  |TAMS 0x0000000086a00000, 0x0000000086a00000| Untracked 
| 107|0x0000000086b00000, 0x0000000086b00000, 0x0000000086c00000|  0%| F|  |TAMS 0x0000000086b00000, 0x0000000086b00000| Untracked 
| 108|0x0000000086c00000, 0x0000000086c00000, 0x0000000086d00000|  0%| F|  |TAMS 0x0000000086c00000, 0x0000000086c00000| Untracked 
| 109|0x0000000086d00000, 0x0000000086d00000, 0x0000000086e00000|  0%| F|  |TAMS 0x0000000086d00000, 0x0000000086d00000| Untracked 
| 110|0x0000000086e00000, 0x0000000086e00000, 0x0000000086f00000|  0%| F|  |TAMS 0x0000000086e00000, 0x0000000086e00000| Untracked 
| 111|0x0000000086f00000, 0x0000000086f00000, 0x0000000087000000|  0%| F|  |TAMS 0x0000000086f00000, 0x0000000086f00000| Untracked 
| 112|0x0000000087000000, 0x0000000087000000, 0x0000000087100000|  0%| F|  |TAMS 0x0000000087000000, 0x0000000087000000| Untracked 
| 113|0x0000000087100000, 0x0000000087100000, 0x0000000087200000|  0%| F|  |TAMS 0x0000000087100000, 0x0000000087100000| Untracked 
| 114|0x0000000087200000, 0x0000000087200000, 0x0000000087300000|  0%| F|  |TAMS 0x0000000087200000, 0x0000000087200000| Untracked 
| 115|0x0000000087300000, 0x0000000087300000, 0x0000000087400000|  0%| F|  |TAMS 0x0000000087300000, 0x0000000087300000| Untracked 
| 116|0x0000000087400000, 0x0000000087400000, 0x0000000087500000|  0%| F|  |TAMS 0x0000000087400000, 0x0000000087400000| Untracked 
| 117|0x0000000087500000, 0x0000000087500000, 0x0000000087600000|  0%| F|  |TAMS 0x0000000087500000, 0x0000000087500000| Untracked 
| 118|0x0000000087600000, 0x0000000087600000, 0x0000000087700000|  0%| F|  |TAMS 0x0000000087600000, 0x0000000087600000| Untracked 
| 119|0x0000000087700000, 0x0000000087700000, 0x0000000087800000|  0%| F|  |TAMS 0x0000000087700000, 0x0000000087700000| Untracked 
| 120|0x0000000087800000, 0x0000000087800000, 0x0000000087900000|  0%| F|  |TAMS 0x0000000087800000, 0x0000000087800000| Untracked 
| 121|0x0000000087900000, 0x0000000087900000, 0x0000000087a00000|  0%| F|  |TAMS 0x0000000087900000, 0x0000000087900000| Untracked 
| 122|0x0000000087a00000, 0x0000000087a00000, 0x0000000087b00000|  0%| F|  |TAMS 0x0000000087a00000, 0x0000000087a00000| Untracked 
| 123|0x0000000087b00000, 0x0000000087b00000, 0x0000000087c00000|  0%| F|  |TAMS 0x0000000087b00000, 0x0000000087b00000| Untracked 
| 124|0x0000000087c00000, 0x0000000087c00000, 0x0000000087d00000|  0%| F|  |TAMS 0x0000000087c00000, 0x0000000087c00000| Untracked 
| 125|0x0000000087d00000, 0x0000000087d00000, 0x0000000087e00000|  0%| F|  |TAMS 0x0000000087d00000, 0x0000000087d00000| Untracked 
| 126|0x0000000087e00000, 0x0000000087e00000, 0x0000000087f00000|  0%| F|  |TAMS 0x0000000087e00000, 0x0000000087e00000| Untracked 
| 127|0x0000000087f00000, 0x0000000087f00000, 0x0000000088000000|  0%| F|  |TAMS 0x0000000087f00000, 0x0000000087f00000| Untracked 
| 128|0x0000000088000000, 0x0000000088000000, 0x0000000088100000|  0%| F|  |TAMS 0x0000000088000000, 0x0000000088000000| Untracked 
| 129|0x0000000088100000, 0x0000000088100000, 0x0000000088200000|  0%| F|  |TAMS 0x0000000088100000, 0x0000000088100000| Untracked 
| 130|0x0000000088200000, 0x0000000088200000, 0x0000000088300000|  0%| F|  |TAMS 0x0000000088200000, 0x0000000088200000| Untracked 
| 131|0x0000000088300000, 0x0000000088300000, 0x0000000088400000|  0%| F|  |TAMS 0x0000000088300000, 0x0000000088300000| Untracked 
| 132|0x0000000088400000, 0x0000000088400000, 0x0000000088500000|  0%| F|  |TAMS 0x0000000088400000, 0x0000000088400000| Untracked 
| 133|0x0000000088500000, 0x0000000088500000, 0x0000000088600000|  0%| F|  |TAMS 0x0000000088500000, 0x0000000088500000| Untracked 
| 134|0x0000000088600000, 0x0000000088600000, 0x0000000088700000|  0%| F|  |TAMS 0x0000000088600000, 0x0000000088600000| Untracked 
| 135|0x0000000088700000, 0x0000000088700000, 0x0000000088800000|  0%| F|  |TAMS 0x0000000088700000, 0x0000000088700000| Untracked 
| 136|0x0000000088800000, 0x0000000088800000, 0x0000000088900000|  0%| F|  |TAMS 0x0000000088800000, 0x0000000088800000| Untracked 
| 137|0x0000000088900000, 0x0000000088900000, 0x0000000088a00000|  0%| F|  |TAMS 0x0000000088900000, 0x0000000088900000| Untracked 
| 138|0x0000000088a00000, 0x0000000088a00000, 0x0000000088b00000|  0%| F|  |TAMS 0x0000000088a00000, 0x0000000088a00000| Untracked 
| 139|0x0000000088b00000, 0x0000000088b00000, 0x0000000088c00000|  0%| F|  |TAMS 0x0000000088b00000, 0x0000000088b00000| Untracked 
| 140|0x0000000088c00000, 0x0000000088c00000, 0x0000000088d00000|  0%| F|  |TAMS 0x0000000088c00000, 0x0000000088c00000| Untracked 
| 141|0x0000000088d00000, 0x0000000088d00000, 0x0000000088e00000|  0%| F|  |TAMS 0x0000000088d00000, 0x0000000088d00000| Untracked 
| 142|0x0000000088e00000, 0x0000000088e00000, 0x0000000088f00000|  0%| F|  |TAMS 0x0000000088e00000, 0x0000000088e00000| Untracked 
| 143|0x0000000088f00000, 0x0000000088f00000, 0x0000000089000000|  0%| F|  |TAMS 0x0000000088f00000, 0x0000000088f00000| Untracked 
| 144|0x0000000089000000, 0x0000000089000000, 0x0000000089100000|  0%| F|  |TAMS 0x0000000089000000, 0x0000000089000000| Untracked 
| 145|0x0000000089100000, 0x0000000089100000, 0x0000000089200000|  0%| F|  |TAMS 0x0000000089100000, 0x0000000089100000| Untracked 
| 146|0x0000000089200000, 0x0000000089200000, 0x0000000089300000|  0%| F|  |TAMS 0x0000000089200000, 0x0000000089200000| Untracked 
| 147|0x0000000089300000, 0x0000000089300000, 0x0000000089400000|  0%| F|  |TAMS 0x0000000089300000, 0x0000000089300000| Untracked 
| 148|0x0000000089400000, 0x0000000089480800, 0x0000000089500000| 50%| E|  |TAMS 0x0000000089400000, 0x0000000089400000| Complete 
| 149|0x0000000089500000, 0x0000000089600000, 0x0000000089600000|100%| E|CS|TAMS 0x0000000089500000, 0x0000000089500000| Complete 
| 150|0x0000000089600000, 0x0000000089700000, 0x0000000089700000|100%| E|CS|TAMS 0x0000000089600000, 0x0000000089600000| Complete 
| 151|0x0000000089700000, 0x0000000089800000, 0x0000000089800000|100%| E|CS|TAMS 0x0000000089700000, 0x0000000089700000| Complete 
| 152|0x0000000089800000, 0x0000000089900000, 0x0000000089900000|100%| E|CS|TAMS 0x0000000089800000, 0x0000000089800000| Complete 
| 153|0x0000000089900000, 0x0000000089a00000, 0x0000000089a00000|100%| E|CS|TAMS 0x0000000089900000, 0x0000000089900000| Complete 

Card table byte_map: [0x0000029ba8150000,0x0000029ba8550000] _byte_map_base: 0x0000029ba7d50000

Marking Bits (Prev, Next): (CMBitMap*) 0x0000029b934b00f8, (CMBitMap*) 0x0000029b934b0130
 Prev Bits: [0x0000029ba8950000, 0x0000029baa950000)
 Next Bits: [0x0000029baa950000, 0x0000029bac950000)

Polling page: 0x0000029b98700000

Metaspace:

Usage:
  Non-class:     48.78 MB capacity,    47.91 MB ( 98%) used,   744.43 KB (  1%) free+waste,   143.94 KB ( <1%) overhead. 
      Class:      7.44 MB capacity,     6.95 MB ( 93%) used,   438.63 KB (  6%) free+waste,    68.19 KB ( <1%) overhead. 
       Both:     56.23 MB capacity,    54.86 MB ( 98%) used,     1.16 MB (  2%) free+waste,   212.13 KB ( <1%) overhead. 

Virtual space:
  Non-class space:       50.00 MB reserved,      49.00 MB ( 98%) committed 
      Class space:        1.00 GB reserved,       7.57 MB ( <1%) committed 
             Both:        1.05 GB reserved,      56.57 MB (  5%) committed 

Chunk freelists:
   Non-Class:  32.00 KB
       Class:  25.00 KB
        Both:  57.00 KB

MaxMetaspaceSize: 17179869184.00 GB
CompressedClassSpaceSize: 1.00 GB

CodeHeap 'non-profiled nmethods': size=120064Kb used=2972Kb max_used=2972Kb free=117091Kb
 bounds [0x0000029ba01e0000, 0x0000029ba04d0000, 0x0000029ba7720000]
CodeHeap 'profiled nmethods': size=120000Kb used=11560Kb max_used=11560Kb free=108439Kb
 bounds [0x0000029b98cb0000, 0x0000029b99800000, 0x0000029ba01e0000]
CodeHeap 'non-nmethods': size=5696Kb used=2235Kb max_used=2271Kb free=3460Kb
 bounds [0x0000029b98720000, 0x0000029b98990000, 0x0000029b98cb0000]
 total_blobs=6403 nmethods=5586 adapters=728
 compilation: enabled
              stopped_count=0, restarted_count=0
 full_count=0

Compilation events (20 events):
Event: 13.904 Thread 0x0000029baefba000 5599       3       org.gradle.api.internal.provider.ValueSupplier$Value::ofNullable (23 bytes)
Event: 13.904 Thread 0x0000029baefba000 nmethod 5599 0x0000029b997e9110 code [0x0000029b997e9300, 0x0000029b997e96d8]
Event: 13.908 Thread 0x0000029baefba000 5600       3       com.google.common.reflect.Types::access$300 (5 bytes)
Event: 13.908 Thread 0x0000029baefba000 nmethod 5600 0x0000029b997e9890 code [0x0000029b997e9a80, 0x0000029b997e9ed8]
Event: 13.908 Thread 0x0000029baefba000 5601       3       com.google.common.reflect.Types::toArray (19 bytes)
Event: 13.909 Thread 0x0000029baefba000 nmethod 5601 0x0000029b997ea010 code [0x0000029b997ea1e0, 0x0000029b997ea5d8]
Event: 13.909 Thread 0x0000029baefba000 5602       3       com.google.common.collect.RegularImmutableList::copyIntoArray (21 bytes)
Event: 13.909 Thread 0x0000029baefba000 nmethod 5602 0x0000029b997ea710 code [0x0000029b997ea8e0, 0x0000029b997eab88]
Event: 13.909 Thread 0x0000029baefba000 5603       3       org.gradle.api.internal.provider.Providers::of (21 bytes)
Event: 13.909 Thread 0x0000029baefba000 nmethod 5603 0x0000029b997eac10 code [0x0000029b997eae00, 0x0000029b997eb208]
Event: 13.909 Thread 0x0000029baefba000 5604       3       com.google.common.reflect.Types$ParameterizedTypeImpl::getActualTypeArguments (8 bytes)
Event: 13.910 Thread 0x0000029baefba000 nmethod 5604 0x0000029b997eb390 code [0x0000029b997eb580, 0x0000029b997eba58]
Event: 13.910 Thread 0x0000029baefba000 5606       3       org.gradle.api.internal.provider.sources.AbstractPropertyValueSource$Parameters_Decorated::getPropertyName (34 bytes)
Event: 13.911 Thread 0x0000029baefba000 nmethod 5606 0x0000029b997ebc10 code [0x0000029b997ebe40, 0x0000029b997ec658]
Event: 13.911 Thread 0x0000029baefba000 5605       3       com.google.common.collect.ImmutableMap$Builder::putAll (11 bytes)
Event: 13.911 Thread 0x0000029baefba000 nmethod 5605 0x0000029b997ec890 code [0x0000029b997eca60, 0x0000029b997eccd8]
Event: 13.912 Thread 0x0000029baefba000 5607       3       com.google.common.collect.AbstractIndexedListIterator::hasNext (17 bytes)
Event: 13.913 Thread 0x0000029baefba000 nmethod 5607 0x0000029b997ece10 code [0x0000029b997ecfc0, 0x0000029b997ed118]
Event: 13.914 Thread 0x0000029baefba000 5608       3       java.util.concurrent.atomic.AtomicReference::<init> (10 bytes)
Event: 13.914 Thread 0x0000029baefba000 nmethod 5608 0x0000029b997ed190 code [0x0000029b997ed340, 0x0000029b997ed4f8]

GC Heap History (18 events):
Event: 0.823 GC heap before
{Heap before GC invocations=0 (full 0):
 garbage-first heap   total 131072K, used 19456K [0x0000000080000000, 0x0000000100000000)
  region size 1024K, 14 young (14336K), 0 survivors (0K)
 Metaspace       used 6732K, capacity 6921K, committed 7168K, reserved 1056768K
  class space    used 582K, capacity 650K, committed 768K, reserved 1048576K
}
Event: 0.828 GC heap after
{Heap after GC invocations=1 (full 0):
 garbage-first heap   total 131072K, used 8394K [0x0000000080000000, 0x0000000100000000)
  region size 1024K, 2 young (2048K), 2 survivors (2048K)
 Metaspace       used 6732K, capacity 6921K, committed 7168K, reserved 1056768K
  class space    used 582K, capacity 650K, committed 768K, reserved 1048576K
}
Event: 1.211 GC heap before
{Heap before GC invocations=1 (full 0):
 garbage-first heap   total 131072K, used 20682K [0x0000000080000000, 0x0000000100000000)
  region size 1024K, 14 young (14336K), 2 survivors (2048K)
 Metaspace       used 9846K, capacity 10050K, committed 10112K, reserved 1058816K
  class space    used 1021K, capacity 1102K, committed 1152K, reserved 1048576K
}
Event: 1.216 GC heap after
{Heap after GC invocations=2 (full 0):
 garbage-first heap   total 131072K, used 9333K [0x0000000080000000, 0x0000000100000000)
  region size 1024K, 2 young (2048K), 2 survivors (2048K)
 Metaspace       used 9846K, capacity 10050K, committed 10112K, reserved 1058816K
  class space    used 1021K, capacity 1102K, committed 1152K, reserved 1048576K
}
Event: 2.006 GC heap before
{Heap before GC invocations=2 (full 0):
 garbage-first heap   total 131072K, used 39029K [0x0000000080000000, 0x0000000100000000)
  region size 1024K, 31 young (31744K), 2 survivors (2048K)
 Metaspace       used 10773K, capacity 11003K, committed 11264K, reserved 1058816K
  class space    used 1124K, capacity 1206K, committed 1280K, reserved 1048576K
}
Event: 2.011 GC heap after
{Heap after GC invocations=3 (full 0):
 garbage-first heap   total 131072K, used 11914K [0x0000000080000000, 0x0000000100000000)
  region size 1024K, 4 young (4096K), 4 survivors (4096K)
 Metaspace       used 10773K, capacity 11003K, committed 11264K, reserved 1058816K
  class space    used 1124K, capacity 1206K, committed 1280K, reserved 1048576K
}
Event: 4.392 GC heap before
{Heap before GC invocations=3 (full 0):
 garbage-first heap   total 131072K, used 76426K [0x0000000080000000, 0x0000000100000000)
  region size 1024K, 68 young (69632K), 4 survivors (4096K)
 Metaspace       used 20634K, capacity 21118K, committed 21248K, reserved 1067008K
  class space    used 2522K, capacity 2720K, committed 2816K, reserved 1048576K
}
Event: 4.403 GC heap after
{Heap after GC invocations=4 (full 0):
 garbage-first heap   total 131072K, used 16562K [0x0000000080000000, 0x0000000100000000)
  region size 1024K, 9 young (9216K), 9 survivors (9216K)
 Metaspace       used 20634K, capacity 21118K, committed 21248K, reserved 1067008K
  class space    used 2522K, capacity 2720K, committed 2816K, reserved 1048576K
}
Event: 5.677 GC heap before
{Heap before GC invocations=5 (full 0):
 garbage-first heap   total 131072K, used 83122K [0x0000000080000000, 0x0000000100000000)
  region size 1024K, 74 young (75776K), 9 survivors (9216K)
 Metaspace       used 26841K, capacity 27445K, committed 27648K, reserved 1073152K
  class space    used 3542K, capacity 3793K, committed 3840K, reserved 1048576K
}
Event: 5.693 GC heap after
{Heap after GC invocations=6 (full 0):
 garbage-first heap   total 131072K, used 18983K [0x0000000080000000, 0x0000000100000000)
  region size 1024K, 3 young (3072K), 3 survivors (3072K)
 Metaspace       used 26841K, capacity 27445K, committed 27648K, reserved 1073152K
  class space    used 3542K, capacity 3793K, committed 3840K, reserved 1048576K
}
Event: 6.751 GC heap before
{Heap before GC invocations=6 (full 0):
 garbage-first heap   total 131072K, used 60967K [0x0000000080000000, 0x0000000100000000)
  region size 1024K, 46 young (47104K), 3 survivors (3072K)
 Metaspace       used 35053K, capacity 35830K, committed 35840K, reserved 1081344K
  class space    used 4539K, capacity 4864K, committed 4864K, reserved 1048576K
}
Event: 6.765 GC heap after
{Heap after GC invocations=7 (full 0):
 garbage-first heap   total 131072K, used 21955K [0x0000000080000000, 0x0000000100000000)
  region size 1024K, 6 young (6144K), 6 survivors (6144K)
 Metaspace       used 35053K, capacity 35830K, committed 35840K, reserved 1081344K
  class space    used 4539K, capacity 4864K, committed 4864K, reserved 1048576K
}
Event: 8.603 GC heap before
{Heap before GC invocations=8 (full 0):
 garbage-first heap   total 131072K, used 93635K [0x0000000080000000, 0x0000000100000000)
  region size 1024K, 74 young (75776K), 6 survivors (6144K)
 Metaspace       used 40116K, capacity 41096K, committed 41420K, reserved 1085440K
  class space    used 5150K, capacity 5499K, committed 5580K, reserved 1048576K
}
Event: 8.623 GC heap after
{Heap after GC invocations=9 (full 0):
 garbage-first heap   total 157696K, used 27178K [0x0000000080000000, 0x0000000100000000)
  region size 1024K, 9 young (9216K), 9 survivors (9216K)
 Metaspace       used 40116K, capacity 41096K, committed 41420K, reserved 1085440K
  class space    used 5150K, capacity 5499K, committed 5580K, reserved 1048576K
}
Event: 11.406 GC heap before
{Heap before GC invocations=9 (full 0):
 garbage-first heap   total 157696K, used 107050K [0x0000000080000000, 0x0000000100000000)
  region size 1024K, 87 young (89088K), 9 survivors (9216K)
 Metaspace       used 46610K, capacity 47812K, committed 47948K, reserved 1091584K
  class space    used 5969K, capacity 6415K, committed 6476K, reserved 1048576K
}
Event: 11.425 GC heap after
{Heap after GC invocations=10 (full 0):
 garbage-first heap   total 157696K, used 30817K [0x0000000080000000, 0x0000000100000000)
  region size 1024K, 9 young (9216K), 9 survivors (9216K)
 Metaspace       used 46610K, capacity 47812K, committed 47948K, reserved 1091584K
  class space    used 5969K, capacity 6415K, committed 6476K, reserved 1048576K
}
Event: 13.764 GC heap before
{Heap before GC invocations=10 (full 0):
 garbage-first heap   total 157696K, used 118881K [0x0000000080000000, 0x0000000100000000)
  region size 1024K, 92 young (94208K), 9 survivors (9216K)
 Metaspace       used 55664K, capacity 57097K, committed 57292K, reserved 1099776K
  class space    used 7044K, capacity 7550K, committed 7628K, reserved 1048576K
}
Event: 13.789 GC heap after
{Heap after GC invocations=11 (full 0):
 garbage-first heap   total 157696K, used 43947K [0x0000000080000000, 0x0000000100000000)
  region size 1024K, 12 young (12288K), 12 survivors (12288K)
 Metaspace       used 55664K, capacity 57097K, committed 57292K, reserved 1099776K
  class space    used 7044K, capacity 7550K, committed 7628K, reserved 1048576K
}

Deoptimization events (20 events):
Event: 13.042 Thread 0x0000029bafa89000 DEOPT PACKING pc=0x0000029b98ef0f97 sp=0x000000f72d4f6c00
Event: 13.042 Thread 0x0000029bafa89000 DEOPT UNPACKING pc=0x0000029b987476ce sp=0x000000f72d4f6188 mode 0
Event: 13.044 Thread 0x0000029bafa89000 DEOPT PACKING pc=0x0000029b98ef0f97 sp=0x000000f72d4f6c00
Event: 13.044 Thread 0x0000029bafa89000 DEOPT UNPACKING pc=0x0000029b987476ce sp=0x000000f72d4f6188 mode 0
Event: 13.161 Thread 0x0000029bafa89000 Uncommon trap: trap_request=0xffffffc6 fr.pc=0x0000029ba033477c relative=0x000000000000047c
Event: 13.161 Thread 0x0000029bafa89000 Uncommon trap: reason=bimorphic_or_optimized_type_check action=maybe_recompile pc=0x0000029ba033477c method=java.util.Spliterators$IteratorSpliterator.tryAdvance(Ljava/util/function/Consumer;)Z @ 50 c2
Event: 13.161 Thread 0x0000029bafa89000 DEOPT PACKING pc=0x0000029ba033477c sp=0x000000f72d4f8040
Event: 13.161 Thread 0x0000029bafa89000 DEOPT UNPACKING pc=0x0000029b987478af sp=0x000000f72d4f7fe0 mode 2
Event: 13.216 Thread 0x0000029bafa89000 Uncommon trap: trap_request=0xffffff4d fr.pc=0x0000029ba04a5d20 relative=0x0000000000000420
Event: 13.216 Thread 0x0000029bafa89000 Uncommon trap: reason=unstable_if action=reinterpret pc=0x0000029ba04a5d20 method=org.gradle.internal.instantiation.generator.AbstractClassGenerator$InjectionAnnotationValidator.validateMethod(Ljava/lang/reflect/Method;Lorg/gradle/internal/reflect/Propert
Event: 13.216 Thread 0x0000029bafa89000 DEOPT PACKING pc=0x0000029ba04a5d20 sp=0x000000f72d4f8100
Event: 13.216 Thread 0x0000029bafa89000 DEOPT UNPACKING pc=0x0000029b987478af sp=0x000000f72d4f80c8 mode 2
Event: 13.216 Thread 0x0000029bafa89000 Uncommon trap: trap_request=0xffffff4d fr.pc=0x0000029ba04a7688 relative=0x0000000000000468
Event: 13.216 Thread 0x0000029bafa89000 Uncommon trap: reason=unstable_if action=reinterpret pc=0x0000029ba04a7688 method=org.gradle.internal.instantiation.generator.AbstractClassGenerator$InjectionAnnotationValidator.validateMethod(Ljava/lang/reflect/Method;Lorg/gradle/internal/reflect/Propert
Event: 13.216 Thread 0x0000029bafa89000 DEOPT PACKING pc=0x0000029ba04a7688 sp=0x000000f72d4f8060
Event: 13.216 Thread 0x0000029bafa89000 DEOPT UNPACKING pc=0x0000029b987478af sp=0x000000f72d4f8020 mode 2
Event: 13.790 Thread 0x0000029bafa87800 Uncommon trap: trap_request=0xffffffde fr.pc=0x0000029ba031c76c relative=0x000000000000052c
Event: 13.790 Thread 0x0000029bafa87800 Uncommon trap: reason=class_check action=maybe_recompile pc=0x0000029ba031c76c method=jdk.internal.ref.PhantomCleanable.clean()V @ 12 c2
Event: 13.790 Thread 0x0000029bafa87800 DEOPT PACKING pc=0x0000029ba031c76c sp=0x000000f72cafef20
Event: 13.790 Thread 0x0000029bafa87800 DEOPT UNPACKING pc=0x0000029b987478af sp=0x000000f72cafef00 mode 2

Classes redefined (0 events):
No events

Internal exceptions (20 events):
Event: 12.100 Thread 0x0000029bb1c8c000 Exception <a 'java/lang/NoSuchMethodError'{0x0000000087d9b030}: <clinit>> (0x0000000087d9b030) thrown at [./src/hotspot/share/prims/jni.cpp, line 1362]
Event: 12.101 Thread 0x0000029bb1c8c000 Exception <a 'java/lang/NoSuchMethodError'{0x0000000087d9c388}: <clinit>> (0x0000000087d9c388) thrown at [./src/hotspot/share/prims/jni.cpp, line 1362]
Event: 12.101 Thread 0x0000029bb1c8c000 Exception <a 'java/lang/NoSuchMethodError'{0x0000000087d9d690}: <clinit>> (0x0000000087d9d690) thrown at [./src/hotspot/share/prims/jni.cpp, line 1362]
Event: 12.101 Thread 0x0000029bb1c8c000 Exception <a 'java/lang/NoSuchMethodError'{0x0000000087d9e6b0}: <clinit>> (0x0000000087d9e6b0) thrown at [./src/hotspot/share/prims/jni.cpp, line 1362]
Event: 12.103 Thread 0x0000029bb1c8c000 Exception <a 'java/lang/NoSuchMethodError'{0x0000000087da8258}: <clinit>> (0x0000000087da8258) thrown at [./src/hotspot/share/prims/jni.cpp, line 1362]
Event: 12.104 Thread 0x0000029bb1c8c000 Exception <a 'java/lang/NoSuchMethodError'{0x0000000087db2740}: <clinit>> (0x0000000087db2740) thrown at [./src/hotspot/share/prims/jni.cpp, line 1362]
Event: 12.110 Thread 0x0000029bb1c8c000 Exception <a 'java/lang/NoSuchMethodError'{0x0000000087dc6738}: <clinit>> (0x0000000087dc6738) thrown at [./src/hotspot/share/prims/jni.cpp, line 1362]
Event: 12.130 Thread 0x0000029bafa89000 Exception <a 'java/lang/ClassNotFoundException'{0x0000000087c0e788}: build_32ybxqagrnq6pubtn81y0703dBeanInfo> (0x0000000087c0e788) thrown at [./src/hotspot/share/classfile/systemDictionary.cpp, line 231]
Event: 12.130 Thread 0x0000029bafa89000 Exception <a 'java/lang/ClassNotFoundException'{0x0000000087c196b0}: build_32ybxqagrnq6pubtn81y0703dCustomizer> (0x0000000087c196b0) thrown at [./src/hotspot/share/classfile/systemDictionary.cpp, line 231]
Event: 12.141 Thread 0x0000029bafa89000 Exception <a 'java/lang/ClassNotFoundException'{0x0000000087c99a60}: org/gradle/plugin/use/internal/PluginRequestCollector$PluginDependenciesSpecImplBeanInfo> (0x0000000087c99a60) thrown at [./src/hotspot/share/classfile/systemDictionary.cpp, line 231]
Event: 12.142 Thread 0x0000029bafa89000 Exception <a 'java/lang/ClassNotFoundException'{0x0000000087cc7910}: org/gradle/plugin/use/internal/PluginRequestCollector$PluginDependenciesSpecImplCustomizer> (0x0000000087cc7910) thrown at [./src/hotspot/share/classfile/systemDictionary.cpp, line 231]
Event: 12.187 Thread 0x0000029bafa89000 Exception <a 'java/lang/ClassNotFoundException'{0x00000000879454f8}: org/gradle/api/internal/plugins/DefaultObjectConfigurationActionBeanInfo> (0x00000000879454f8) thrown at [./src/hotspot/share/classfile/systemDictionary.cpp, line 231]
Event: 12.188 Thread 0x0000029bafa89000 Exception <a 'java/lang/ClassNotFoundException'{0x0000000087978970}: org/gradle/api/internal/plugins/DefaultObjectConfigurationActionCustomizer> (0x0000000087978970) thrown at [./src/hotspot/share/classfile/systemDictionary.cpp, line 231]
Event: 12.398 Thread 0x0000029bafa89000 Exception <a 'java/lang/NoSuchMethodError'{0x0000000086f50358}: 'java.lang.Object java.lang.invoke.DirectMethodHandle$Holder.invokeStatic(java.lang.Object, java.lang.Object, java.lang.Object, java.lang.Object, int)'> (0x0000000086f50358) thrown at [./src/hotspot/share/interpreter/linkResolver.cpp, line 773]
Event: 12.399 Thread 0x0000029bafa89000 Exception <a 'java/lang/NoSuchMethodError'{0x0000000086f54d50}: 'java.lang.Object java.lang.invoke.DirectMethodHandle$Holder.invokeSpecial(java.lang.Object, java.lang.Object, java.lang.Object, java.lang.Object, java.lang.Object, int)'> (0x0000000086f54d50) thrown at [./src/hotspot/share/interpreter/linkResolver.cpp, line 773]
Event: 12.399 Thread 0x0000029bafa89000 Exception <a 'java/lang/NoSuchMethodError'{0x0000000086f59390}: 'java.lang.Object java.lang.invoke.Invokers$Holder.linkToTargetMethod(java.lang.Object, java.lang.Object, java.lang.Object, int, java.lang.Object)'> (0x0000000086f59390) thrown at [./src/hotspot/share/interpreter/linkResolver.cpp, line 773]
Event: 12.727 Thread 0x0000029bafa89000 Exception <a 'java/lang/NoSuchMethodError'{0x00000000861b3298}: 'java.lang.Object java.lang.invoke.DirectMethodHandle$Holder.invokeSpecial(java.lang.Object, java.lang.Object, int, int, java.lang.Object, java.lang.Object, java.lang.Object)'> (0x00000000861b3298) thrown at [./src/hotspot/share/interpreter/linkResolver.cpp, line 773]
Event: 12.727 Thread 0x0000029bafa89000 Exception <a 'java/lang/NoSuchMethodError'{0x00000000861b7818}: 'java.lang.Object java.lang.invoke.DelegatingMethodHandle$Holder.reinvoke_L(java.lang.Object, int, int, java.lang.Object, java.lang.Object, java.lang.Object)'> (0x00000000861b7818) thrown at [./src/hotspot/share/interpreter/linkResolver.cpp, line 773]
Event: 13.190 Thread 0x0000029bafa89000 Exception <a 'java/lang/NoSuchMethodError'{0x000000008552ac88}: 'int java.lang.invoke.DirectMethodHandle$Holder.invokeInterface(java.lang.Object, java.lang.Object, java.lang.Object, java.lang.Object)'> (0x000000008552ac88) thrown at [./src/hotspot/share/interpreter/linkResolver.cpp, line 773]
Event: 13.915 Thread 0x0000029bafa89000 Exception <a 'java/lang/NoSuchMethodError'{0x000000008987ab48}: 'void java.lang.invoke.DirectMethodHandle$Holder.invokeInterface(java.lang.Object, java.lang.Object, java.lang.Object, java.lang.Object)'> (0x000000008987ab48) thrown at [./src/hotspot/share/interpreter/linkResolver.cpp, line 773]

Events (20 events):
Event: 13.924 loading class com/google/common/base/Platform$JdkPatternCompiler
Event: 13.924 loading class com/google/common/base/Platform$JdkPatternCompiler done
Event: 13.925 loading class java/util/regex/Pattern$2
Event: 13.925 loading class java/util/regex/Pattern$2 done
Event: 13.926 loading class kotlin/collections/CollectionsKt
Event: 13.926 loading class kotlin/collections/CollectionsKt done
Event: 13.926 loading class com/android/build/gradle/internal/utils/GradlePluginUtils$enforceMinimumVersionsOfPlugins$1
Event: 13.926 loading class com/android/build/gradle/internal/utils/GradlePluginUtils$enforceMinimumVersionsOfPlugins$1 done
Event: 13.927 loading class org/gradle/api/plugins/JavaBasePlugin
Event: 13.927 loading class org/gradle/api/plugins/JavaBasePlugin done
Event: 13.927 loading class org/gradle/api/plugins/JavaBasePlugin
Event: 13.927 loading class org/gradle/api/plugins/JavaBasePlugin done
Event: 13.930 loading class org/gradle/api/plugins/PluginContainer
Event: 13.930 loading class org/gradle/api/plugins/PluginContainer done
Event: 13.936 loading class org/gradle/api/plugins/JavaPluginConvention
Event: 13.936 loading class org/gradle/api/plugins/JavaPluginConvention done
Event: 13.938 loading class org/gradle/api/plugins/internal/DefaultJavaPluginConvention
Event: 13.938 loading class org/gradle/api/plugins/internal/DefaultJavaPluginConvention done
Event: 13.940 loading class org/gradle/api/tasks/testing/Test
Event: 13.940 loading class org/gradle/api/tasks/testing/Test done


Dynamic libraries:
0x00007ff6b2380000 - 0x00007ff6b238a000 	D:\SSD_android_sudio\jre\bin\java.exe
0x00007ffb47de0000 - 0x00007ffb47fd0000 	C:\Windows\SYSTEM32\ntdll.dll
0x00007ffb47430000 - 0x00007ffb474e2000 	C:\Windows\System32\KERNEL32.DLL
0x00007ffb45290000 - 0x00007ffb45533000 	C:\Windows\System32\KERNELBASE.dll
0x00007ffb44f10000 - 0x00007ffb4500a000 	C:\Windows\System32\ucrtbase.dll
0x00007ffb3f0f0000 - 0x00007ffb3f109000 	D:\SSD_android_sudio\jre\bin\jli.dll
0x00007ffb35f60000 - 0x00007ffb35f77000 	D:\SSD_android_sudio\jre\bin\VCRUNTIME140.dll
0x00007ffb479c0000 - 0x00007ffb47b54000 	C:\Windows\System32\USER32.dll
0x00007ffb45010000 - 0x00007ffb45031000 	C:\Windows\System32\win32u.dll
0x00007ffb3a880000 - 0x00007ffb3ab05000 	C:\Windows\WinSxS\amd64_microsoft.windows.common-controls_6595b64144ccf1df_6.0.18362.418_none_e6c6b287130d565d\COMCTL32.dll
0x00007ffb45f10000 - 0x00007ffb45f36000 	C:\Windows\System32\GDI32.dll
0x00007ffb47790000 - 0x00007ffb4782e000 	C:\Windows\System32\msvcrt.dll
0x00007ffb44d70000 - 0x00007ffb44f04000 	C:\Windows\System32\gdi32full.dll
0x00007ffb46130000 - 0x00007ffb46466000 	C:\Windows\System32\combase.dll
0x00007ffb45d40000 - 0x00007ffb45dde000 	C:\Windows\System32\msvcp_win.dll
0x00007ffb46470000 - 0x00007ffb46590000 	C:\Windows\System32\RPCRT4.dll
0x00007ffb450c0000 - 0x00007ffb45140000 	C:\Windows\System32\bcryptPrimitives.dll
0x00007ffb47d60000 - 0x00007ffb47d8e000 	C:\Windows\System32\IMM32.DLL
0x00007ffb08da0000 - 0x00007ffb08e3d000 	D:\SSD_android_sudio\jre\bin\msvcp140.dll
0x00007ffb04100000 - 0x00007ffb04bcf000 	D:\SSD_android_sudio\jre\bin\server\jvm.dll
0x00007ffb47830000 - 0x00007ffb478d3000 	C:\Windows\System32\ADVAPI32.dll
0x00007ffb46a70000 - 0x00007ffb46b07000 	C:\Windows\System32\sechost.dll
0x00007ffb474f0000 - 0x00007ffb474f8000 	C:\Windows\System32\PSAPI.DLL
0x00007ffb3a480000 - 0x00007ffb3a489000 	C:\Windows\SYSTEM32\WSOCK32.dll
0x00007ffb41810000 - 0x00007ffb41834000 	C:\Windows\SYSTEM32\WINMM.dll
0x00007ffb46b10000 - 0x00007ffb46b7f000 	C:\Windows\System32\WS2_32.dll
0x00007ffb3e790000 - 0x00007ffb3e79a000 	C:\Windows\SYSTEM32\VERSION.dll
0x00007ffb417d0000 - 0x00007ffb417fd000 	C:\Windows\SYSTEM32\WINMMBASE.dll
0x00007ffb45cf0000 - 0x00007ffb45d3a000 	C:\Windows\System32\cfgmgr32.dll
0x00007ffb44d00000 - 0x00007ffb44d11000 	C:\Windows\System32\kernel.appcore.dll
0x00007ffb35f40000 - 0x00007ffb35f51000 	D:\SSD_android_sudio\jre\bin\verify.dll
0x00007ffb2ce50000 - 0x00007ffb2d044000 	C:\Windows\SYSTEM32\DBGHELP.DLL
0x00007ffb2e960000 - 0x00007ffb2e98a000 	C:\Windows\SYSTEM32\dbgcore.DLL
0x00007ffb30690000 - 0x00007ffb306b9000 	D:\SSD_android_sudio\jre\bin\java.dll
0x00007ffb36eb0000 - 0x00007ffb36ebb000 	D:\SSD_android_sudio\jre\bin\jimage.dll
0x00007ffb2bbd0000 - 0x00007ffb2bbe8000 	D:\SSD_android_sudio\jre\bin\zip.dll
0x00007ffb46d40000 - 0x00007ffb47425000 	C:\Windows\System32\SHELL32.dll
0x00007ffb47be0000 - 0x00007ffb47c89000 	C:\Windows\System32\shcore.dll
0x00007ffb45540000 - 0x00007ffb45cbf000 	C:\Windows\System32\windows.storage.dll
0x00007ffb44cc0000 - 0x00007ffb44cdf000 	C:\Windows\System32\profapi.dll
0x00007ffb44d20000 - 0x00007ffb44d6a000 	C:\Windows\System32\powrprof.dll
0x00007ffb44cb0000 - 0x00007ffb44cc0000 	C:\Windows\System32\UMPDC.dll
0x00007ffb47960000 - 0x00007ffb479b2000 	C:\Windows\System32\shlwapi.dll
0x00007ffb450a0000 - 0x00007ffb450b7000 	C:\Windows\System32\cryptsp.dll
0x00007ffb2bbb0000 - 0x00007ffb2bbca000 	D:\SSD_android_sudio\jre\bin\net.dll
0x00007ffb36b40000 - 0x00007ffb36c30000 	C:\Windows\SYSTEM32\WINHTTP.dll
0x00007ffb44520000 - 0x00007ffb44587000 	C:\Windows\system32\mswsock.dll
0x00007ffb2bb90000 - 0x00007ffb2bba4000 	D:\SSD_android_sudio\jre\bin\nio.dll
0x00007ffb38f70000 - 0x00007ffb38f97000 	C:\Users\dell\.gradle\native\8bec1ad78214c89d9ad589b4d07fe93259594b29d510b10fafb7a158f7737e5d\windows-amd64\native-platform.dll
0x00007ffb05d00000 - 0x00007ffb05e3d000 	C:\Users\dell\.gradle\native\53dbd7edfb1c66fb8903c78663c9afc45aea4f116125fa6feffd364cf09443e8\windows-amd64\native-platform-file-events.dll
0x00007ffb35290000 - 0x00007ffb3529a000 	D:\SSD_android_sudio\jre\bin\management.dll
0x00007ffb34780000 - 0x00007ffb3478c000 	D:\SSD_android_sudio\jre\bin\management_ext.dll
0x00007ffb44090000 - 0x00007ffb440c3000 	C:\Windows\system32\rsaenh.dll
0x00007ffb45cc0000 - 0x00007ffb45ce6000 	C:\Windows\System32\bcrypt.dll
0x00007ffb44bd0000 - 0x00007ffb44bf5000 	C:\Windows\SYSTEM32\USERENV.dll
0x00007ffb446f0000 - 0x00007ffb446fc000 	C:\Windows\SYSTEM32\CRYPTBASE.dll
0x00007ffb44230000 - 0x00007ffb4426a000 	C:\Windows\SYSTEM32\IPHLPAPI.DLL
0x00007ffb47d90000 - 0x00007ffb47d98000 	C:\Windows\System32\NSI.dll
0x00007ffb3bd70000 - 0x00007ffb3bd86000 	C:\Windows\SYSTEM32\dhcpcsvc6.DLL
0x00007ffb3cd60000 - 0x00007ffb3cd7c000 	C:\Windows\SYSTEM32\dhcpcsvc.DLL
0x00007ffb44270000 - 0x00007ffb4433a000 	C:\Windows\SYSTEM32\DNSAPI.dll

dbghelp: loaded successfully - version: 4.0.5 - missing functions: none
symbol engine: initialized successfully - sym options: 0x614 - pdb path: .;D:\SSD_android_sudio\jre\bin;C:\Windows\SYSTEM32;C:\Windows\WinSxS\amd64_microsoft.windows.common-controls_6595b64144ccf1df_6.0.18362.418_none_e6c6b287130d565d;D:\SSD_android_sudio\jre\bin\server;C:\Users\dell\.gradle\native\8bec1ad78214c89d9ad589b4d07fe93259594b29d510b10fafb7a158f7737e5d\windows-amd64;C:\Users\dell\.gradle\native\53dbd7edfb1c66fb8903c78663c9afc45aea4f116125fa6feffd364cf09443e8\windows-amd64

VM Arguments:
jvm_args: --add-opens=java.base/java.util=ALL-UNNAMED --add-opens=java.base/java.lang=ALL-UNNAMED --add-opens=java.base/java.lang.invoke=ALL-UNNAMED --add-opens=java.base/java.util=ALL-UNNAMED --add-opens=java.prefs/java.util.prefs=ALL-UNNAMED --add-opens=java.prefs/java.util.prefs=ALL-UNNAMED --add-opens=java.base/java.nio.charset=ALL-UNNAMED --add-opens=java.base/java.net=ALL-UNNAMED --add-opens=java.base/java.util.concurrent.atomic=ALL-UNNAMED -Xmx2048m -Dfile.encoding=UTF-8 -Duser.country=US -Duser.language=en -Duser.variant 
java_command: org.gradle.launcher.daemon.bootstrap.GradleDaemon 7.0.2
java_class_path (initial): C:\Users\dell\.gradle\wrapper\dists\gradle-7.0.2-bin\857tjihv64xamwrf0h14cai3r\gradle-7.0.2\lib\gradle-launcher-7.0.2.jar
Launcher Type: SUN_STANDARD

[Global flags]
     intx CICompilerCount                          = 3                                         {product} {ergonomic}
     uint ConcGCThreads                            = 1                                         {product} {ergonomic}
     uint G1ConcRefinementThreads                  = 4                                         {product} {ergonomic}
   size_t G1HeapRegionSize                         = 1048576                                   {product} {ergonomic}
    uintx GCDrainStackTargetSize                   = 64                                        {product} {ergonomic}
   size_t InitialHeapSize                          = 134217728                                 {product} {ergonomic}
   size_t MarkStackSize                            = 4194304                                   {product} {ergonomic}
   size_t MaxHeapSize                              = 2147483648                                {product} {command line}
   size_t MaxNewSize                               = 1287651328                                {product} {ergonomic}
   size_t MinHeapDeltaBytes                        = 1048576                                   {product} {ergonomic}
    uintx NonNMethodCodeHeapSize                   = 5830732                                {pd product} {ergonomic}
    uintx NonProfiledCodeHeapSize                  = 122913754                              {pd product} {ergonomic}
    uintx ProfiledCodeHeapSize                     = 122913754                              {pd product} {ergonomic}
    uintx ReservedCodeCacheSize                    = 251658240                              {pd product} {ergonomic}
     bool SegmentedCodeCache                       = true                                      {product} {ergonomic}
     bool UseCompressedClassPointers               = true                                 {lp64_product} {ergonomic}
     bool UseCompressedOops                        = true                                 {lp64_product} {ergonomic}
     bool UseG1GC                                  = true                                      {product} {ergonomic}
     bool UseLargePagesIndividualAllocation        = false                                  {pd product} {ergonomic}

Logging:
Log output configuration:
 #0: stdout all=warning uptime,level,tags
 #1: stderr all=off uptime,level,tags

Environment Variables:
PATH=C:\Windows\system32;C:\Windows;C:\Windows\System32\Wbem;C:\Windows\System32\WindowsPowerShell\v1.0\;C:\Windows\System32\OpenSSH\;C:\Program Files\Git\cmd;C:\Users\dell\AppData\Local\Microsoft\WindowsApps;
USERNAME=dell
OS=Windows_NT
PROCESSOR_IDENTIFIER=Intel64 Family 6 Model 61 Stepping 4, GenuineIntel



---------------  S Y S T E M  ---------------

OS: Windows 10 , 64 bit Build 18362 (10.0.18362.329)
OS uptime: 8 days 1:34 hours

CPU:total 4 (initial active 4) (2 cores per cpu, 2 threads per core) family 6 model 61 stepping 4 microcode 0x2b, cmov, cx8, fxsr, mmx, sse, sse2, sse3, ssse3, sse4.1, sse4.2, popcnt, avx, avx2, aes, clmul, erms, 3dnowpref, lzcnt, ht, tsc, tscinvbit, bmi1, bmi2, adx, fma

Memory: 4k page, system-wide physical 8103M (1351M free)
TotalPageFile size 24272M (AvailPageFile size 82M)
current process WorkingSet (physical memory assigned to process): 318M, peak: 318M
current process commit charge ("private bytes"): 361M, peak: 364M

vm_info: OpenJDK 64-Bit Server VM (11.0.10+0-b96-7249189) for windows-amd64 JRE (11.0.10+0-b96-7249189), built on Mar 31 2021 21:44:00 by "builder" with MS VC++ 14.0 (VS2015)

END.
