#
# There is insufficient memory for the Java Runtime Environment to continue.
# Native memory allocation (malloc) failed to allocate 32744 bytes for ChunkPool::allocate
# Possible reasons:
#   The system is out of physical RAM or swap space
#   The process is running with CompressedOops enabled, and the Java Heap may be blocking the growth of the native heap
# Possible solutions:
#   Reduce memory load on the system
#   Increase physical memory or swap space
#   Check if swap backing store is full
#   Decrease Java heap size (-Xmx/-Xms)
#   Decrease number of Java threads
#   Decrease Java thread stack sizes (-Xss)
#   Set larger code cache with -XX:ReservedCodeCacheSize=
#   JVM is running with Unscaled Compressed Oops mode in which the Java heap is
#     placed in the first 4GB address space. The Java Heap base address is the
#     maximum limit for the native heap growth. Please use -XX:HeapBaseMinAddress
#     to set the Java Heap base and to place the Java Heap above 4GB virtual address.
# This output file may be truncated or incomplete.
#
#  Out of Memory Error (./src/hotspot/share/memory/arena.cpp:81), pid=9396, tid=1200
#
# JRE version: OpenJDK Runtime Environment (11.0.10) (build 11.0.10+0-b96-7249189)
# Java VM: OpenJDK 64-Bit Server VM (11.0.10+0-b96-7249189, mixed mode, tiered, compressed oops, g1 gc, windows-amd64)
# No core dump will be written. Minidumps are not enabled by default on client versions of Windows
#

---------------  S U M M A R Y ------------

Command Line: --add-opens=java.base/java.util=ALL-UNNAMED --add-opens=java.base/java.lang=ALL-UNNAMED --add-opens=java.base/java.lang.invoke=ALL-UNNAMED --add-opens=java.base/java.util=ALL-UNNAMED --add-opens=java.prefs/java.util.prefs=ALL-UNNAMED --add-opens=java.prefs/java.util.prefs=ALL-UNNAMED --add-opens=java.base/java.nio.charset=ALL-UNNAMED --add-opens=java.base/java.net=ALL-UNNAMED --add-opens=java.base/java.util.concurrent.atomic=ALL-UNNAMED -Xmx2048m -Dfile.encoding=UTF-8 -Duser.country=US -Duser.language=en -Duser.variant org.gradle.launcher.daemon.bootstrap.GradleDaemon 7.0.2

Host: Intel(R) Core(TM) i5-5200U CPU @ 2.20GHz, 4 cores, 7G,  Windows 10 , 64 bit Build 18362 (10.0.18362.329)
Time: Tue Sep 21 19:09:24 2021 India Standard Time elapsed time: 16.397956 seconds (0d 0h 0m 16s)

---------------  T H R E A D  ---------------

Current thread (0x000001f2df4f6000):  JavaThread "C2 CompilerThread0" daemon [_thread_in_native, id=1200, stack(0x0000001a2aa00000,0x0000001a2ab00000)]


Current CompileTask:
C2:  16398 8339       4       org.gradle.cache.internal.btree.CachingBlockStore::read (56 bytes)

Stack: [0x0000001a2aa00000,0x0000001a2ab00000]
Native frames: (J=compiled Java code, j=interpreted, Vv=VM code, C=native code)
V  [jvm.dll+0x5ecfaa]
V  [jvm.dll+0x722bd5]
V  [jvm.dll+0x72412d]
V  [jvm.dll+0x7247e3]
V  [jvm.dll+0x242928]
V  [jvm.dll+0xbc75b]
V  [jvm.dll+0xbca0c]
V  [jvm.dll+0xbc608]
V  [jvm.dll+0x5cc470]
V  [jvm.dll+0x61cfce]
V  [jvm.dll+0x1980d8]
V  [jvm.dll+0x1fb70e]
V  [jvm.dll+0x1fa7f4]
V  [jvm.dll+0x18354c]
V  [jvm.dll+0x208ee7]
V  [jvm.dll+0x207731]
V  [jvm.dll+0x6eb1cf]
V  [jvm.dll+0x6e3d45]
V  [jvm.dll+0x5ebe96]
C  [ucrtbase.dll+0x20e72]
C  [KERNEL32.DLL+0x17bd4]
C  [ntdll.dll+0x6ced1]


---------------  P R O C E S S  ---------------

Threads class SMR info:
_java_thread_list=0x000001f2e6c308b0, length=48, elements={
0x000001f2c3999000, 0x000001f2df4d1800, 0x000001f2df4d2800, 0x000001f2dfe52800,
0x000001f2df4ea800, 0x000001f2df4ee800, 0x000001f2df4f6000, 0x000001f2df4fb000,
0x000001f2df4fd800, 0x000001f2dffa8800, 0x000001f2e158d000, 0x000001f2e0078800,
0x000001f2e26ec800, 0x000001f2e1dea800, 0x000001f2e1637000, 0x000001f2e1e4a800,
0x000001f2e23d6800, 0x000001f2e1cab000, 0x000001f2e16dd800, 0x000001f2e1fdb000,
0x000001f2e1fe0000, 0x000001f2e1fdf000, 0x000001f2e1fdc000, 0x000001f2e1fdd000,
0x000001f2e1fdd800, 0x000001f2e1fe1800, 0x000001f2e1fde800, 0x000001f2e1fe1000,
0x000001f2e3e98000, 0x000001f2e3e95000, 0x000001f2e3e99000, 0x000001f2e3e93800,
0x000001f2e3e94000, 0x000001f2e3e9a000, 0x000001f2e3e9b800, 0x000001f2e3e96800,
0x000001f2e3e9f800, 0x000001f2e3ea0800, 0x000001f2e3ea1000, 0x000001f2e3e9d000,
0x000001f2e3e9e000, 0x000001f2e3e9e800, 0x000001f2e7196800, 0x000001f2e7199000,
0x000001f2e7196000, 0x000001f2e7198800, 0x000001f2e7193800, 0x000001f2e719a000
}

Java Threads: ( => current thread )
  0x000001f2c3999000 JavaThread "main" [_thread_blocked, id=6200, stack(0x0000001a29e00000,0x0000001a29f00000)]
  0x000001f2df4d1800 JavaThread "Reference Handler" daemon [_thread_blocked, id=7920, stack(0x0000001a2a500000,0x0000001a2a600000)]
  0x000001f2df4d2800 JavaThread "Finalizer" daemon [_thread_blocked, id=7892, stack(0x0000001a2a600000,0x0000001a2a700000)]
  0x000001f2dfe52800 JavaThread "Signal Dispatcher" daemon [_thread_blocked, id=10628, stack(0x0000001a2a700000,0x0000001a2a800000)]
  0x000001f2df4ea800 JavaThread "Attach Listener" daemon [_thread_blocked, id=11252, stack(0x0000001a2a800000,0x0000001a2a900000)]
  0x000001f2df4ee800 JavaThread "Service Thread" daemon [_thread_blocked, id=9004, stack(0x0000001a2a900000,0x0000001a2aa00000)]
=>0x000001f2df4f6000 JavaThread "C2 CompilerThread0" daemon [_thread_in_native, id=1200, stack(0x0000001a2aa00000,0x0000001a2ab00000)]
  0x000001f2df4fb000 JavaThread "C1 CompilerThread0" daemon [_thread_blocked, id=12176, stack(0x0000001a2ab00000,0x0000001a2ac00000)]
  0x000001f2df4fd800 JavaThread "Sweeper thread" daemon [_thread_blocked, id=7696, stack(0x0000001a2ac00000,0x0000001a2ad00000)]
  0x000001f2dffa8800 JavaThread "Common-Cleaner" daemon [_thread_blocked, id=13400, stack(0x0000001a2ad00000,0x0000001a2ae00000)]
  0x000001f2e158d000 JavaThread "Daemon health stats" [_thread_blocked, id=3044, stack(0x0000001a2b200000,0x0000001a2b300000)]
  0x000001f2e0078800 JavaThread "Incoming local TCP Connector on port 54332" [_thread_in_native, id=620, stack(0x0000001a2af00000,0x0000001a2b000000)]
  0x000001f2e26ec800 JavaThread "Daemon periodic checks" [_thread_blocked, id=13672, stack(0x0000001a2b300000,0x0000001a2b400000)]
  0x000001f2e1dea800 JavaThread "Daemon" [_thread_blocked, id=5100, stack(0x0000001a2b400000,0x0000001a2b500000)]
  0x000001f2e1637000 JavaThread "Handler for socket connection from /127.0.0.1:54332 to /127.0.0.1:54333" [_thread_in_native, id=5804, stack(0x0000001a2b500000,0x0000001a2b600000)]
  0x000001f2e1e4a800 JavaThread "Cancel handler" [_thread_blocked, id=9192, stack(0x0000001a2b600000,0x0000001a2b700000)]
  0x000001f2e23d6800 JavaThread "Daemon worker" [_thread_blocked, id=7572, stack(0x0000001a2b700000,0x0000001a2b800000)]
  0x000001f2e1cab000 JavaThread "Asynchronous log dispatcher for DefaultDaemonConnection: socket connection from /127.0.0.1:54332 to /127.0.0.1:54333" [_thread_blocked, id=3028, stack(0x0000001a2b800000,0x0000001a2b900000)]
  0x000001f2e16dd800 JavaThread "Stdin handler" [_thread_blocked, id=5872, stack(0x0000001a2b900000,0x0000001a2ba00000)]
  0x000001f2e1fdb000 JavaThread "Daemon client event forwarder" [_thread_blocked, id=7956, stack(0x0000001a2ba00000,0x0000001a2bb00000)]
  0x000001f2e1fe0000 JavaThread "Cache worker for file hash cache (C:\Users\dell\.gradle\caches\7.0.2\fileHashes)" [_thread_blocked, id=9596, stack(0x0000001a2bb00000,0x0000001a2bc00000)]
  0x000001f2e1fdf000 JavaThread "File lock request listener" [_thread_in_native, id=11552, stack(0x0000001a2bc00000,0x0000001a2bd00000)]
  0x000001f2e1fdc000 JavaThread "Cache worker for journal cache (C:\Users\dell\.gradle\caches\journal-1)" [_thread_blocked, id=2592, stack(0x0000001a2be00000,0x0000001a2bf00000)]
  0x000001f2e1fdd000 JavaThread "C2 CompilerThread1" daemon [_thread_in_native, id=7004, stack(0x0000001a2bf00000,0x0000001a2c000000)]
  0x000001f2e1fdd800 JavaThread "Cache worker for file hash cache (E:\Om_informatic_projects\driver_app_github\.gradle\7.0.2\fileHashes)" [_thread_blocked, id=8104, stack(0x0000001a2c000000,0x0000001a2c100000)]
  0x000001f2e1fe1800 JavaThread "File watcher server" daemon [_thread_blocked, id=9188, stack(0x0000001a2c100000,0x0000001a2c200000)]
  0x000001f2e1fde800 JavaThread "File watcher consumer" daemon [_thread_blocked, id=1928, stack(0x0000001a2c200000,0x0000001a2c300000)]
  0x000001f2e1fe1000 JavaThread "Cache worker for checksums cache (E:\Om_informatic_projects\driver_app_github\.gradle\checksums)" [_thread_blocked, id=12956, stack(0x0000001a2c300000,0x0000001a2c400000)]
  0x000001f2e3e98000 JavaThread "Cache worker for cache directory md-supplier (C:\Users\dell\.gradle\caches\7.0.2\md-supplier)" [_thread_blocked, id=10636, stack(0x0000001a2c400000,0x0000001a2c500000)]
  0x000001f2e3e95000 JavaThread "Cache worker for cache directory md-rule (C:\Users\dell\.gradle\caches\7.0.2\md-rule)" [_thread_blocked, id=7952, stack(0x0000001a2c500000,0x0000001a2c600000)]
  0x000001f2e3e99000 JavaThread "Cache worker for execution history cache (C:\Users\dell\.gradle\caches\7.0.2\executionHistory)" [_thread_blocked, id=11356, stack(0x0000001a2c600000,0x0000001a2c700000)]
  0x000001f2e3e93800 JavaThread "jar transforms" [_thread_blocked, id=11868, stack(0x0000001a2c700000,0x0000001a2c800000)]
  0x000001f2e3e94000 JavaThread "jar transforms Thread 2" [_thread_blocked, id=10684, stack(0x0000001a2c800000,0x0000001a2c900000)]
  0x000001f2e3e9a000 JavaThread "Cache worker for file content cache (C:\Users\dell\.gradle\caches\7.0.2\fileContent)" [_thread_blocked, id=2500, stack(0x0000001a2c900000,0x0000001a2ca00000)]
  0x000001f2e3e9b800 JavaThread "Cache worker for dependencies-accessors (E:\Om_informatic_projects\driver_app_github\.gradle\7.0.2\dependencies-accessors)" [_thread_blocked, id=13956, stack(0x0000001a2ca00000,0x0000001a2cb00000)]
  0x000001f2e3e96800 JavaThread "jar transforms Thread 3" [_thread_blocked, id=9368, stack(0x0000001a2cb00000,0x0000001a2cc00000)]
  0x000001f2e3e9f800 JavaThread "Cache worker for Build Output Cleanup Cache (E:\Om_informatic_projects\driver_app_github\.gradle\buildOutputCleanup)" [_thread_blocked, id=3188, stack(0x0000001a2cc00000,0x0000001a2cd00000)]
  0x000001f2e3ea0800 JavaThread "Build operations" [_thread_blocked, id=8356, stack(0x0000001a2cd00000,0x0000001a2ce00000)]
  0x000001f2e3ea1000 JavaThread "Build operations Thread 2" [_thread_blocked, id=11000, stack(0x0000001a2ce00000,0x0000001a2cf00000)]
  0x000001f2e3e9d000 JavaThread "Build operations Thread 3" [_thread_blocked, id=1696, stack(0x0000001a2cf00000,0x0000001a2d000000)]
  0x000001f2e3e9e000 JavaThread "Build operations Thread 4" [_thread_blocked, id=4420, stack(0x0000001a2d000000,0x0000001a2d100000)]
  0x000001f2e3e9e800 JavaThread "jar transforms Thread 4" [_thread_blocked, id=6616, stack(0x0000001a2d100000,0x0000001a2d200000)]
  0x000001f2e7196800 JavaThread "Memory manager" [_thread_blocked, id=3212, stack(0x0000001a2d200000,0x0000001a2d300000)]
  0x000001f2e7199000 JavaThread "build event listener" [_thread_blocked, id=5288, stack(0x0000001a2d300000,0x0000001a2d400000)]
  0x000001f2e7196000 JavaThread "Execution worker for ':'" [_thread_blocked, id=4272, stack(0x0000001a2d400000,0x0000001a2d500000)]
  0x000001f2e7198800 JavaThread "Execution worker for ':' Thread 2" [_thread_blocked, id=5968, stack(0x0000001a2d500000,0x0000001a2d600000)]
  0x000001f2e7193800 JavaThread "Execution worker for ':' Thread 3" [_thread_blocked, id=6856, stack(0x0000001a2d600000,0x0000001a2d700000)]
  0x000001f2e719a000 JavaThread "Cache worker for execution history cache (E:\Om_informatic_projects\driver_app_github\.gradle\7.0.2\executionHistory)" [_thread_blocked, id=4296, stack(0x0000001a2d700000,0x0000001a2d800000)]

Other Threads:
  0x000001f2df4cd800 VMThread "VM Thread" [stack: 0x0000001a2a400000,0x0000001a2a500000] [id=1372]
  0x000001f2dffc5800 WatcherThread [stack: 0x0000001a2ae00000,0x0000001a2af00000] [id=12816]
  0x000001f2c39b3800 GCTaskThread "GC Thread#0" [stack: 0x0000001a29f00000,0x0000001a2a000000] [id=8312]
  0x000001f2e0300000 GCTaskThread "GC Thread#1" [stack: 0x0000001a2b000000,0x0000001a2b100000] [id=10968]
  0x000001f2e0859000 GCTaskThread "GC Thread#2" [stack: 0x0000001a2b100000,0x0000001a2b200000] [id=8372]
  0x000001f2e266f800 GCTaskThread "GC Thread#3" [stack: 0x0000001a2bd00000,0x0000001a2be00000] [id=6620]
  0x000001f2c39e7000 ConcurrentGCThread "G1 Main Marker" [stack: 0x0000001a2a000000,0x0000001a2a100000] [id=236]
  0x000001f2c39e8800 ConcurrentGCThread "G1 Conc#0" [stack: 0x0000001a2a100000,0x0000001a2a200000] [id=2948]
  0x000001f2df320800 ConcurrentGCThread "G1 Refine#0" [stack: 0x0000001a2a200000,0x0000001a2a300000] [id=4672]
  0x000001f2df321800 ConcurrentGCThread "G1 Young RemSet Sampling" [stack: 0x0000001a2a300000,0x0000001a2a400000] [id=7832]

Threads with active compile tasks:
C2 CompilerThread0  16501 8339       4       org.gradle.cache.internal.btree.CachingBlockStore::read (56 bytes)
C2 CompilerThread1  16501 8359       4       org.gradle.cache.internal.btree.FreeListBlockStore::read (12 bytes)

VM state:at safepoint (normal execution)

VM Mutex/Monitor currently owned by a thread:  ([mutex/lock_event])
[0x000001f2c39985e0] Threads_lock - owner thread: 0x000001f2df4cd800

Heap address: 0x0000000080000000, size: 2048 MB, Compressed Oops mode: 32-bit
Narrow klass base: 0x0000000000000000, Narrow klass shift: 3
Compressed class space size: 1073741824 Address: 0x0000000100000000

Heap:
 garbage-first heap   total 189440K, used 69777K [0x0000000080000000, 0x0000000100000000)
  region size 1024K, 18 young (18432K), 11 survivors (11264K)
 Metaspace       used 78727K, capacity 80723K, committed 80972K, reserved 1120256K
  class space    used 10290K, capacity 11039K, committed 11084K, reserved 1048576K
Heap Regions: E=young(eden), S=young(survivor), O=old, HS=humongous(starts), HC=humongous(continues), CS=collection set, F=free, A=archive, TAMS=top-at-mark-start (previous, next)
|   0|0x0000000080000000, 0x0000000080100000, 0x0000000080100000|100%| O|  |TAMS 0x0000000080100000, 0x0000000080000000| Untracked 
|   1|0x0000000080100000, 0x0000000080200000, 0x0000000080200000|100%| O|  |TAMS 0x0000000080200000, 0x0000000080100000| Untracked 
|   2|0x0000000080200000, 0x0000000080300000, 0x0000000080300000|100%| O|  |TAMS 0x0000000080300000, 0x0000000080200000| Untracked 
|   3|0x0000000080300000, 0x0000000080400000, 0x0000000080400000|100%|HS|  |TAMS 0x0000000080400000, 0x0000000080300000| Complete 
|   4|0x0000000080400000, 0x0000000080500000, 0x0000000080500000|100%|HC|  |TAMS 0x0000000080500000, 0x0000000080400000| Complete 
|   5|0x0000000080500000, 0x0000000080600000, 0x0000000080600000|100%|HC|  |TAMS 0x0000000080600000, 0x0000000080500000| Complete 
|   6|0x0000000080600000, 0x0000000080700000, 0x0000000080700000|100%| O|  |TAMS 0x0000000080700000, 0x0000000080600000| Untracked 
|   7|0x0000000080700000, 0x0000000080800000, 0x0000000080800000|100%| O|  |TAMS 0x0000000080800000, 0x0000000080700000| Untracked 
|   8|0x0000000080800000, 0x0000000080900000, 0x0000000080900000|100%| O|  |TAMS 0x0000000080900000, 0x0000000080800000| Untracked 
|   9|0x0000000080900000, 0x0000000080a00000, 0x0000000080a00000|100%| O|  |TAMS 0x0000000080a00000, 0x0000000080900000| Untracked 
|  10|0x0000000080a00000, 0x0000000080b00000, 0x0000000080b00000|100%| O|  |TAMS 0x0000000080b00000, 0x0000000080a00000| Untracked 
|  11|0x0000000080b00000, 0x0000000080bffff8, 0x0000000080c00000| 99%| O|  |TAMS 0x0000000080bffff8, 0x0000000080b00000| Untracked 
|  12|0x0000000080c00000, 0x0000000080d00000, 0x0000000080d00000|100%| O|  |TAMS 0x0000000080d00000, 0x0000000080c00000| Untracked 
|  13|0x0000000080d00000, 0x0000000080e00000, 0x0000000080e00000|100%| O|  |TAMS 0x0000000080e00000, 0x0000000080d00000| Untracked 
|  14|0x0000000080e00000, 0x0000000080f00000, 0x0000000080f00000|100%|HS|  |TAMS 0x0000000080f00000, 0x0000000080e00000| Complete 
|  15|0x0000000080f00000, 0x0000000081000000, 0x0000000081000000|100%|HS|  |TAMS 0x0000000081000000, 0x0000000080f00000| Complete 
|  16|0x0000000081000000, 0x0000000081100000, 0x0000000081100000|100%| O|  |TAMS 0x0000000081100000, 0x0000000081000000| Untracked 
|  17|0x0000000081100000, 0x0000000081200000, 0x0000000081200000|100%| O|  |TAMS 0x0000000081200000, 0x0000000081100000| Untracked 
|  18|0x0000000081200000, 0x0000000081300000, 0x0000000081300000|100%| O|  |TAMS 0x0000000081300000, 0x0000000081200000| Untracked 
|  19|0x0000000081300000, 0x0000000081400000, 0x0000000081400000|100%| O|  |TAMS 0x0000000081400000, 0x0000000081300000| Untracked 
|  20|0x0000000081400000, 0x0000000081500000, 0x0000000081500000|100%| O|  |TAMS 0x0000000081500000, 0x0000000081400000| Untracked 
|  21|0x0000000081500000, 0x0000000081600000, 0x0000000081600000|100%| O|  |TAMS 0x0000000081600000, 0x0000000081500000| Untracked 
|  22|0x0000000081600000, 0x0000000081700000, 0x0000000081700000|100%| O|  |TAMS 0x0000000081700000, 0x0000000081600000| Untracked 
|  23|0x0000000081700000, 0x0000000081800000, 0x0000000081800000|100%| O|  |TAMS 0x0000000081800000, 0x0000000081700000| Untracked 
|  24|0x0000000081800000, 0x0000000081900000, 0x0000000081900000|100%| O|  |TAMS 0x0000000081900000, 0x0000000081800000| Untracked 
|  25|0x0000000081900000, 0x0000000081a00000, 0x0000000081a00000|100%|HS|  |TAMS 0x0000000081a00000, 0x0000000081900000| Complete 
|  26|0x0000000081a00000, 0x0000000081b00000, 0x0000000081b00000|100%|HC|  |TAMS 0x0000000081b00000, 0x0000000081a00000| Complete 
|  27|0x0000000081b00000, 0x0000000081c00000, 0x0000000081c00000|100%| O|  |TAMS 0x0000000081c00000, 0x0000000081b00000| Untracked 
|  28|0x0000000081c00000, 0x0000000081d00000, 0x0000000081d00000|100%| O|  |TAMS 0x0000000081d00000, 0x0000000081c00000| Untracked 
|  29|0x0000000081d00000, 0x0000000081e00000, 0x0000000081e00000|100%| O|  |TAMS 0x0000000081e00000, 0x0000000081d00000| Untracked 
|  30|0x0000000081e00000, 0x0000000081f00000, 0x0000000081f00000|100%| O|  |TAMS 0x0000000081f00000, 0x0000000081e00000| Untracked 
|  31|0x0000000081f00000, 0x0000000082000000, 0x0000000082000000|100%| O|  |TAMS 0x0000000082000000, 0x0000000081f00000| Untracked 
|  32|0x0000000082000000, 0x0000000082100000, 0x0000000082100000|100%| O|  |TAMS 0x0000000082100000, 0x0000000082000000| Untracked 
|  33|0x0000000082100000, 0x0000000082200000, 0x0000000082200000|100%| O|  |TAMS 0x0000000082200000, 0x0000000082100000| Untracked 
|  34|0x0000000082200000, 0x0000000082300000, 0x0000000082300000|100%| O|  |TAMS 0x0000000082300000, 0x0000000082200000| Untracked 
|  35|0x0000000082300000, 0x0000000082400000, 0x0000000082400000|100%| O|  |TAMS 0x0000000082400000, 0x0000000082300000| Untracked 
|  36|0x0000000082400000, 0x0000000082500000, 0x0000000082500000|100%| O|  |TAMS 0x0000000082500000, 0x0000000082400000| Untracked 
|  37|0x0000000082500000, 0x0000000082600000, 0x0000000082600000|100%| O|  |TAMS 0x0000000082600000, 0x0000000082500000| Untracked 
|  38|0x0000000082600000, 0x0000000082700000, 0x0000000082700000|100%| O|  |TAMS 0x0000000082600000, 0x0000000082600000| Untracked 
|  39|0x0000000082700000, 0x0000000082800000, 0x0000000082800000|100%| O|  |TAMS 0x0000000082800000, 0x0000000082700000| Untracked 
|  40|0x0000000082800000, 0x0000000082900000, 0x0000000082900000|100%| O|  |TAMS 0x0000000082900000, 0x0000000082800000| Untracked 
|  41|0x0000000082900000, 0x0000000082a00000, 0x0000000082a00000|100%| O|  |TAMS 0x0000000082a00000, 0x0000000082900000| Untracked 
|  42|0x0000000082a00000, 0x0000000082b00000, 0x0000000082b00000|100%| O|  |TAMS 0x0000000082b00000, 0x0000000082a00000| Untracked 
|  43|0x0000000082b00000, 0x0000000082c00000, 0x0000000082c00000|100%| O|  |TAMS 0x0000000082c00000, 0x0000000082b00000| Untracked 
|  44|0x0000000082c00000, 0x0000000082d00000, 0x0000000082d00000|100%| O|  |TAMS 0x0000000082c78200, 0x0000000082c00000| Untracked 
|  45|0x0000000082d00000, 0x0000000082e00000, 0x0000000082e00000|100%| O|  |TAMS 0x0000000082d00000, 0x0000000082d00000| Untracked 
|  46|0x0000000082e00000, 0x0000000082f00000, 0x0000000082f00000|100%| O|  |TAMS 0x0000000082e00000, 0x0000000082e00000| Untracked 
|  47|0x0000000082f00000, 0x0000000083000000, 0x0000000083000000|100%| O|  |TAMS 0x0000000082f00000, 0x0000000082f00000| Untracked 
|  48|0x0000000083000000, 0x0000000083100000, 0x0000000083100000|100%| O|  |TAMS 0x0000000083000000, 0x0000000083000000| Untracked 
|  49|0x0000000083100000, 0x0000000083200000, 0x0000000083200000|100%| O|  |TAMS 0x0000000083100000, 0x0000000083100000| Untracked 
|  50|0x0000000083200000, 0x0000000083300000, 0x0000000083300000|100%| O|  |TAMS 0x0000000083200000, 0x0000000083200000| Untracked 
|  51|0x0000000083300000, 0x000000008335c800, 0x0000000083400000| 36%| O|  |TAMS 0x0000000083300000, 0x0000000083300000| Untracked 
|  52|0x0000000083400000, 0x0000000083400000, 0x0000000083500000|  0%| F|  |TAMS 0x0000000083400000, 0x0000000083400000| Untracked 
|  53|0x0000000083500000, 0x0000000083500000, 0x0000000083600000|  0%| F|  |TAMS 0x0000000083500000, 0x0000000083500000| Untracked 
|  54|0x0000000083600000, 0x0000000083600000, 0x0000000083700000|  0%| F|  |TAMS 0x0000000083600000, 0x0000000083600000| Untracked 
|  55|0x0000000083700000, 0x0000000083700000, 0x0000000083800000|  0%| F|  |TAMS 0x0000000083700000, 0x0000000083700000| Untracked 
|  56|0x0000000083800000, 0x0000000083800000, 0x0000000083900000|  0%| F|  |TAMS 0x0000000083800000, 0x0000000083800000| Untracked 
|  57|0x0000000083900000, 0x0000000083900000, 0x0000000083a00000|  0%| F|  |TAMS 0x0000000083900000, 0x0000000083900000| Untracked 
|  58|0x0000000083a00000, 0x0000000083a00000, 0x0000000083b00000|  0%| F|  |TAMS 0x0000000083a00000, 0x0000000083a00000| Untracked 
|  59|0x0000000083b00000, 0x0000000083b00000, 0x0000000083c00000|  0%| F|  |TAMS 0x0000000083b00000, 0x0000000083b00000| Untracked 
|  60|0x0000000083c00000, 0x0000000083c00000, 0x0000000083d00000|  0%| F|  |TAMS 0x0000000083c00000, 0x0000000083c00000| Untracked 
|  61|0x0000000083d00000, 0x0000000083d00000, 0x0000000083e00000|  0%| F|  |TAMS 0x0000000083d00000, 0x0000000083d00000| Untracked 
|  62|0x0000000083e00000, 0x0000000083e00000, 0x0000000083f00000|  0%| F|  |TAMS 0x0000000083e00000, 0x0000000083e00000| Untracked 
|  63|0x0000000083f00000, 0x0000000083f00000, 0x0000000084000000|  0%| F|  |TAMS 0x0000000083f00000, 0x0000000083f00000| Untracked 
|  64|0x0000000084000000, 0x0000000084000000, 0x0000000084100000|  0%| F|  |TAMS 0x0000000084000000, 0x0000000084000000| Untracked 
|  65|0x0000000084100000, 0x0000000084100000, 0x0000000084200000|  0%| F|  |TAMS 0x0000000084100000, 0x0000000084100000| Untracked 
|  66|0x0000000084200000, 0x0000000084200000, 0x0000000084300000|  0%| F|  |TAMS 0x0000000084200000, 0x0000000084200000| Untracked 
|  67|0x0000000084300000, 0x0000000084300000, 0x0000000084400000|  0%| F|  |TAMS 0x0000000084300000, 0x0000000084300000| Untracked 
|  68|0x0000000084400000, 0x0000000084400000, 0x0000000084500000|  0%| F|  |TAMS 0x0000000084400000, 0x0000000084400000| Untracked 
|  69|0x0000000084500000, 0x0000000084500000, 0x0000000084600000|  0%| F|  |TAMS 0x0000000084500000, 0x0000000084500000| Untracked 
|  70|0x0000000084600000, 0x0000000084600000, 0x0000000084700000|  0%| F|  |TAMS 0x0000000084600000, 0x0000000084600000| Untracked 
|  71|0x0000000084700000, 0x0000000084700000, 0x0000000084800000|  0%| F|  |TAMS 0x0000000084700000, 0x0000000084700000| Untracked 
|  72|0x0000000084800000, 0x0000000084800000, 0x0000000084900000|  0%| F|  |TAMS 0x0000000084800000, 0x0000000084800000| Untracked 
|  73|0x0000000084900000, 0x0000000084900000, 0x0000000084a00000|  0%| F|  |TAMS 0x0000000084900000, 0x0000000084900000| Untracked 
|  74|0x0000000084a00000, 0x0000000084a00000, 0x0000000084b00000|  0%| F|  |TAMS 0x0000000084a00000, 0x0000000084a00000| Untracked 
|  75|0x0000000084b00000, 0x0000000084b00000, 0x0000000084c00000|  0%| F|  |TAMS 0x0000000084b00000, 0x0000000084b00000| Untracked 
|  76|0x0000000084c00000, 0x0000000084c00000, 0x0000000084d00000|  0%| F|  |TAMS 0x0000000084c00000, 0x0000000084c00000| Untracked 
|  77|0x0000000084d00000, 0x0000000084d00000, 0x0000000084e00000|  0%| F|  |TAMS 0x0000000084d00000, 0x0000000084d00000| Untracked 
|  78|0x0000000084e00000, 0x0000000084e00000, 0x0000000084f00000|  0%| F|  |TAMS 0x0000000084e00000, 0x0000000084e00000| Untracked 
|  79|0x0000000084f00000, 0x0000000084f00000, 0x0000000085000000|  0%| F|  |TAMS 0x0000000084f00000, 0x0000000084f00000| Untracked 
|  80|0x0000000085000000, 0x0000000085000000, 0x0000000085100000|  0%| F|  |TAMS 0x0000000085000000, 0x0000000085000000| Untracked 
|  81|0x0000000085100000, 0x0000000085100000, 0x0000000085200000|  0%| F|  |TAMS 0x0000000085100000, 0x0000000085100000| Untracked 
|  82|0x0000000085200000, 0x0000000085200000, 0x0000000085300000|  0%| F|  |TAMS 0x0000000085200000, 0x0000000085200000| Untracked 
|  83|0x0000000085300000, 0x0000000085300000, 0x0000000085400000|  0%| F|  |TAMS 0x0000000085300000, 0x0000000085300000| Untracked 
|  84|0x0000000085400000, 0x0000000085400000, 0x0000000085500000|  0%| F|  |TAMS 0x0000000085400000, 0x0000000085400000| Untracked 
|  85|0x0000000085500000, 0x00000000855c7ff8, 0x0000000085600000| 78%| S|CS|TAMS 0x0000000085500000, 0x0000000085500000| Complete 
|  86|0x0000000085600000, 0x0000000085700000, 0x0000000085700000|100%| S|CS|TAMS 0x0000000085600000, 0x0000000085600000| Complete 
|  87|0x0000000085700000, 0x0000000085800000, 0x0000000085800000|100%| S|CS|TAMS 0x0000000085700000, 0x0000000085700000| Complete 
|  88|0x0000000085800000, 0x0000000085900000, 0x0000000085900000|100%| S|CS|TAMS 0x0000000085800000, 0x0000000085800000| Complete 
|  89|0x0000000085900000, 0x0000000085a00000, 0x0000000085a00000|100%| S|CS|TAMS 0x0000000085900000, 0x0000000085900000| Complete 
|  90|0x0000000085a00000, 0x0000000085b00000, 0x0000000085b00000|100%| S|CS|TAMS 0x0000000085a00000, 0x0000000085a00000| Complete 
|  91|0x0000000085b00000, 0x0000000085c00000, 0x0000000085c00000|100%| S|CS|TAMS 0x0000000085b00000, 0x0000000085b00000| Complete 
|  92|0x0000000085c00000, 0x0000000085d00000, 0x0000000085d00000|100%| S|CS|TAMS 0x0000000085c00000, 0x0000000085c00000| Complete 
|  93|0x0000000085d00000, 0x0000000085e00000, 0x0000000085e00000|100%| S|CS|TAMS 0x0000000085d00000, 0x0000000085d00000| Complete 
|  94|0x0000000085e00000, 0x0000000085f00000, 0x0000000085f00000|100%| S|CS|TAMS 0x0000000085e00000, 0x0000000085e00000| Complete 
|  95|0x0000000085f00000, 0x0000000085f00000, 0x0000000086000000|  0%| F|  |TAMS 0x0000000085f00000, 0x0000000085f00000| Untracked 
|  96|0x0000000086000000, 0x0000000086000000, 0x0000000086100000|  0%| F|  |TAMS 0x0000000086000000, 0x0000000086000000| Untracked 
|  97|0x0000000086100000, 0x0000000086100000, 0x0000000086200000|  0%| F|  |TAMS 0x0000000086100000, 0x0000000086100000| Untracked 
|  98|0x0000000086200000, 0x0000000086200000, 0x0000000086300000|  0%| F|  |TAMS 0x0000000086200000, 0x0000000086200000| Untracked 
|  99|0x0000000086300000, 0x0000000086300000, 0x0000000086400000|  0%| F|  |TAMS 0x0000000086300000, 0x0000000086300000| Untracked 
| 100|0x0000000086400000, 0x0000000086500000, 0x0000000086500000|100%| S|CS|TAMS 0x0000000086400000, 0x0000000086400000| Complete 
| 101|0x0000000086500000, 0x0000000086500000, 0x0000000086600000|  0%| F|  |TAMS 0x0000000086500000, 0x0000000086500000| Untracked 
| 102|0x0000000086600000, 0x0000000086600000, 0x0000000086700000|  0%| F|  |TAMS 0x0000000086600000, 0x0000000086600000| Untracked 
| 103|0x0000000086700000, 0x0000000086700000, 0x0000000086800000|  0%| F|  |TAMS 0x0000000086700000, 0x0000000086700000| Untracked 
| 104|0x0000000086800000, 0x0000000086800000, 0x0000000086900000|  0%| F|  |TAMS 0x0000000086800000, 0x0000000086800000| Untracked 
| 105|0x0000000086900000, 0x0000000086900000, 0x0000000086a00000|  0%| F|  |TAMS 0x0000000086900000, 0x0000000086900000| Untracked 
| 106|0x0000000086a00000, 0x0000000086a00000, 0x0000000086b00000|  0%| F|  |TAMS 0x0000000086a00000, 0x0000000086a00000| Untracked 
| 107|0x0000000086b00000, 0x0000000086b00000, 0x0000000086c00000|  0%| F|  |TAMS 0x0000000086b00000, 0x0000000086b00000| Untracked 
| 108|0x0000000086c00000, 0x0000000086c00000, 0x0000000086d00000|  0%| F|  |TAMS 0x0000000086c00000, 0x0000000086c00000| Untracked 
| 109|0x0000000086d00000, 0x0000000086d00000, 0x0000000086e00000|  0%| F|  |TAMS 0x0000000086d00000, 0x0000000086d00000| Untracked 
| 110|0x0000000086e00000, 0x0000000086e00000, 0x0000000086f00000|  0%| F|  |TAMS 0x0000000086e00000, 0x0000000086e00000| Untracked 
| 111|0x0000000086f00000, 0x0000000086f00000, 0x0000000087000000|  0%| F|  |TAMS 0x0000000086f00000, 0x0000000086f00000| Untracked 
| 112|0x0000000087000000, 0x0000000087000000, 0x0000000087100000|  0%| F|  |TAMS 0x0000000087000000, 0x0000000087000000| Untracked 
| 113|0x0000000087100000, 0x0000000087100000, 0x0000000087200000|  0%| F|  |TAMS 0x0000000087100000, 0x0000000087100000| Untracked 
| 114|0x0000000087200000, 0x0000000087200000, 0x0000000087300000|  0%| F|  |TAMS 0x0000000087200000, 0x0000000087200000| Untracked 
| 115|0x0000000087300000, 0x0000000087300000, 0x0000000087400000|  0%| F|  |TAMS 0x0000000087300000, 0x0000000087300000| Untracked 
| 116|0x0000000087400000, 0x0000000087400000, 0x0000000087500000|  0%| F|  |TAMS 0x0000000087400000, 0x0000000087400000| Untracked 
| 117|0x0000000087500000, 0x0000000087500000, 0x0000000087600000|  0%| F|  |TAMS 0x0000000087500000, 0x0000000087500000| Untracked 
| 118|0x0000000087600000, 0x0000000087600000, 0x0000000087700000|  0%| F|  |TAMS 0x0000000087600000, 0x0000000087600000| Untracked 
| 119|0x0000000087700000, 0x0000000087700000, 0x0000000087800000|  0%| F|  |TAMS 0x0000000087700000, 0x0000000087700000| Untracked 
| 120|0x0000000087800000, 0x0000000087800000, 0x0000000087900000|  0%| F|  |TAMS 0x0000000087800000, 0x0000000087800000| Untracked 
| 121|0x0000000087900000, 0x0000000087900000, 0x0000000087a00000|  0%| F|  |TAMS 0x0000000087900000, 0x0000000087900000| Untracked 
| 122|0x0000000087a00000, 0x0000000087a00000, 0x0000000087b00000|  0%| F|  |TAMS 0x0000000087a00000, 0x0000000087a00000| Untracked 
| 123|0x0000000087b00000, 0x0000000087b00000, 0x0000000087c00000|  0%| F|  |TAMS 0x0000000087b00000, 0x0000000087b00000| Untracked 
| 124|0x0000000087c00000, 0x0000000087c00000, 0x0000000087d00000|  0%| F|  |TAMS 0x0000000087c00000, 0x0000000087c00000| Untracked 
| 125|0x0000000087d00000, 0x0000000087d00000, 0x0000000087e00000|  0%| F|  |TAMS 0x0000000087d00000, 0x0000000087d00000| Untracked 
| 126|0x0000000087e00000, 0x0000000087e00000, 0x0000000087f00000|  0%| F|  |TAMS 0x0000000087e00000, 0x0000000087e00000| Untracked 
| 127|0x0000000087f00000, 0x0000000087f00000, 0x0000000088000000|  0%| F|  |TAMS 0x0000000087f00000, 0x0000000087f00000| Untracked 
| 128|0x0000000088000000, 0x0000000088000000, 0x0000000088100000|  0%| F|  |TAMS 0x0000000088000000, 0x0000000088000000| Untracked 
| 129|0x0000000088100000, 0x0000000088100000, 0x0000000088200000|  0%| F|  |TAMS 0x0000000088100000, 0x0000000088100000| Untracked 
| 130|0x0000000088200000, 0x0000000088200000, 0x0000000088300000|  0%| F|  |TAMS 0x0000000088200000, 0x0000000088200000| Untracked 
| 131|0x0000000088300000, 0x0000000088300000, 0x0000000088400000|  0%| F|  |TAMS 0x0000000088300000, 0x0000000088300000| Untracked 
| 132|0x0000000088400000, 0x0000000088400000, 0x0000000088500000|  0%| F|  |TAMS 0x0000000088400000, 0x0000000088400000| Untracked 
| 133|0x0000000088500000, 0x0000000088500000, 0x0000000088600000|  0%| F|  |TAMS 0x0000000088500000, 0x0000000088500000| Untracked 
| 134|0x0000000088600000, 0x0000000088600000, 0x0000000088700000|  0%| F|  |TAMS 0x0000000088600000, 0x0000000088600000| Untracked 
| 135|0x0000000088700000, 0x0000000088700000, 0x0000000088800000|  0%| F|  |TAMS 0x0000000088700000, 0x0000000088700000| Untracked 
| 136|0x0000000088800000, 0x0000000088800000, 0x0000000088900000|  0%| F|  |TAMS 0x0000000088800000, 0x0000000088800000| Untracked 
| 137|0x0000000088900000, 0x0000000088900000, 0x0000000088a00000|  0%| F|  |TAMS 0x0000000088900000, 0x0000000088900000| Untracked 
| 138|0x0000000088a00000, 0x0000000088a00000, 0x0000000088b00000|  0%| F|  |TAMS 0x0000000088a00000, 0x0000000088a00000| Untracked 
| 139|0x0000000088b00000, 0x0000000088b00000, 0x0000000088c00000|  0%| F|  |TAMS 0x0000000088b00000, 0x0000000088b00000| Untracked 
| 140|0x0000000088c00000, 0x0000000088c00000, 0x0000000088d00000|  0%| F|  |TAMS 0x0000000088c00000, 0x0000000088c00000| Untracked 
| 141|0x0000000088d00000, 0x0000000088d00000, 0x0000000088e00000|  0%| F|  |TAMS 0x0000000088d00000, 0x0000000088d00000| Untracked 
| 142|0x0000000088e00000, 0x0000000088e00000, 0x0000000088f00000|  0%| F|  |TAMS 0x0000000088e00000, 0x0000000088e00000| Untracked 
| 143|0x0000000088f00000, 0x0000000088f00000, 0x0000000089000000|  0%| F|  |TAMS 0x0000000088f00000, 0x0000000088f00000| Untracked 
| 144|0x0000000089000000, 0x0000000089000000, 0x0000000089100000|  0%| F|  |TAMS 0x0000000089000000, 0x0000000089000000| Untracked 
| 145|0x0000000089100000, 0x0000000089100000, 0x0000000089200000|  0%| F|  |TAMS 0x0000000089100000, 0x0000000089100000| Untracked 
| 146|0x0000000089200000, 0x0000000089200000, 0x0000000089300000|  0%| F|  |TAMS 0x0000000089200000, 0x0000000089200000| Untracked 
| 147|0x0000000089300000, 0x0000000089300000, 0x0000000089400000|  0%| F|  |TAMS 0x0000000089300000, 0x0000000089300000| Untracked 
| 148|0x0000000089400000, 0x0000000089400000, 0x0000000089500000|  0%| F|  |TAMS 0x0000000089400000, 0x0000000089400000| Untracked 
| 149|0x0000000089500000, 0x0000000089500000, 0x0000000089600000|  0%| F|  |TAMS 0x0000000089500000, 0x0000000089500000| Untracked 
| 150|0x0000000089600000, 0x0000000089600000, 0x0000000089700000|  0%| F|  |TAMS 0x0000000089600000, 0x0000000089600000| Untracked 
| 151|0x0000000089700000, 0x0000000089700000, 0x0000000089800000|  0%| F|  |TAMS 0x0000000089700000, 0x0000000089700000| Untracked 
| 152|0x0000000089800000, 0x0000000089800000, 0x0000000089900000|  0%| F|  |TAMS 0x0000000089800000, 0x0000000089800000| Untracked 
| 153|0x0000000089900000, 0x0000000089900000, 0x0000000089a00000|  0%| F|  |TAMS 0x0000000089900000, 0x0000000089900000| Untracked 
| 154|0x0000000089a00000, 0x0000000089a00000, 0x0000000089b00000|  0%| F|  |TAMS 0x0000000089a00000, 0x0000000089a00000| Untracked 
| 155|0x0000000089b00000, 0x0000000089b00000, 0x0000000089c00000|  0%| F|  |TAMS 0x0000000089b00000, 0x0000000089b00000| Untracked 
| 156|0x0000000089c00000, 0x0000000089c00000, 0x0000000089d00000|  0%| F|  |TAMS 0x0000000089c00000, 0x0000000089c00000| Untracked 
| 157|0x0000000089d00000, 0x0000000089d00000, 0x0000000089e00000|  0%| F|  |TAMS 0x0000000089d00000, 0x0000000089d00000| Untracked 
| 158|0x0000000089e00000, 0x0000000089e00000, 0x0000000089f00000|  0%| F|  |TAMS 0x0000000089e00000, 0x0000000089e00000| Untracked 
| 159|0x0000000089f00000, 0x0000000089f00000, 0x000000008a000000|  0%| F|  |TAMS 0x0000000089f00000, 0x0000000089f00000| Untracked 
| 160|0x000000008a000000, 0x000000008a000000, 0x000000008a100000|  0%| F|  |TAMS 0x000000008a000000, 0x000000008a000000| Untracked 
| 161|0x000000008a100000, 0x000000008a100000, 0x000000008a200000|  0%| F|  |TAMS 0x000000008a100000, 0x000000008a100000| Untracked 
| 162|0x000000008a200000, 0x000000008a200000, 0x000000008a300000|  0%| F|  |TAMS 0x000000008a200000, 0x000000008a200000| Untracked 
| 163|0x000000008a300000, 0x000000008a300000, 0x000000008a400000|  0%| F|  |TAMS 0x000000008a300000, 0x000000008a300000| Untracked 
| 164|0x000000008a400000, 0x000000008a400000, 0x000000008a500000|  0%| F|  |TAMS 0x000000008a400000, 0x000000008a400000| Untracked 
| 165|0x000000008a500000, 0x000000008a500000, 0x000000008a600000|  0%| F|  |TAMS 0x000000008a500000, 0x000000008a500000| Untracked 
| 166|0x000000008a600000, 0x000000008a600000, 0x000000008a700000|  0%| F|  |TAMS 0x000000008a600000, 0x000000008a600000| Untracked 
| 167|0x000000008a700000, 0x000000008a700000, 0x000000008a800000|  0%| F|  |TAMS 0x000000008a700000, 0x000000008a700000| Untracked 
| 168|0x000000008a800000, 0x000000008a800000, 0x000000008a900000|  0%| F|  |TAMS 0x000000008a800000, 0x000000008a800000| Untracked 
| 169|0x000000008a900000, 0x000000008a900000, 0x000000008aa00000|  0%| F|  |TAMS 0x000000008a900000, 0x000000008a900000| Untracked 
| 170|0x000000008aa00000, 0x000000008aa00000, 0x000000008ab00000|  0%| F|  |TAMS 0x000000008aa00000, 0x000000008aa00000| Untracked 
| 171|0x000000008ab00000, 0x000000008ab00000, 0x000000008ac00000|  0%| F|  |TAMS 0x000000008ab00000, 0x000000008ab00000| Untracked 
| 172|0x000000008ac00000, 0x000000008ac00000, 0x000000008ad00000|  0%| F|  |TAMS 0x000000008ac00000, 0x000000008ac00000| Untracked 
| 173|0x000000008ad00000, 0x000000008ad00000, 0x000000008ae00000|  0%| F|  |TAMS 0x000000008ad00000, 0x000000008ad00000| Untracked 
| 174|0x000000008ae00000, 0x000000008ae00000, 0x000000008af00000|  0%| F|  |TAMS 0x000000008ae00000, 0x000000008ae00000| Untracked 
| 175|0x000000008af00000, 0x000000008af00000, 0x000000008b000000|  0%| F|  |TAMS 0x000000008af00000, 0x000000008af00000| Untracked 
| 176|0x000000008b000000, 0x000000008b000000, 0x000000008b100000|  0%| F|  |TAMS 0x000000008b000000, 0x000000008b000000| Untracked 
| 177|0x000000008b100000, 0x000000008b100000, 0x000000008b200000|  0%| F|  |TAMS 0x000000008b100000, 0x000000008b100000| Untracked 
| 178|0x000000008b200000, 0x000000008b23dcc0, 0x000000008b300000| 24%| E|  |TAMS 0x000000008b200000, 0x000000008b200000| Complete 
| 179|0x000000008b300000, 0x000000008b400000, 0x000000008b400000|100%| E|CS|TAMS 0x000000008b300000, 0x000000008b300000| Complete 
| 180|0x000000008b400000, 0x000000008b500000, 0x000000008b500000|100%| E|CS|TAMS 0x000000008b400000, 0x000000008b400000| Complete 
| 181|0x000000008b500000, 0x000000008b600000, 0x000000008b600000|100%| E|CS|TAMS 0x000000008b500000, 0x000000008b500000| Complete 
| 182|0x000000008b600000, 0x000000008b700000, 0x000000008b700000|100%| E|CS|TAMS 0x000000008b600000, 0x000000008b600000| Complete 
| 183|0x000000008b700000, 0x000000008b800000, 0x000000008b800000|100%| E|CS|TAMS 0x000000008b700000, 0x000000008b700000| Complete 
| 184|0x000000008b800000, 0x000000008b900000, 0x000000008b900000|100%| E|CS|TAMS 0x000000008b800000, 0x000000008b800000| Complete 

Card table byte_map: [0x000001f2d8680000,0x000001f2d8a80000] _byte_map_base: 0x000001f2d8280000

Marking Bits (Prev, Next): (CMBitMap*) 0x000001f2c39de2d8, (CMBitMap*) 0x000001f2c39de310
 Prev Bits: [0x000001f2d8e80000, 0x000001f2dae80000)
 Next Bits: [0x000001f2dae80000, 0x000001f2dce80000)

Polling page: 0x000001f2c3740000

Metaspace:

Usage:
  Non-class:     68.05 MB capacity,    66.83 MB ( 98%) used,     1.01 MB (  1%) free+waste,   214.50 KB ( <1%) overhead. 
      Class:     10.78 MB capacity,    10.05 MB ( 93%) used,   649.63 KB (  6%) free+waste,    99.19 KB ( <1%) overhead. 
       Both:     78.83 MB capacity,    76.88 MB ( 98%) used,     1.64 MB (  2%) free+waste,   313.69 KB ( <1%) overhead. 

Virtual space:
  Non-class space:       70.00 MB reserved,      68.25 MB ( 98%) committed 
      Class space:        1.00 GB reserved,      10.82 MB (  1%) committed 
             Both:        1.07 GB reserved,      79.07 MB (  7%) committed 

Chunk freelists:
   Non-Class:  12.00 KB
       Class:  0 bytes
        Both:  12.00 KB

MaxMetaspaceSize: 17179869184.00 GB
CompressedClassSpaceSize: 1.00 GB

CodeHeap 'non-profiled nmethods': size=120064Kb used=4575Kb max_used=4575Kb free=115489Kb
 bounds [0x000001f2d0720000, 0x000001f2d0ba0000, 0x000001f2d7c60000]
CodeHeap 'profiled nmethods': size=120000Kb used=17673Kb max_used=17673Kb free=102326Kb
 bounds [0x000001f2c91f0000, 0x000001f2ca340000, 0x000001f2d0720000]
CodeHeap 'non-nmethods': size=5696Kb used=2272Kb max_used=2322Kb free=3423Kb
 bounds [0x000001f2c8c60000, 0x000001f2c8ed0000, 0x000001f2c91f0000]
 total_blobs=9324 nmethods=8454 adapters=781
 compilation: enabled
              stopped_count=0, restarted_count=0
 full_count=0

Compilation events (20 events):
Event: 16.377 Thread 0x000001f2df4fb000 8555       2       org.gradle.internal.fingerprint.impl.DefaultFileNormalizationSpec::from (31 bytes)
Event: 16.377 Thread 0x000001f2df4fb000 nmethod 8555 0x000001f2ca330110 code [0x000001f2ca3302e0, 0x000001f2ca330648]
Event: 16.380 Thread 0x000001f2df4fb000 8556       2       java.lang.invoke.DirectMethodHandle$Holder::invokeStatic (22 bytes)
Event: 16.381 Thread 0x000001f2df4fb000 nmethod 8556 0x000001f2ca330710 code [0x000001f2ca3308e0, 0x000001f2ca330a38]
Event: 16.389 Thread 0x000001f2df4fb000 8557       1       org.gradle.internal.execution.impl.DefaultExecutionEngine::access$200 (5 bytes)
Event: 16.389 Thread 0x000001f2df4fb000 nmethod 8557 0x000001f2d0b96d10 code [0x000001f2d0b96ec0, 0x000001f2d0b96f58]
Event: 16.389 Thread 0x000001f2df4fb000 8558       2       org.gradle.internal.Try$Success::getOrMapFailure (5 bytes)
Event: 16.390 Thread 0x000001f2df4fb000 nmethod 8558 0x000001f2ca330b90 code [0x000001f2ca330d40, 0x000001f2ca330e38]
Event: 16.390 Thread 0x000001f2df4fb000 8559       2       org.gradle.internal.fingerprint.impl.DefaultFileCollectionFingerprinterRegistry::getFingerprinter (61 bytes)
Event: 16.391 Thread 0x000001f2df4fb000 nmethod 8559 0x000001f2ca330f10 code [0x000001f2ca331180, 0x000001f2ca331988]
Event: 16.391 Thread 0x000001f2df4fb000 8560       1       org.gradle.internal.fingerprint.impl.AbstractFingerprintingStrategy::getEmptyFingerprint (5 bytes)
Event: 16.391 Thread 0x000001f2df4fb000 nmethod 8560 0x000001f2d0b97010 code [0x000001f2d0b971c0, 0x000001f2d0b97278]
Event: 16.391 Thread 0x000001f2df4fb000 8561       1       org.gradle.api.internal.artifacts.transform.DefaultTransformer::getInputArtifactNormalizer (5 bytes)
Event: 16.391 Thread 0x000001f2df4fb000 nmethod 8561 0x000001f2d0b97310 code [0x000001f2d0b974c0, 0x000001f2d0b97578]
Event: 16.391 Thread 0x000001f2df4fb000 8562       1       org.gradle.api.internal.artifacts.transform.DefaultTransformer::getInputArtifactDirectorySensitivity (5 bytes)
Event: 16.392 Thread 0x000001f2df4fb000 nmethod 8562 0x000001f2d0b97610 code [0x000001f2d0b977c0, 0x000001f2d0b97878]
Event: 16.392 Thread 0x000001f2df4fb000 8563       1       org.gradle.api.internal.artifacts.transform.DefaultTransformer::getInputArtifactDependenciesNormalizer (5 bytes)
Event: 16.392 Thread 0x000001f2df4fb000 nmethod 8563 0x000001f2d0b97910 code [0x000001f2d0b97ac0, 0x000001f2d0b97b78]
Event: 16.392 Thread 0x000001f2df4fb000 8564       2       com.google.common.collect.ImmutableSet::copyOf (52 bytes)
Event: 16.393 Thread 0x000001f2df4fb000 nmethod 8564 0x000001f2ca331d90 code [0x000001f2ca331f80, 0x000001f2ca3322c8]

GC Heap History (20 events):
Event: 3.453 GC heap before
{Heap before GC invocations=3 (full 0):
 garbage-first heap   total 131072K, used 69523K [0x0000000080000000, 0x0000000100000000)
  region size 1024K, 61 young (62464K), 5 survivors (5120K)
 Metaspace       used 20605K, capacity 21118K, committed 21248K, reserved 1067008K
  class space    used 2519K, capacity 2720K, committed 2816K, reserved 1048576K
}
Event: 3.464 GC heap after
{Heap after GC invocations=4 (full 0):
 garbage-first heap   total 131072K, used 16364K [0x0000000080000000, 0x0000000100000000)
  region size 1024K, 9 young (9216K), 9 survivors (9216K)
 Metaspace       used 20605K, capacity 21118K, committed 21248K, reserved 1067008K
  class space    used 2519K, capacity 2720K, committed 2816K, reserved 1048576K
}
Event: 4.470 GC heap before
{Heap before GC invocations=5 (full 0):
 garbage-first heap   total 131072K, used 80876K [0x0000000080000000, 0x0000000100000000)
  region size 1024K, 72 young (73728K), 9 survivors (9216K)
 Metaspace       used 26593K, capacity 27263K, committed 27392K, reserved 1073152K
  class space    used 3513K, capacity 3755K, committed 3840K, reserved 1048576K
}
Event: 4.483 GC heap after
{Heap after GC invocations=6 (full 0):
 garbage-first heap   total 157696K, used 18911K [0x0000000080000000, 0x0000000100000000)
  region size 1024K, 6 young (6144K), 6 survivors (6144K)
 Metaspace       used 26593K, capacity 27263K, committed 27392K, reserved 1073152K
  class space    used 3513K, capacity 3755K, committed 3840K, reserved 1048576K
}
Event: 5.522 GC heap before
{Heap before GC invocations=6 (full 0):
 garbage-first heap   total 157696K, used 64991K [0x0000000080000000, 0x0000000100000000)
  region size 1024K, 52 young (53248K), 6 survivors (6144K)
 Metaspace       used 35020K, capacity 35830K, committed 35840K, reserved 1081344K
  class space    used 4543K, capacity 4864K, committed 4864K, reserved 1048576K
}
Event: 5.536 GC heap after
{Heap after GC invocations=7 (full 0):
 garbage-first heap   total 157696K, used 22030K [0x0000000080000000, 0x0000000100000000)
  region size 1024K, 9 young (9216K), 9 survivors (9216K)
 Metaspace       used 35020K, capacity 35830K, committed 35840K, reserved 1081344K
  class space    used 4543K, capacity 4864K, committed 4864K, reserved 1048576K
}
Event: 6.967 GC heap before
{Heap before GC invocations=8 (full 0):
 garbage-first heap   total 157696K, used 109070K [0x0000000080000000, 0x0000000100000000)
  region size 1024K, 92 young (94208K), 9 survivors (9216K)
 Metaspace       used 41493K, capacity 42481K, committed 42700K, reserved 1085440K
  class space    used 5357K, capacity 5705K, committed 5836K, reserved 1048576K
}
Event: 6.987 GC heap after
{Heap after GC invocations=9 (full 0):
 garbage-first heap   total 157696K, used 27729K [0x0000000080000000, 0x0000000100000000)
  region size 1024K, 12 young (12288K), 12 survivors (12288K)
 Metaspace       used 41493K, capacity 42481K, committed 42700K, reserved 1085440K
  class space    used 5357K, capacity 5705K, committed 5836K, reserved 1048576K
}
Event: 8.596 GC heap before
{Heap before GC invocations=9 (full 0):
 garbage-first heap   total 157696K, used 111697K [0x0000000080000000, 0x0000000100000000)
  region size 1024K, 92 young (94208K), 12 survivors (12288K)
 Metaspace       used 46948K, capacity 48180K, committed 48460K, reserved 1091584K
  class space    used 6002K, capacity 6427K, committed 6476K, reserved 1048576K
}
Event: 8.620 GC heap after
{Heap after GC invocations=10 (full 0):
 garbage-first heap   total 157696K, used 36164K [0x0000000080000000, 0x0000000100000000)
  region size 1024K, 12 young (12288K), 12 survivors (12288K)
 Metaspace       used 46948K, capacity 48180K, committed 48460K, reserved 1091584K
  class space    used 6002K, capacity 6427K, committed 6476K, reserved 1048576K
}
Event: 10.323 GC heap before
{Heap before GC invocations=10 (full 0):
 garbage-first heap   total 157696K, used 120132K [0x0000000080000000, 0x0000000100000000)
  region size 1024K, 92 young (94208K), 12 survivors (12288K)
 Metaspace       used 57707K, capacity 59263K, committed 59340K, reserved 1101824K
  class space    used 7342K, capacity 7868K, committed 7884K, reserved 1048576K
}
Event: 10.351 GC heap after
{Heap after GC invocations=11 (full 0):
 garbage-first heap   total 189440K, used 45253K [0x0000000080000000, 0x0000000100000000)
  region size 1024K, 7 young (7168K), 7 survivors (7168K)
 Metaspace       used 57707K, capacity 59263K, committed 59340K, reserved 1101824K
  class space    used 7342K, capacity 7868K, committed 7884K, reserved 1048576K
}
Event: 10.441 GC heap before
{Heap before GC invocations=11 (full 0):
 garbage-first heap   total 189440K, used 48325K [0x0000000080000000, 0x0000000100000000)
  region size 1024K, 11 young (11264K), 7 survivors (7168K)
 Metaspace       used 58559K, capacity 60086K, committed 60236K, reserved 1101824K
  class space    used 7434K, capacity 7971K, committed 8012K, reserved 1048576K
}
Event: 10.455 GC heap after
{Heap after GC invocations=12 (full 0):
 garbage-first heap   total 189440K, used 45765K [0x0000000080000000, 0x0000000100000000)
  region size 1024K, 7 young (7168K), 7 survivors (7168K)
 Metaspace       used 58559K, capacity 60086K, committed 60236K, reserved 1101824K
  class space    used 7434K, capacity 7971K, committed 8012K, reserved 1048576K
}
Event: 11.854 GC heap before
{Heap before GC invocations=13 (full 0):
 garbage-first heap   total 189440K, used 133829K [0x0000000080000000, 0x0000000100000000)
  region size 1024K, 93 young (95232K), 7 survivors (7168K)
 Metaspace       used 63351K, capacity 64948K, committed 64972K, reserved 1105920K
  class space    used 8064K, capacity 8637K, committed 8652K, reserved 1048576K
}
Event: 11.878 GC heap after
{Heap after GC invocations=14 (full 0):
 garbage-first heap   total 189440K, used 52704K [0x0000000080000000, 0x0000000100000000)
  region size 1024K, 8 young (8192K), 8 survivors (8192K)
 Metaspace       used 63351K, capacity 64948K, committed 64972K, reserved 1105920K
  class space    used 8064K, capacity 8637K, committed 8652K, reserved 1048576K
}
Event: 13.963 GC heap before
{Heap before GC invocations=15 (full 0):
 garbage-first heap   total 189440K, used 139744K [0x0000000080000000, 0x0000000100000000)
  region size 1024K, 93 young (95232K), 8 survivors (8192K)
 Metaspace       used 73860K, capacity 75550K, committed 75852K, reserved 1114112K
  class space    used 9636K, capacity 10248K, committed 10316K, reserved 1048576K
}
Event: 13.985 GC heap after
{Heap after GC invocations=16 (full 0):
 garbage-first heap   total 189440K, used 57713K [0x0000000080000000, 0x0000000100000000)
  region size 1024K, 5 young (5120K), 5 survivors (5120K)
 Metaspace       used 73860K, capacity 75550K, committed 75852K, reserved 1114112K
  class space    used 9636K, capacity 10248K, committed 10316K, reserved 1048576K
}
Event: 16.216 GC heap before
{Heap before GC invocations=16 (full 0):
 garbage-first heap   total 189440K, used 142705K [0x0000000080000000, 0x0000000100000000)
  region size 1024K, 89 young (91136K), 5 survivors (5120K)
 Metaspace       used 78669K, capacity 80717K, committed 80972K, reserved 1120256K
  class space    used 10289K, capacity 11038K, committed 11084K, reserved 1048576K
}
Event: 16.244 GC heap after
{Heap after GC invocations=17 (full 0):
 garbage-first heap   total 189440K, used 63633K [0x0000000080000000, 0x0000000100000000)
  region size 1024K, 11 young (11264K), 11 survivors (11264K)
 Metaspace       used 78669K, capacity 80717K, committed 80972K, reserved 1120256K
  class space    used 10289K, capacity 11038K, committed 11084K, reserved 1048576K
}

Deoptimization events (20 events):
Event: 16.035 Thread 0x000001f2e7198800 DEOPT PACKING pc=0x000001f2d0abf428 sp=0x0000001a2d5fabf0
Event: 16.035 Thread 0x000001f2e7198800 DEOPT UNPACKING pc=0x000001f2c8c878af sp=0x0000001a2d5fab70 mode 2
Event: 16.042 Thread 0x000001f2e7198800 Uncommon trap: trap_request=0xffffffc6 fr.pc=0x000001f2d0abf428 relative=0x0000000000001b08
Event: 16.042 Thread 0x000001f2e7198800 Uncommon trap: reason=bimorphic_or_optimized_type_check action=maybe_recompile pc=0x000001f2d0abf428 method=java.util.concurrent.ConcurrentHashMap.putVal(Ljava/lang/Object;Ljava/lang/Object;Z)Ljava/lang/Object; @ 242 c2
Event: 16.042 Thread 0x000001f2e7198800 DEOPT PACKING pc=0x000001f2d0abf428 sp=0x0000001a2d5fad10
Event: 16.042 Thread 0x000001f2e7198800 DEOPT UNPACKING pc=0x000001f2c8c878af sp=0x0000001a2d5fac90 mode 2
Event: 16.106 Thread 0x000001f2e7198800 DEOPT PACKING pc=0x000001f2c9fb4944 sp=0x0000001a2d5fa4b0
Event: 16.106 Thread 0x000001f2e7198800 DEOPT UNPACKING pc=0x000001f2c8c876ce sp=0x0000001a2d5f9a50 mode 0
Event: 16.117 Thread 0x000001f2e3e9e000 Uncommon trap: trap_request=0xffffffc6 fr.pc=0x000001f2d0abf428 relative=0x0000000000001b08
Event: 16.117 Thread 0x000001f2e3e9e000 Uncommon trap: reason=bimorphic_or_optimized_type_check action=maybe_recompile pc=0x000001f2d0abf428 method=java.util.concurrent.ConcurrentHashMap.putVal(Ljava/lang/Object;Ljava/lang/Object;Z)Ljava/lang/Object; @ 242 c2
Event: 16.117 Thread 0x000001f2e3e9e000 DEOPT PACKING pc=0x000001f2d0abf428 sp=0x0000001a2d0fda80
Event: 16.117 Thread 0x000001f2e3e9e000 DEOPT UNPACKING pc=0x000001f2c8c878af sp=0x0000001a2d0fda00 mode 2
Event: 16.207 Thread 0x000001f2e3e99000 Uncommon trap: trap_request=0xffffff4d fr.pc=0x000001f2d0b3a770 relative=0x0000000000001490
Event: 16.207 Thread 0x000001f2e3e99000 Uncommon trap: reason=unstable_if action=reinterpret pc=0x000001f2d0b3a770 method=com.esotericsoftware.kryo.io.Input.readString()Ljava/lang/String; @ 38 c2
Event: 16.207 Thread 0x000001f2e3e99000 DEOPT PACKING pc=0x000001f2d0b3a770 sp=0x0000001a2c6fe430
Event: 16.207 Thread 0x000001f2e3e99000 DEOPT UNPACKING pc=0x000001f2c8c878af sp=0x0000001a2c6fe368 mode 2
Event: 16.288 Thread 0x000001f2e7198800 DEOPT PACKING pc=0x000001f2c9fb4944 sp=0x0000001a2d5f8770
Event: 16.288 Thread 0x000001f2e7198800 DEOPT UNPACKING pc=0x000001f2c8c876ce sp=0x0000001a2d5f7d10 mode 0
Event: 16.378 Thread 0x000001f2e7198800 DEOPT PACKING pc=0x000001f2c9fb4944 sp=0x0000001a2d5fa200
Event: 16.378 Thread 0x000001f2e7198800 DEOPT UNPACKING pc=0x000001f2c8c876ce sp=0x0000001a2d5f97a0 mode 0

Classes redefined (0 events):
No events

Internal exceptions (20 events):
Event: 13.799 Thread 0x000001f2e23d6800 Exception <a 'sun/nio/fs/WindowsException'{0x0000000086999dc8}> (0x0000000086999dc8) thrown at [./src/hotspot/share/prims/jni.cpp, line 615]
Event: 13.799 Thread 0x000001f2e23d6800 Exception <a 'sun/nio/fs/WindowsException'{0x000000008699aeb0}> (0x000000008699aeb0) thrown at [./src/hotspot/share/prims/jni.cpp, line 615]
Event: 13.800 Thread 0x000001f2e23d6800 Exception <a 'sun/nio/fs/WindowsException'{0x000000008699bfd0}> (0x000000008699bfd0) thrown at [./src/hotspot/share/prims/jni.cpp, line 615]
Event: 13.800 Thread 0x000001f2e23d6800 Exception <a 'sun/nio/fs/WindowsException'{0x000000008699d0f0}> (0x000000008699d0f0) thrown at [./src/hotspot/share/prims/jni.cpp, line 615]
Event: 14.370 Thread 0x000001f2e23d6800 Exception <a 'java/lang/NoSuchMethodError'{0x000000008a76b740}: 'java.lang.Object java.lang.invoke.Invokers$Holder.linkToTargetMethod(java.lang.Object, int, int, java.lang.Object)'> (0x000000008a76b740) thrown at [./src/hotspot/share/interpreter/linkResolver.cpp, line 773]
Event: 14.805 Thread 0x000001f2e1fdb000 Exception <a 'java/lang/NoSuchMethodError'{0x00000000897bee08}: <clinit>> (0x00000000897bee08) thrown at [./src/hotspot/share/prims/jni.cpp, line 1362]
Event: 14.811 Thread 0x000001f2e1fdb000 Exception <a 'java/lang/NoSuchMethodError'{0x0000000089642ab0}: <clinit>> (0x0000000089642ab0) thrown at [./src/hotspot/share/prims/jni.cpp, line 1362]
Event: 14.824 Thread 0x000001f2e1fdb000 Exception <a 'java/lang/NoSuchMethodError'{0x0000000089545180}: <clinit>> (0x0000000089545180) thrown at [./src/hotspot/share/prims/jni.cpp, line 1362]
Event: 14.829 Thread 0x000001f2e1fdb000 Exception <a 'java/lang/NoSuchMethodError'{0x0000000089593490}: <clinit>> (0x0000000089593490) thrown at [./src/hotspot/share/prims/jni.cpp, line 1362]
Event: 14.829 Thread 0x000001f2e1fdb000 Exception <a 'java/lang/NoSuchMethodError'{0x00000000895d2168}: <clinit>> (0x00000000895d2168) thrown at [./src/hotspot/share/prims/jni.cpp, line 1362]
Event: 14.836 Thread 0x000001f2e7199000 Exception <a 'java/lang/NoSuchMethodError'{0x0000000089406610}: <clinit>> (0x0000000089406610) thrown at [./src/hotspot/share/prims/jni.cpp, line 1362]
Event: 14.845 Thread 0x000001f2e7199000 Exception <a 'java/lang/NoSuchMethodError'{0x000000008941aa18}: <clinit>> (0x000000008941aa18) thrown at [./src/hotspot/share/prims/jni.cpp, line 1362]
Event: 14.850 Thread 0x000001f2e7199000 Exception <a 'java/lang/NoSuchMethodError'{0x0000000089433ca0}: <clinit>> (0x0000000089433ca0) thrown at [./src/hotspot/share/prims/jni.cpp, line 1362]
Event: 14.938 Thread 0x000001f2e1fdb000 Exception <a 'java/lang/NoSuchMethodError'{0x00000000892fb898}: <clinit>> (0x00000000892fb898) thrown at [./src/hotspot/share/prims/jni.cpp, line 1362]
Event: 14.986 Thread 0x000001f2e7198800 Exception <a 'java/lang/NoSuchMethodError'{0x00000000891f6928}: 'java.lang.Object java.lang.invoke.Invokers$Holder.linkToTargetMethod(java.lang.Object, java.lang.Object, java.lang.Object, int, java.lang.Object, java.lang.Object)'> (0x00000000891f6928) thrown at [./src/hotspot/share/interpreter/linkResolver.cpp, line 773]
Event: 15.005 Thread 0x000001f2e7198800 Exception <a 'java/lang/IncompatibleClassChangeError'{0x0000000089056898}: Found class java.lang.Object, but interface was expected> (0x0000000089056898) thrown at [./src/hotspot/share/interpreter/linkResolver.cpp, line 839]
Event: 15.035 Thread 0x000001f2e7198800 Exception <a 'java/lang/NoSuchMethodError'{0x0000000088e282d8}: 'int java.lang.invoke.DirectMethodHandle$Holder.invokeStaticInit(java.lang.Object, java.lang.Object, java.lang.Object, java.lang.Object, java.lang.Object)'> (0x0000000088e282d8) thrown at [./src/hotspot/share/interpreter/linkResolver.cpp, line 773]
Event: 15.690 Thread 0x000001f2e3e9e000 Exception <a 'java/lang/NoSuchMethodError'{0x0000000087c4a4e8}: 'java.lang.Object java.lang.invoke.DirectMethodHandle$Holder.invokeSpecialIFC(java.lang.Object, java.lang.Object, java.lang.Object)'> (0x0000000087c4a4e8) thrown at [./src/hotspot/share/interpreter/linkResolver.cpp, line 773]
Event: 15.690 Thread 0x000001f2e3ea0800 Exception <a 'java/lang/NoSuchMethodError'{0x0000000088719b78}: 'java.lang.Object java.lang.invoke.DirectMethodHandle$Holder.invokeSpecialIFC(java.lang.Object, java.lang.Object, java.lang.Object)'> (0x0000000088719b78) thrown at [./src/hotspot/share/interpreter/linkResolver.cpp, line 773]
Event: 16.215 Thread 0x000001f2e3ea0800 Exception <a 'java/lang/NoSuchMethodError'{0x00000000868fbd80}: 'void java.lang.invoke.DirectMethodHandle$Holder.invokeVirtual(java.lang.Object, java.lang.Object)'> (0x00000000868fbd80) thrown at [./src/hotspot/share/interpreter/linkResolver.cpp, line 773]

Events (20 events):
Event: 16.275 Executing coalesced safepoint VM operation: BulkRevokeBias
Event: 16.276 Executing coalesced safepoint VM operation: BulkRevokeBias done
Event: 16.276 Executing VM operation: RevokeBias done
Event: 16.279 Executing VM operation: RevokeBias
Event: 16.280 Executing VM operation: RevokeBias done
Event: 16.286 Executing VM operation: RevokeBias
Event: 16.287 Executing VM operation: RevokeBias done
Event: 16.301 Executing VM operation: RevokeBias
Event: 16.302 Executing VM operation: RevokeBias done
Event: 16.367 Executing VM operation: RevokeBias
Event: 16.370 Executing VM operation: RevokeBias done
Event: 16.374 Executing VM operation: RevokeBias
Event: 16.375 Executing VM operation: RevokeBias done
Event: 16.379 Executing VM operation: RevokeBias
Event: 16.379 Executing VM operation: RevokeBias done
Event: 16.384 Executing VM operation: RevokeBias
Event: 16.385 Executing VM operation: RevokeBias done
Event: 16.389 Executing VM operation: RevokeBias
Event: 16.390 Executing VM operation: RevokeBias done
Event: 16.395 Executing VM operation: RevokeBias


Dynamic libraries:
0x00007ff6b2380000 - 0x00007ff6b238a000 	D:\SSD_android_sudio\jre\bin\java.exe
0x00007ffb47de0000 - 0x00007ffb47fd0000 	C:\Windows\SYSTEM32\ntdll.dll
0x00007ffb47430000 - 0x00007ffb474e2000 	C:\Windows\System32\KERNEL32.DLL
0x00007ffb45290000 - 0x00007ffb45533000 	C:\Windows\System32\KERNELBASE.dll
0x00007ffb44f10000 - 0x00007ffb4500a000 	C:\Windows\System32\ucrtbase.dll
0x00007ffb35f60000 - 0x00007ffb35f77000 	D:\SSD_android_sudio\jre\bin\VCRUNTIME140.dll
0x00007ffb3f0f0000 - 0x00007ffb3f109000 	D:\SSD_android_sudio\jre\bin\jli.dll
0x00007ffb479c0000 - 0x00007ffb47b54000 	C:\Windows\System32\USER32.dll
0x00007ffb3a880000 - 0x00007ffb3ab05000 	C:\Windows\WinSxS\amd64_microsoft.windows.common-controls_6595b64144ccf1df_6.0.18362.418_none_e6c6b287130d565d\COMCTL32.dll
0x00007ffb45010000 - 0x00007ffb45031000 	C:\Windows\System32\win32u.dll
0x00007ffb47790000 - 0x00007ffb4782e000 	C:\Windows\System32\msvcrt.dll
0x00007ffb45f10000 - 0x00007ffb45f36000 	C:\Windows\System32\GDI32.dll
0x00007ffb44d70000 - 0x00007ffb44f04000 	C:\Windows\System32\gdi32full.dll
0x00007ffb46130000 - 0x00007ffb46466000 	C:\Windows\System32\combase.dll
0x00007ffb45d40000 - 0x00007ffb45dde000 	C:\Windows\System32\msvcp_win.dll
0x00007ffb46470000 - 0x00007ffb46590000 	C:\Windows\System32\RPCRT4.dll
0x00007ffb450c0000 - 0x00007ffb45140000 	C:\Windows\System32\bcryptPrimitives.dll
0x00007ffb47d60000 - 0x00007ffb47d8e000 	C:\Windows\System32\IMM32.DLL
0x00007ffb08da0000 - 0x00007ffb08e3d000 	D:\SSD_android_sudio\jre\bin\msvcp140.dll
0x00007ffb04100000 - 0x00007ffb04bcf000 	D:\SSD_android_sudio\jre\bin\server\jvm.dll
0x00007ffb47830000 - 0x00007ffb478d3000 	C:\Windows\System32\ADVAPI32.dll
0x00007ffb46a70000 - 0x00007ffb46b07000 	C:\Windows\System32\sechost.dll
0x00007ffb474f0000 - 0x00007ffb474f8000 	C:\Windows\System32\PSAPI.DLL
0x00007ffb41810000 - 0x00007ffb41834000 	C:\Windows\SYSTEM32\WINMM.dll
0x00007ffb3a480000 - 0x00007ffb3a489000 	C:\Windows\SYSTEM32\WSOCK32.dll
0x00007ffb46b10000 - 0x00007ffb46b7f000 	C:\Windows\System32\WS2_32.dll
0x00007ffb3e790000 - 0x00007ffb3e79a000 	C:\Windows\SYSTEM32\VERSION.dll
0x00007ffb417d0000 - 0x00007ffb417fd000 	C:\Windows\SYSTEM32\WINMMBASE.dll
0x00007ffb45cf0000 - 0x00007ffb45d3a000 	C:\Windows\System32\cfgmgr32.dll
0x00007ffb44d00000 - 0x00007ffb44d11000 	C:\Windows\System32\kernel.appcore.dll
0x00007ffb35f40000 - 0x00007ffb35f51000 	D:\SSD_android_sudio\jre\bin\verify.dll
0x00007ffb2ce50000 - 0x00007ffb2d044000 	C:\Windows\SYSTEM32\DBGHELP.DLL
0x00007ffb2e960000 - 0x00007ffb2e98a000 	C:\Windows\SYSTEM32\dbgcore.DLL
0x00007ffb30690000 - 0x00007ffb306b9000 	D:\SSD_android_sudio\jre\bin\java.dll
0x00007ffb36eb0000 - 0x00007ffb36ebb000 	D:\SSD_android_sudio\jre\bin\jimage.dll
0x00007ffb2bbd0000 - 0x00007ffb2bbe8000 	D:\SSD_android_sudio\jre\bin\zip.dll
0x00007ffb46d40000 - 0x00007ffb47425000 	C:\Windows\System32\SHELL32.dll
0x00007ffb47be0000 - 0x00007ffb47c89000 	C:\Windows\System32\shcore.dll
0x00007ffb45540000 - 0x00007ffb45cbf000 	C:\Windows\System32\windows.storage.dll
0x00007ffb44cc0000 - 0x00007ffb44cdf000 	C:\Windows\System32\profapi.dll
0x00007ffb44d20000 - 0x00007ffb44d6a000 	C:\Windows\System32\powrprof.dll
0x00007ffb44cb0000 - 0x00007ffb44cc0000 	C:\Windows\System32\UMPDC.dll
0x00007ffb47960000 - 0x00007ffb479b2000 	C:\Windows\System32\shlwapi.dll
0x00007ffb450a0000 - 0x00007ffb450b7000 	C:\Windows\System32\cryptsp.dll
0x00007ffb2bbb0000 - 0x00007ffb2bbca000 	D:\SSD_android_sudio\jre\bin\net.dll
0x00007ffb36b40000 - 0x00007ffb36c30000 	C:\Windows\SYSTEM32\WINHTTP.dll
0x00007ffb44520000 - 0x00007ffb44587000 	C:\Windows\system32\mswsock.dll
0x00007ffb2bb90000 - 0x00007ffb2bba4000 	D:\SSD_android_sudio\jre\bin\nio.dll
0x00007ffb38f70000 - 0x00007ffb38f97000 	C:\Users\dell\.gradle\native\8bec1ad78214c89d9ad589b4d07fe93259594b29d510b10fafb7a158f7737e5d\windows-amd64\native-platform.dll
0x00007ffb05d00000 - 0x00007ffb05e3d000 	C:\Users\dell\.gradle\native\53dbd7edfb1c66fb8903c78663c9afc45aea4f116125fa6feffd364cf09443e8\windows-amd64\native-platform-file-events.dll
0x00007ffb35290000 - 0x00007ffb3529a000 	D:\SSD_android_sudio\jre\bin\management.dll
0x00007ffb34780000 - 0x00007ffb3478c000 	D:\SSD_android_sudio\jre\bin\management_ext.dll
0x00007ffb44090000 - 0x00007ffb440c3000 	C:\Windows\system32\rsaenh.dll
0x00007ffb45cc0000 - 0x00007ffb45ce6000 	C:\Windows\System32\bcrypt.dll
0x00007ffb44bd0000 - 0x00007ffb44bf5000 	C:\Windows\SYSTEM32\USERENV.dll
0x00007ffb446f0000 - 0x00007ffb446fc000 	C:\Windows\SYSTEM32\CRYPTBASE.dll
0x00007ffb44230000 - 0x00007ffb4426a000 	C:\Windows\SYSTEM32\IPHLPAPI.DLL
0x00007ffb47d90000 - 0x00007ffb47d98000 	C:\Windows\System32\NSI.dll
0x00007ffb3bd70000 - 0x00007ffb3bd86000 	C:\Windows\SYSTEM32\dhcpcsvc6.DLL
0x00007ffb3cd60000 - 0x00007ffb3cd7c000 	C:\Windows\SYSTEM32\dhcpcsvc.DLL
0x00007ffb44270000 - 0x00007ffb4433a000 	C:\Windows\SYSTEM32\DNSAPI.dll

dbghelp: loaded successfully - version: 4.0.5 - missing functions: none
symbol engine: initialized successfully - sym options: 0x614 - pdb path: .;D:\SSD_android_sudio\jre\bin;C:\Windows\SYSTEM32;C:\Windows\WinSxS\amd64_microsoft.windows.common-controls_6595b64144ccf1df_6.0.18362.418_none_e6c6b287130d565d;D:\SSD_android_sudio\jre\bin\server;C:\Users\dell\.gradle\native\8bec1ad78214c89d9ad589b4d07fe93259594b29d510b10fafb7a158f7737e5d\windows-amd64;C:\Users\dell\.gradle\native\53dbd7edfb1c66fb8903c78663c9afc45aea4f116125fa6feffd364cf09443e8\windows-amd64

VM Arguments:
jvm_args: --add-opens=java.base/java.util=ALL-UNNAMED --add-opens=java.base/java.lang=ALL-UNNAMED --add-opens=java.base/java.lang.invoke=ALL-UNNAMED --add-opens=java.base/java.util=ALL-UNNAMED --add-opens=java.prefs/java.util.prefs=ALL-UNNAMED --add-opens=java.prefs/java.util.prefs=ALL-UNNAMED --add-opens=java.base/java.nio.charset=ALL-UNNAMED --add-opens=java.base/java.net=ALL-UNNAMED --add-opens=java.base/java.util.concurrent.atomic=ALL-UNNAMED -Xmx2048m -Dfile.encoding=UTF-8 -Duser.country=US -Duser.language=en -Duser.variant 
java_command: org.gradle.launcher.daemon.bootstrap.GradleDaemon 7.0.2
java_class_path (initial): C:\Users\dell\.gradle\wrapper\dists\gradle-7.0.2-bin\857tjihv64xamwrf0h14cai3r\gradle-7.0.2\lib\gradle-launcher-7.0.2.jar
Launcher Type: SUN_STANDARD

[Global flags]
     intx CICompilerCount                          = 3                                         {product} {ergonomic}
     uint ConcGCThreads                            = 1                                         {product} {ergonomic}
     uint G1ConcRefinementThreads                  = 4                                         {product} {ergonomic}
   size_t G1HeapRegionSize                         = 1048576                                   {product} {ergonomic}
    uintx GCDrainStackTargetSize                   = 64                                        {product} {ergonomic}
   size_t InitialHeapSize                          = 134217728                                 {product} {ergonomic}
   size_t MarkStackSize                            = 4194304                                   {product} {ergonomic}
   size_t MaxHeapSize                              = 2147483648                                {product} {command line}
   size_t MaxNewSize                               = 1287651328                                {product} {ergonomic}
   size_t MinHeapDeltaBytes                        = 1048576                                   {product} {ergonomic}
    uintx NonNMethodCodeHeapSize                   = 5830732                                {pd product} {ergonomic}
    uintx NonProfiledCodeHeapSize                  = 122913754                              {pd product} {ergonomic}
    uintx ProfiledCodeHeapSize                     = 122913754                              {pd product} {ergonomic}
    uintx ReservedCodeCacheSize                    = 251658240                              {pd product} {ergonomic}
     bool SegmentedCodeCache                       = true                                      {product} {ergonomic}
     bool UseCompressedClassPointers               = true                                 {lp64_product} {ergonomic}
     bool UseCompressedOops                        = true                                 {lp64_product} {ergonomic}
     bool UseG1GC                                  = true                                      {product} {ergonomic}
     bool UseLargePagesIndividualAllocation        = false                                  {pd product} {ergonomic}

Logging:
Log output configuration:
 #0: stdout all=warning uptime,level,tags
 #1: stderr all=off uptime,level,tags

Environment Variables:
PATH=C:\Windows\system32;C:\Windows;C:\Windows\System32\Wbem;C:\Windows\System32\WindowsPowerShell\v1.0\;C:\Windows\System32\OpenSSH\;C:\Program Files\Git\cmd;C:\Users\dell\AppData\Local\Microsoft\WindowsApps;
USERNAME=dell
OS=Windows_NT
PROCESSOR_IDENTIFIER=Intel64 Family 6 Model 61 Stepping 4, GenuineIntel



---------------  S Y S T E M  ---------------

OS: Windows 10 , 64 bit Build 18362 (10.0.18362.329)
OS uptime: 8 days 1:41 hours

CPU:total 4 (initial active 4) (2 cores per cpu, 2 threads per core) family 6 model 61 stepping 4 microcode 0x2b, cmov, cx8, fxsr, mmx, sse, sse2, sse3, ssse3, sse4.1, sse4.2, popcnt, avx, avx2, aes, clmul, erms, 3dnowpref, lzcnt, ht, tsc, tscinvbit, bmi1, bmi2, adx, fma

Memory: 4k page, system-wide physical 8103M (1422M free)
TotalPageFile size 24272M (AvailPageFile size 3M)
current process WorkingSet (physical memory assigned to process): 413M, peak: 414M
current process commit charge ("private bytes"): 442M, peak: 442M

vm_info: OpenJDK 64-Bit Server VM (11.0.10+0-b96-7249189) for windows-amd64 JRE (11.0.10+0-b96-7249189), built on Mar 31 2021 21:44:00 by "builder" with MS VC++ 14.0 (VS2015)

END.
