#
# There is insufficient memory for the Java Runtime Environment to continue.
# Native memory allocation (malloc) failed to allocate 1320336 bytes for Chunk::new
# Possible reasons:
#   The system is out of physical RAM or swap space
#   The process is running with CompressedOops enabled, and the Java Heap may be blocking the growth of the native heap
# Possible solutions:
#   Reduce memory load on the system
#   Increase physical memory or swap space
#   Check if swap backing store is full
#   Decrease Java heap size (-Xmx/-Xms)
#   Decrease number of Java threads
#   Decrease Java thread stack sizes (-Xss)
#   Set larger code cache with -XX:ReservedCodeCacheSize=
#   JVM is running with Unscaled Compressed Oops mode in which the Java heap is
#     placed in the first 4GB address space. The Java Heap base address is the
#     maximum limit for the native heap growth. Please use -XX:HeapBaseMinAddress
#     to set the Java Heap base and to place the Java Heap above 4GB virtual address.
# This output file may be truncated or incomplete.
#
#  Out of Memory Error (./src/hotspot/share/memory/arena.cpp:197), pid=2132, tid=12348
#
# JRE version: OpenJDK Runtime Environment (11.0.10) (build 11.0.10+0-b96-7249189)
# Java VM: OpenJDK 64-Bit Server VM (11.0.10+0-b96-7249189, mixed mode, tiered, compressed oops, g1 gc, windows-amd64)
# No core dump will be written. Minidumps are not enabled by default on client versions of Windows
#

---------------  S U M M A R Y ------------

Command Line: --add-opens=java.base/java.util=ALL-UNNAMED --add-opens=java.base/java.lang=ALL-UNNAMED --add-opens=java.base/java.lang.invoke=ALL-UNNAMED --add-opens=java.base/java.util=ALL-UNNAMED --add-opens=java.prefs/java.util.prefs=ALL-UNNAMED --add-opens=java.prefs/java.util.prefs=ALL-UNNAMED --add-opens=java.base/java.nio.charset=ALL-UNNAMED --add-opens=java.base/java.net=ALL-UNNAMED --add-opens=java.base/java.util.concurrent.atomic=ALL-UNNAMED -Xmx2048m -Dfile.encoding=UTF-8 -Duser.country=US -Duser.language=en -Duser.variant org.gradle.launcher.daemon.bootstrap.GradleDaemon 7.0.2

Host: Intel(R) Core(TM) i5-5200U CPU @ 2.20GHz, 4 cores, 7G,  Windows 10 , 64 bit Build 18362 (10.0.18362.329)
Time: Tue Sep 21 19:04:20 2021 India Standard Time elapsed time: 14.028878 seconds (0d 0h 0m 14s)

---------------  T H R E A D  ---------------

Current thread (0x000002109a72e800):  JavaThread "C2 CompilerThread1" daemon [_thread_in_native, id=12348, stack(0x0000002075300000,0x0000002075400000)]


Current CompileTask:
C2:  14028 6655 %     4       org.gradle.internal.instantiation.generator.AbstractClassGenerator::inspectType @ 107 (560 bytes)

Stack: [0x0000002075300000,0x0000002075400000]
Native frames: (J=compiled Java code, j=interpreted, Vv=VM code, C=native code)
V  [jvm.dll+0x5ecfaa]
V  [jvm.dll+0x722bd5]
V  [jvm.dll+0x72412d]
V  [jvm.dll+0x7247e3]
V  [jvm.dll+0x242928]
V  [jvm.dll+0xbc4fc]
V  [jvm.dll+0xbca0c]
V  [jvm.dll+0x352d7d]
V  [jvm.dll+0x19800c]
V  [jvm.dll+0x1fb70e]
V  [jvm.dll+0x1fa7f4]
V  [jvm.dll+0x18354c]
V  [jvm.dll+0x208ee7]
V  [jvm.dll+0x207731]
V  [jvm.dll+0x6eb1cf]
V  [jvm.dll+0x6e3d45]
V  [jvm.dll+0x5ebe96]
C  [ucrtbase.dll+0x20e72]
C  [KERNEL32.DLL+0x17bd4]
C  [ntdll.dll+0x6ced1]


---------------  P R O C E S S  ---------------

Threads class SMR info:
_java_thread_list=0x000002109eaa4d30, length=43, elements={
0x00000210ff02c800, 0x0000021098cde000, 0x0000021098ce4000, 0x0000021099662800,
0x0000021098cfe000, 0x0000021098d03800, 0x0000021098d05000, 0x0000021098d09000,
0x0000021098d0e000, 0x00000210997a6800, 0x000002109ab47800, 0x0000021099879800,
0x000002109a2ee000, 0x000002109ac59800, 0x000002109b4aa000, 0x000002109a72e800,
0x000002109c686000, 0x000002109b695800, 0x000002109c9a6000, 0x000002109c386800,
0x000002109c78c000, 0x000002109c78a800, 0x000002109c789800, 0x000002109c78b000,
0x000002109c78d800, 0x000002109c78e800, 0x000002109c78f800, 0x000002109c790000,
0x000002109c78d000, 0x000002109d2fe000, 0x000002109d2ff000, 0x000002109d300800,
0x000002109d301800, 0x000002109d302000, 0x000002109d305800, 0x000002109d309800,
0x000002109d304000, 0x000002109d306800, 0x000002109d307000, 0x000002109d30a800,
0x000002109d304800, 0x000002109d30b000, 0x000002109d308000
}

Java Threads: ( => current thread )
  0x00000210ff02c800 JavaThread "main" [_thread_blocked, id=11860, stack(0x0000002073b00000,0x0000002073c00000)]
  0x0000021098cde000 JavaThread "Reference Handler" daemon [_thread_blocked, id=6236, stack(0x0000002074200000,0x0000002074300000)]
  0x0000021098ce4000 JavaThread "Finalizer" daemon [_thread_blocked, id=10300, stack(0x0000002074300000,0x0000002074400000)]
  0x0000021099662800 JavaThread "Signal Dispatcher" daemon [_thread_blocked, id=12240, stack(0x0000002074400000,0x0000002074500000)]
  0x0000021098cfe000 JavaThread "Attach Listener" daemon [_thread_blocked, id=1432, stack(0x0000002074500000,0x0000002074600000)]
  0x0000021098d03800 JavaThread "Service Thread" daemon [_thread_blocked, id=2488, stack(0x0000002074600000,0x0000002074700000)]
  0x0000021098d05000 JavaThread "C2 CompilerThread0" daemon [_thread_in_native, id=11428, stack(0x0000002074700000,0x0000002074800000)]
  0x0000021098d09000 JavaThread "C1 CompilerThread0" daemon [_thread_in_native, id=9764, stack(0x0000002074800000,0x0000002074900000)]
  0x0000021098d0e000 JavaThread "Sweeper thread" daemon [_thread_blocked, id=9540, stack(0x0000002074900000,0x0000002074a00000)]
  0x00000210997a6800 JavaThread "Common-Cleaner" daemon [_thread_blocked, id=9944, stack(0x0000002074a00000,0x0000002074b00000)]
  0x000002109ab47800 JavaThread "Daemon health stats" [_thread_blocked, id=13680, stack(0x0000002074f00000,0x0000002075000000)]
  0x0000021099879800 JavaThread "Incoming local TCP Connector on port 56328" [_thread_in_native, id=13356, stack(0x0000002074c00000,0x0000002074d00000)]
  0x000002109a2ee000 JavaThread "Daemon periodic checks" [_thread_blocked, id=2744, stack(0x0000002075000000,0x0000002075100000)]
  0x000002109ac59800 JavaThread "Daemon" [_thread_blocked, id=10888, stack(0x0000002075100000,0x0000002075200000)]
  0x000002109b4aa000 JavaThread "Handler for socket connection from /127.0.0.1:56328 to /127.0.0.1:56329" [_thread_in_native, id=3300, stack(0x0000002075200000,0x0000002075300000)]
=>0x000002109a72e800 JavaThread "C2 CompilerThread1" daemon [_thread_in_native, id=12348, stack(0x0000002075300000,0x0000002075400000)]
  0x000002109c686000 JavaThread "Cancel handler" [_thread_blocked, id=312, stack(0x0000002075400000,0x0000002075500000)]
  0x000002109b695800 JavaThread "Daemon worker" [_thread_in_native, id=4140, stack(0x0000002075500000,0x0000002075600000)]
  0x000002109c9a6000 JavaThread "Asynchronous log dispatcher for DefaultDaemonConnection: socket connection from /127.0.0.1:56328 to /127.0.0.1:56329" [_thread_blocked, id=4276, stack(0x0000002075600000,0x0000002075700000)]
  0x000002109c386800 JavaThread "Stdin handler" [_thread_blocked, id=2752, stack(0x0000002075700000,0x0000002075800000)]
  0x000002109c78c000 JavaThread "Daemon client event forwarder" [_thread_blocked, id=9808, stack(0x0000002075800000,0x0000002075900000)]
  0x000002109c78a800 JavaThread "Cache worker for file hash cache (C:\Users\dell\.gradle\caches\7.0.2\fileHashes)" [_thread_blocked, id=2624, stack(0x0000002075900000,0x0000002075a00000)]
  0x000002109c789800 JavaThread "File lock request listener" [_thread_in_native, id=10820, stack(0x0000002075a00000,0x0000002075b00000)]
  0x000002109c78b000 JavaThread "Cache worker for journal cache (C:\Users\dell\.gradle\caches\journal-1)" [_thread_blocked, id=1636, stack(0x0000002075c00000,0x0000002075d00000)]
  0x000002109c78d800 JavaThread "Cache worker for file hash cache (E:\Om_informatic_projects\driver_app_github\.gradle\7.0.2\fileHashes)" [_thread_blocked, id=5244, stack(0x0000002075d00000,0x0000002075e00000)]
  0x000002109c78e800 JavaThread "File watcher server" daemon [_thread_in_native, id=13228, stack(0x0000002075e00000,0x0000002075f00000)]
  0x000002109c78f800 JavaThread "File watcher consumer" daemon [_thread_blocked, id=11940, stack(0x0000002075f00000,0x0000002076000000)]
  0x000002109c790000 JavaThread "Cache worker for checksums cache (E:\Om_informatic_projects\driver_app_github\.gradle\checksums)" [_thread_blocked, id=8100, stack(0x0000002076000000,0x0000002076100000)]
  0x000002109c78d000 JavaThread "Cache worker for cache directory md-supplier (C:\Users\dell\.gradle\caches\7.0.2\md-supplier)" [_thread_blocked, id=11656, stack(0x0000002076100000,0x0000002076200000)]
  0x000002109d2fe000 JavaThread "Cache worker for cache directory md-rule (C:\Users\dell\.gradle\caches\7.0.2\md-rule)" [_thread_blocked, id=13360, stack(0x0000002076200000,0x0000002076300000)]
  0x000002109d2ff000 JavaThread "Cache worker for execution history cache (C:\Users\dell\.gradle\caches\7.0.2\executionHistory)" [_thread_blocked, id=9284, stack(0x0000002076300000,0x0000002076400000)]
  0x000002109d300800 JavaThread "jar transforms" [_thread_blocked, id=10252, stack(0x0000002076400000,0x0000002076500000)]
  0x000002109d301800 JavaThread "jar transforms Thread 2" [_thread_blocked, id=3288, stack(0x0000002076500000,0x0000002076600000)]
  0x000002109d302000 JavaThread "Cache worker for file content cache (C:\Users\dell\.gradle\caches\7.0.2\fileContent)" [_thread_blocked, id=11416, stack(0x0000002076600000,0x0000002076700000)]
  0x000002109d305800 JavaThread "Cache worker for dependencies-accessors (E:\Om_informatic_projects\driver_app_github\.gradle\7.0.2\dependencies-accessors)" [_thread_blocked, id=6988, stack(0x0000002076700000,0x0000002076800000)]
  0x000002109d309800 JavaThread "jar transforms Thread 3" [_thread_blocked, id=12832, stack(0x0000002076800000,0x0000002076900000)]
  0x000002109d304000 JavaThread "Cache worker for Build Output Cleanup Cache (E:\Om_informatic_projects\driver_app_github\.gradle\buildOutputCleanup)" [_thread_blocked, id=3220, stack(0x0000002076900000,0x0000002076a00000)]
  0x000002109d306800 JavaThread "Build operations" [_thread_blocked, id=1444, stack(0x0000002076a00000,0x0000002076b00000)]
  0x000002109d307000 JavaThread "Build operations Thread 2" [_thread_blocked, id=12300, stack(0x0000002076b00000,0x0000002076c00000)]
  0x000002109d30a800 JavaThread "Build operations Thread 3" [_thread_blocked, id=2324, stack(0x0000002076c00000,0x0000002076d00000)]
  0x000002109d304800 JavaThread "Build operations Thread 4" [_thread_blocked, id=7364, stack(0x0000002076d00000,0x0000002076e00000)]
  0x000002109d30b000 JavaThread "jar transforms Thread 4" [_thread_blocked, id=12944, stack(0x0000002076e00000,0x0000002076f00000)]
  0x000002109d308000 JavaThread "Memory manager" [_thread_blocked, id=6940, stack(0x0000002076f00000,0x0000002077000000)]

Other Threads:
  0x0000021098cd9800 VMThread "VM Thread" [stack: 0x0000002074100000,0x0000002074200000] [id=13248]
  0x00000210997d2800 WatcherThread [stack: 0x0000002074b00000,0x0000002074c00000] [id=4624]
  0x00000210ff045000 GCTaskThread "GC Thread#0" [stack: 0x0000002073c00000,0x0000002073d00000] [id=7928]
  0x0000021099ef4000 GCTaskThread "GC Thread#1" [stack: 0x0000002074d00000,0x0000002074e00000] [id=8492]
  0x0000021099ec8800 GCTaskThread "GC Thread#2" [stack: 0x0000002074e00000,0x0000002074f00000] [id=9984]
  0x000002109c8cf800 GCTaskThread "GC Thread#3" [stack: 0x0000002075b00000,0x0000002075c00000] [id=14140]
  0x00000210ff078800 ConcurrentGCThread "G1 Main Marker" [stack: 0x0000002073d00000,0x0000002073e00000] [id=3516]
  0x00000210ff079800 ConcurrentGCThread "G1 Conc#0" [stack: 0x0000002073e00000,0x0000002073f00000] [id=9512]
  0x0000021098b30800 ConcurrentGCThread "G1 Refine#0" [stack: 0x0000002073f00000,0x0000002074000000] [id=4580]
  0x0000021098b31800 ConcurrentGCThread "G1 Young RemSet Sampling" [stack: 0x0000002074000000,0x0000002074100000] [id=12508]

Threads with active compile tasks:
C2 CompilerThread0  14051 6983       4       java.util.regex.Pattern$Behind::match (137 bytes)
C2 CompilerThread1  14051 6655 %     4       org.gradle.internal.instantiation.generator.AbstractClassGenerator::inspectType @ 107 (560 bytes)

VM state:not at safepoint (normal execution)

VM Mutex/Monitor currently owned by a thread: None

Heap address: 0x0000000080000000, size: 2048 MB, Compressed Oops mode: 32-bit
Narrow klass base: 0x0000000000000000, Narrow klass shift: 3
Compressed class space size: 1073741824 Address: 0x0000000100000000

Heap:
 garbage-first heap   total 189440K, used 107489K [0x0000000080000000, 0x0000000100000000)
  region size 1024K, 57 young (58368K), 5 survivors (5120K)
 Metaspace       used 74111K, capacity 75799K, committed 76108K, reserved 1116160K
  class space    used 9658K, capacity 10310K, committed 10368K, reserved 1048576K
Heap Regions: E=young(eden), S=young(survivor), O=old, HS=humongous(starts), HC=humongous(continues), CS=collection set, F=free, A=archive, TAMS=top-at-mark-start (previous, next)
|   0|0x0000000080000000, 0x0000000080100000, 0x0000000080100000|100%| O|  |TAMS 0x0000000080100000, 0x0000000080000000| Untracked 
|   1|0x0000000080100000, 0x0000000080200000, 0x0000000080200000|100%| O|  |TAMS 0x0000000080200000, 0x0000000080100000| Untracked 
|   2|0x0000000080200000, 0x0000000080300000, 0x0000000080300000|100%| O|  |TAMS 0x0000000080300000, 0x0000000080200000| Untracked 
|   3|0x0000000080300000, 0x0000000080400000, 0x0000000080400000|100%|HS|  |TAMS 0x0000000080400000, 0x0000000080300000| Complete 
|   4|0x0000000080400000, 0x0000000080500000, 0x0000000080500000|100%|HC|  |TAMS 0x0000000080500000, 0x0000000080400000| Complete 
|   5|0x0000000080500000, 0x0000000080600000, 0x0000000080600000|100%|HC|  |TAMS 0x0000000080600000, 0x0000000080500000| Complete 
|   6|0x0000000080600000, 0x0000000080700000, 0x0000000080700000|100%| O|  |TAMS 0x0000000080700000, 0x0000000080600000| Untracked 
|   7|0x0000000080700000, 0x0000000080800000, 0x0000000080800000|100%| O|  |TAMS 0x0000000080800000, 0x0000000080700000| Untracked 
|   8|0x0000000080800000, 0x0000000080900000, 0x0000000080900000|100%| O|  |TAMS 0x0000000080900000, 0x0000000080800000| Untracked 
|   9|0x0000000080900000, 0x0000000080a00000, 0x0000000080a00000|100%| O|  |TAMS 0x0000000080a00000, 0x0000000080900000| Untracked 
|  10|0x0000000080a00000, 0x0000000080b00000, 0x0000000080b00000|100%| O|  |TAMS 0x0000000080b00000, 0x0000000080a00000| Untracked 
|  11|0x0000000080b00000, 0x0000000080c00000, 0x0000000080c00000|100%| O|  |TAMS 0x0000000080c00000, 0x0000000080b00000| Untracked 
|  12|0x0000000080c00000, 0x0000000080d00000, 0x0000000080d00000|100%| O|  |TAMS 0x0000000080d00000, 0x0000000080c00000| Untracked 
|  13|0x0000000080d00000, 0x0000000080e00000, 0x0000000080e00000|100%| O|  |TAMS 0x0000000080e00000, 0x0000000080d00000| Untracked 
|  14|0x0000000080e00000, 0x0000000080f00000, 0x0000000080f00000|100%| O|  |TAMS 0x0000000080f00000, 0x0000000080e00000| Untracked 
|  15|0x0000000080f00000, 0x0000000081000000, 0x0000000081000000|100%| O|  |TAMS 0x0000000081000000, 0x0000000080f00000| Untracked 
|  16|0x0000000081000000, 0x0000000081100000, 0x0000000081100000|100%|HS|  |TAMS 0x0000000081100000, 0x0000000081000000| Complete 
|  17|0x0000000081100000, 0x0000000081200000, 0x0000000081200000|100%| O|  |TAMS 0x0000000081200000, 0x0000000081100000| Untracked 
|  18|0x0000000081200000, 0x0000000081300000, 0x0000000081300000|100%| O|  |TAMS 0x0000000081300000, 0x0000000081200000| Untracked 
|  19|0x0000000081300000, 0x0000000081400000, 0x0000000081400000|100%| O|  |TAMS 0x0000000081400000, 0x0000000081300000| Untracked 
|  20|0x0000000081400000, 0x0000000081500000, 0x0000000081500000|100%| O|  |TAMS 0x0000000081500000, 0x0000000081400000| Untracked 
|  21|0x0000000081500000, 0x0000000081600000, 0x0000000081600000|100%| O|  |TAMS 0x0000000081600000, 0x0000000081500000| Untracked 
|  22|0x0000000081600000, 0x0000000081700000, 0x0000000081700000|100%|HS|  |TAMS 0x0000000081700000, 0x0000000081600000| Complete 
|  23|0x0000000081700000, 0x0000000081800000, 0x0000000081800000|100%|HS|  |TAMS 0x0000000081800000, 0x0000000081700000| Complete 
|  24|0x0000000081800000, 0x0000000081900000, 0x0000000081900000|100%|HC|  |TAMS 0x0000000081900000, 0x0000000081800000| Complete 
|  25|0x0000000081900000, 0x0000000081a00000, 0x0000000081a00000|100%| O|  |TAMS 0x0000000081a00000, 0x0000000081900000| Untracked 
|  26|0x0000000081a00000, 0x0000000081b00000, 0x0000000081b00000|100%| O|  |TAMS 0x0000000081b00000, 0x0000000081a00000| Untracked 
|  27|0x0000000081b00000, 0x0000000081c00000, 0x0000000081c00000|100%| O|  |TAMS 0x0000000081c00000, 0x0000000081b00000| Untracked 
|  28|0x0000000081c00000, 0x0000000081d00000, 0x0000000081d00000|100%| O|  |TAMS 0x0000000081d00000, 0x0000000081c00000| Untracked 
|  29|0x0000000081d00000, 0x0000000081e00000, 0x0000000081e00000|100%| O|  |TAMS 0x0000000081e00000, 0x0000000081d00000| Untracked 
|  30|0x0000000081e00000, 0x0000000081f00000, 0x0000000081f00000|100%| O|  |TAMS 0x0000000081f00000, 0x0000000081e00000| Untracked 
|  31|0x0000000081f00000, 0x0000000082000000, 0x0000000082000000|100%| O|  |TAMS 0x0000000082000000, 0x0000000081f00000| Untracked 
|  32|0x0000000082000000, 0x0000000082100000, 0x0000000082100000|100%| O|  |TAMS 0x0000000082100000, 0x0000000082000000| Untracked 
|  33|0x0000000082100000, 0x0000000082200000, 0x0000000082200000|100%| O|  |TAMS 0x0000000082200000, 0x0000000082100000| Untracked 
|  34|0x0000000082200000, 0x0000000082300000, 0x0000000082300000|100%| O|  |TAMS 0x0000000082300000, 0x0000000082200000| Untracked 
|  35|0x0000000082300000, 0x0000000082400000, 0x0000000082400000|100%| O|  |TAMS 0x0000000082400000, 0x0000000082300000| Untracked 
|  36|0x0000000082400000, 0x0000000082500000, 0x0000000082500000|100%| O|  |TAMS 0x0000000082500000, 0x0000000082400000| Untracked 
|  37|0x0000000082500000, 0x0000000082600000, 0x0000000082600000|100%| O|  |TAMS 0x0000000082600000, 0x0000000082500000| Untracked 
|  38|0x0000000082600000, 0x0000000082700000, 0x0000000082700000|100%| O|  |TAMS 0x0000000082700000, 0x0000000082600000| Untracked 
|  39|0x0000000082700000, 0x0000000082800000, 0x0000000082800000|100%| O|  |TAMS 0x0000000082800000, 0x0000000082700000| Untracked 
|  40|0x0000000082800000, 0x0000000082900000, 0x0000000082900000|100%| O|  |TAMS 0x0000000082900000, 0x0000000082800000| Untracked 
|  41|0x0000000082900000, 0x0000000082a00000, 0x0000000082a00000|100%| O|  |TAMS 0x0000000082a00000, 0x0000000082900000| Untracked 
|  42|0x0000000082a00000, 0x0000000082b00000, 0x0000000082b00000|100%| O|  |TAMS 0x0000000082afee00, 0x0000000082a00000| Untracked 
|  43|0x0000000082b00000, 0x0000000082c00000, 0x0000000082c00000|100%| O|  |TAMS 0x0000000082b00000, 0x0000000082b00000| Untracked 
|  44|0x0000000082c00000, 0x0000000082d00000, 0x0000000082d00000|100%| O|  |TAMS 0x0000000082c00000, 0x0000000082c00000| Untracked 
|  45|0x0000000082d00000, 0x0000000082e00000, 0x0000000082e00000|100%| O|  |TAMS 0x0000000082d00000, 0x0000000082d00000| Untracked 
|  46|0x0000000082e00000, 0x0000000082f00000, 0x0000000082f00000|100%| O|  |TAMS 0x0000000082e00000, 0x0000000082e00000| Untracked 
|  47|0x0000000082f00000, 0x0000000083000000, 0x0000000083000000|100%| O|  |TAMS 0x0000000082f00000, 0x0000000082f00000| Untracked 
|  48|0x0000000083000000, 0x0000000083100000, 0x0000000083100000|100%| O|  |TAMS 0x0000000083000000, 0x0000000083000000| Untracked 
|  49|0x0000000083100000, 0x000000008316aa00, 0x0000000083200000| 41%| O|  |TAMS 0x0000000083100000, 0x0000000083100000| Untracked 
|  50|0x0000000083200000, 0x0000000083200000, 0x0000000083300000|  0%| F|  |TAMS 0x0000000083200000, 0x0000000083200000| Untracked 
|  51|0x0000000083300000, 0x0000000083300000, 0x0000000083400000|  0%| F|  |TAMS 0x0000000083300000, 0x0000000083300000| Untracked 
|  52|0x0000000083400000, 0x0000000083400000, 0x0000000083500000|  0%| F|  |TAMS 0x0000000083400000, 0x0000000083400000| Untracked 
|  53|0x0000000083500000, 0x0000000083500000, 0x0000000083600000|  0%| F|  |TAMS 0x0000000083500000, 0x0000000083500000| Untracked 
|  54|0x0000000083600000, 0x0000000083600000, 0x0000000083700000|  0%| F|  |TAMS 0x0000000083600000, 0x0000000083600000| Untracked 
|  55|0x0000000083700000, 0x0000000083700000, 0x0000000083800000|  0%| F|  |TAMS 0x0000000083700000, 0x0000000083700000| Untracked 
|  56|0x0000000083800000, 0x0000000083800000, 0x0000000083900000|  0%| F|  |TAMS 0x0000000083800000, 0x0000000083800000| Untracked 
|  57|0x0000000083900000, 0x0000000083900000, 0x0000000083a00000|  0%| F|  |TAMS 0x0000000083900000, 0x0000000083900000| Untracked 
|  58|0x0000000083a00000, 0x0000000083a00000, 0x0000000083b00000|  0%| F|  |TAMS 0x0000000083a00000, 0x0000000083a00000| Untracked 
|  59|0x0000000083b00000, 0x0000000083b00000, 0x0000000083c00000|  0%| F|  |TAMS 0x0000000083b00000, 0x0000000083b00000| Untracked 
|  60|0x0000000083c00000, 0x0000000083c00000, 0x0000000083d00000|  0%| F|  |TAMS 0x0000000083c00000, 0x0000000083c00000| Untracked 
|  61|0x0000000083d00000, 0x0000000083d00000, 0x0000000083e00000|  0%| F|  |TAMS 0x0000000083d00000, 0x0000000083d00000| Untracked 
|  62|0x0000000083e00000, 0x0000000083e00000, 0x0000000083f00000|  0%| F|  |TAMS 0x0000000083e00000, 0x0000000083e00000| Untracked 
|  63|0x0000000083f00000, 0x0000000083f00000, 0x0000000084000000|  0%| F|  |TAMS 0x0000000083f00000, 0x0000000083f00000| Untracked 
|  64|0x0000000084000000, 0x0000000084000000, 0x0000000084100000|  0%| F|  |TAMS 0x0000000084000000, 0x0000000084000000| Untracked 
|  65|0x0000000084100000, 0x0000000084100000, 0x0000000084200000|  0%| F|  |TAMS 0x0000000084100000, 0x0000000084100000| Untracked 
|  66|0x0000000084200000, 0x0000000084200000, 0x0000000084300000|  0%| F|  |TAMS 0x0000000084200000, 0x0000000084200000| Untracked 
|  67|0x0000000084300000, 0x0000000084300000, 0x0000000084400000|  0%| F|  |TAMS 0x0000000084300000, 0x0000000084300000| Untracked 
|  68|0x0000000084400000, 0x0000000084400000, 0x0000000084500000|  0%| F|  |TAMS 0x0000000084400000, 0x0000000084400000| Untracked 
|  69|0x0000000084500000, 0x0000000084500000, 0x0000000084600000|  0%| F|  |TAMS 0x0000000084500000, 0x0000000084500000| Untracked 
|  70|0x0000000084600000, 0x0000000084600000, 0x0000000084700000|  0%| F|  |TAMS 0x0000000084600000, 0x0000000084600000| Untracked 
|  71|0x0000000084700000, 0x0000000084700000, 0x0000000084800000|  0%| F|  |TAMS 0x0000000084700000, 0x0000000084700000| Untracked 
|  72|0x0000000084800000, 0x0000000084800000, 0x0000000084900000|  0%| F|  |TAMS 0x0000000084800000, 0x0000000084800000| Untracked 
|  73|0x0000000084900000, 0x0000000084900000, 0x0000000084a00000|  0%| F|  |TAMS 0x0000000084900000, 0x0000000084900000| Untracked 
|  74|0x0000000084a00000, 0x0000000084a00000, 0x0000000084b00000|  0%| F|  |TAMS 0x0000000084a00000, 0x0000000084a00000| Untracked 
|  75|0x0000000084b00000, 0x0000000084b00000, 0x0000000084c00000|  0%| F|  |TAMS 0x0000000084b00000, 0x0000000084b00000| Untracked 
|  76|0x0000000084c00000, 0x0000000084c00000, 0x0000000084d00000|  0%| F|  |TAMS 0x0000000084c00000, 0x0000000084c00000| Untracked 
|  77|0x0000000084d00000, 0x0000000084d00000, 0x0000000084e00000|  0%| F|  |TAMS 0x0000000084d00000, 0x0000000084d00000| Untracked 
|  78|0x0000000084e00000, 0x0000000084e00000, 0x0000000084f00000|  0%| F|  |TAMS 0x0000000084e00000, 0x0000000084e00000| Untracked 
|  79|0x0000000084f00000, 0x0000000084f00000, 0x0000000085000000|  0%| F|  |TAMS 0x0000000084f00000, 0x0000000084f00000| Untracked 
|  80|0x0000000085000000, 0x0000000085000000, 0x0000000085100000|  0%| F|  |TAMS 0x0000000085000000, 0x0000000085000000| Untracked 
|  81|0x0000000085100000, 0x0000000085100000, 0x0000000085200000|  0%| F|  |TAMS 0x0000000085100000, 0x0000000085100000| Untracked 
|  82|0x0000000085200000, 0x0000000085200000, 0x0000000085300000|  0%| F|  |TAMS 0x0000000085200000, 0x0000000085200000| Untracked 
|  83|0x0000000085300000, 0x0000000085300000, 0x0000000085400000|  0%| F|  |TAMS 0x0000000085300000, 0x0000000085300000| Untracked 
|  84|0x0000000085400000, 0x0000000085400000, 0x0000000085500000|  0%| F|  |TAMS 0x0000000085400000, 0x0000000085400000| Untracked 
|  85|0x0000000085500000, 0x0000000085500000, 0x0000000085600000|  0%| F|  |TAMS 0x0000000085500000, 0x0000000085500000| Untracked 
|  86|0x0000000085600000, 0x0000000085600000, 0x0000000085700000|  0%| F|  |TAMS 0x0000000085600000, 0x0000000085600000| Untracked 
|  87|0x0000000085700000, 0x0000000085700000, 0x0000000085800000|  0%| F|  |TAMS 0x0000000085700000, 0x0000000085700000| Untracked 
|  88|0x0000000085800000, 0x0000000085800000, 0x0000000085900000|  0%| F|  |TAMS 0x0000000085800000, 0x0000000085800000| Untracked 
|  89|0x0000000085900000, 0x0000000085900000, 0x0000000085a00000|  0%| F|  |TAMS 0x0000000085900000, 0x0000000085900000| Untracked 
|  90|0x0000000085a00000, 0x0000000085a00000, 0x0000000085b00000|  0%| F|  |TAMS 0x0000000085a00000, 0x0000000085a00000| Untracked 
|  91|0x0000000085b00000, 0x0000000085b00000, 0x0000000085c00000|  0%| F|  |TAMS 0x0000000085b00000, 0x0000000085b00000| Untracked 
|  92|0x0000000085c00000, 0x0000000085c00000, 0x0000000085d00000|  0%| F|  |TAMS 0x0000000085c00000, 0x0000000085c00000| Untracked 
|  93|0x0000000085d00000, 0x0000000085d00000, 0x0000000085e00000|  0%| F|  |TAMS 0x0000000085d00000, 0x0000000085d00000| Untracked 
|  94|0x0000000085e00000, 0x0000000085e00000, 0x0000000085f00000|  0%| F|  |TAMS 0x0000000085e00000, 0x0000000085e00000| Untracked 
|  95|0x0000000085f00000, 0x0000000085f00000, 0x0000000086000000|  0%| F|  |TAMS 0x0000000085f00000, 0x0000000085f00000| Untracked 
|  96|0x0000000086000000, 0x0000000086000000, 0x0000000086100000|  0%| F|  |TAMS 0x0000000086000000, 0x0000000086000000| Untracked 
|  97|0x0000000086100000, 0x0000000086100000, 0x0000000086200000|  0%| F|  |TAMS 0x0000000086100000, 0x0000000086100000| Untracked 
|  98|0x0000000086200000, 0x0000000086200000, 0x0000000086300000|  0%| F|  |TAMS 0x0000000086200000, 0x0000000086200000| Untracked 
|  99|0x0000000086300000, 0x0000000086300000, 0x0000000086400000|  0%| F|  |TAMS 0x0000000086300000, 0x0000000086300000| Untracked 
| 100|0x0000000086400000, 0x0000000086400000, 0x0000000086500000|  0%| F|  |TAMS 0x0000000086400000, 0x0000000086400000| Untracked 
| 101|0x0000000086500000, 0x0000000086500000, 0x0000000086600000|  0%| F|  |TAMS 0x0000000086500000, 0x0000000086500000| Untracked 
| 102|0x0000000086600000, 0x0000000086600000, 0x0000000086700000|  0%| F|  |TAMS 0x0000000086600000, 0x0000000086600000| Untracked 
| 103|0x0000000086700000, 0x0000000086700000, 0x0000000086800000|  0%| F|  |TAMS 0x0000000086700000, 0x0000000086700000| Untracked 
| 104|0x0000000086800000, 0x0000000086800000, 0x0000000086900000|  0%| F|  |TAMS 0x0000000086800000, 0x0000000086800000| Untracked 
| 105|0x0000000086900000, 0x0000000086900000, 0x0000000086a00000|  0%| F|  |TAMS 0x0000000086900000, 0x0000000086900000| Untracked 
| 106|0x0000000086a00000, 0x0000000086a00000, 0x0000000086b00000|  0%| F|  |TAMS 0x0000000086a00000, 0x0000000086a00000| Untracked 
| 107|0x0000000086b00000, 0x0000000086b00000, 0x0000000086c00000|  0%| F|  |TAMS 0x0000000086b00000, 0x0000000086b00000| Untracked 
| 108|0x0000000086c00000, 0x0000000086c00000, 0x0000000086d00000|  0%| F|  |TAMS 0x0000000086c00000, 0x0000000086c00000| Untracked 
| 109|0x0000000086d00000, 0x0000000086d00000, 0x0000000086e00000|  0%| F|  |TAMS 0x0000000086d00000, 0x0000000086d00000| Untracked 
| 110|0x0000000086e00000, 0x0000000086e8db70, 0x0000000086f00000| 55%| S|CS|TAMS 0x0000000086e00000, 0x0000000086e00000| Complete 
| 111|0x0000000086f00000, 0x0000000087000000, 0x0000000087000000|100%| S|CS|TAMS 0x0000000086f00000, 0x0000000086f00000| Complete 
| 112|0x0000000087000000, 0x0000000087100000, 0x0000000087100000|100%| S|CS|TAMS 0x0000000087000000, 0x0000000087000000| Complete 
| 113|0x0000000087100000, 0x0000000087200000, 0x0000000087200000|100%| S|CS|TAMS 0x0000000087100000, 0x0000000087100000| Complete 
| 114|0x0000000087200000, 0x0000000087300000, 0x0000000087300000|100%| S|CS|TAMS 0x0000000087200000, 0x0000000087200000| Complete 
| 115|0x0000000087300000, 0x0000000087300000, 0x0000000087400000|  0%| F|  |TAMS 0x0000000087300000, 0x0000000087300000| Untracked 
| 116|0x0000000087400000, 0x0000000087400000, 0x0000000087500000|  0%| F|  |TAMS 0x0000000087400000, 0x0000000087400000| Untracked 
| 117|0x0000000087500000, 0x0000000087500000, 0x0000000087600000|  0%| F|  |TAMS 0x0000000087500000, 0x0000000087500000| Untracked 
| 118|0x0000000087600000, 0x0000000087600000, 0x0000000087700000|  0%| F|  |TAMS 0x0000000087600000, 0x0000000087600000| Untracked 
| 119|0x0000000087700000, 0x0000000087700000, 0x0000000087800000|  0%| F|  |TAMS 0x0000000087700000, 0x0000000087700000| Untracked 
| 120|0x0000000087800000, 0x0000000087800000, 0x0000000087900000|  0%| F|  |TAMS 0x0000000087800000, 0x0000000087800000| Untracked 
| 121|0x0000000087900000, 0x0000000087900000, 0x0000000087a00000|  0%| F|  |TAMS 0x0000000087900000, 0x0000000087900000| Untracked 
| 122|0x0000000087a00000, 0x0000000087a00000, 0x0000000087b00000|  0%| F|  |TAMS 0x0000000087a00000, 0x0000000087a00000| Untracked 
| 123|0x0000000087b00000, 0x0000000087b00000, 0x0000000087c00000|  0%| F|  |TAMS 0x0000000087b00000, 0x0000000087b00000| Untracked 
| 124|0x0000000087c00000, 0x0000000087c00000, 0x0000000087d00000|  0%| F|  |TAMS 0x0000000087c00000, 0x0000000087c00000| Untracked 
| 125|0x0000000087d00000, 0x0000000087d00000, 0x0000000087e00000|  0%| F|  |TAMS 0x0000000087d00000, 0x0000000087d00000| Untracked 
| 126|0x0000000087e00000, 0x0000000087e00000, 0x0000000087f00000|  0%| F|  |TAMS 0x0000000087e00000, 0x0000000087e00000| Untracked 
| 127|0x0000000087f00000, 0x0000000087f00000, 0x0000000088000000|  0%| F|  |TAMS 0x0000000087f00000, 0x0000000087f00000| Untracked 
| 128|0x0000000088000000, 0x0000000088000000, 0x0000000088100000|  0%| F|  |TAMS 0x0000000088000000, 0x0000000088000000| Untracked 
| 129|0x0000000088100000, 0x0000000088100000, 0x0000000088200000|  0%| F|  |TAMS 0x0000000088100000, 0x0000000088100000| Untracked 
| 130|0x0000000088200000, 0x0000000088200000, 0x0000000088300000|  0%| F|  |TAMS 0x0000000088200000, 0x0000000088200000| Untracked 
| 131|0x0000000088300000, 0x0000000088300000, 0x0000000088400000|  0%| F|  |TAMS 0x0000000088300000, 0x0000000088300000| Untracked 
| 132|0x0000000088400000, 0x0000000088400000, 0x0000000088500000|  0%| F|  |TAMS 0x0000000088400000, 0x0000000088400000| Untracked 
| 133|0x0000000088500000, 0x0000000088600000, 0x0000000088600000|100%| E|  |TAMS 0x0000000088500000, 0x0000000088500000| Complete 
| 134|0x0000000088600000, 0x0000000088700000, 0x0000000088700000|100%| E|CS|TAMS 0x0000000088600000, 0x0000000088600000| Complete 
| 135|0x0000000088700000, 0x0000000088800000, 0x0000000088800000|100%| E|CS|TAMS 0x0000000088700000, 0x0000000088700000| Complete 
| 136|0x0000000088800000, 0x0000000088900000, 0x0000000088900000|100%| E|CS|TAMS 0x0000000088800000, 0x0000000088800000| Complete 
| 137|0x0000000088900000, 0x0000000088a00000, 0x0000000088a00000|100%| E|CS|TAMS 0x0000000088900000, 0x0000000088900000| Complete 
| 138|0x0000000088a00000, 0x0000000088b00000, 0x0000000088b00000|100%| E|CS|TAMS 0x0000000088a00000, 0x0000000088a00000| Complete 
| 139|0x0000000088b00000, 0x0000000088c00000, 0x0000000088c00000|100%| E|CS|TAMS 0x0000000088b00000, 0x0000000088b00000| Complete 
| 140|0x0000000088c00000, 0x0000000088d00000, 0x0000000088d00000|100%| E|CS|TAMS 0x0000000088c00000, 0x0000000088c00000| Complete 
| 141|0x0000000088d00000, 0x0000000088e00000, 0x0000000088e00000|100%| E|CS|TAMS 0x0000000088d00000, 0x0000000088d00000| Complete 
| 142|0x0000000088e00000, 0x0000000088f00000, 0x0000000088f00000|100%| E|CS|TAMS 0x0000000088e00000, 0x0000000088e00000| Complete 
| 143|0x0000000088f00000, 0x0000000089000000, 0x0000000089000000|100%| E|CS|TAMS 0x0000000088f00000, 0x0000000088f00000| Complete 
| 144|0x0000000089000000, 0x0000000089100000, 0x0000000089100000|100%| E|CS|TAMS 0x0000000089000000, 0x0000000089000000| Complete 
| 145|0x0000000089100000, 0x0000000089200000, 0x0000000089200000|100%| E|CS|TAMS 0x0000000089100000, 0x0000000089100000| Complete 
| 146|0x0000000089200000, 0x0000000089300000, 0x0000000089300000|100%| E|CS|TAMS 0x0000000089200000, 0x0000000089200000| Complete 
| 147|0x0000000089300000, 0x0000000089400000, 0x0000000089400000|100%| E|CS|TAMS 0x0000000089300000, 0x0000000089300000| Complete 
| 148|0x0000000089400000, 0x0000000089500000, 0x0000000089500000|100%| E|CS|TAMS 0x0000000089400000, 0x0000000089400000| Complete 
| 149|0x0000000089500000, 0x0000000089600000, 0x0000000089600000|100%| E|CS|TAMS 0x0000000089500000, 0x0000000089500000| Complete 
| 150|0x0000000089600000, 0x0000000089700000, 0x0000000089700000|100%| E|CS|TAMS 0x0000000089600000, 0x0000000089600000| Complete 
| 151|0x0000000089700000, 0x0000000089800000, 0x0000000089800000|100%| E|CS|TAMS 0x0000000089700000, 0x0000000089700000| Complete 
| 152|0x0000000089800000, 0x0000000089900000, 0x0000000089900000|100%| E|CS|TAMS 0x0000000089800000, 0x0000000089800000| Complete 
| 153|0x0000000089900000, 0x0000000089a00000, 0x0000000089a00000|100%| E|CS|TAMS 0x0000000089900000, 0x0000000089900000| Complete 
| 154|0x0000000089a00000, 0x0000000089b00000, 0x0000000089b00000|100%| E|CS|TAMS 0x0000000089a00000, 0x0000000089a00000| Complete 
| 155|0x0000000089b00000, 0x0000000089c00000, 0x0000000089c00000|100%| E|CS|TAMS 0x0000000089b00000, 0x0000000089b00000| Complete 
| 156|0x0000000089c00000, 0x0000000089d00000, 0x0000000089d00000|100%| E|CS|TAMS 0x0000000089c00000, 0x0000000089c00000| Complete 
| 157|0x0000000089d00000, 0x0000000089e00000, 0x0000000089e00000|100%| E|CS|TAMS 0x0000000089d00000, 0x0000000089d00000| Complete 
| 158|0x0000000089e00000, 0x0000000089f00000, 0x0000000089f00000|100%| E|CS|TAMS 0x0000000089e00000, 0x0000000089e00000| Complete 
| 159|0x0000000089f00000, 0x000000008a000000, 0x000000008a000000|100%| E|CS|TAMS 0x0000000089f00000, 0x0000000089f00000| Complete 
| 160|0x000000008a000000, 0x000000008a100000, 0x000000008a100000|100%| E|CS|TAMS 0x000000008a000000, 0x000000008a000000| Complete 
| 161|0x000000008a100000, 0x000000008a200000, 0x000000008a200000|100%| E|CS|TAMS 0x000000008a100000, 0x000000008a100000| Complete 
| 162|0x000000008a200000, 0x000000008a300000, 0x000000008a300000|100%| E|CS|TAMS 0x000000008a200000, 0x000000008a200000| Complete 
| 163|0x000000008a300000, 0x000000008a400000, 0x000000008a400000|100%| E|CS|TAMS 0x000000008a300000, 0x000000008a300000| Complete 
| 164|0x000000008a400000, 0x000000008a500000, 0x000000008a500000|100%| E|CS|TAMS 0x000000008a400000, 0x000000008a400000| Complete 
| 165|0x000000008a500000, 0x000000008a600000, 0x000000008a600000|100%| E|CS|TAMS 0x000000008a500000, 0x000000008a500000| Complete 
| 166|0x000000008a600000, 0x000000008a700000, 0x000000008a700000|100%| E|CS|TAMS 0x000000008a600000, 0x000000008a600000| Complete 
| 167|0x000000008a700000, 0x000000008a800000, 0x000000008a800000|100%| E|CS|TAMS 0x000000008a700000, 0x000000008a700000| Complete 
| 168|0x000000008a800000, 0x000000008a900000, 0x000000008a900000|100%| E|CS|TAMS 0x000000008a800000, 0x000000008a800000| Complete 
| 169|0x000000008a900000, 0x000000008aa00000, 0x000000008aa00000|100%| E|CS|TAMS 0x000000008a900000, 0x000000008a900000| Complete 
| 170|0x000000008aa00000, 0x000000008ab00000, 0x000000008ab00000|100%| E|CS|TAMS 0x000000008aa00000, 0x000000008aa00000| Complete 
| 171|0x000000008ab00000, 0x000000008ac00000, 0x000000008ac00000|100%| E|CS|TAMS 0x000000008ab00000, 0x000000008ab00000| Complete 
| 172|0x000000008ac00000, 0x000000008ad00000, 0x000000008ad00000|100%| E|CS|TAMS 0x000000008ac00000, 0x000000008ac00000| Complete 
| 173|0x000000008ad00000, 0x000000008ae00000, 0x000000008ae00000|100%| E|CS|TAMS 0x000000008ad00000, 0x000000008ad00000| Complete 
| 174|0x000000008ae00000, 0x000000008af00000, 0x000000008af00000|100%| E|CS|TAMS 0x000000008ae00000, 0x000000008ae00000| Complete 
| 175|0x000000008af00000, 0x000000008b000000, 0x000000008b000000|100%| E|CS|TAMS 0x000000008af00000, 0x000000008af00000| Complete 
| 176|0x000000008b000000, 0x000000008b100000, 0x000000008b100000|100%| E|CS|TAMS 0x000000008b000000, 0x000000008b000000| Complete 
| 177|0x000000008b100000, 0x000000008b200000, 0x000000008b200000|100%| E|CS|TAMS 0x000000008b100000, 0x000000008b100000| Complete 
| 178|0x000000008b200000, 0x000000008b300000, 0x000000008b300000|100%| E|CS|TAMS 0x000000008b200000, 0x000000008b200000| Complete 
| 179|0x000000008b300000, 0x000000008b400000, 0x000000008b400000|100%| E|CS|TAMS 0x000000008b300000, 0x000000008b300000| Complete 
| 180|0x000000008b400000, 0x000000008b500000, 0x000000008b500000|100%| E|CS|TAMS 0x000000008b400000, 0x000000008b400000| Complete 
| 181|0x000000008b500000, 0x000000008b600000, 0x000000008b600000|100%| E|CS|TAMS 0x000000008b500000, 0x000000008b500000| Complete 
| 182|0x000000008b600000, 0x000000008b700000, 0x000000008b700000|100%| E|CS|TAMS 0x000000008b600000, 0x000000008b600000| Complete 
| 183|0x000000008b700000, 0x000000008b800000, 0x000000008b800000|100%| E|CS|TAMS 0x000000008b700000, 0x000000008b700000| Complete 
| 184|0x000000008b800000, 0x000000008b900000, 0x000000008b900000|100%| E|CS|TAMS 0x000000008b800000, 0x000000008b800000| Complete 

Card table byte_map: [0x00000210ff500000,0x00000210ff900000] _byte_map_base: 0x00000210ff100000

Marking Bits (Prev, Next): (CMBitMap*) 0x00000210ff06f8a8, (CMBitMap*) 0x00000210ff06f8e0
 Prev Bits: [0x0000021092a10000, 0x0000021094a10000)
 Next Bits: [0x0000021094a10000, 0x0000021096a10000)

Polling page: 0x00000210fcd60000

Metaspace:

Usage:
  Non-class:     64.02 MB capacity,    62.96 MB ( 98%) used,   902.16 KB (  1%) free+waste,   181.50 KB ( <1%) overhead. 
      Class:     10.07 MB capacity,     9.43 MB ( 94%) used,   564.23 KB (  5%) free+waste,    84.63 KB ( <1%) overhead. 
       Both:     74.08 MB capacity,    72.39 MB ( 98%) used,     1.43 MB (  2%) free+waste,   266.13 KB ( <1%) overhead. 

Virtual space:
  Non-class space:       66.00 MB reserved,      64.20 MB ( 97%) committed 
      Class space:        1.00 GB reserved,      10.13 MB ( <1%) committed 
             Both:        1.06 GB reserved,      74.32 MB (  7%) committed 

Chunk freelists:
   Non-Class:  59.00 KB
       Class:  26.00 KB
        Both:  85.00 KB

MaxMetaspaceSize: 17179869184.00 GB
CompressedClassSpaceSize: 1.00 GB

CodeHeap 'non-profiled nmethods': size=120064Kb used=3834Kb max_used=3834Kb free=116229Kb
 bounds [0x000002108b4d0000, 0x000002108b890000, 0x0000021092a10000]
CodeHeap 'profiled nmethods': size=120000Kb used=14839Kb max_used=14839Kb free=105160Kb
 bounds [0x0000021083fa0000, 0x0000021084e20000, 0x000002108b4d0000]
CodeHeap 'non-nmethods': size=5696Kb used=2269Kb max_used=2308Kb free=3426Kb
 bounds [0x0000021083a10000, 0x0000021083c80000, 0x0000021083fa0000]
 total_blobs=7812 nmethods=6948 adapters=775
 compilation: enabled
              stopped_count=0, restarted_count=0
 full_count=0

Compilation events (20 events):
Event: 14.013 Thread 0x0000021098d09000 6980       3       java.util.regex.Pattern$Start::match (90 bytes)
Event: 14.013 Thread 0x0000021098d09000 nmethod 6980 0x0000021084e11b90 code [0x0000021084e11d60, 0x0000021084e12128]
Event: 14.013 Thread 0x0000021098d09000 6974       2       java.util.regex.CharPredicates::lambda$ASCII_SPACE$17 (20 bytes)
Event: 14.013 Thread 0x0000021098d09000 nmethod 6974 0x0000021084e12310 code [0x0000021084e124c0, 0x0000021084e12638]
Event: 14.013 Thread 0x0000021098d09000 6975       2       java.util.regex.ASCII::isSpace (8 bytes)
Event: 14.014 Thread 0x0000021098d09000 nmethod 6975 0x0000021084e12790 code [0x0000021084e12940, 0x0000021084e12a78]
Event: 14.014 Thread 0x0000021098d09000 6979       3       java.util.regex.Pattern$1::match (14 bytes)
Event: 14.014 Thread 0x0000021098d09000 nmethod 6979 0x0000021084e12b90 code [0x0000021084e12d40, 0x0000021084e12e98]
Event: 14.016 Thread 0x0000021098d05000 nmethod 6970 0x000002108b88b210 code [0x000002108b88b3a0, 0x000002108b88b5b8]
Event: 14.016 Thread 0x0000021098d05000 6985       4       java.util.regex.Matcher::search (154 bytes)
Event: 14.022 Thread 0x0000021098d09000 6987       1       java.lang.reflect.Field::getRoot (5 bytes)
Event: 14.022 Thread 0x0000021098d09000 nmethod 6987 0x000002108b88b710 code [0x000002108b88b8c0, 0x000002108b88b978]
Event: 14.022 Thread 0x0000021098d09000 6988       2       java.lang.reflect.Field::setFieldAccessor (34 bytes)
Event: 14.022 Thread 0x0000021098d09000 nmethod 6988 0x0000021084e12f90 code [0x0000021084e13160, 0x0000021084e13428]
Event: 14.023 Thread 0x0000021098d09000 6989       2       com.sun.org.apache.xerces.internal.impl.XMLEntityScanner::checkEntityLimit (50 bytes)
Event: 14.023 Thread 0x0000021098d09000 nmethod 6989 0x0000021084e13510 code [0x0000021084e136e0, 0x0000021084e138f8]
Event: 14.024 Thread 0x0000021098d09000 6990       2       jdk.internal.reflect.UnsafeObjectFieldAccessorImpl::set (56 bytes)
Event: 14.026 Thread 0x0000021098d09000 nmethod 6990 0x0000021084e13a10 code [0x0000021084e13c80, 0x0000021084e142e8]
Event: 14.026 Thread 0x0000021098d09000 6991       1       com.sun.org.apache.xerces.internal.impl.XMLDocumentFragmentScannerImpl::setScannerState (6 bytes)
Event: 14.026 Thread 0x0000021098d09000 nmethod 6991 0x000002108b88ba10 code [0x000002108b88bbc0, 0x000002108b88bc78]

GC Heap History (20 events):
Event: 1.585 GC heap before
{Heap before GC invocations=2 (full 0):
 garbage-first heap   total 131072K, used 38673K [0x0000000080000000, 0x0000000100000000)
  region size 1024K, 31 young (31744K), 2 survivors (2048K)
 Metaspace       used 10759K, capacity 11003K, committed 11264K, reserved 1058816K
  class space    used 1124K, capacity 1206K, committed 1280K, reserved 1048576K
}
Event: 1.590 GC heap after
{Heap after GC invocations=3 (full 0):
 garbage-first heap   total 131072K, used 10753K [0x0000000080000000, 0x0000000100000000)
  region size 1024K, 3 young (3072K), 3 survivors (3072K)
 Metaspace       used 10759K, capacity 11003K, committed 11264K, reserved 1058816K
  class space    used 1124K, capacity 1206K, committed 1280K, reserved 1048576K
}
Event: 3.355 GC heap before
{Heap before GC invocations=3 (full 0):
 garbage-first heap   total 131072K, used 75265K [0x0000000080000000, 0x0000000100000000)
  region size 1024K, 67 young (68608K), 3 survivors (3072K)
 Metaspace       used 20613K, capacity 21118K, committed 21248K, reserved 1067008K
  class space    used 2519K, capacity 2720K, committed 2816K, reserved 1048576K
}
Event: 3.366 GC heap after
{Heap after GC invocations=4 (full 0):
 garbage-first heap   total 131072K, used 16468K [0x0000000080000000, 0x0000000100000000)
  region size 1024K, 9 young (9216K), 9 survivors (9216K)
 Metaspace       used 20613K, capacity 21118K, committed 21248K, reserved 1067008K
  class space    used 2519K, capacity 2720K, committed 2816K, reserved 1048576K
}
Event: 4.423 GC heap before
{Heap before GC invocations=5 (full 0):
 garbage-first heap   total 131072K, used 83028K [0x0000000080000000, 0x0000000100000000)
  region size 1024K, 74 young (75776K), 9 survivors (9216K)
 Metaspace       used 26782K, capacity 27445K, committed 27648K, reserved 1073152K
  class space    used 3540K, capacity 3793K, committed 3840K, reserved 1048576K
}
Event: 4.436 GC heap after
{Heap after GC invocations=6 (full 0):
 garbage-first heap   total 157696K, used 18776K [0x0000000080000000, 0x0000000100000000)
  region size 1024K, 3 young (3072K), 3 survivors (3072K)
 Metaspace       used 26782K, capacity 27445K, committed 27648K, reserved 1073152K
  class space    used 3540K, capacity 3793K, committed 3840K, reserved 1048576K
}
Event: 5.529 GC heap before
{Heap before GC invocations=6 (full 0):
 garbage-first heap   total 157696K, used 62808K [0x0000000080000000, 0x0000000100000000)
  region size 1024K, 47 young (48128K), 3 survivors (3072K)
 Metaspace       used 35010K, capacity 35798K, committed 35840K, reserved 1081344K
  class space    used 4533K, capacity 4832K, committed 4864K, reserved 1048576K
}
Event: 5.543 GC heap after
{Heap after GC invocations=7 (full 0):
 garbage-first heap   total 157696K, used 21588K [0x0000000080000000, 0x0000000100000000)
  region size 1024K, 6 young (6144K), 6 survivors (6144K)
 Metaspace       used 35010K, capacity 35798K, committed 35840K, reserved 1081344K
  class space    used 4533K, capacity 4832K, committed 4864K, reserved 1048576K
}
Event: 6.876 GC heap before
{Heap before GC invocations=8 (full 0):
 garbage-first heap   total 157696K, used 101460K [0x0000000080000000, 0x0000000100000000)
  region size 1024K, 81 young (82944K), 6 survivors (6144K)
 Metaspace       used 40557K, capacity 41518K, committed 41728K, reserved 1085440K
  class space    used 5231K, capacity 5597K, committed 5632K, reserved 1048576K
}
Event: 6.894 GC heap after
{Heap after GC invocations=9 (full 0):
 garbage-first heap   total 157696K, used 26811K [0x0000000080000000, 0x0000000100000000)
  region size 1024K, 11 young (11264K), 11 survivors (11264K)
 Metaspace       used 40557K, capacity 41518K, committed 41728K, reserved 1085440K
  class space    used 5231K, capacity 5597K, committed 5632K, reserved 1048576K
}
Event: 8.458 GC heap before
{Heap before GC invocations=9 (full 0):
 garbage-first heap   total 157696K, used 108731K [0x0000000080000000, 0x0000000100000000)
  region size 1024K, 90 young (92160K), 11 survivors (11264K)
 Metaspace       used 46719K, capacity 47944K, committed 48256K, reserved 1091584K
  class space    used 5977K, capacity 6416K, committed 6528K, reserved 1048576K
}
Event: 8.480 GC heap after
{Heap after GC invocations=10 (full 0):
 garbage-first heap   total 157696K, used 31235K [0x0000000080000000, 0x0000000100000000)
  region size 1024K, 10 young (10240K), 10 survivors (10240K)
 Metaspace       used 46719K, capacity 47944K, committed 48256K, reserved 1091584K
  class space    used 5977K, capacity 6416K, committed 6528K, reserved 1048576K
}
Event: 10.076 GC heap before
{Heap before GC invocations=10 (full 0):
 garbage-first heap   total 157696K, used 118275K [0x0000000080000000, 0x0000000100000000)
  region size 1024K, 92 young (94208K), 10 survivors (10240K)
 Metaspace       used 56094K, capacity 57567K, committed 57856K, reserved 1099776K
  class space    used 7107K, capacity 7622K, committed 7680K, reserved 1048576K
}
Event: 10.100 GC heap after
{Heap after GC invocations=11 (full 0):
 garbage-first heap   total 189440K, used 43194K [0x0000000080000000, 0x0000000100000000)
  region size 1024K, 12 young (12288K), 12 survivors (12288K)
 Metaspace       used 56094K, capacity 57567K, committed 57856K, reserved 1099776K
  class space    used 7107K, capacity 7622K, committed 7680K, reserved 1048576K
}
Event: 10.439 GC heap before
{Heap before GC invocations=11 (full 0):
 garbage-first heap   total 189440K, used 55482K [0x0000000080000000, 0x0000000100000000)
  region size 1024K, 25 young (25600K), 12 survivors (12288K)
 Metaspace       used 58380K, capacity 59914K, committed 60160K, reserved 1101824K
  class space    used 7398K, capacity 7936K, committed 7936K, reserved 1048576K
}
Event: 10.467 GC heap after
{Heap after GC invocations=12 (full 0):
 garbage-first heap   total 189440K, used 46587K [0x0000000080000000, 0x0000000100000000)
  region size 1024K, 3 young (3072K), 3 survivors (3072K)
 Metaspace       used 58380K, capacity 59914K, committed 60160K, reserved 1101824K
  class space    used 7398K, capacity 7936K, committed 7936K, reserved 1048576K
}
Event: 11.693 GC heap before
{Heap before GC invocations=13 (full 0):
 garbage-first heap   total 189440K, used 108027K [0x0000000080000000, 0x0000000100000000)
  region size 1024K, 63 young (64512K), 3 survivors (3072K)
 Metaspace       used 63185K, capacity 64783K, committed 64972K, reserved 1105920K
  class space    used 8033K, capacity 8605K, committed 8704K, reserved 1048576K
}
Event: 11.710 GC heap after
{Heap after GC invocations=14 (full 0):
 garbage-first heap   total 189440K, used 50708K [0x0000000080000000, 0x0000000100000000)
  region size 1024K, 7 young (7168K), 7 survivors (7168K)
 Metaspace       used 63185K, capacity 64783K, committed 64972K, reserved 1105920K
  class space    used 8033K, capacity 8605K, committed 8704K, reserved 1048576K
}
Event: 12.917 GC heap before
{Heap before GC invocations=15 (full 0):
 garbage-first heap   total 189440K, used 115220K [0x0000000080000000, 0x0000000100000000)
  region size 1024K, 70 young (71680K), 7 survivors (7168K)
 Metaspace       used 68194K, capacity 69769K, committed 69836K, reserved 1110016K
  class space    used 8817K, capacity 9429K, committed 9472K, reserved 1048576K
}
Event: 12.936 GC heap after
{Heap after GC invocations=16 (full 0):
 garbage-first heap   total 189440K, used 55265K [0x0000000080000000, 0x0000000100000000)
  region size 1024K, 5 young (5120K), 5 survivors (5120K)
 Metaspace       used 68194K, capacity 69769K, committed 69836K, reserved 1110016K
  class space    used 8817K, capacity 9429K, committed 9472K, reserved 1048576K
}

Deoptimization events (20 events):
Event: 13.761 Thread 0x000002109b695800 DEOPT PACKING pc=0x000002108485ee04 sp=0x00000020755f8cf0
Event: 13.761 Thread 0x000002109b695800 DEOPT UNPACKING pc=0x0000021083a376ce sp=0x00000020755f81c8 mode 0
Event: 13.999 Thread 0x000002109b695800 DEOPT PACKING pc=0x00000210849e2ae3 sp=0x00000020755f9570
Event: 13.999 Thread 0x000002109b695800 DEOPT UNPACKING pc=0x0000021083a376ce sp=0x00000020755f8a20 mode 0
Event: 13.999 Thread 0x000002109b695800 DEOPT PACKING pc=0x00000210849e2ae3 sp=0x00000020755f9570
Event: 13.999 Thread 0x000002109b695800 DEOPT UNPACKING pc=0x0000021083a376ce sp=0x00000020755f8a20 mode 0
Event: 13.999 Thread 0x000002109b695800 DEOPT PACKING pc=0x00000210849e2ae3 sp=0x00000020755f9570
Event: 13.999 Thread 0x000002109b695800 DEOPT UNPACKING pc=0x0000021083a376ce sp=0x00000020755f8a20 mode 0
Event: 13.999 Thread 0x000002109b695800 DEOPT PACKING pc=0x00000210849e2ae3 sp=0x00000020755f9570
Event: 13.999 Thread 0x000002109b695800 DEOPT UNPACKING pc=0x0000021083a376ce sp=0x00000020755f8a20 mode 0
Event: 14.000 Thread 0x000002109b695800 DEOPT PACKING pc=0x00000210849e2ae3 sp=0x00000020755f9570
Event: 14.000 Thread 0x000002109b695800 DEOPT UNPACKING pc=0x0000021083a376ce sp=0x00000020755f8a20 mode 0
Event: 14.000 Thread 0x000002109b695800 DEOPT PACKING pc=0x00000210849e2ae3 sp=0x00000020755f9570
Event: 14.000 Thread 0x000002109b695800 DEOPT UNPACKING pc=0x0000021083a376ce sp=0x00000020755f8a20 mode 0
Event: 14.012 Thread 0x000002109b695800 DEOPT PACKING pc=0x0000021084687267 sp=0x00000020755f9750
Event: 14.012 Thread 0x000002109b695800 DEOPT UNPACKING pc=0x0000021083a376ce sp=0x00000020755f8c20 mode 0
Event: 14.021 Thread 0x000002109b695800 Uncommon trap: trap_request=0xffffff4d fr.pc=0x000002108b7a5cc4 relative=0x00000000000000a4
Event: 14.021 Thread 0x000002109b695800 Uncommon trap: reason=unstable_if action=reinterpret pc=0x000002108b7a5cc4 method=java.lang.CharacterDataLatin1.digit(II)I @ 12 c2
Event: 14.021 Thread 0x000002109b695800 DEOPT PACKING pc=0x000002108b7a5cc4 sp=0x00000020755f9a90
Event: 14.021 Thread 0x000002109b695800 DEOPT UNPACKING pc=0x0000021083a378af sp=0x00000020755f9a08 mode 2

Classes redefined (0 events):
No events

Internal exceptions (20 events):
Event: 11.986 Thread 0x000002109b695800 Exception <a 'java/lang/ClassNotFoundException'{0x000000008a1e1068}: org/gradle/api/internal/file/collections/DefaultConfigurableFileTreeBeanInfo> (0x000000008a1e1068) thrown at [./src/hotspot/share/classfile/systemDictionary.cpp, line 231]
Event: 11.988 Thread 0x000002109b695800 Exception <a 'java/lang/ClassNotFoundException'{0x000000008a010390}: org/gradle/api/internal/file/CompositeFileTreeBeanInfo> (0x000000008a010390) thrown at [./src/hotspot/share/classfile/systemDictionary.cpp, line 231]
Event: 11.989 Thread 0x000002109b695800 Exception <a 'java/lang/ClassNotFoundException'{0x000000008a041f98}: org/gradle/api/internal/file/CompositeFileCollectionBeanInfo> (0x000000008a041f98) thrown at [./src/hotspot/share/classfile/systemDictionary.cpp, line 231]
Event: 11.990 Thread 0x000002109b695800 Exception <a 'java/lang/ClassNotFoundException'{0x000000008a073e48}: org/gradle/api/internal/file/AbstractFileCollectionBeanInfo> (0x000000008a073e48) thrown at [./src/hotspot/share/classfile/systemDictionary.cpp, line 231]
Event: 11.992 Thread 0x000002109b695800 Exception <a 'java/lang/ClassNotFoundException'{0x000000008a0a6350}: org/gradle/api/internal/file/AbstractFileCollectionCustomizer> (0x000000008a0a6350) thrown at [./src/hotspot/share/classfile/systemDictionary.cpp, line 231]
Event: 11.994 Thread 0x000002109b695800 Exception <a 'java/lang/ClassNotFoundException'{0x000000008a0e9918}: org/gradle/api/internal/file/CompositeFileCollectionCustomizer> (0x000000008a0e9918) thrown at [./src/hotspot/share/classfile/systemDictionary.cpp, line 231]
Event: 11.996 Thread 0x000002109b695800 Exception <a 'java/lang/ClassNotFoundException'{0x0000000089f20d28}: org/gradle/api/internal/file/CompositeFileTreeCustomizer> (0x0000000089f20d28) thrown at [./src/hotspot/share/classfile/systemDictionary.cpp, line 231]
Event: 11.998 Thread 0x000002109b695800 Exception <a 'java/lang/ClassNotFoundException'{0x0000000089f624b8}: org/gradle/api/internal/file/collections/DefaultConfigurableFileTreeCustomizer> (0x0000000089f624b8) thrown at [./src/hotspot/share/classfile/systemDictionary.cpp, line 231]
Event: 12.990 Thread 0x000002109b695800 Exception <a 'java/lang/ClassNotFoundException'{0x000000008b563258}: com/android/build/gradle/internal/api/ApkVariantOutputImpl_DecoratedBeanInfo> (0x000000008b563258) thrown at [./src/hotspot/share/classfile/systemDictionary.cpp, line 231]
Event: 12.991 Thread 0x000002109b695800 Exception <a 'java/lang/ClassNotFoundException'{0x000000008b57cd40}: com/android/build/gradle/internal/api/ApkVariantOutputImplBeanInfo> (0x000000008b57cd40) thrown at [./src/hotspot/share/classfile/systemDictionary.cpp, line 231]
Event: 12.992 Thread 0x000002109b695800 Exception <a 'java/lang/ClassNotFoundException'{0x000000008b599730}: com/android/build/gradle/internal/api/BaseVariantOutputImplBeanInfo> (0x000000008b599730) thrown at [./src/hotspot/share/classfile/systemDictionary.cpp, line 231]
Event: 12.992 Thread 0x000002109b695800 Exception <a 'java/lang/ClassNotFoundException'{0x000000008b5b3a38}: com/android/build/gradle/internal/api/BaseVariantOutputImplCustomizer> (0x000000008b5b3a38) thrown at [./src/hotspot/share/classfile/systemDictionary.cpp, line 231]
Event: 12.996 Thread 0x000002109b695800 Exception <a 'java/lang/ClassNotFoundException'{0x000000008b5e03d8}: com/android/build/gradle/internal/api/ApkVariantOutputImplCustomizer> (0x000000008b5e03d8) thrown at [./src/hotspot/share/classfile/systemDictionary.cpp, line 231]
Event: 12.998 Thread 0x000002109b695800 Exception <a 'java/lang/ClassNotFoundException'{0x000000008b409670}: com/android/build/gradle/internal/api/ApkVariantOutputImpl_DecoratedCustomizer> (0x000000008b409670) thrown at [./src/hotspot/share/classfile/systemDictionary.cpp, line 231]
Event: 13.016 Thread 0x000002109b695800 Exception <a 'java/lang/NoClassDefFoundError'{0x000000008b3711b8}: org/jetbrains/kotlin/gradle/plugin/KotlinBasePluginWrapper> (0x000000008b3711b8) thrown at [./src/hotspot/share/classfile/systemDictionary.cpp, line 220]
Event: 13.473 Thread 0x000002109b695800 Exception <a 'sun/nio/fs/WindowsException'{0x0000000089ea56c0}> (0x0000000089ea56c0) thrown at [./src/hotspot/share/prims/jni.cpp, line 615]
Event: 13.474 Thread 0x000002109b695800 Exception <a 'sun/nio/fs/WindowsException'{0x0000000089ea5c78}> (0x0000000089ea5c78) thrown at [./src/hotspot/share/prims/jni.cpp, line 615]
Event: 13.626 Thread 0x000002109b695800 Exception <a 'java/lang/NullPointerException'{0x0000000089538838}> (0x0000000089538838) thrown at [./src/hotspot/share/interpreter/linkResolver.cpp, line 1440]
Event: 13.958 Thread 0x000002109b695800 Exception <a 'java/lang/NoSuchMethodError'{0x00000000887d9008}: 'int java.lang.invoke.DirectMethodHandle$Holder.invokeStatic(java.lang.Object, java.lang.Object, int, java.lang.Object)'> (0x00000000887d9008) thrown at [./src/hotspot/share/interpreter/linkResolver.cpp, line 773]
Event: 13.959 Thread 0x000002109b695800 Exception <a 'java/lang/NoSuchMethodError'{0x00000000887dfeb0}: 'java.lang.Object java.lang.invoke.Invokers$Holder.linkToTargetMethod(java.lang.Object, int, java.lang.Object)'> (0x00000000887dfeb0) thrown at [./src/hotspot/share/interpreter/linkResolver.cpp, line 773]

Events (20 events):
Event: 14.003 loading class com/sun/org/apache/xerces/internal/impl/Constants$ArrayEnumeration
Event: 14.003 loading class com/sun/org/apache/xerces/internal/impl/Constants$ArrayEnumeration done
Event: 14.004 loading class org/xml/sax/helpers/AttributesImpl
Event: 14.005 loading class org/xml/sax/helpers/AttributesImpl done
Event: 14.006 loading class java/util/regex/Pattern$Behind
Event: 14.006 loading class java/util/regex/Pattern$Behind done
Event: 14.007 loading class java/util/regex/Pattern$Neg
Event: 14.007 loading class java/util/regex/Pattern$Neg done
Event: 14.018 loading class com/sun/xml/bind/DatatypeConverterImpl
Event: 14.018 loading class com/sun/xml/bind/DatatypeConverterImpl done
Event: 14.019 loading class javax/xml/bind/DatatypeConverterInterface
Event: 14.019 loading class javax/xml/bind/DatatypeConverterInterface done
Event: 14.020 loading class javax/xml/datatype/DatatypeConfigurationException
Event: 14.020 loading class javax/xml/datatype/DatatypeConfigurationException done
Event: 14.023 loading class com/sun/xml/bind/v2/runtime/unmarshaller/DefaultIDResolver$1
Event: 14.023 loading class com/sun/xml/bind/v2/runtime/unmarshaller/DefaultIDResolver$1 done
Event: 14.025 loading class com/sun/org/apache/xerces/internal/impl/io/MalformedByteSequenceException
Event: 14.025 loading class com/sun/org/apache/xerces/internal/impl/io/MalformedByteSequenceException done
Event: 14.025 loading class com/android/sdklib/BuildToolInfo
Event: 14.025 loading class com/android/sdklib/BuildToolInfo done


Dynamic libraries:
0x00007ff6b2380000 - 0x00007ff6b238a000 	D:\SSD_android_sudio\jre\bin\java.exe
0x00007ffb47de0000 - 0x00007ffb47fd0000 	C:\Windows\SYSTEM32\ntdll.dll
0x00007ffb47430000 - 0x00007ffb474e2000 	C:\Windows\System32\KERNEL32.DLL
0x00007ffb45290000 - 0x00007ffb45533000 	C:\Windows\System32\KERNELBASE.dll
0x00007ffb44f10000 - 0x00007ffb4500a000 	C:\Windows\System32\ucrtbase.dll
0x00007ffb3f0f0000 - 0x00007ffb3f109000 	D:\SSD_android_sudio\jre\bin\jli.dll
0x00007ffb35f60000 - 0x00007ffb35f77000 	D:\SSD_android_sudio\jre\bin\VCRUNTIME140.dll
0x00007ffb479c0000 - 0x00007ffb47b54000 	C:\Windows\System32\USER32.dll
0x00007ffb3a880000 - 0x00007ffb3ab05000 	C:\Windows\WinSxS\amd64_microsoft.windows.common-controls_6595b64144ccf1df_6.0.18362.418_none_e6c6b287130d565d\COMCTL32.dll
0x00007ffb45010000 - 0x00007ffb45031000 	C:\Windows\System32\win32u.dll
0x00007ffb47790000 - 0x00007ffb4782e000 	C:\Windows\System32\msvcrt.dll
0x00007ffb45f10000 - 0x00007ffb45f36000 	C:\Windows\System32\GDI32.dll
0x00007ffb46130000 - 0x00007ffb46466000 	C:\Windows\System32\combase.dll
0x00007ffb44d70000 - 0x00007ffb44f04000 	C:\Windows\System32\gdi32full.dll
0x00007ffb45d40000 - 0x00007ffb45dde000 	C:\Windows\System32\msvcp_win.dll
0x00007ffb46470000 - 0x00007ffb46590000 	C:\Windows\System32\RPCRT4.dll
0x00007ffb450c0000 - 0x00007ffb45140000 	C:\Windows\System32\bcryptPrimitives.dll
0x00007ffb47d60000 - 0x00007ffb47d8e000 	C:\Windows\System32\IMM32.DLL
0x00007ffb08da0000 - 0x00007ffb08e3d000 	D:\SSD_android_sudio\jre\bin\msvcp140.dll
0x00007ffb04100000 - 0x00007ffb04bcf000 	D:\SSD_android_sudio\jre\bin\server\jvm.dll
0x00007ffb47830000 - 0x00007ffb478d3000 	C:\Windows\System32\ADVAPI32.dll
0x00007ffb46a70000 - 0x00007ffb46b07000 	C:\Windows\System32\sechost.dll
0x00007ffb474f0000 - 0x00007ffb474f8000 	C:\Windows\System32\PSAPI.DLL
0x00007ffb3a480000 - 0x00007ffb3a489000 	C:\Windows\SYSTEM32\WSOCK32.dll
0x00007ffb41810000 - 0x00007ffb41834000 	C:\Windows\SYSTEM32\WINMM.dll
0x00007ffb46b10000 - 0x00007ffb46b7f000 	C:\Windows\System32\WS2_32.dll
0x00007ffb3e790000 - 0x00007ffb3e79a000 	C:\Windows\SYSTEM32\VERSION.dll
0x00007ffb417d0000 - 0x00007ffb417fd000 	C:\Windows\SYSTEM32\WINMMBASE.dll
0x00007ffb45cf0000 - 0x00007ffb45d3a000 	C:\Windows\System32\cfgmgr32.dll
0x00007ffb44d00000 - 0x00007ffb44d11000 	C:\Windows\System32\kernel.appcore.dll
0x00007ffb35f40000 - 0x00007ffb35f51000 	D:\SSD_android_sudio\jre\bin\verify.dll
0x00007ffb2ce50000 - 0x00007ffb2d044000 	C:\Windows\SYSTEM32\DBGHELP.DLL
0x00007ffb2e960000 - 0x00007ffb2e98a000 	C:\Windows\SYSTEM32\dbgcore.DLL
0x00007ffb30690000 - 0x00007ffb306b9000 	D:\SSD_android_sudio\jre\bin\java.dll
0x00007ffb36eb0000 - 0x00007ffb36ebb000 	D:\SSD_android_sudio\jre\bin\jimage.dll
0x00007ffb2bbd0000 - 0x00007ffb2bbe8000 	D:\SSD_android_sudio\jre\bin\zip.dll
0x00007ffb46d40000 - 0x00007ffb47425000 	C:\Windows\System32\SHELL32.dll
0x00007ffb47be0000 - 0x00007ffb47c89000 	C:\Windows\System32\shcore.dll
0x00007ffb45540000 - 0x00007ffb45cbf000 	C:\Windows\System32\windows.storage.dll
0x00007ffb44cc0000 - 0x00007ffb44cdf000 	C:\Windows\System32\profapi.dll
0x00007ffb44d20000 - 0x00007ffb44d6a000 	C:\Windows\System32\powrprof.dll
0x00007ffb44cb0000 - 0x00007ffb44cc0000 	C:\Windows\System32\UMPDC.dll
0x00007ffb47960000 - 0x00007ffb479b2000 	C:\Windows\System32\shlwapi.dll
0x00007ffb450a0000 - 0x00007ffb450b7000 	C:\Windows\System32\cryptsp.dll
0x00007ffb2bbb0000 - 0x00007ffb2bbca000 	D:\SSD_android_sudio\jre\bin\net.dll
0x00007ffb36b40000 - 0x00007ffb36c30000 	C:\Windows\SYSTEM32\WINHTTP.dll
0x00007ffb44520000 - 0x00007ffb44587000 	C:\Windows\system32\mswsock.dll
0x00007ffb2bb90000 - 0x00007ffb2bba4000 	D:\SSD_android_sudio\jre\bin\nio.dll
0x00007ffb38f70000 - 0x00007ffb38f97000 	C:\Users\dell\.gradle\native\8bec1ad78214c89d9ad589b4d07fe93259594b29d510b10fafb7a158f7737e5d\windows-amd64\native-platform.dll
0x00007ffb05d00000 - 0x00007ffb05e3d000 	C:\Users\dell\.gradle\native\53dbd7edfb1c66fb8903c78663c9afc45aea4f116125fa6feffd364cf09443e8\windows-amd64\native-platform-file-events.dll
0x00007ffb35290000 - 0x00007ffb3529a000 	D:\SSD_android_sudio\jre\bin\management.dll
0x00007ffb34780000 - 0x00007ffb3478c000 	D:\SSD_android_sudio\jre\bin\management_ext.dll
0x00007ffb44090000 - 0x00007ffb440c3000 	C:\Windows\system32\rsaenh.dll
0x00007ffb45cc0000 - 0x00007ffb45ce6000 	C:\Windows\System32\bcrypt.dll
0x00007ffb44bd0000 - 0x00007ffb44bf5000 	C:\Windows\SYSTEM32\USERENV.dll
0x00007ffb446f0000 - 0x00007ffb446fc000 	C:\Windows\SYSTEM32\CRYPTBASE.dll
0x00007ffb44230000 - 0x00007ffb4426a000 	C:\Windows\SYSTEM32\IPHLPAPI.DLL
0x00007ffb47d90000 - 0x00007ffb47d98000 	C:\Windows\System32\NSI.dll
0x00007ffb3bd70000 - 0x00007ffb3bd86000 	C:\Windows\SYSTEM32\dhcpcsvc6.DLL
0x00007ffb3cd60000 - 0x00007ffb3cd7c000 	C:\Windows\SYSTEM32\dhcpcsvc.DLL
0x00007ffb44270000 - 0x00007ffb4433a000 	C:\Windows\SYSTEM32\DNSAPI.dll

dbghelp: loaded successfully - version: 4.0.5 - missing functions: none
symbol engine: initialized successfully - sym options: 0x614 - pdb path: .;D:\SSD_android_sudio\jre\bin;C:\Windows\SYSTEM32;C:\Windows\WinSxS\amd64_microsoft.windows.common-controls_6595b64144ccf1df_6.0.18362.418_none_e6c6b287130d565d;D:\SSD_android_sudio\jre\bin\server;C:\Users\dell\.gradle\native\8bec1ad78214c89d9ad589b4d07fe93259594b29d510b10fafb7a158f7737e5d\windows-amd64;C:\Users\dell\.gradle\native\53dbd7edfb1c66fb8903c78663c9afc45aea4f116125fa6feffd364cf09443e8\windows-amd64

VM Arguments:
jvm_args: --add-opens=java.base/java.util=ALL-UNNAMED --add-opens=java.base/java.lang=ALL-UNNAMED --add-opens=java.base/java.lang.invoke=ALL-UNNAMED --add-opens=java.base/java.util=ALL-UNNAMED --add-opens=java.prefs/java.util.prefs=ALL-UNNAMED --add-opens=java.prefs/java.util.prefs=ALL-UNNAMED --add-opens=java.base/java.nio.charset=ALL-UNNAMED --add-opens=java.base/java.net=ALL-UNNAMED --add-opens=java.base/java.util.concurrent.atomic=ALL-UNNAMED -Xmx2048m -Dfile.encoding=UTF-8 -Duser.country=US -Duser.language=en -Duser.variant 
java_command: org.gradle.launcher.daemon.bootstrap.GradleDaemon 7.0.2
java_class_path (initial): C:\Users\dell\.gradle\wrapper\dists\gradle-7.0.2-bin\857tjihv64xamwrf0h14cai3r\gradle-7.0.2\lib\gradle-launcher-7.0.2.jar
Launcher Type: SUN_STANDARD

[Global flags]
     intx CICompilerCount                          = 3                                         {product} {ergonomic}
     uint ConcGCThreads                            = 1                                         {product} {ergonomic}
     uint G1ConcRefinementThreads                  = 4                                         {product} {ergonomic}
   size_t G1HeapRegionSize                         = 1048576                                   {product} {ergonomic}
    uintx GCDrainStackTargetSize                   = 64                                        {product} {ergonomic}
   size_t InitialHeapSize                          = 134217728                                 {product} {ergonomic}
   size_t MarkStackSize                            = 4194304                                   {product} {ergonomic}
   size_t MaxHeapSize                              = 2147483648                                {product} {command line}
   size_t MaxNewSize                               = 1287651328                                {product} {ergonomic}
   size_t MinHeapDeltaBytes                        = 1048576                                   {product} {ergonomic}
    uintx NonNMethodCodeHeapSize                   = 5830732                                {pd product} {ergonomic}
    uintx NonProfiledCodeHeapSize                  = 122913754                              {pd product} {ergonomic}
    uintx ProfiledCodeHeapSize                     = 122913754                              {pd product} {ergonomic}
    uintx ReservedCodeCacheSize                    = 251658240                              {pd product} {ergonomic}
     bool SegmentedCodeCache                       = true                                      {product} {ergonomic}
     bool UseCompressedClassPointers               = true                                 {lp64_product} {ergonomic}
     bool UseCompressedOops                        = true                                 {lp64_product} {ergonomic}
     bool UseG1GC                                  = true                                      {product} {ergonomic}
     bool UseLargePagesIndividualAllocation        = false                                  {pd product} {ergonomic}

Logging:
Log output configuration:
 #0: stdout all=warning uptime,level,tags
 #1: stderr all=off uptime,level,tags

Environment Variables:
PATH=C:\Windows\system32;C:\Windows;C:\Windows\System32\Wbem;C:\Windows\System32\WindowsPowerShell\v1.0\;C:\Windows\System32\OpenSSH\;C:\Program Files\Git\cmd;C:\Users\dell\AppData\Local\Microsoft\WindowsApps;
USERNAME=dell
OS=Windows_NT
PROCESSOR_IDENTIFIER=Intel64 Family 6 Model 61 Stepping 4, GenuineIntel



---------------  S Y S T E M  ---------------

OS: Windows 10 , 64 bit Build 18362 (10.0.18362.329)
OS uptime: 8 days 1:36 hours

CPU:total 4 (initial active 4) (2 cores per cpu, 2 threads per core) family 6 model 61 stepping 4 microcode 0x2b, cmov, cx8, fxsr, mmx, sse, sse2, sse3, ssse3, sse4.1, sse4.2, popcnt, avx, avx2, aes, clmul, erms, 3dnowpref, lzcnt, ht, tsc, tscinvbit, bmi1, bmi2, adx, fma

Memory: 4k page, system-wide physical 8103M (1275M free)
TotalPageFile size 24272M (AvailPageFile size 5M)
current process WorkingSet (physical memory assigned to process): 397M, peak: 399M
current process commit charge ("private bytes"): 425M, peak: 426M

vm_info: OpenJDK 64-Bit Server VM (11.0.10+0-b96-7249189) for windows-amd64 JRE (11.0.10+0-b96-7249189), built on Mar 31 2021 21:44:00 by "builder" with MS VC++ 14.0 (VS2015)

END.
